INFO - 2024-10-07 02:21:39 --> Session: Class initialized using 'CodeIgniter\Session\Handlers\FileHandler' driver.
INFO - 2024-10-07 02:21:39 --> Session: Class initialized using 'CodeIgniter\Session\Handlers\FileHandler' driver.
INFO - 2024-10-07 02:21:39 --> Session: Class initialized using 'CodeIgniter\Session\Handlers\FileHandler' driver.
INFO - 2024-10-07 02:21:39 --> Session: Class initialized using 'CodeIgniter\Session\Handlers\FileHandler' driver.
INFO - 2024-10-07 02:27:12 --> Session: Class initialized using 'CodeIgniter\Session\Handlers\FileHandler' driver.
INFO - 2024-10-07 02:27:12 --> Session: Class initialized using 'CodeIgniter\Session\Handlers\FileHandler' driver.
INFO - 2024-10-07 05:21:19 --> Session: Class initialized using 'CodeIgniter\Session\Handlers\FileHandler' driver.
INFO - 2024-10-07 05:21:20 --> Session: Class initialized using 'CodeIgniter\Session\Handlers\FileHandler' driver.
INFO - 2024-10-07 05:21:23 --> Session: Class initialized using 'CodeIgniter\Session\Handlers\FileHandler' driver.
INFO - 2024-10-07 05:21:24 --> Session: Class initialized using 'CodeIgniter\Session\Handlers\FileHandler' driver.
INFO - 2024-10-07 05:21:29 --> Session: Class initialized using 'CodeIgniter\Session\Handlers\FileHandler' driver.
INFO - 2024-10-07 05:21:30 --> Session: Class initialized using 'CodeIgniter\Session\Handlers\FileHandler' driver.
INFO - 2024-10-07 05:21:34 --> Session: Class initialized using 'CodeIgniter\Session\Handlers\FileHandler' driver.
INFO - 2024-10-07 05:21:34 --> Session: Class initialized using 'CodeIgniter\Session\Handlers\FileHandler' driver.
INFO - 2024-10-07 05:21:47 --> Session: Class initialized using 'CodeIgniter\Session\Handlers\FileHandler' driver.
INFO - 2024-10-07 05:27:04 --> Session: Class initialized using 'CodeIgniter\Session\Handlers\FileHandler' driver.
INFO - 2024-10-07 05:27:29 --> Session: Class initialized using 'CodeIgniter\Session\Handlers\FileHandler' driver.
CRITICAL - 2024-10-07 05:27:30 --> ErrorException: Undefined variable $pen_nonmedis_mod
in APPPATH\Views\pengajuan_nonmedis\modal_delete.php on line 1.
 1 APPPATH\Views\pengajuan_nonmedis\modal_delete.php(1): CodeIgniter\Debug\Exceptions->errorHandler(2, 'Undefined variable $pen_nonmedis_mod', 'C:\\xampp\\htdocs\\inventaris-barang\\app\\Views\\pengajuan_nonmedis\\modal_delete.php', 1)
 2 SYSTEMPATH\View\View.php(228): include('C:\\xampp\\htdocs\\inventaris-barang\\app\\Views\\pengajuan_nonmedis\\modal_delete.php')
 3 SYSTEMPATH\View\View.php(231): CodeIgniter\View\View->CodeIgniter\View\{closure}()
 4 SYSTEMPATH\View\View.php(469): CodeIgniter\View\View->render('pengajuan_nonmedis/modal_delete', null, true)
 5 APPPATH\Views\pengajuan_nonmedis\index.php(84): CodeIgniter\View\View->include('pengajuan_nonmedis/modal_delete')
 6 SYSTEMPATH\View\View.php(228): include('C:\\xampp\\htdocs\\inventaris-barang\\app\\Views\\pengajuan_nonmedis\\index.php')
 7 SYSTEMPATH\View\View.php(231): CodeIgniter\View\View->CodeIgniter\View\{closure}()
 8 SYSTEMPATH\Common.php(1178): CodeIgniter\View\View->render('pengajuan_nonmedis/index', [], true)
 9 APPPATH\Controllers\PengajuanNonMedisController.php(32): view('pengajuan_nonmedis/index', [...])
10 SYSTEMPATH\CodeIgniter.php(941): App\Controllers\PengajuanNonMedisController->index()
11 SYSTEMPATH\CodeIgniter.php(502): CodeIgniter\CodeIgniter->runController(Object(App\Controllers\PengajuanNonMedisController))
12 SYSTEMPATH\CodeIgniter.php(361): CodeIgniter\CodeIgniter->handleRequest(null, Object(Config\Cache), false)
13 FCPATH\index.php(79): CodeIgniter\CodeIgniter->run()
14 SYSTEMPATH\Commands\Server\rewrite.php(47): require_once('C:\\xampp\\htdocs\\inventaris-barang\\public\\index.php')
INFO - 2024-10-07 05:28:46 --> Session: Class initialized using 'CodeIgniter\Session\Handlers\FileHandler' driver.
INFO - 2024-10-07 05:30:07 --> Session: Class initialized using 'CodeIgniter\Session\Handlers\FileHandler' driver.
INFO - 2024-10-07 05:30:47 --> Session: Class initialized using 'CodeIgniter\Session\Handlers\FileHandler' driver.
INFO - 2024-10-07 05:33:57 --> Session: Class initialized using 'CodeIgniter\Session\Handlers\FileHandler' driver.
INFO - 2024-10-07 05:34:01 --> Session: Class initialized using 'CodeIgniter\Session\Handlers\FileHandler' driver.
INFO - 2024-10-07 05:34:01 --> Session: Class initialized using 'CodeIgniter\Session\Handlers\FileHandler' driver.
INFO - 2024-10-07 05:34:03 --> Session: Class initialized using 'CodeIgniter\Session\Handlers\FileHandler' driver.
INFO - 2024-10-07 05:34:21 --> Session: Class initialized using 'CodeIgniter\Session\Handlers\FileHandler' driver.
INFO - 2024-10-07 05:34:21 --> Session: Class initialized using 'CodeIgniter\Session\Handlers\FileHandler' driver.
INFO - 2024-10-07 05:34:28 --> Session: Class initialized using 'CodeIgniter\Session\Handlers\FileHandler' driver.
INFO - 2024-10-07 05:34:41 --> Session: Class initialized using 'CodeIgniter\Session\Handlers\FileHandler' driver.
INFO - 2024-10-07 05:34:42 --> Session: Class initialized using 'CodeIgniter\Session\Handlers\FileHandler' driver.
INFO - 2024-10-07 05:34:55 --> Session: Class initialized using 'CodeIgniter\Session\Handlers\FileHandler' driver.
INFO - 2024-10-07 05:34:58 --> Session: Class initialized using 'CodeIgniter\Session\Handlers\FileHandler' driver.
INFO - 2024-10-07 05:34:58 --> Session: Class initialized using 'CodeIgniter\Session\Handlers\FileHandler' driver.
INFO - 2024-10-07 05:35:03 --> Session: Class initialized using 'CodeIgniter\Session\Handlers\FileHandler' driver.
INFO - 2024-10-07 05:35:03 --> Session: Class initialized using 'CodeIgniter\Session\Handlers\FileHandler' driver.
INFO - 2024-10-07 05:35:30 --> Session: Class initialized using 'CodeIgniter\Session\Handlers\FileHandler' driver.
INFO - 2024-10-07 05:35:32 --> Session: Class initialized using 'CodeIgniter\Session\Handlers\FileHandler' driver.
INFO - 2024-10-07 05:35:32 --> Session: Class initialized using 'CodeIgniter\Session\Handlers\FileHandler' driver.
INFO - 2024-10-07 05:35:53 --> Session: Class initialized using 'CodeIgniter\Session\Handlers\FileHandler' driver.
INFO - 2024-10-07 05:36:21 --> Session: Class initialized using 'CodeIgniter\Session\Handlers\FileHandler' driver.
INFO - 2024-10-07 05:36:25 --> Session: Class initialized using 'CodeIgniter\Session\Handlers\FileHandler' driver.
INFO - 2024-10-07 05:36:25 --> Session: Class initialized using 'CodeIgniter\Session\Handlers\FileHandler' driver.
INFO - 2024-10-07 05:36:28 --> Session: Class initialized using 'CodeIgniter\Session\Handlers\FileHandler' driver.
INFO - 2024-10-07 05:36:28 --> Session: Class initialized using 'CodeIgniter\Session\Handlers\FileHandler' driver.
INFO - 2024-10-07 05:36:50 --> Session: Class initialized using 'CodeIgniter\Session\Handlers\FileHandler' driver.
INFO - 2024-10-07 05:43:36 --> Session: Class initialized using 'CodeIgniter\Session\Handlers\FileHandler' driver.
INFO - 2024-10-07 05:43:49 --> Session: Class initialized using 'CodeIgniter\Session\Handlers\FileHandler' driver.
INFO - 2024-10-07 05:43:52 --> Session: Class initialized using 'CodeIgniter\Session\Handlers\FileHandler' driver.
INFO - 2024-10-07 05:43:52 --> Session: Class initialized using 'CodeIgniter\Session\Handlers\FileHandler' driver.
INFO - 2024-10-07 05:44:20 --> Session: Class initialized using 'CodeIgniter\Session\Handlers\FileHandler' driver.
INFO - 2024-10-07 05:44:50 --> Session: Class initialized using 'CodeIgniter\Session\Handlers\FileHandler' driver.
INFO - 2024-10-07 05:48:00 --> Session: Class initialized using 'CodeIgniter\Session\Handlers\FileHandler' driver.
INFO - 2024-10-07 05:48:12 --> Session: Class initialized using 'CodeIgniter\Session\Handlers\FileHandler' driver.
INFO - 2024-10-07 05:48:21 --> Session: Class initialized using 'CodeIgniter\Session\Handlers\FileHandler' driver.
INFO - 2024-10-07 05:49:09 --> Session: Class initialized using 'CodeIgniter\Session\Handlers\FileHandler' driver.
INFO - 2024-10-07 05:49:12 --> Session: Class initialized using 'CodeIgniter\Session\Handlers\FileHandler' driver.
INFO - 2024-10-07 05:49:12 --> Session: Class initialized using 'CodeIgniter\Session\Handlers\FileHandler' driver.
INFO - 2024-10-07 05:49:42 --> Session: Class initialized using 'CodeIgniter\Session\Handlers\FileHandler' driver.
INFO - 2024-10-07 05:49:49 --> Session: Class initialized using 'CodeIgniter\Session\Handlers\FileHandler' driver.
INFO - 2024-10-07 05:51:12 --> Session: Class initialized using 'CodeIgniter\Session\Handlers\FileHandler' driver.
CRITICAL - 2024-10-07 05:51:12 --> ErrorException: Undefined variable $dt_pengajuan_inventaris
in APPPATH\Views\pengajuan_nonmedis\index.php on line 54.
 1 APPPATH\Views\pengajuan_nonmedis\index.php(54): CodeIgniter\Debug\Exceptions->errorHandler(2, 'Undefined variable $dt_pengajuan_inventaris', 'C:\\xampp\\htdocs\\inventaris-barang\\app\\Views\\pengajuan_nonmedis\\index.php', 54)
 2 SYSTEMPATH\View\View.php(228): include('C:\\xampp\\htdocs\\inventaris-barang\\app\\Views\\pengajuan_nonmedis\\index.php')
 3 SYSTEMPATH\View\View.php(231): CodeIgniter\View\View->CodeIgniter\View\{closure}()
 4 SYSTEMPATH\Common.php(1178): CodeIgniter\View\View->render('pengajuan_nonmedis/index', [], true)
 5 APPPATH\Controllers\PengajuanNonMedisController.php(32): view('pengajuan_nonmedis/index', [...])
 6 SYSTEMPATH\CodeIgniter.php(941): App\Controllers\PengajuanNonMedisController->index()
 7 SYSTEMPATH\CodeIgniter.php(502): CodeIgniter\CodeIgniter->runController(Object(App\Controllers\PengajuanNonMedisController))
 8 SYSTEMPATH\CodeIgniter.php(361): CodeIgniter\CodeIgniter->handleRequest(null, Object(Config\Cache), false)
 9 FCPATH\index.php(79): CodeIgniter\CodeIgniter->run()
10 SYSTEMPATH\Commands\Server\rewrite.php(47): require_once('C:\\xampp\\htdocs\\inventaris-barang\\public\\index.php')
INFO - 2024-10-07 05:51:20 --> Session: Class initialized using 'CodeIgniter\Session\Handlers\FileHandler' driver.
CRITICAL - 2024-10-07 05:51:20 --> ErrorException: Undefined variable $dt_pengajuan_inventaris
in APPPATH\Views\pengajuan_nonmedis\index.php on line 54.
 1 APPPATH\Views\pengajuan_nonmedis\index.php(54): CodeIgniter\Debug\Exceptions->errorHandler(2, 'Undefined variable $dt_pengajuan_inventaris', 'C:\\xampp\\htdocs\\inventaris-barang\\app\\Views\\pengajuan_nonmedis\\index.php', 54)
 2 SYSTEMPATH\View\View.php(228): include('C:\\xampp\\htdocs\\inventaris-barang\\app\\Views\\pengajuan_nonmedis\\index.php')
 3 SYSTEMPATH\View\View.php(231): CodeIgniter\View\View->CodeIgniter\View\{closure}()
 4 SYSTEMPATH\Common.php(1178): CodeIgniter\View\View->render('pengajuan_nonmedis/index', [], true)
 5 APPPATH\Controllers\PengajuanNonMedisController.php(32): view('pengajuan_nonmedis/index', [...])
 6 SYSTEMPATH\CodeIgniter.php(941): App\Controllers\PengajuanNonMedisController->index()
 7 SYSTEMPATH\CodeIgniter.php(502): CodeIgniter\CodeIgniter->runController(Object(App\Controllers\PengajuanNonMedisController))
 8 SYSTEMPATH\CodeIgniter.php(361): CodeIgniter\CodeIgniter->handleRequest(null, Object(Config\Cache), false)
 9 FCPATH\index.php(79): CodeIgniter\CodeIgniter->run()
10 SYSTEMPATH\Commands\Server\rewrite.php(47): require_once('C:\\xampp\\htdocs\\inventaris-barang\\public\\index.php')
INFO - 2024-10-07 05:51:22 --> Session: Class initialized using 'CodeIgniter\Session\Handlers\FileHandler' driver.
INFO - 2024-10-07 05:51:22 --> Session: Class initialized using 'CodeIgniter\Session\Handlers\FileHandler' driver.
INFO - 2024-10-07 05:51:22 --> Session: Class initialized using 'CodeIgniter\Session\Handlers\FileHandler' driver.
INFO - 2024-10-07 05:52:13 --> Session: Class initialized using 'CodeIgniter\Session\Handlers\FileHandler' driver.
INFO - 2024-10-07 06:21:10 --> Session: Class initialized using 'CodeIgniter\Session\Handlers\FileHandler' driver.
CRITICAL - 2024-10-07 06:21:10 --> ErrorException: Undefined variable $dt_pembelian_inventaris
in APPPATH\Views\pengajuan_nonmedis\index.php on line 79.
 1 APPPATH\Views\pengajuan_nonmedis\index.php(79): CodeIgniter\Debug\Exceptions->errorHandler(2, 'Undefined variable $dt_pembelian_inventaris', 'C:\\xampp\\htdocs\\inventaris-barang\\app\\Views\\pengajuan_nonmedis\\index.php', 79)
 2 SYSTEMPATH\View\View.php(228): include('C:\\xampp\\htdocs\\inventaris-barang\\app\\Views\\pengajuan_nonmedis\\index.php')
 3 SYSTEMPATH\View\View.php(231): CodeIgniter\View\View->CodeIgniter\View\{closure}()
 4 SYSTEMPATH\Common.php(1178): CodeIgniter\View\View->render('pengajuan_nonmedis/index', [], true)
 5 APPPATH\Controllers\PengajuanNonMedisController.php(32): view('pengajuan_nonmedis/index', [...])
 6 SYSTEMPATH\CodeIgniter.php(941): App\Controllers\PengajuanNonMedisController->index()
 7 SYSTEMPATH\CodeIgniter.php(502): CodeIgniter\CodeIgniter->runController(Object(App\Controllers\PengajuanNonMedisController))
 8 SYSTEMPATH\CodeIgniter.php(361): CodeIgniter\CodeIgniter->handleRequest(null, Object(Config\Cache), false)
 9 FCPATH\index.php(79): CodeIgniter\CodeIgniter->run()
10 SYSTEMPATH\Commands\Server\rewrite.php(47): require_once('C:\\xampp\\htdocs\\inventaris-barang\\public\\index.php')
INFO - 2024-10-07 06:21:23 --> Session: Class initialized using 'CodeIgniter\Session\Handlers\FileHandler' driver.
CRITICAL - 2024-10-07 06:21:23 --> ErrorException: Undefined array key "no_faktur"
in APPPATH\Views\pengajuan_nonmedis\index.php on line 79.
 1 APPPATH\Views\pengajuan_nonmedis\index.php(79): CodeIgniter\Debug\Exceptions->errorHandler(2, 'Undefined array key "no_faktur"', 'C:\\xampp\\htdocs\\inventaris-barang\\app\\Views\\pengajuan_nonmedis\\index.php', 79)
 2 SYSTEMPATH\View\View.php(228): include('C:\\xampp\\htdocs\\inventaris-barang\\app\\Views\\pengajuan_nonmedis\\index.php')
 3 SYSTEMPATH\View\View.php(231): CodeIgniter\View\View->CodeIgniter\View\{closure}()
 4 SYSTEMPATH\Common.php(1178): CodeIgniter\View\View->render('pengajuan_nonmedis/index', [], true)
 5 APPPATH\Controllers\PengajuanNonMedisController.php(32): view('pengajuan_nonmedis/index', [...])
 6 SYSTEMPATH\CodeIgniter.php(941): App\Controllers\PengajuanNonMedisController->index()
 7 SYSTEMPATH\CodeIgniter.php(502): CodeIgniter\CodeIgniter->runController(Object(App\Controllers\PengajuanNonMedisController))
 8 SYSTEMPATH\CodeIgniter.php(361): CodeIgniter\CodeIgniter->handleRequest(null, Object(Config\Cache), false)
 9 FCPATH\index.php(79): CodeIgniter\CodeIgniter->run()
10 SYSTEMPATH\Commands\Server\rewrite.php(47): require_once('C:\\xampp\\htdocs\\inventaris-barang\\public\\index.php')
INFO - 2024-10-07 06:21:30 --> Session: Class initialized using 'CodeIgniter\Session\Handlers\FileHandler' driver.
INFO - 2024-10-07 06:30:27 --> Session: Class initialized using 'CodeIgniter\Session\Handlers\FileHandler' driver.
CRITICAL - 2024-10-07 06:30:27 --> CodeIgniter\View\Exceptions\ViewException: Invalid file: "pengajuan_nonmedis.php"
in SYSTEMPATH\Exceptions\FrameworkException.php on line 39.
 1 SYSTEMPATH\View\View.php(216): CodeIgniter\Exceptions\FrameworkException::forInvalidFile('pengajuan_nonmedis.php')
 2 SYSTEMPATH\View\View.php(469): CodeIgniter\View\View->render('pengajuan_nonmedis', null, true)
 3 APPPATH\Views\pengajuan_nonmedis\index.php(122): CodeIgniter\View\View->include('pengajuan_nonmedis')
 4 SYSTEMPATH\View\View.php(228): include('C:\\xampp\\htdocs\\inventaris-barang\\app\\Views\\pengajuan_nonmedis\\index.php')
 5 SYSTEMPATH\View\View.php(231): CodeIgniter\View\View->CodeIgniter\View\{closure}()
 6 SYSTEMPATH\Common.php(1178): CodeIgniter\View\View->render('pengajuan_nonmedis/index', [], true)
 7 APPPATH\Controllers\PengajuanNonMedisController.php(32): view('pengajuan_nonmedis/index', [...])
 8 SYSTEMPATH\CodeIgniter.php(941): App\Controllers\PengajuanNonMedisController->index()
 9 SYSTEMPATH\CodeIgniter.php(502): CodeIgniter\CodeIgniter->runController(Object(App\Controllers\PengajuanNonMedisController))
10 SYSTEMPATH\CodeIgniter.php(361): CodeIgniter\CodeIgniter->handleRequest(null, Object(Config\Cache), false)
11 FCPATH\index.php(79): CodeIgniter\CodeIgniter->run()
12 SYSTEMPATH\Commands\Server\rewrite.php(47): require_once('C:\\xampp\\htdocs\\inventaris-barang\\public\\index.php')
INFO - 2024-10-07 06:32:38 --> Session: Class initialized using 'CodeIgniter\Session\Handlers\FileHandler' driver.
CRITICAL - 2024-10-07 06:32:38 --> ErrorException: Undefined variable $pem_inv_con
in APPPATH\Views\pengajuan_nonmedis\modal_detail.php on line 1.
 1 APPPATH\Views\pengajuan_nonmedis\modal_detail.php(1): CodeIgniter\Debug\Exceptions->errorHandler(2, 'Undefined variable $pem_inv_con', 'C:\\xampp\\htdocs\\inventaris-barang\\app\\Views\\pengajuan_nonmedis\\modal_detail.php', 1)
 2 SYSTEMPATH\View\View.php(228): include('C:\\xampp\\htdocs\\inventaris-barang\\app\\Views\\pengajuan_nonmedis\\modal_detail.php')
 3 SYSTEMPATH\View\View.php(231): CodeIgniter\View\View->CodeIgniter\View\{closure}()
 4 SYSTEMPATH\View\View.php(469): CodeIgniter\View\View->render('pengajuan_nonmedis/modal_detail', null, true)
 5 APPPATH\Views\pengajuan_nonmedis\index.php(122): CodeIgniter\View\View->include('pengajuan_nonmedis/modal_detail')
 6 SYSTEMPATH\View\View.php(228): include('C:\\xampp\\htdocs\\inventaris-barang\\app\\Views\\pengajuan_nonmedis\\index.php')
 7 SYSTEMPATH\View\View.php(231): CodeIgniter\View\View->CodeIgniter\View\{closure}()
 8 SYSTEMPATH\Common.php(1178): CodeIgniter\View\View->render('pengajuan_nonmedis/index', [], true)
 9 APPPATH\Controllers\PengajuanNonMedisController.php(32): view('pengajuan_nonmedis/index', [...])
10 SYSTEMPATH\CodeIgniter.php(941): App\Controllers\PengajuanNonMedisController->index()
11 SYSTEMPATH\CodeIgniter.php(502): CodeIgniter\CodeIgniter->runController(Object(App\Controllers\PengajuanNonMedisController))
12 SYSTEMPATH\CodeIgniter.php(361): CodeIgniter\CodeIgniter->handleRequest(null, Object(Config\Cache), false)
13 FCPATH\index.php(79): CodeIgniter\CodeIgniter->run()
14 SYSTEMPATH\Commands\Server\rewrite.php(47): require_once('C:\\xampp\\htdocs\\inventaris-barang\\public\\index.php')
INFO - 2024-10-07 06:32:51 --> Session: Class initialized using 'CodeIgniter\Session\Handlers\FileHandler' driver.
CRITICAL - 2024-10-07 06:32:51 --> ErrorException: Undefined variable $pem_inv_con
in APPPATH\Views\pengajuan_nonmedis\modal_detail.php on line 1.
 1 APPPATH\Views\pengajuan_nonmedis\modal_detail.php(1): CodeIgniter\Debug\Exceptions->errorHandler(2, 'Undefined variable $pem_inv_con', 'C:\\xampp\\htdocs\\inventaris-barang\\app\\Views\\pengajuan_nonmedis\\modal_detail.php', 1)
 2 SYSTEMPATH\View\View.php(228): include('C:\\xampp\\htdocs\\inventaris-barang\\app\\Views\\pengajuan_nonmedis\\modal_detail.php')
 3 SYSTEMPATH\View\View.php(231): CodeIgniter\View\View->CodeIgniter\View\{closure}()
 4 SYSTEMPATH\View\View.php(469): CodeIgniter\View\View->render('pengajuan_nonmedis/modal_detail', null, true)
 5 APPPATH\Views\pengajuan_nonmedis\index.php(122): CodeIgniter\View\View->include('pengajuan_nonmedis/modal_detail')
 6 SYSTEMPATH\View\View.php(228): include('C:\\xampp\\htdocs\\inventaris-barang\\app\\Views\\pengajuan_nonmedis\\index.php')
 7 SYSTEMPATH\View\View.php(231): CodeIgniter\View\View->CodeIgniter\View\{closure}()
 8 SYSTEMPATH\Common.php(1178): CodeIgniter\View\View->render('pengajuan_nonmedis/index', [], true)
 9 APPPATH\Controllers\PengajuanNonMedisController.php(32): view('pengajuan_nonmedis/index', [...])
10 SYSTEMPATH\CodeIgniter.php(941): App\Controllers\PengajuanNonMedisController->index()
11 SYSTEMPATH\CodeIgniter.php(502): CodeIgniter\CodeIgniter->runController(Object(App\Controllers\PengajuanNonMedisController))
12 SYSTEMPATH\CodeIgniter.php(361): CodeIgniter\CodeIgniter->handleRequest(null, Object(Config\Cache), false)
13 FCPATH\index.php(79): CodeIgniter\CodeIgniter->run()
14 SYSTEMPATH\Commands\Server\rewrite.php(47): require_once('C:\\xampp\\htdocs\\inventaris-barang\\public\\index.php')
INFO - 2024-10-07 06:32:52 --> Session: Class initialized using 'CodeIgniter\Session\Handlers\FileHandler' driver.
CRITICAL - 2024-10-07 06:32:52 --> ErrorException: Undefined variable $pem_inv_con
in APPPATH\Views\pengajuan_nonmedis\modal_detail.php on line 1.
 1 APPPATH\Views\pengajuan_nonmedis\modal_detail.php(1): CodeIgniter\Debug\Exceptions->errorHandler(2, 'Undefined variable $pem_inv_con', 'C:\\xampp\\htdocs\\inventaris-barang\\app\\Views\\pengajuan_nonmedis\\modal_detail.php', 1)
 2 SYSTEMPATH\View\View.php(228): include('C:\\xampp\\htdocs\\inventaris-barang\\app\\Views\\pengajuan_nonmedis\\modal_detail.php')
 3 SYSTEMPATH\View\View.php(231): CodeIgniter\View\View->CodeIgniter\View\{closure}()
 4 SYSTEMPATH\View\View.php(469): CodeIgniter\View\View->render('pengajuan_nonmedis/modal_detail', null, true)
 5 APPPATH\Views\pengajuan_nonmedis\index.php(122): CodeIgniter\View\View->include('pengajuan_nonmedis/modal_detail')
 6 SYSTEMPATH\View\View.php(228): include('C:\\xampp\\htdocs\\inventaris-barang\\app\\Views\\pengajuan_nonmedis\\index.php')
 7 SYSTEMPATH\View\View.php(231): CodeIgniter\View\View->CodeIgniter\View\{closure}()
 8 SYSTEMPATH\Common.php(1178): CodeIgniter\View\View->render('pengajuan_nonmedis/index', [], true)
 9 APPPATH\Controllers\PengajuanNonMedisController.php(32): view('pengajuan_nonmedis/index', [...])
10 SYSTEMPATH\CodeIgniter.php(941): App\Controllers\PengajuanNonMedisController->index()
11 SYSTEMPATH\CodeIgniter.php(502): CodeIgniter\CodeIgniter->runController(Object(App\Controllers\PengajuanNonMedisController))
12 SYSTEMPATH\CodeIgniter.php(361): CodeIgniter\CodeIgniter->handleRequest(null, Object(Config\Cache), false)
13 FCPATH\index.php(79): CodeIgniter\CodeIgniter->run()
14 SYSTEMPATH\Commands\Server\rewrite.php(47): require_once('C:\\xampp\\htdocs\\inventaris-barang\\public\\index.php')
INFO - 2024-10-07 06:32:53 --> Session: Class initialized using 'CodeIgniter\Session\Handlers\FileHandler' driver.
CRITICAL - 2024-10-07 06:32:53 --> ErrorException: Undefined variable $pem_inv_con
in APPPATH\Views\pengajuan_nonmedis\modal_detail.php on line 1.
 1 APPPATH\Views\pengajuan_nonmedis\modal_detail.php(1): CodeIgniter\Debug\Exceptions->errorHandler(2, 'Undefined variable $pem_inv_con', 'C:\\xampp\\htdocs\\inventaris-barang\\app\\Views\\pengajuan_nonmedis\\modal_detail.php', 1)
 2 SYSTEMPATH\View\View.php(228): include('C:\\xampp\\htdocs\\inventaris-barang\\app\\Views\\pengajuan_nonmedis\\modal_detail.php')
 3 SYSTEMPATH\View\View.php(231): CodeIgniter\View\View->CodeIgniter\View\{closure}()
 4 SYSTEMPATH\View\View.php(469): CodeIgniter\View\View->render('pengajuan_nonmedis/modal_detail', null, true)
 5 APPPATH\Views\pengajuan_nonmedis\index.php(122): CodeIgniter\View\View->include('pengajuan_nonmedis/modal_detail')
 6 SYSTEMPATH\View\View.php(228): include('C:\\xampp\\htdocs\\inventaris-barang\\app\\Views\\pengajuan_nonmedis\\index.php')
 7 SYSTEMPATH\View\View.php(231): CodeIgniter\View\View->CodeIgniter\View\{closure}()
 8 SYSTEMPATH\Common.php(1178): CodeIgniter\View\View->render('pengajuan_nonmedis/index', [], true)
 9 APPPATH\Controllers\PengajuanNonMedisController.php(32): view('pengajuan_nonmedis/index', [...])
10 SYSTEMPATH\CodeIgniter.php(941): App\Controllers\PengajuanNonMedisController->index()
11 SYSTEMPATH\CodeIgniter.php(502): CodeIgniter\CodeIgniter->runController(Object(App\Controllers\PengajuanNonMedisController))
12 SYSTEMPATH\CodeIgniter.php(361): CodeIgniter\CodeIgniter->handleRequest(null, Object(Config\Cache), false)
13 FCPATH\index.php(79): CodeIgniter\CodeIgniter->run()
14 SYSTEMPATH\Commands\Server\rewrite.php(47): require_once('C:\\xampp\\htdocs\\inventaris-barang\\public\\index.php')
INFO - 2024-10-07 06:32:54 --> Session: Class initialized using 'CodeIgniter\Session\Handlers\FileHandler' driver.
CRITICAL - 2024-10-07 06:32:54 --> ErrorException: Undefined variable $pem_inv_con
in APPPATH\Views\pengajuan_nonmedis\modal_detail.php on line 1.
 1 APPPATH\Views\pengajuan_nonmedis\modal_detail.php(1): CodeIgniter\Debug\Exceptions->errorHandler(2, 'Undefined variable $pem_inv_con', 'C:\\xampp\\htdocs\\inventaris-barang\\app\\Views\\pengajuan_nonmedis\\modal_detail.php', 1)
 2 SYSTEMPATH\View\View.php(228): include('C:\\xampp\\htdocs\\inventaris-barang\\app\\Views\\pengajuan_nonmedis\\modal_detail.php')
 3 SYSTEMPATH\View\View.php(231): CodeIgniter\View\View->CodeIgniter\View\{closure}()
 4 SYSTEMPATH\View\View.php(469): CodeIgniter\View\View->render('pengajuan_nonmedis/modal_detail', null, true)
 5 APPPATH\Views\pengajuan_nonmedis\index.php(122): CodeIgniter\View\View->include('pengajuan_nonmedis/modal_detail')
 6 SYSTEMPATH\View\View.php(228): include('C:\\xampp\\htdocs\\inventaris-barang\\app\\Views\\pengajuan_nonmedis\\index.php')
 7 SYSTEMPATH\View\View.php(231): CodeIgniter\View\View->CodeIgniter\View\{closure}()
 8 SYSTEMPATH\Common.php(1178): CodeIgniter\View\View->render('pengajuan_nonmedis/index', [], true)
 9 APPPATH\Controllers\PengajuanNonMedisController.php(32): view('pengajuan_nonmedis/index', [...])
10 SYSTEMPATH\CodeIgniter.php(941): App\Controllers\PengajuanNonMedisController->index()
11 SYSTEMPATH\CodeIgniter.php(502): CodeIgniter\CodeIgniter->runController(Object(App\Controllers\PengajuanNonMedisController))
12 SYSTEMPATH\CodeIgniter.php(361): CodeIgniter\CodeIgniter->handleRequest(null, Object(Config\Cache), false)
13 FCPATH\index.php(79): CodeIgniter\CodeIgniter->run()
14 SYSTEMPATH\Commands\Server\rewrite.php(47): require_once('C:\\xampp\\htdocs\\inventaris-barang\\public\\index.php')
INFO - 2024-10-07 06:33:01 --> Session: Class initialized using 'CodeIgniter\Session\Handlers\FileHandler' driver.
CRITICAL - 2024-10-07 06:33:01 --> ErrorException: Undefined variable $pen_nonmedis_mod
in APPPATH\Views\pengajuan_nonmedis\modal_detail.php on line 1.
 1 APPPATH\Views\pengajuan_nonmedis\modal_detail.php(1): CodeIgniter\Debug\Exceptions->errorHandler(2, 'Undefined variable $pen_nonmedis_mod', 'C:\\xampp\\htdocs\\inventaris-barang\\app\\Views\\pengajuan_nonmedis\\modal_detail.php', 1)
 2 SYSTEMPATH\View\View.php(228): include('C:\\xampp\\htdocs\\inventaris-barang\\app\\Views\\pengajuan_nonmedis\\modal_detail.php')
 3 SYSTEMPATH\View\View.php(231): CodeIgniter\View\View->CodeIgniter\View\{closure}()
 4 SYSTEMPATH\View\View.php(469): CodeIgniter\View\View->render('pengajuan_nonmedis/modal_detail', null, true)
 5 APPPATH\Views\pengajuan_nonmedis\index.php(122): CodeIgniter\View\View->include('pengajuan_nonmedis/modal_detail')
 6 SYSTEMPATH\View\View.php(228): include('C:\\xampp\\htdocs\\inventaris-barang\\app\\Views\\pengajuan_nonmedis\\index.php')
 7 SYSTEMPATH\View\View.php(231): CodeIgniter\View\View->CodeIgniter\View\{closure}()
 8 SYSTEMPATH\Common.php(1178): CodeIgniter\View\View->render('pengajuan_nonmedis/index', [], true)
 9 APPPATH\Controllers\PengajuanNonMedisController.php(32): view('pengajuan_nonmedis/index', [...])
10 SYSTEMPATH\CodeIgniter.php(941): App\Controllers\PengajuanNonMedisController->index()
11 SYSTEMPATH\CodeIgniter.php(502): CodeIgniter\CodeIgniter->runController(Object(App\Controllers\PengajuanNonMedisController))
12 SYSTEMPATH\CodeIgniter.php(361): CodeIgniter\CodeIgniter->handleRequest(null, Object(Config\Cache), false)
13 FCPATH\index.php(79): CodeIgniter\CodeIgniter->run()
14 SYSTEMPATH\Commands\Server\rewrite.php(47): require_once('C:\\xampp\\htdocs\\inventaris-barang\\public\\index.php')
INFO - 2024-10-07 06:33:18 --> Session: Class initialized using 'CodeIgniter\Session\Handlers\FileHandler' driver.
CRITICAL - 2024-10-07 06:33:18 --> ErrorException: Undefined variable $pen_nonmedis_mod
in APPPATH\Views\pengajuan_nonmedis\modal_detail.php on line 1.
 1 APPPATH\Views\pengajuan_nonmedis\modal_detail.php(1): CodeIgniter\Debug\Exceptions->errorHandler(2, 'Undefined variable $pen_nonmedis_mod', 'C:\\xampp\\htdocs\\inventaris-barang\\app\\Views\\pengajuan_nonmedis\\modal_detail.php', 1)
 2 SYSTEMPATH\View\View.php(228): include('C:\\xampp\\htdocs\\inventaris-barang\\app\\Views\\pengajuan_nonmedis\\modal_detail.php')
 3 SYSTEMPATH\View\View.php(231): CodeIgniter\View\View->CodeIgniter\View\{closure}()
 4 SYSTEMPATH\View\View.php(469): CodeIgniter\View\View->render('pengajuan_nonmedis/modal_detail', null, true)
 5 APPPATH\Views\pengajuan_nonmedis\index.php(122): CodeIgniter\View\View->include('pengajuan_nonmedis/modal_detail')
 6 SYSTEMPATH\View\View.php(228): include('C:\\xampp\\htdocs\\inventaris-barang\\app\\Views\\pengajuan_nonmedis\\index.php')
 7 SYSTEMPATH\View\View.php(231): CodeIgniter\View\View->CodeIgniter\View\{closure}()
 8 SYSTEMPATH\Common.php(1178): CodeIgniter\View\View->render('pengajuan_nonmedis/index', [], true)
 9 APPPATH\Controllers\PengajuanNonMedisController.php(32): view('pengajuan_nonmedis/index', [...])
10 SYSTEMPATH\CodeIgniter.php(941): App\Controllers\PengajuanNonMedisController->index()
11 SYSTEMPATH\CodeIgniter.php(502): CodeIgniter\CodeIgniter->runController(Object(App\Controllers\PengajuanNonMedisController))
12 SYSTEMPATH\CodeIgniter.php(361): CodeIgniter\CodeIgniter->handleRequest(null, Object(Config\Cache), false)
13 FCPATH\index.php(79): CodeIgniter\CodeIgniter->run()
14 SYSTEMPATH\Commands\Server\rewrite.php(47): require_once('C:\\xampp\\htdocs\\inventaris-barang\\public\\index.php')
INFO - 2024-10-07 06:33:20 --> Session: Class initialized using 'CodeIgniter\Session\Handlers\FileHandler' driver.
CRITICAL - 2024-10-07 06:33:20 --> ErrorException: Undefined array key "subtotal"
in APPPATH\Views\pengajuan_nonmedis\modal_detail.php on line 39.
 1 APPPATH\Views\pengajuan_nonmedis\modal_detail.php(39): CodeIgniter\Debug\Exceptions->errorHandler(2, 'Undefined array key "subtotal"', 'C:\\xampp\\htdocs\\inventaris-barang\\app\\Views\\pengajuan_nonmedis\\modal_detail.php', 39)
 2 SYSTEMPATH\View\View.php(228): include('C:\\xampp\\htdocs\\inventaris-barang\\app\\Views\\pengajuan_nonmedis\\modal_detail.php')
 3 SYSTEMPATH\View\View.php(231): CodeIgniter\View\View->CodeIgniter\View\{closure}()
 4 SYSTEMPATH\View\View.php(469): CodeIgniter\View\View->render('pengajuan_nonmedis/modal_detail', null, true)
 5 APPPATH\Views\pengajuan_nonmedis\index.php(122): CodeIgniter\View\View->include('pengajuan_nonmedis/modal_detail')
 6 SYSTEMPATH\View\View.php(228): include('C:\\xampp\\htdocs\\inventaris-barang\\app\\Views\\pengajuan_nonmedis\\index.php')
 7 SYSTEMPATH\View\View.php(231): CodeIgniter\View\View->CodeIgniter\View\{closure}()
 8 SYSTEMPATH\Common.php(1178): CodeIgniter\View\View->render('pengajuan_nonmedis/index', [], true)
 9 APPPATH\Controllers\PengajuanNonMedisController.php(32): view('pengajuan_nonmedis/index', [...])
10 SYSTEMPATH\CodeIgniter.php(941): App\Controllers\PengajuanNonMedisController->index()
11 SYSTEMPATH\CodeIgniter.php(502): CodeIgniter\CodeIgniter->runController(Object(App\Controllers\PengajuanNonMedisController))
12 SYSTEMPATH\CodeIgniter.php(361): CodeIgniter\CodeIgniter->handleRequest(null, Object(Config\Cache), false)
13 FCPATH\index.php(79): CodeIgniter\CodeIgniter->run()
14 SYSTEMPATH\Commands\Server\rewrite.php(47): require_once('C:\\xampp\\htdocs\\inventaris-barang\\public\\index.php')
INFO - 2024-10-07 06:33:48 --> Session: Class initialized using 'CodeIgniter\Session\Handlers\FileHandler' driver.
INFO - 2024-10-07 06:34:08 --> Session: Class initialized using 'CodeIgniter\Session\Handlers\FileHandler' driver.
INFO - 2024-10-07 06:39:24 --> Session: Class initialized using 'CodeIgniter\Session\Handlers\FileHandler' driver.
INFO - 2024-10-07 06:39:26 --> Session: Class initialized using 'CodeIgniter\Session\Handlers\FileHandler' driver.
CRITICAL - 2024-10-07 06:39:26 --> BadMethodCallException: Call to undefined method App\Models\PengajuanBarangNonMedisModel::detailData
in SYSTEMPATH\Model.php on line 874.
 1 APPPATH\Controllers\PengajuanNonMedisController.php(99): CodeIgniter\Model->__call('detailData', [...])
 2 SYSTEMPATH\CodeIgniter.php(941): App\Controllers\PengajuanNonMedisController->detail('PBNM123')
 3 SYSTEMPATH\CodeIgniter.php(502): CodeIgniter\CodeIgniter->runController(Object(App\Controllers\PengajuanNonMedisController))
 4 SYSTEMPATH\CodeIgniter.php(361): CodeIgniter\CodeIgniter->handleRequest(null, Object(Config\Cache), false)
 5 FCPATH\index.php(79): CodeIgniter\CodeIgniter->run()
 6 SYSTEMPATH\Commands\Server\rewrite.php(47): require_once('C:\\xampp\\htdocs\\inventaris-barang\\public\\index.php')
INFO - 2024-10-07 06:39:27 --> Session: Class initialized using 'CodeIgniter\Session\Handlers\FileHandler' driver.
INFO - 2024-10-07 06:39:50 --> Session: Class initialized using 'CodeIgniter\Session\Handlers\FileHandler' driver.
INFO - 2024-10-07 06:39:51 --> Session: Class initialized using 'CodeIgniter\Session\Handlers\FileHandler' driver.
ERROR - 2024-10-07 06:39:51 --> mysqli_sql_exception: Unknown table 'sik.pengajuan_barang_nonmedis' in C:\xampp\htdocs\inventaris-barang\system\Database\MySQLi\Connection.php:306
Stack trace:
#0 C:\xampp\htdocs\inventaris-barang\system\Database\MySQLi\Connection.php(306): mysqli->query('SELECT `pengaju...', 0)
#1 C:\xampp\htdocs\inventaris-barang\system\Database\BaseConnection.php(693): CodeIgniter\Database\MySQLi\Connection->execute('SELECT `pengaju...')
#2 C:\xampp\htdocs\inventaris-barang\system\Database\BaseConnection.php(607): CodeIgniter\Database\BaseConnection->simpleQuery('SELECT `pengaju...')
#3 C:\xampp\htdocs\inventaris-barang\system\Database\BaseBuilder.php(1616): CodeIgniter\Database\BaseConnection->query('SELECT `pengaju...', Array, false)
#4 C:\xampp\htdocs\inventaris-barang\system\Model.php(242): CodeIgniter\Database\BaseBuilder->get()
#5 C:\xampp\htdocs\inventaris-barang\system\BaseModel.php(638): CodeIgniter\Model->doFindAll(0, 0)
#6 C:\xampp\htdocs\inventaris-barang\app\Models\PengajuanBarangNonMedisDetailModel.php(50): CodeIgniter\BaseModel->findAll()
#7 C:\xampp\htdocs\inventaris-barang\app\Controllers\PengajuanNonMedisController.php(99): App\Models\PengajuanBarangNonMedisDetailModel->detailData('PBNM123')
#8 C:\xampp\htdocs\inventaris-barang\system\CodeIgniter.php(941): App\Controllers\PengajuanNonMedisController->detail('PBNM123')
#9 C:\xampp\htdocs\inventaris-barang\system\CodeIgniter.php(502): CodeIgniter\CodeIgniter->runController(Object(App\Controllers\PengajuanNonMedisController))
#10 C:\xampp\htdocs\inventaris-barang\system\CodeIgniter.php(361): CodeIgniter\CodeIgniter->handleRequest(NULL, Object(Config\Cache), false)
#11 C:\xampp\htdocs\inventaris-barang\public\index.php(79): CodeIgniter\CodeIgniter->run()
#12 C:\xampp\htdocs\inventaris-barang\system\Commands\Server\rewrite.php(47): require_once('C:\\xampp\\htdocs...')
#13 {main}
CRITICAL - 2024-10-07 06:39:51 --> CodeIgniter\Database\Exceptions\DatabaseException: Unknown table 'sik.pengajuan_barang_nonmedis'
in SYSTEMPATH\Database\BaseConnection.php on line 647.
 1 SYSTEMPATH\Database\BaseBuilder.php(1616): CodeIgniter\Database\BaseConnection->query('SELECT `pengajuan_barang_nonmedis`.*, `pegawai`.*
FROM `detail_pengajuan_barang_nonmedis`
JOIN `pegawai` ON `pengajuan_barang_nonmedis`.`nip`=`pegawai`.`nik`
WHERE `no_pengajuan` = :no_pengajuan:', [...], false)
 2 SYSTEMPATH\Model.php(242): CodeIgniter\Database\BaseBuilder->get()
 3 SYSTEMPATH\BaseModel.php(638): CodeIgniter\Model->doFindAll(0, 0)
 4 APPPATH\Models\PengajuanBarangNonMedisDetailModel.php(50): CodeIgniter\BaseModel->findAll()
 5 APPPATH\Controllers\PengajuanNonMedisController.php(99): App\Models\PengajuanBarangNonMedisDetailModel->detailData('PBNM123')
 6 SYSTEMPATH\CodeIgniter.php(941): App\Controllers\PengajuanNonMedisController->detail('PBNM123')
 7 SYSTEMPATH\CodeIgniter.php(502): CodeIgniter\CodeIgniter->runController(Object(App\Controllers\PengajuanNonMedisController))
 8 SYSTEMPATH\CodeIgniter.php(361): CodeIgniter\CodeIgniter->handleRequest(null, Object(Config\Cache), false)
 9 FCPATH\index.php(79): CodeIgniter\CodeIgniter->run()
10 SYSTEMPATH\Commands\Server\rewrite.php(47): require_once('C:\\xampp\\htdocs\\inventaris-barang\\public\\index.php')
CRITICAL - 2024-10-07 06:39:51 --> [Caused by] CodeIgniter\Database\Exceptions\DatabaseException: Unknown table 'sik.pengajuan_barang_nonmedis'
in SYSTEMPATH\Database\MySQLi\Connection.php on line 311.
 1 SYSTEMPATH\Database\BaseConnection.php(693): CodeIgniter\Database\MySQLi\Connection->execute('SELECT `pengajuan_barang_nonmedis`.*, `pegawai`.*
FROM `detail_pengajuan_barang_nonmedis`
JOIN `pegawai` ON `pengajuan_barang_nonmedis`.`nip`=`pegawai`.`nik`
WHERE `no_pengajuan` = \'PBNM123\'')
 2 SYSTEMPATH\Database\BaseConnection.php(607): CodeIgniter\Database\BaseConnection->simpleQuery('SELECT `pengajuan_barang_nonmedis`.*, `pegawai`.*
FROM `detail_pengajuan_barang_nonmedis`
JOIN `pegawai` ON `pengajuan_barang_nonmedis`.`nip`=`pegawai`.`nik`
WHERE `no_pengajuan` = \'PBNM123\'')
 3 SYSTEMPATH\Database\BaseBuilder.php(1616): CodeIgniter\Database\BaseConnection->query('SELECT `pengajuan_barang_nonmedis`.*, `pegawai`.*
FROM `detail_pengajuan_barang_nonmedis`
JOIN `pegawai` ON `pengajuan_barang_nonmedis`.`nip`=`pegawai`.`nik`
WHERE `no_pengajuan` = :no_pengajuan:', [...], false)
 4 SYSTEMPATH\Model.php(242): CodeIgniter\Database\BaseBuilder->get()
 5 SYSTEMPATH\BaseModel.php(638): CodeIgniter\Model->doFindAll(0, 0)
 6 APPPATH\Models\PengajuanBarangNonMedisDetailModel.php(50): CodeIgniter\BaseModel->findAll()
 7 APPPATH\Controllers\PengajuanNonMedisController.php(99): App\Models\PengajuanBarangNonMedisDetailModel->detailData('PBNM123')
 8 SYSTEMPATH\CodeIgniter.php(941): App\Controllers\PengajuanNonMedisController->detail('PBNM123')
 9 SYSTEMPATH\CodeIgniter.php(502): CodeIgniter\CodeIgniter->runController(Object(App\Controllers\PengajuanNonMedisController))
10 SYSTEMPATH\CodeIgniter.php(361): CodeIgniter\CodeIgniter->handleRequest(null, Object(Config\Cache), false)
11 FCPATH\index.php(79): CodeIgniter\CodeIgniter->run()
12 SYSTEMPATH\Commands\Server\rewrite.php(47): require_once('C:\\xampp\\htdocs\\inventaris-barang\\public\\index.php')
CRITICAL - 2024-10-07 06:39:51 --> [Caused by] mysqli_sql_exception: Unknown table 'sik.pengajuan_barang_nonmedis'
in SYSTEMPATH\Database\MySQLi\Connection.php on line 306.
 1 SYSTEMPATH\Database\MySQLi\Connection.php(306): mysqli->query('SELECT `pengajuan_barang_nonmedis`.*, `pegawai`.*
FROM `detail_pengajuan_barang_nonmedis`
JOIN `pegawai` ON `pengajuan_barang_nonmedis`.`nip`=`pegawai`.`nik`
WHERE `no_pengajuan` = \'PBNM123\'', 0)
 2 SYSTEMPATH\Database\BaseConnection.php(693): CodeIgniter\Database\MySQLi\Connection->execute('SELECT `pengajuan_barang_nonmedis`.*, `pegawai`.*
FROM `detail_pengajuan_barang_nonmedis`
JOIN `pegawai` ON `pengajuan_barang_nonmedis`.`nip`=`pegawai`.`nik`
WHERE `no_pengajuan` = \'PBNM123\'')
 3 SYSTEMPATH\Database\BaseConnection.php(607): CodeIgniter\Database\BaseConnection->simpleQuery('SELECT `pengajuan_barang_nonmedis`.*, `pegawai`.*
FROM `detail_pengajuan_barang_nonmedis`
JOIN `pegawai` ON `pengajuan_barang_nonmedis`.`nip`=`pegawai`.`nik`
WHERE `no_pengajuan` = \'PBNM123\'')
 4 SYSTEMPATH\Database\BaseBuilder.php(1616): CodeIgniter\Database\BaseConnection->query('SELECT `pengajuan_barang_nonmedis`.*, `pegawai`.*
FROM `detail_pengajuan_barang_nonmedis`
JOIN `pegawai` ON `pengajuan_barang_nonmedis`.`nip`=`pegawai`.`nik`
WHERE `no_pengajuan` = :no_pengajuan:', [...], false)
 5 SYSTEMPATH\Model.php(242): CodeIgniter\Database\BaseBuilder->get()
 6 SYSTEMPATH\BaseModel.php(638): CodeIgniter\Model->doFindAll(0, 0)
 7 APPPATH\Models\PengajuanBarangNonMedisDetailModel.php(50): CodeIgniter\BaseModel->findAll()
 8 APPPATH\Controllers\PengajuanNonMedisController.php(99): App\Models\PengajuanBarangNonMedisDetailModel->detailData('PBNM123')
 9 SYSTEMPATH\CodeIgniter.php(941): App\Controllers\PengajuanNonMedisController->detail('PBNM123')
10 SYSTEMPATH\CodeIgniter.php(502): CodeIgniter\CodeIgniter->runController(Object(App\Controllers\PengajuanNonMedisController))
11 SYSTEMPATH\CodeIgniter.php(361): CodeIgniter\CodeIgniter->handleRequest(null, Object(Config\Cache), false)
12 FCPATH\index.php(79): CodeIgniter\CodeIgniter->run()
13 SYSTEMPATH\Commands\Server\rewrite.php(47): require_once('C:\\xampp\\htdocs\\inventaris-barang\\public\\index.php')
INFO - 2024-10-07 06:41:16 --> Session: Class initialized using 'CodeIgniter\Session\Handlers\FileHandler' driver.
INFO - 2024-10-07 06:41:17 --> Session: Class initialized using 'CodeIgniter\Session\Handlers\FileHandler' driver.
ERROR - 2024-10-07 06:41:17 --> mysqli_sql_exception: Unknown table 'sik.pengajuan_barang_nonmedis' in C:\xampp\htdocs\inventaris-barang\system\Database\MySQLi\Connection.php:306
Stack trace:
#0 C:\xampp\htdocs\inventaris-barang\system\Database\MySQLi\Connection.php(306): mysqli->query('SELECT `pengaju...', 0)
#1 C:\xampp\htdocs\inventaris-barang\system\Database\BaseConnection.php(693): CodeIgniter\Database\MySQLi\Connection->execute('SELECT `pengaju...')
#2 C:\xampp\htdocs\inventaris-barang\system\Database\BaseConnection.php(607): CodeIgniter\Database\BaseConnection->simpleQuery('SELECT `pengaju...')
#3 C:\xampp\htdocs\inventaris-barang\system\Database\BaseBuilder.php(1616): CodeIgniter\Database\BaseConnection->query('SELECT `pengaju...', Array, false)
#4 C:\xampp\htdocs\inventaris-barang\system\Model.php(242): CodeIgniter\Database\BaseBuilder->get()
#5 C:\xampp\htdocs\inventaris-barang\system\BaseModel.php(638): CodeIgniter\Model->doFindAll(0, 0)
#6 C:\xampp\htdocs\inventaris-barang\app\Models\PengajuanBarangNonMedisDetailModel.php(50): CodeIgniter\BaseModel->findAll()
#7 C:\xampp\htdocs\inventaris-barang\app\Controllers\PengajuanNonMedisController.php(99): App\Models\PengajuanBarangNonMedisDetailModel->detailData('PBNM123')
#8 C:\xampp\htdocs\inventaris-barang\system\CodeIgniter.php(941): App\Controllers\PengajuanNonMedisController->detail('PBNM123')
#9 C:\xampp\htdocs\inventaris-barang\system\CodeIgniter.php(502): CodeIgniter\CodeIgniter->runController(Object(App\Controllers\PengajuanNonMedisController))
#10 C:\xampp\htdocs\inventaris-barang\system\CodeIgniter.php(361): CodeIgniter\CodeIgniter->handleRequest(NULL, Object(Config\Cache), false)
#11 C:\xampp\htdocs\inventaris-barang\public\index.php(79): CodeIgniter\CodeIgniter->run()
#12 C:\xampp\htdocs\inventaris-barang\system\Commands\Server\rewrite.php(47): require_once('C:\\xampp\\htdocs...')
#13 {main}
CRITICAL - 2024-10-07 06:41:17 --> CodeIgniter\Database\Exceptions\DatabaseException: Unknown table 'sik.pengajuan_barang_nonmedis'
in SYSTEMPATH\Database\BaseConnection.php on line 647.
 1 SYSTEMPATH\Database\BaseBuilder.php(1616): CodeIgniter\Database\BaseConnection->query('SELECT `pengajuan_barang_nonmedis`.*, `pegawai`.*
FROM `detail_pengajuan_barang_nonmedis`
JOIN `pegawai` ON `pengajuan_barang_nonmedis`.`nip`=`pegawai`.`nik`
WHERE `no_pengajuan` = :no_pengajuan:', [...], false)
 2 SYSTEMPATH\Model.php(242): CodeIgniter\Database\BaseBuilder->get()
 3 SYSTEMPATH\BaseModel.php(638): CodeIgniter\Model->doFindAll(0, 0)
 4 APPPATH\Models\PengajuanBarangNonMedisDetailModel.php(50): CodeIgniter\BaseModel->findAll()
 5 APPPATH\Controllers\PengajuanNonMedisController.php(99): App\Models\PengajuanBarangNonMedisDetailModel->detailData('PBNM123')
 6 SYSTEMPATH\CodeIgniter.php(941): App\Controllers\PengajuanNonMedisController->detail('PBNM123')
 7 SYSTEMPATH\CodeIgniter.php(502): CodeIgniter\CodeIgniter->runController(Object(App\Controllers\PengajuanNonMedisController))
 8 SYSTEMPATH\CodeIgniter.php(361): CodeIgniter\CodeIgniter->handleRequest(null, Object(Config\Cache), false)
 9 FCPATH\index.php(79): CodeIgniter\CodeIgniter->run()
10 SYSTEMPATH\Commands\Server\rewrite.php(47): require_once('C:\\xampp\\htdocs\\inventaris-barang\\public\\index.php')
CRITICAL - 2024-10-07 06:41:17 --> [Caused by] CodeIgniter\Database\Exceptions\DatabaseException: Unknown table 'sik.pengajuan_barang_nonmedis'
in SYSTEMPATH\Database\MySQLi\Connection.php on line 311.
 1 SYSTEMPATH\Database\BaseConnection.php(693): CodeIgniter\Database\MySQLi\Connection->execute('SELECT `pengajuan_barang_nonmedis`.*, `pegawai`.*
FROM `detail_pengajuan_barang_nonmedis`
JOIN `pegawai` ON `pengajuan_barang_nonmedis`.`nip`=`pegawai`.`nik`
WHERE `no_pengajuan` = \'PBNM123\'')
 2 SYSTEMPATH\Database\BaseConnection.php(607): CodeIgniter\Database\BaseConnection->simpleQuery('SELECT `pengajuan_barang_nonmedis`.*, `pegawai`.*
FROM `detail_pengajuan_barang_nonmedis`
JOIN `pegawai` ON `pengajuan_barang_nonmedis`.`nip`=`pegawai`.`nik`
WHERE `no_pengajuan` = \'PBNM123\'')
 3 SYSTEMPATH\Database\BaseBuilder.php(1616): CodeIgniter\Database\BaseConnection->query('SELECT `pengajuan_barang_nonmedis`.*, `pegawai`.*
FROM `detail_pengajuan_barang_nonmedis`
JOIN `pegawai` ON `pengajuan_barang_nonmedis`.`nip`=`pegawai`.`nik`
WHERE `no_pengajuan` = :no_pengajuan:', [...], false)
 4 SYSTEMPATH\Model.php(242): CodeIgniter\Database\BaseBuilder->get()
 5 SYSTEMPATH\BaseModel.php(638): CodeIgniter\Model->doFindAll(0, 0)
 6 APPPATH\Models\PengajuanBarangNonMedisDetailModel.php(50): CodeIgniter\BaseModel->findAll()
 7 APPPATH\Controllers\PengajuanNonMedisController.php(99): App\Models\PengajuanBarangNonMedisDetailModel->detailData('PBNM123')
 8 SYSTEMPATH\CodeIgniter.php(941): App\Controllers\PengajuanNonMedisController->detail('PBNM123')
 9 SYSTEMPATH\CodeIgniter.php(502): CodeIgniter\CodeIgniter->runController(Object(App\Controllers\PengajuanNonMedisController))
10 SYSTEMPATH\CodeIgniter.php(361): CodeIgniter\CodeIgniter->handleRequest(null, Object(Config\Cache), false)
11 FCPATH\index.php(79): CodeIgniter\CodeIgniter->run()
12 SYSTEMPATH\Commands\Server\rewrite.php(47): require_once('C:\\xampp\\htdocs\\inventaris-barang\\public\\index.php')
CRITICAL - 2024-10-07 06:41:17 --> [Caused by] mysqli_sql_exception: Unknown table 'sik.pengajuan_barang_nonmedis'
in SYSTEMPATH\Database\MySQLi\Connection.php on line 306.
 1 SYSTEMPATH\Database\MySQLi\Connection.php(306): mysqli->query('SELECT `pengajuan_barang_nonmedis`.*, `pegawai`.*
FROM `detail_pengajuan_barang_nonmedis`
JOIN `pegawai` ON `pengajuan_barang_nonmedis`.`nip`=`pegawai`.`nik`
WHERE `no_pengajuan` = \'PBNM123\'', 0)
 2 SYSTEMPATH\Database\BaseConnection.php(693): CodeIgniter\Database\MySQLi\Connection->execute('SELECT `pengajuan_barang_nonmedis`.*, `pegawai`.*
FROM `detail_pengajuan_barang_nonmedis`
JOIN `pegawai` ON `pengajuan_barang_nonmedis`.`nip`=`pegawai`.`nik`
WHERE `no_pengajuan` = \'PBNM123\'')
 3 SYSTEMPATH\Database\BaseConnection.php(607): CodeIgniter\Database\BaseConnection->simpleQuery('SELECT `pengajuan_barang_nonmedis`.*, `pegawai`.*
FROM `detail_pengajuan_barang_nonmedis`
JOIN `pegawai` ON `pengajuan_barang_nonmedis`.`nip`=`pegawai`.`nik`
WHERE `no_pengajuan` = \'PBNM123\'')
 4 SYSTEMPATH\Database\BaseBuilder.php(1616): CodeIgniter\Database\BaseConnection->query('SELECT `pengajuan_barang_nonmedis`.*, `pegawai`.*
FROM `detail_pengajuan_barang_nonmedis`
JOIN `pegawai` ON `pengajuan_barang_nonmedis`.`nip`=`pegawai`.`nik`
WHERE `no_pengajuan` = :no_pengajuan:', [...], false)
 5 SYSTEMPATH\Model.php(242): CodeIgniter\Database\BaseBuilder->get()
 6 SYSTEMPATH\BaseModel.php(638): CodeIgniter\Model->doFindAll(0, 0)
 7 APPPATH\Models\PengajuanBarangNonMedisDetailModel.php(50): CodeIgniter\BaseModel->findAll()
 8 APPPATH\Controllers\PengajuanNonMedisController.php(99): App\Models\PengajuanBarangNonMedisDetailModel->detailData('PBNM123')
 9 SYSTEMPATH\CodeIgniter.php(941): App\Controllers\PengajuanNonMedisController->detail('PBNM123')
10 SYSTEMPATH\CodeIgniter.php(502): CodeIgniter\CodeIgniter->runController(Object(App\Controllers\PengajuanNonMedisController))
11 SYSTEMPATH\CodeIgniter.php(361): CodeIgniter\CodeIgniter->handleRequest(null, Object(Config\Cache), false)
12 FCPATH\index.php(79): CodeIgniter\CodeIgniter->run()
13 SYSTEMPATH\Commands\Server\rewrite.php(47): require_once('C:\\xampp\\htdocs\\inventaris-barang\\public\\index.php')
INFO - 2024-10-07 06:43:40 --> Session: Class initialized using 'CodeIgniter\Session\Handlers\FileHandler' driver.
INFO - 2024-10-07 06:43:41 --> Session: Class initialized using 'CodeIgniter\Session\Handlers\FileHandler' driver.
INFO - 2024-10-07 06:45:54 --> Session: Class initialized using 'CodeIgniter\Session\Handlers\FileHandler' driver.
INFO - 2024-10-07 06:50:45 --> Session: Class initialized using 'CodeIgniter\Session\Handlers\FileHandler' driver.
INFO - 2024-10-07 06:50:52 --> Session: Class initialized using 'CodeIgniter\Session\Handlers\FileHandler' driver.
INFO - 2024-10-07 06:50:55 --> Session: Class initialized using 'CodeIgniter\Session\Handlers\FileHandler' driver.
INFO - 2024-10-07 06:52:06 --> Session: Class initialized using 'CodeIgniter\Session\Handlers\FileHandler' driver.
INFO - 2024-10-07 06:52:08 --> Session: Class initialized using 'CodeIgniter\Session\Handlers\FileHandler' driver.
INFO - 2024-10-07 06:54:41 --> Session: Class initialized using 'CodeIgniter\Session\Handlers\FileHandler' driver.
INFO - 2024-10-07 06:54:43 --> Session: Class initialized using 'CodeIgniter\Session\Handlers\FileHandler' driver.
INFO - 2024-10-07 06:54:58 --> Session: Class initialized using 'CodeIgniter\Session\Handlers\FileHandler' driver.
INFO - 2024-10-07 06:55:00 --> Session: Class initialized using 'CodeIgniter\Session\Handlers\FileHandler' driver.
INFO - 2024-10-07 06:55:20 --> Session: Class initialized using 'CodeIgniter\Session\Handlers\FileHandler' driver.
INFO - 2024-10-07 06:55:33 --> Session: Class initialized using 'CodeIgniter\Session\Handlers\FileHandler' driver.
INFO - 2024-10-07 06:55:39 --> Session: Class initialized using 'CodeIgniter\Session\Handlers\FileHandler' driver.
INFO - 2024-10-07 06:55:44 --> Session: Class initialized using 'CodeIgniter\Session\Handlers\FileHandler' driver.
INFO - 2024-10-07 06:55:47 --> Session: Class initialized using 'CodeIgniter\Session\Handlers\FileHandler' driver.
INFO - 2024-10-07 06:55:58 --> Session: Class initialized using 'CodeIgniter\Session\Handlers\FileHandler' driver.
INFO - 2024-10-07 06:56:01 --> Session: Class initialized using 'CodeIgniter\Session\Handlers\FileHandler' driver.
INFO - 2024-10-07 06:56:04 --> Session: Class initialized using 'CodeIgniter\Session\Handlers\FileHandler' driver.
WARNING - 2024-10-07 06:56:04 --> [DEPRECATED] number_format(): Passing null to parameter #1 ($num) of type float is deprecated in APPPATH\Views\pembelian_inventaris\index.php on line 48.
 1 APPPATH\Views\pembelian_inventaris\index.php(48): number_format(null, 0, ',', '.')
 2 SYSTEMPATH\View\View.php(228): include('C:\\xampp\\htdocs\\inventaris-barang\\app\\Views\\pembelian_inventaris\\index.php')
 3 SYSTEMPATH\View\View.php(231): CodeIgniter\View\View->CodeIgniter\View\{closure}()
 4 SYSTEMPATH\Common.php(1178): CodeIgniter\View\View->render('pembelian_inventaris/index', [], true)
 5 APPPATH\Controllers\PembelianInventarisController.php(41): view('pembelian_inventaris/index', [...])
 6 SYSTEMPATH\CodeIgniter.php(941): App\Controllers\PembelianInventarisController->index()
 7 SYSTEMPATH\CodeIgniter.php(502): CodeIgniter\CodeIgniter->runController(Object(App\Controllers\PembelianInventarisController))
 8 SYSTEMPATH\CodeIgniter.php(361): CodeIgniter\CodeIgniter->handleRequest(null, Object(Config\Cache), false)
 9 FCPATH\index.php(79): CodeIgniter\CodeIgniter->run()
10 SYSTEMPATH\Commands\Server\rewrite.php(47): require_once('C:\\xampp\\htdocs\\inventaris-barang\\public\\index.php')
INFO - 2024-10-07 06:56:06 --> Session: Class initialized using 'CodeIgniter\Session\Handlers\FileHandler' driver.
INFO - 2024-10-07 06:56:13 --> Session: Class initialized using 'CodeIgniter\Session\Handlers\FileHandler' driver.
INFO - 2024-10-07 06:56:20 --> Session: Class initialized using 'CodeIgniter\Session\Handlers\FileHandler' driver.
INFO - 2024-10-07 06:56:23 --> Session: Class initialized using 'CodeIgniter\Session\Handlers\FileHandler' driver.
INFO - 2024-10-07 06:59:35 --> Session: Class initialized using 'CodeIgniter\Session\Handlers\FileHandler' driver.
INFO - 2024-10-07 06:59:38 --> Session: Class initialized using 'CodeIgniter\Session\Handlers\FileHandler' driver.
INFO - 2024-10-07 07:04:04 --> Session: Class initialized using 'CodeIgniter\Session\Handlers\FileHandler' driver.
INFO - 2024-10-07 07:04:11 --> Session: Class initialized using 'CodeIgniter\Session\Handlers\FileHandler' driver.
INFO - 2024-10-07 07:04:14 --> Session: Class initialized using 'CodeIgniter\Session\Handlers\FileHandler' driver.
INFO - 2024-10-07 07:05:38 --> Session: Class initialized using 'CodeIgniter\Session\Handlers\FileHandler' driver.
INFO - 2024-10-07 07:05:41 --> Session: Class initialized using 'CodeIgniter\Session\Handlers\FileHandler' driver.
INFO - 2024-10-07 07:13:58 --> Session: Class initialized using 'CodeIgniter\Session\Handlers\FileHandler' driver.
INFO - 2024-10-07 07:15:11 --> Session: Class initialized using 'CodeIgniter\Session\Handlers\FileHandler' driver.
INFO - 2024-10-07 07:24:39 --> Session: Class initialized using 'CodeIgniter\Session\Handlers\FileHandler' driver.
INFO - 2024-10-07 07:27:14 --> Session: Class initialized using 'CodeIgniter\Session\Handlers\FileHandler' driver.
INFO - 2024-10-07 07:27:16 --> Session: Class initialized using 'CodeIgniter\Session\Handlers\FileHandler' driver.
DEBUG - 2024-10-07 07:27:16 --> Detail fetched: [{"no_pengajuan":"PBNM123","kode_brng":"B00003","kode_sat":"BKS","jumlah":"1","h_pengajuan":"13553.1","total":"0"}]
INFO - 2024-10-07 07:27:41 --> Session: Class initialized using 'CodeIgniter\Session\Handlers\FileHandler' driver.
INFO - 2024-10-07 07:27:44 --> Session: Class initialized using 'CodeIgniter\Session\Handlers\FileHandler' driver.
DEBUG - 2024-10-07 07:27:44 --> Detail fetched: [{"no_pengajuan":"PBNM123","kode_brng":"B00003","kode_sat":"BKS","jumlah":"1","h_pengajuan":"13553.1","total":"0"}]
INFO - 2024-10-07 07:27:46 --> Session: Class initialized using 'CodeIgniter\Session\Handlers\FileHandler' driver.
INFO - 2024-10-07 07:27:48 --> Session: Class initialized using 'CodeIgniter\Session\Handlers\FileHandler' driver.
DEBUG - 2024-10-07 07:27:48 --> Detail fetched: [{"no_pengajuan":"PBNM123","kode_brng":"B00003","kode_sat":"BKS","jumlah":"1","h_pengajuan":"13553.1","total":"0"}]
INFO - 2024-10-07 07:28:04 --> Session: Class initialized using 'CodeIgniter\Session\Handlers\FileHandler' driver.
INFO - 2024-10-07 07:28:07 --> Session: Class initialized using 'CodeIgniter\Session\Handlers\FileHandler' driver.
INFO - 2024-10-07 07:28:09 --> Session: Class initialized using 'CodeIgniter\Session\Handlers\FileHandler' driver.
DEBUG - 2024-10-07 07:28:09 --> Detail fetched: [{"no_pengajuan":"PBNM123","kode_brng":"B00003","kode_sat":"BKS","jumlah":"1","h_pengajuan":"13553.1","total":"0"}]
INFO - 2024-10-07 07:31:12 --> Session: Class initialized using 'CodeIgniter\Session\Handlers\FileHandler' driver.
INFO - 2024-10-07 07:36:00 --> Session: Class initialized using 'CodeIgniter\Session\Handlers\FileHandler' driver.
INFO - 2024-10-07 07:36:02 --> Session: Class initialized using 'CodeIgniter\Session\Handlers\FileHandler' driver.
DEBUG - 2024-10-07 07:36:02 --> Detail fetched: [{"no_pengajuan":"PBNM123","kode_brng":"B00003","kode_sat":"BKS","jumlah":"1","h_pengajuan":"13553.1","total":"0"}]
INFO - 2024-10-07 07:36:56 --> Session: Class initialized using 'CodeIgniter\Session\Handlers\FileHandler' driver.
INFO - 2024-10-07 07:37:01 --> Session: Class initialized using 'CodeIgniter\Session\Handlers\FileHandler' driver.
INFO - 2024-10-07 07:37:01 --> Session: Class initialized using 'CodeIgniter\Session\Handlers\FileHandler' driver.
INFO - 2024-10-07 07:37:03 --> Session: Class initialized using 'CodeIgniter\Session\Handlers\FileHandler' driver.
INFO - 2024-10-07 07:39:36 --> Session: Class initialized using 'CodeIgniter\Session\Handlers\FileHandler' driver.
INFO - 2024-10-07 07:39:41 --> Session: Class initialized using 'CodeIgniter\Session\Handlers\FileHandler' driver.
INFO - 2024-10-07 07:39:41 --> Session: Class initialized using 'CodeIgniter\Session\Handlers\FileHandler' driver.
INFO - 2024-10-07 07:39:43 --> Session: Class initialized using 'CodeIgniter\Session\Handlers\FileHandler' driver.
INFO - 2024-10-07 07:40:01 --> Session: Class initialized using 'CodeIgniter\Session\Handlers\FileHandler' driver.
INFO - 2024-10-07 07:40:04 --> Session: Class initialized using 'CodeIgniter\Session\Handlers\FileHandler' driver.
CRITICAL - 2024-10-07 07:40:05 --> ErrorException: Undefined variable $total
in APPPATH\Controllers\PengajuanNonMedisController.php on line 53.
 1 APPPATH\Controllers\PengajuanNonMedisController.php(53): CodeIgniter\Debug\Exceptions->errorHandler(2, 'Undefined variable $total', 'C:\\xampp\\htdocs\\inventaris-barang\\app\\Controllers\\PengajuanNonMedisController.php', 53)
 2 SYSTEMPATH\CodeIgniter.php(941): App\Controllers\PengajuanNonMedisController->add()
 3 SYSTEMPATH\CodeIgniter.php(502): CodeIgniter\CodeIgniter->runController(Object(App\Controllers\PengajuanNonMedisController))
 4 SYSTEMPATH\CodeIgniter.php(361): CodeIgniter\CodeIgniter->handleRequest(null, Object(Config\Cache), false)
 5 FCPATH\index.php(79): CodeIgniter\CodeIgniter->run()
 6 SYSTEMPATH\Commands\Server\rewrite.php(47): require_once('C:\\xampp\\htdocs\\inventaris-barang\\public\\index.php')
INFO - 2024-10-07 07:40:22 --> Session: Class initialized using 'CodeIgniter\Session\Handlers\FileHandler' driver.
INFO - 2024-10-07 07:40:22 --> Session: Class initialized using 'CodeIgniter\Session\Handlers\FileHandler' driver.
