INFO - 2024-10-03 01:01:11 --> Session: Class initialized using 'CodeIgniter\Session\Handlers\FileHandler' driver.
INFO - 2024-10-03 01:01:11 --> Session: Class initialized using 'CodeIgniter\Session\Handlers\FileHandler' driver.
INFO - 2024-10-03 01:01:11 --> Session: Class initialized using 'CodeIgniter\Session\Handlers\FileHandler' driver.
INFO - 2024-10-03 01:01:12 --> Session: Class initialized using 'CodeIgniter\Session\Handlers\FileHandler' driver.
INFO - 2024-10-03 01:01:23 --> Session: Class initialized using 'CodeIgniter\Session\Handlers\FileHandler' driver.
INFO - 2024-10-03 01:01:23 --> Session: Class initialized using 'CodeIgniter\Session\Handlers\FileHandler' driver.
INFO - 2024-10-03 01:01:33 --> Session: Class initialized using 'CodeIgniter\Session\Handlers\FileHandler' driver.
INFO - 2024-10-03 01:01:36 --> Session: Class initialized using 'CodeIgniter\Session\Handlers\FileHandler' driver.
INFO - 2024-10-03 01:07:55 --> Session: Class initialized using 'CodeIgniter\Session\Handlers\FileHandler' driver.
INFO - 2024-10-03 01:07:55 --> Session: Class initialized using 'CodeIgniter\Session\Handlers\FileHandler' driver.
INFO - 2024-10-03 01:07:58 --> Session: Class initialized using 'CodeIgniter\Session\Handlers\FileHandler' driver.
INFO - 2024-10-03 01:08:01 --> Session: Class initialized using 'CodeIgniter\Session\Handlers\FileHandler' driver.
INFO - 2024-10-03 01:08:03 --> Session: Class initialized using 'CodeIgniter\Session\Handlers\FileHandler' driver.
INFO - 2024-10-03 01:08:04 --> Session: Class initialized using 'CodeIgniter\Session\Handlers\FileHandler' driver.
INFO - 2024-10-03 01:08:13 --> Session: Class initialized using 'CodeIgniter\Session\Handlers\FileHandler' driver.
INFO - 2024-10-03 01:09:19 --> Session: Class initialized using 'CodeIgniter\Session\Handlers\FileHandler' driver.
INFO - 2024-10-03 01:09:22 --> Session: Class initialized using 'CodeIgniter\Session\Handlers\FileHandler' driver.
INFO - 2024-10-03 01:10:20 --> Session: Class initialized using 'CodeIgniter\Session\Handlers\FileHandler' driver.
INFO - 2024-10-03 01:10:24 --> Session: Class initialized using 'CodeIgniter\Session\Handlers\FileHandler' driver.
ERROR - 2024-10-03 01:10:24 --> mysqli_sql_exception: Unknown table 'sik.ipsrsjenisbarang' in C:\xampp\htdocs\inventaris-barang\system\Database\MySQLi\Connection.php:306
Stack trace:
#0 C:\xampp\htdocs\inventaris-barang\system\Database\MySQLi\Connection.php(306): mysqli->query('SELECT `ipsrsba...', 0)
#1 C:\xampp\htdocs\inventaris-barang\system\Database\BaseConnection.php(693): CodeIgniter\Database\MySQLi\Connection->execute('SELECT `ipsrsba...')
#2 C:\xampp\htdocs\inventaris-barang\system\Database\BaseConnection.php(607): CodeIgniter\Database\BaseConnection->simpleQuery('SELECT `ipsrsba...')
#3 C:\xampp\htdocs\inventaris-barang\system\Database\BaseBuilder.php(1616): CodeIgniter\Database\BaseConnection->query('SELECT `ipsrsba...', Array, false)
#4 C:\xampp\htdocs\inventaris-barang\system\Model.php(270): CodeIgniter\Database\BaseBuilder->get()
#5 C:\xampp\htdocs\inventaris-barang\system\BaseModel.php(676): CodeIgniter\Model->doFirst()
#6 C:\xampp\htdocs\inventaris-barang\app\Models\IpsrsBarangModel.php(49): CodeIgniter\BaseModel->first()
#7 C:\xampp\htdocs\inventaris-barang\app\Controllers\PengajuanNonMedisController.php(145): App\Models\IpsrsBarangModel->getDataByKode('B00003')
#8 C:\xampp\htdocs\inventaris-barang\system\CodeIgniter.php(941): App\Controllers\PengajuanNonMedisController->getBarangDetails()
#9 C:\xampp\htdocs\inventaris-barang\system\CodeIgniter.php(502): CodeIgniter\CodeIgniter->runController(Object(App\Controllers\PengajuanNonMedisController))
#10 C:\xampp\htdocs\inventaris-barang\system\CodeIgniter.php(361): CodeIgniter\CodeIgniter->handleRequest(NULL, Object(Config\Cache), false)
#11 C:\xampp\htdocs\inventaris-barang\public\index.php(79): CodeIgniter\CodeIgniter->run()
#12 C:\xampp\htdocs\inventaris-barang\system\Commands\Server\rewrite.php(47): require_once('C:\\xampp\\htdocs...')
#13 {main}
CRITICAL - 2024-10-03 01:10:24 --> CodeIgniter\Database\Exceptions\DatabaseException: Unknown table 'sik.ipsrsjenisbarang'
in SYSTEMPATH\Database\BaseConnection.php on line 647.
 1 SYSTEMPATH\Database\BaseBuilder.php(1616): CodeIgniter\Database\BaseConnection->query('SELECT `ipsrsbarang`.*, `ipsrsjenisbarang`.*
FROM `ipsrsbarang`
JOIN `inventaris_produsen` ON `inventaris_barang`.`kode_produsen`=`inventaris_produsen`.`kode_produsen`
WHERE `inventaris_barang`.`kode_barang` = :inventaris_barang.kode_barang:
 LIMIT 1', [...], false)
 2 SYSTEMPATH\Model.php(270): CodeIgniter\Database\BaseBuilder->get()
 3 SYSTEMPATH\BaseModel.php(676): CodeIgniter\Model->doFirst()
 4 APPPATH\Models\IpsrsBarangModel.php(49): CodeIgniter\BaseModel->first()
 5 APPPATH\Controllers\PengajuanNonMedisController.php(145): App\Models\IpsrsBarangModel->getDataByKode('B00003')
 6 SYSTEMPATH\CodeIgniter.php(941): App\Controllers\PengajuanNonMedisController->getBarangDetails()
 7 SYSTEMPATH\CodeIgniter.php(502): CodeIgniter\CodeIgniter->runController(Object(App\Controllers\PengajuanNonMedisController))
 8 SYSTEMPATH\CodeIgniter.php(361): CodeIgniter\CodeIgniter->handleRequest(null, Object(Config\Cache), false)
 9 FCPATH\index.php(79): CodeIgniter\CodeIgniter->run()
10 SYSTEMPATH\Commands\Server\rewrite.php(47): require_once('C:\\xampp\\htdocs\\inventaris-barang\\public\\index.php')
CRITICAL - 2024-10-03 01:10:24 --> [Caused by] CodeIgniter\Database\Exceptions\DatabaseException: Unknown table 'sik.ipsrsjenisbarang'
in SYSTEMPATH\Database\MySQLi\Connection.php on line 311.
 1 SYSTEMPATH\Database\BaseConnection.php(693): CodeIgniter\Database\MySQLi\Connection->execute('SELECT `ipsrsbarang`.*, `ipsrsjenisbarang`.*
FROM `ipsrsbarang`
JOIN `inventaris_produsen` ON `inventaris_barang`.`kode_produsen`=`inventaris_produsen`.`kode_produsen`
WHERE `inventaris_barang`.`kode_barang` = \'B00003\'
 LIMIT 1')
 2 SYSTEMPATH\Database\BaseConnection.php(607): CodeIgniter\Database\BaseConnection->simpleQuery('SELECT `ipsrsbarang`.*, `ipsrsjenisbarang`.*
FROM `ipsrsbarang`
JOIN `inventaris_produsen` ON `inventaris_barang`.`kode_produsen`=`inventaris_produsen`.`kode_produsen`
WHERE `inventaris_barang`.`kode_barang` = \'B00003\'
 LIMIT 1')
 3 SYSTEMPATH\Database\BaseBuilder.php(1616): CodeIgniter\Database\BaseConnection->query('SELECT `ipsrsbarang`.*, `ipsrsjenisbarang`.*
FROM `ipsrsbarang`
JOIN `inventaris_produsen` ON `inventaris_barang`.`kode_produsen`=`inventaris_produsen`.`kode_produsen`
WHERE `inventaris_barang`.`kode_barang` = :inventaris_barang.kode_barang:
 LIMIT 1', [...], false)
 4 SYSTEMPATH\Model.php(270): CodeIgniter\Database\BaseBuilder->get()
 5 SYSTEMPATH\BaseModel.php(676): CodeIgniter\Model->doFirst()
 6 APPPATH\Models\IpsrsBarangModel.php(49): CodeIgniter\BaseModel->first()
 7 APPPATH\Controllers\PengajuanNonMedisController.php(145): App\Models\IpsrsBarangModel->getDataByKode('B00003')
 8 SYSTEMPATH\CodeIgniter.php(941): App\Controllers\PengajuanNonMedisController->getBarangDetails()
 9 SYSTEMPATH\CodeIgniter.php(502): CodeIgniter\CodeIgniter->runController(Object(App\Controllers\PengajuanNonMedisController))
10 SYSTEMPATH\CodeIgniter.php(361): CodeIgniter\CodeIgniter->handleRequest(null, Object(Config\Cache), false)
11 FCPATH\index.php(79): CodeIgniter\CodeIgniter->run()
12 SYSTEMPATH\Commands\Server\rewrite.php(47): require_once('C:\\xampp\\htdocs\\inventaris-barang\\public\\index.php')
CRITICAL - 2024-10-03 01:10:24 --> [Caused by] mysqli_sql_exception: Unknown table 'sik.ipsrsjenisbarang'
in SYSTEMPATH\Database\MySQLi\Connection.php on line 306.
 1 SYSTEMPATH\Database\MySQLi\Connection.php(306): mysqli->query('SELECT `ipsrsbarang`.*, `ipsrsjenisbarang`.*
FROM `ipsrsbarang`
JOIN `inventaris_produsen` ON `inventaris_barang`.`kode_produsen`=`inventaris_produsen`.`kode_produsen`
WHERE `inventaris_barang`.`kode_barang` = \'B00003\'
 LIMIT 1', 0)
 2 SYSTEMPATH\Database\BaseConnection.php(693): CodeIgniter\Database\MySQLi\Connection->execute('SELECT `ipsrsbarang`.*, `ipsrsjenisbarang`.*
FROM `ipsrsbarang`
JOIN `inventaris_produsen` ON `inventaris_barang`.`kode_produsen`=`inventaris_produsen`.`kode_produsen`
WHERE `inventaris_barang`.`kode_barang` = \'B00003\'
 LIMIT 1')
 3 SYSTEMPATH\Database\BaseConnection.php(607): CodeIgniter\Database\BaseConnection->simpleQuery('SELECT `ipsrsbarang`.*, `ipsrsjenisbarang`.*
FROM `ipsrsbarang`
JOIN `inventaris_produsen` ON `inventaris_barang`.`kode_produsen`=`inventaris_produsen`.`kode_produsen`
WHERE `inventaris_barang`.`kode_barang` = \'B00003\'
 LIMIT 1')
 4 SYSTEMPATH\Database\BaseBuilder.php(1616): CodeIgniter\Database\BaseConnection->query('SELECT `ipsrsbarang`.*, `ipsrsjenisbarang`.*
FROM `ipsrsbarang`
JOIN `inventaris_produsen` ON `inventaris_barang`.`kode_produsen`=`inventaris_produsen`.`kode_produsen`
WHERE `inventaris_barang`.`kode_barang` = :inventaris_barang.kode_barang:
 LIMIT 1', [...], false)
 5 SYSTEMPATH\Model.php(270): CodeIgniter\Database\BaseBuilder->get()
 6 SYSTEMPATH\BaseModel.php(676): CodeIgniter\Model->doFirst()
 7 APPPATH\Models\IpsrsBarangModel.php(49): CodeIgniter\BaseModel->first()
 8 APPPATH\Controllers\PengajuanNonMedisController.php(145): App\Models\IpsrsBarangModel->getDataByKode('B00003')
 9 SYSTEMPATH\CodeIgniter.php(941): App\Controllers\PengajuanNonMedisController->getBarangDetails()
10 SYSTEMPATH\CodeIgniter.php(502): CodeIgniter\CodeIgniter->runController(Object(App\Controllers\PengajuanNonMedisController))
11 SYSTEMPATH\CodeIgniter.php(361): CodeIgniter\CodeIgniter->handleRequest(null, Object(Config\Cache), false)
12 FCPATH\index.php(79): CodeIgniter\CodeIgniter->run()
13 SYSTEMPATH\Commands\Server\rewrite.php(47): require_once('C:\\xampp\\htdocs\\inventaris-barang\\public\\index.php')
INFO - 2024-10-03 01:10:44 --> Session: Class initialized using 'CodeIgniter\Session\Handlers\FileHandler' driver.
INFO - 2024-10-03 01:10:47 --> Session: Class initialized using 'CodeIgniter\Session\Handlers\FileHandler' driver.
INFO - 2024-10-03 01:11:02 --> Session: Class initialized using 'CodeIgniter\Session\Handlers\FileHandler' driver.
INFO - 2024-10-03 01:11:05 --> Session: Class initialized using 'CodeIgniter\Session\Handlers\FileHandler' driver.
ERROR - 2024-10-03 01:11:05 --> mysqli_sql_exception: Unknown table 'sik.ipsrsjenisbarang' in C:\xampp\htdocs\inventaris-barang\system\Database\MySQLi\Connection.php:306
Stack trace:
#0 C:\xampp\htdocs\inventaris-barang\system\Database\MySQLi\Connection.php(306): mysqli->query('SELECT `ipsrsba...', 0)
#1 C:\xampp\htdocs\inventaris-barang\system\Database\BaseConnection.php(693): CodeIgniter\Database\MySQLi\Connection->execute('SELECT `ipsrsba...')
#2 C:\xampp\htdocs\inventaris-barang\system\Database\BaseConnection.php(607): CodeIgniter\Database\BaseConnection->simpleQuery('SELECT `ipsrsba...')
#3 C:\xampp\htdocs\inventaris-barang\system\Database\BaseBuilder.php(1616): CodeIgniter\Database\BaseConnection->query('SELECT `ipsrsba...', Array, false)
#4 C:\xampp\htdocs\inventaris-barang\system\Model.php(270): CodeIgniter\Database\BaseBuilder->get()
#5 C:\xampp\htdocs\inventaris-barang\system\BaseModel.php(676): CodeIgniter\Model->doFirst()
#6 C:\xampp\htdocs\inventaris-barang\app\Models\IpsrsBarangModel.php(49): CodeIgniter\BaseModel->first()
#7 C:\xampp\htdocs\inventaris-barang\app\Controllers\PengajuanNonMedisController.php(146): App\Models\IpsrsBarangModel->getDataByKode('B00003')
#8 C:\xampp\htdocs\inventaris-barang\system\CodeIgniter.php(941): App\Controllers\PengajuanNonMedisController->getBarangDetails()
#9 C:\xampp\htdocs\inventaris-barang\system\CodeIgniter.php(502): CodeIgniter\CodeIgniter->runController(Object(App\Controllers\PengajuanNonMedisController))
#10 C:\xampp\htdocs\inventaris-barang\system\CodeIgniter.php(361): CodeIgniter\CodeIgniter->handleRequest(NULL, Object(Config\Cache), false)
#11 C:\xampp\htdocs\inventaris-barang\public\index.php(79): CodeIgniter\CodeIgniter->run()
#12 C:\xampp\htdocs\inventaris-barang\system\Commands\Server\rewrite.php(47): require_once('C:\\xampp\\htdocs...')
#13 {main}
CRITICAL - 2024-10-03 01:11:05 --> CodeIgniter\Database\Exceptions\DatabaseException: Unknown table 'sik.ipsrsjenisbarang'
in SYSTEMPATH\Database\BaseConnection.php on line 647.
 1 SYSTEMPATH\Database\BaseBuilder.php(1616): CodeIgniter\Database\BaseConnection->query('SELECT `ipsrsbarang`.*, `ipsrsjenisbarang`.*
FROM `ipsrsbarang`
JOIN `inventaris_produsen` ON `inventaris_barang`.`kode_produsen`=`inventaris_produsen`.`kode_produsen`
WHERE `inventaris_barang`.`kode_barang` = :inventaris_barang.kode_barang:
 LIMIT 1', [...], false)
 2 SYSTEMPATH\Model.php(270): CodeIgniter\Database\BaseBuilder->get()
 3 SYSTEMPATH\BaseModel.php(676): CodeIgniter\Model->doFirst()
 4 APPPATH\Models\IpsrsBarangModel.php(49): CodeIgniter\BaseModel->first()
 5 APPPATH\Controllers\PengajuanNonMedisController.php(146): App\Models\IpsrsBarangModel->getDataByKode('B00003')
 6 SYSTEMPATH\CodeIgniter.php(941): App\Controllers\PengajuanNonMedisController->getBarangDetails()
 7 SYSTEMPATH\CodeIgniter.php(502): CodeIgniter\CodeIgniter->runController(Object(App\Controllers\PengajuanNonMedisController))
 8 SYSTEMPATH\CodeIgniter.php(361): CodeIgniter\CodeIgniter->handleRequest(null, Object(Config\Cache), false)
 9 FCPATH\index.php(79): CodeIgniter\CodeIgniter->run()
10 SYSTEMPATH\Commands\Server\rewrite.php(47): require_once('C:\\xampp\\htdocs\\inventaris-barang\\public\\index.php')
CRITICAL - 2024-10-03 01:11:05 --> [Caused by] CodeIgniter\Database\Exceptions\DatabaseException: Unknown table 'sik.ipsrsjenisbarang'
in SYSTEMPATH\Database\MySQLi\Connection.php on line 311.
 1 SYSTEMPATH\Database\BaseConnection.php(693): CodeIgniter\Database\MySQLi\Connection->execute('SELECT `ipsrsbarang`.*, `ipsrsjenisbarang`.*
FROM `ipsrsbarang`
JOIN `inventaris_produsen` ON `inventaris_barang`.`kode_produsen`=`inventaris_produsen`.`kode_produsen`
WHERE `inventaris_barang`.`kode_barang` = \'B00003\'
 LIMIT 1')
 2 SYSTEMPATH\Database\BaseConnection.php(607): CodeIgniter\Database\BaseConnection->simpleQuery('SELECT `ipsrsbarang`.*, `ipsrsjenisbarang`.*
FROM `ipsrsbarang`
JOIN `inventaris_produsen` ON `inventaris_barang`.`kode_produsen`=`inventaris_produsen`.`kode_produsen`
WHERE `inventaris_barang`.`kode_barang` = \'B00003\'
 LIMIT 1')
 3 SYSTEMPATH\Database\BaseBuilder.php(1616): CodeIgniter\Database\BaseConnection->query('SELECT `ipsrsbarang`.*, `ipsrsjenisbarang`.*
FROM `ipsrsbarang`
JOIN `inventaris_produsen` ON `inventaris_barang`.`kode_produsen`=`inventaris_produsen`.`kode_produsen`
WHERE `inventaris_barang`.`kode_barang` = :inventaris_barang.kode_barang:
 LIMIT 1', [...], false)
 4 SYSTEMPATH\Model.php(270): CodeIgniter\Database\BaseBuilder->get()
 5 SYSTEMPATH\BaseModel.php(676): CodeIgniter\Model->doFirst()
 6 APPPATH\Models\IpsrsBarangModel.php(49): CodeIgniter\BaseModel->first()
 7 APPPATH\Controllers\PengajuanNonMedisController.php(146): App\Models\IpsrsBarangModel->getDataByKode('B00003')
 8 SYSTEMPATH\CodeIgniter.php(941): App\Controllers\PengajuanNonMedisController->getBarangDetails()
 9 SYSTEMPATH\CodeIgniter.php(502): CodeIgniter\CodeIgniter->runController(Object(App\Controllers\PengajuanNonMedisController))
10 SYSTEMPATH\CodeIgniter.php(361): CodeIgniter\CodeIgniter->handleRequest(null, Object(Config\Cache), false)
11 FCPATH\index.php(79): CodeIgniter\CodeIgniter->run()
12 SYSTEMPATH\Commands\Server\rewrite.php(47): require_once('C:\\xampp\\htdocs\\inventaris-barang\\public\\index.php')
CRITICAL - 2024-10-03 01:11:05 --> [Caused by] mysqli_sql_exception: Unknown table 'sik.ipsrsjenisbarang'
in SYSTEMPATH\Database\MySQLi\Connection.php on line 306.
 1 SYSTEMPATH\Database\MySQLi\Connection.php(306): mysqli->query('SELECT `ipsrsbarang`.*, `ipsrsjenisbarang`.*
FROM `ipsrsbarang`
JOIN `inventaris_produsen` ON `inventaris_barang`.`kode_produsen`=`inventaris_produsen`.`kode_produsen`
WHERE `inventaris_barang`.`kode_barang` = \'B00003\'
 LIMIT 1', 0)
 2 SYSTEMPATH\Database\BaseConnection.php(693): CodeIgniter\Database\MySQLi\Connection->execute('SELECT `ipsrsbarang`.*, `ipsrsjenisbarang`.*
FROM `ipsrsbarang`
JOIN `inventaris_produsen` ON `inventaris_barang`.`kode_produsen`=`inventaris_produsen`.`kode_produsen`
WHERE `inventaris_barang`.`kode_barang` = \'B00003\'
 LIMIT 1')
 3 SYSTEMPATH\Database\BaseConnection.php(607): CodeIgniter\Database\BaseConnection->simpleQuery('SELECT `ipsrsbarang`.*, `ipsrsjenisbarang`.*
FROM `ipsrsbarang`
JOIN `inventaris_produsen` ON `inventaris_barang`.`kode_produsen`=`inventaris_produsen`.`kode_produsen`
WHERE `inventaris_barang`.`kode_barang` = \'B00003\'
 LIMIT 1')
 4 SYSTEMPATH\Database\BaseBuilder.php(1616): CodeIgniter\Database\BaseConnection->query('SELECT `ipsrsbarang`.*, `ipsrsjenisbarang`.*
FROM `ipsrsbarang`
JOIN `inventaris_produsen` ON `inventaris_barang`.`kode_produsen`=`inventaris_produsen`.`kode_produsen`
WHERE `inventaris_barang`.`kode_barang` = :inventaris_barang.kode_barang:
 LIMIT 1', [...], false)
 5 SYSTEMPATH\Model.php(270): CodeIgniter\Database\BaseBuilder->get()
 6 SYSTEMPATH\BaseModel.php(676): CodeIgniter\Model->doFirst()
 7 APPPATH\Models\IpsrsBarangModel.php(49): CodeIgniter\BaseModel->first()
 8 APPPATH\Controllers\PengajuanNonMedisController.php(146): App\Models\IpsrsBarangModel->getDataByKode('B00003')
 9 SYSTEMPATH\CodeIgniter.php(941): App\Controllers\PengajuanNonMedisController->getBarangDetails()
10 SYSTEMPATH\CodeIgniter.php(502): CodeIgniter\CodeIgniter->runController(Object(App\Controllers\PengajuanNonMedisController))
11 SYSTEMPATH\CodeIgniter.php(361): CodeIgniter\CodeIgniter->handleRequest(null, Object(Config\Cache), false)
12 FCPATH\index.php(79): CodeIgniter\CodeIgniter->run()
13 SYSTEMPATH\Commands\Server\rewrite.php(47): require_once('C:\\xampp\\htdocs\\inventaris-barang\\public\\index.php')
INFO - 2024-10-03 01:11:30 --> Session: Class initialized using 'CodeIgniter\Session\Handlers\FileHandler' driver.
ERROR - 2024-10-03 01:11:30 --> mysqli_sql_exception: Unknown table 'sik.ipsrsjenisbarang' in C:\xampp\htdocs\inventaris-barang\system\Database\MySQLi\Connection.php:306
Stack trace:
#0 C:\xampp\htdocs\inventaris-barang\system\Database\MySQLi\Connection.php(306): mysqli->query('SELECT `ipsrsba...', 0)
#1 C:\xampp\htdocs\inventaris-barang\system\Database\BaseConnection.php(693): CodeIgniter\Database\MySQLi\Connection->execute('SELECT `ipsrsba...')
#2 C:\xampp\htdocs\inventaris-barang\system\Database\BaseConnection.php(607): CodeIgniter\Database\BaseConnection->simpleQuery('SELECT `ipsrsba...')
#3 C:\xampp\htdocs\inventaris-barang\system\Database\BaseBuilder.php(1616): CodeIgniter\Database\BaseConnection->query('SELECT `ipsrsba...', Array, false)
#4 C:\xampp\htdocs\inventaris-barang\system\Model.php(270): CodeIgniter\Database\BaseBuilder->get()
#5 C:\xampp\htdocs\inventaris-barang\system\BaseModel.php(676): CodeIgniter\Model->doFirst()
#6 C:\xampp\htdocs\inventaris-barang\app\Models\IpsrsBarangModel.php(49): CodeIgniter\BaseModel->first()
#7 C:\xampp\htdocs\inventaris-barang\app\Controllers\PengajuanNonMedisController.php(146): App\Models\IpsrsBarangModel->getDataByKode('B00001')
#8 C:\xampp\htdocs\inventaris-barang\system\CodeIgniter.php(941): App\Controllers\PengajuanNonMedisController->getBarangDetails()
#9 C:\xampp\htdocs\inventaris-barang\system\CodeIgniter.php(502): CodeIgniter\CodeIgniter->runController(Object(App\Controllers\PengajuanNonMedisController))
#10 C:\xampp\htdocs\inventaris-barang\system\CodeIgniter.php(361): CodeIgniter\CodeIgniter->handleRequest(NULL, Object(Config\Cache), false)
#11 C:\xampp\htdocs\inventaris-barang\public\index.php(79): CodeIgniter\CodeIgniter->run()
#12 C:\xampp\htdocs\inventaris-barang\system\Commands\Server\rewrite.php(47): require_once('C:\\xampp\\htdocs...')
#13 {main}
CRITICAL - 2024-10-03 01:11:30 --> CodeIgniter\Database\Exceptions\DatabaseException: Unknown table 'sik.ipsrsjenisbarang'
in SYSTEMPATH\Database\BaseConnection.php on line 647.
 1 SYSTEMPATH\Database\BaseBuilder.php(1616): CodeIgniter\Database\BaseConnection->query('SELECT `ipsrsbarang`.*, `ipsrsjenisbarang`.*
FROM `ipsrsbarang`
JOIN `inventaris_produsen` ON `inventaris_barang`.`kode_produsen`=`inventaris_produsen`.`kode_produsen`
WHERE `inventaris_barang`.`kode_barang` = :inventaris_barang.kode_barang:
 LIMIT 1', [...], false)
 2 SYSTEMPATH\Model.php(270): CodeIgniter\Database\BaseBuilder->get()
 3 SYSTEMPATH\BaseModel.php(676): CodeIgniter\Model->doFirst()
 4 APPPATH\Models\IpsrsBarangModel.php(49): CodeIgniter\BaseModel->first()
 5 APPPATH\Controllers\PengajuanNonMedisController.php(146): App\Models\IpsrsBarangModel->getDataByKode('B00001')
 6 SYSTEMPATH\CodeIgniter.php(941): App\Controllers\PengajuanNonMedisController->getBarangDetails()
 7 SYSTEMPATH\CodeIgniter.php(502): CodeIgniter\CodeIgniter->runController(Object(App\Controllers\PengajuanNonMedisController))
 8 SYSTEMPATH\CodeIgniter.php(361): CodeIgniter\CodeIgniter->handleRequest(null, Object(Config\Cache), false)
 9 FCPATH\index.php(79): CodeIgniter\CodeIgniter->run()
10 SYSTEMPATH\Commands\Server\rewrite.php(47): require_once('C:\\xampp\\htdocs\\inventaris-barang\\public\\index.php')
CRITICAL - 2024-10-03 01:11:30 --> [Caused by] CodeIgniter\Database\Exceptions\DatabaseException: Unknown table 'sik.ipsrsjenisbarang'
in SYSTEMPATH\Database\MySQLi\Connection.php on line 311.
 1 SYSTEMPATH\Database\BaseConnection.php(693): CodeIgniter\Database\MySQLi\Connection->execute('SELECT `ipsrsbarang`.*, `ipsrsjenisbarang`.*
FROM `ipsrsbarang`
JOIN `inventaris_produsen` ON `inventaris_barang`.`kode_produsen`=`inventaris_produsen`.`kode_produsen`
WHERE `inventaris_barang`.`kode_barang` = \'B00001\'
 LIMIT 1')
 2 SYSTEMPATH\Database\BaseConnection.php(607): CodeIgniter\Database\BaseConnection->simpleQuery('SELECT `ipsrsbarang`.*, `ipsrsjenisbarang`.*
FROM `ipsrsbarang`
JOIN `inventaris_produsen` ON `inventaris_barang`.`kode_produsen`=`inventaris_produsen`.`kode_produsen`
WHERE `inventaris_barang`.`kode_barang` = \'B00001\'
 LIMIT 1')
 3 SYSTEMPATH\Database\BaseBuilder.php(1616): CodeIgniter\Database\BaseConnection->query('SELECT `ipsrsbarang`.*, `ipsrsjenisbarang`.*
FROM `ipsrsbarang`
JOIN `inventaris_produsen` ON `inventaris_barang`.`kode_produsen`=`inventaris_produsen`.`kode_produsen`
WHERE `inventaris_barang`.`kode_barang` = :inventaris_barang.kode_barang:
 LIMIT 1', [...], false)
 4 SYSTEMPATH\Model.php(270): CodeIgniter\Database\BaseBuilder->get()
 5 SYSTEMPATH\BaseModel.php(676): CodeIgniter\Model->doFirst()
 6 APPPATH\Models\IpsrsBarangModel.php(49): CodeIgniter\BaseModel->first()
 7 APPPATH\Controllers\PengajuanNonMedisController.php(146): App\Models\IpsrsBarangModel->getDataByKode('B00001')
 8 SYSTEMPATH\CodeIgniter.php(941): App\Controllers\PengajuanNonMedisController->getBarangDetails()
 9 SYSTEMPATH\CodeIgniter.php(502): CodeIgniter\CodeIgniter->runController(Object(App\Controllers\PengajuanNonMedisController))
10 SYSTEMPATH\CodeIgniter.php(361): CodeIgniter\CodeIgniter->handleRequest(null, Object(Config\Cache), false)
11 FCPATH\index.php(79): CodeIgniter\CodeIgniter->run()
12 SYSTEMPATH\Commands\Server\rewrite.php(47): require_once('C:\\xampp\\htdocs\\inventaris-barang\\public\\index.php')
CRITICAL - 2024-10-03 01:11:30 --> [Caused by] mysqli_sql_exception: Unknown table 'sik.ipsrsjenisbarang'
in SYSTEMPATH\Database\MySQLi\Connection.php on line 306.
 1 SYSTEMPATH\Database\MySQLi\Connection.php(306): mysqli->query('SELECT `ipsrsbarang`.*, `ipsrsjenisbarang`.*
FROM `ipsrsbarang`
JOIN `inventaris_produsen` ON `inventaris_barang`.`kode_produsen`=`inventaris_produsen`.`kode_produsen`
WHERE `inventaris_barang`.`kode_barang` = \'B00001\'
 LIMIT 1', 0)
 2 SYSTEMPATH\Database\BaseConnection.php(693): CodeIgniter\Database\MySQLi\Connection->execute('SELECT `ipsrsbarang`.*, `ipsrsjenisbarang`.*
FROM `ipsrsbarang`
JOIN `inventaris_produsen` ON `inventaris_barang`.`kode_produsen`=`inventaris_produsen`.`kode_produsen`
WHERE `inventaris_barang`.`kode_barang` = \'B00001\'
 LIMIT 1')
 3 SYSTEMPATH\Database\BaseConnection.php(607): CodeIgniter\Database\BaseConnection->simpleQuery('SELECT `ipsrsbarang`.*, `ipsrsjenisbarang`.*
FROM `ipsrsbarang`
JOIN `inventaris_produsen` ON `inventaris_barang`.`kode_produsen`=`inventaris_produsen`.`kode_produsen`
WHERE `inventaris_barang`.`kode_barang` = \'B00001\'
 LIMIT 1')
 4 SYSTEMPATH\Database\BaseBuilder.php(1616): CodeIgniter\Database\BaseConnection->query('SELECT `ipsrsbarang`.*, `ipsrsjenisbarang`.*
FROM `ipsrsbarang`
JOIN `inventaris_produsen` ON `inventaris_barang`.`kode_produsen`=`inventaris_produsen`.`kode_produsen`
WHERE `inventaris_barang`.`kode_barang` = :inventaris_barang.kode_barang:
 LIMIT 1', [...], false)
 5 SYSTEMPATH\Model.php(270): CodeIgniter\Database\BaseBuilder->get()
 6 SYSTEMPATH\BaseModel.php(676): CodeIgniter\Model->doFirst()
 7 APPPATH\Models\IpsrsBarangModel.php(49): CodeIgniter\BaseModel->first()
 8 APPPATH\Controllers\PengajuanNonMedisController.php(146): App\Models\IpsrsBarangModel->getDataByKode('B00001')
 9 SYSTEMPATH\CodeIgniter.php(941): App\Controllers\PengajuanNonMedisController->getBarangDetails()
10 SYSTEMPATH\CodeIgniter.php(502): CodeIgniter\CodeIgniter->runController(Object(App\Controllers\PengajuanNonMedisController))
11 SYSTEMPATH\CodeIgniter.php(361): CodeIgniter\CodeIgniter->handleRequest(null, Object(Config\Cache), false)
12 FCPATH\index.php(79): CodeIgniter\CodeIgniter->run()
13 SYSTEMPATH\Commands\Server\rewrite.php(47): require_once('C:\\xampp\\htdocs\\inventaris-barang\\public\\index.php')
INFO - 2024-10-03 01:11:34 --> Session: Class initialized using 'CodeIgniter\Session\Handlers\FileHandler' driver.
ERROR - 2024-10-03 01:11:34 --> mysqli_sql_exception: Unknown table 'sik.ipsrsjenisbarang' in C:\xampp\htdocs\inventaris-barang\system\Database\MySQLi\Connection.php:306
Stack trace:
#0 C:\xampp\htdocs\inventaris-barang\system\Database\MySQLi\Connection.php(306): mysqli->query('SELECT `ipsrsba...', 0)
#1 C:\xampp\htdocs\inventaris-barang\system\Database\BaseConnection.php(693): CodeIgniter\Database\MySQLi\Connection->execute('SELECT `ipsrsba...')
#2 C:\xampp\htdocs\inventaris-barang\system\Database\BaseConnection.php(607): CodeIgniter\Database\BaseConnection->simpleQuery('SELECT `ipsrsba...')
#3 C:\xampp\htdocs\inventaris-barang\system\Database\BaseBuilder.php(1616): CodeIgniter\Database\BaseConnection->query('SELECT `ipsrsba...', Array, false)
#4 C:\xampp\htdocs\inventaris-barang\system\Model.php(270): CodeIgniter\Database\BaseBuilder->get()
#5 C:\xampp\htdocs\inventaris-barang\system\BaseModel.php(676): CodeIgniter\Model->doFirst()
#6 C:\xampp\htdocs\inventaris-barang\app\Models\IpsrsBarangModel.php(49): CodeIgniter\BaseModel->first()
#7 C:\xampp\htdocs\inventaris-barang\app\Controllers\PengajuanNonMedisController.php(146): App\Models\IpsrsBarangModel->getDataByKode('B00003')
#8 C:\xampp\htdocs\inventaris-barang\system\CodeIgniter.php(941): App\Controllers\PengajuanNonMedisController->getBarangDetails()
#9 C:\xampp\htdocs\inventaris-barang\system\CodeIgniter.php(502): CodeIgniter\CodeIgniter->runController(Object(App\Controllers\PengajuanNonMedisController))
#10 C:\xampp\htdocs\inventaris-barang\system\CodeIgniter.php(361): CodeIgniter\CodeIgniter->handleRequest(NULL, Object(Config\Cache), false)
#11 C:\xampp\htdocs\inventaris-barang\public\index.php(79): CodeIgniter\CodeIgniter->run()
#12 C:\xampp\htdocs\inventaris-barang\system\Commands\Server\rewrite.php(47): require_once('C:\\xampp\\htdocs...')
#13 {main}
CRITICAL - 2024-10-03 01:11:34 --> CodeIgniter\Database\Exceptions\DatabaseException: Unknown table 'sik.ipsrsjenisbarang'
in SYSTEMPATH\Database\BaseConnection.php on line 647.
 1 SYSTEMPATH\Database\BaseBuilder.php(1616): CodeIgniter\Database\BaseConnection->query('SELECT `ipsrsbarang`.*, `ipsrsjenisbarang`.*
FROM `ipsrsbarang`
JOIN `inventaris_produsen` ON `inventaris_barang`.`kode_produsen`=`inventaris_produsen`.`kode_produsen`
WHERE `inventaris_barang`.`kode_barang` = :inventaris_barang.kode_barang:
 LIMIT 1', [...], false)
 2 SYSTEMPATH\Model.php(270): CodeIgniter\Database\BaseBuilder->get()
 3 SYSTEMPATH\BaseModel.php(676): CodeIgniter\Model->doFirst()
 4 APPPATH\Models\IpsrsBarangModel.php(49): CodeIgniter\BaseModel->first()
 5 APPPATH\Controllers\PengajuanNonMedisController.php(146): App\Models\IpsrsBarangModel->getDataByKode('B00003')
 6 SYSTEMPATH\CodeIgniter.php(941): App\Controllers\PengajuanNonMedisController->getBarangDetails()
 7 SYSTEMPATH\CodeIgniter.php(502): CodeIgniter\CodeIgniter->runController(Object(App\Controllers\PengajuanNonMedisController))
 8 SYSTEMPATH\CodeIgniter.php(361): CodeIgniter\CodeIgniter->handleRequest(null, Object(Config\Cache), false)
 9 FCPATH\index.php(79): CodeIgniter\CodeIgniter->run()
10 SYSTEMPATH\Commands\Server\rewrite.php(47): require_once('C:\\xampp\\htdocs\\inventaris-barang\\public\\index.php')
CRITICAL - 2024-10-03 01:11:34 --> [Caused by] CodeIgniter\Database\Exceptions\DatabaseException: Unknown table 'sik.ipsrsjenisbarang'
in SYSTEMPATH\Database\MySQLi\Connection.php on line 311.
 1 SYSTEMPATH\Database\BaseConnection.php(693): CodeIgniter\Database\MySQLi\Connection->execute('SELECT `ipsrsbarang`.*, `ipsrsjenisbarang`.*
FROM `ipsrsbarang`
JOIN `inventaris_produsen` ON `inventaris_barang`.`kode_produsen`=`inventaris_produsen`.`kode_produsen`
WHERE `inventaris_barang`.`kode_barang` = \'B00003\'
 LIMIT 1')
 2 SYSTEMPATH\Database\BaseConnection.php(607): CodeIgniter\Database\BaseConnection->simpleQuery('SELECT `ipsrsbarang`.*, `ipsrsjenisbarang`.*
FROM `ipsrsbarang`
JOIN `inventaris_produsen` ON `inventaris_barang`.`kode_produsen`=`inventaris_produsen`.`kode_produsen`
WHERE `inventaris_barang`.`kode_barang` = \'B00003\'
 LIMIT 1')
 3 SYSTEMPATH\Database\BaseBuilder.php(1616): CodeIgniter\Database\BaseConnection->query('SELECT `ipsrsbarang`.*, `ipsrsjenisbarang`.*
FROM `ipsrsbarang`
JOIN `inventaris_produsen` ON `inventaris_barang`.`kode_produsen`=`inventaris_produsen`.`kode_produsen`
WHERE `inventaris_barang`.`kode_barang` = :inventaris_barang.kode_barang:
 LIMIT 1', [...], false)
 4 SYSTEMPATH\Model.php(270): CodeIgniter\Database\BaseBuilder->get()
 5 SYSTEMPATH\BaseModel.php(676): CodeIgniter\Model->doFirst()
 6 APPPATH\Models\IpsrsBarangModel.php(49): CodeIgniter\BaseModel->first()
 7 APPPATH\Controllers\PengajuanNonMedisController.php(146): App\Models\IpsrsBarangModel->getDataByKode('B00003')
 8 SYSTEMPATH\CodeIgniter.php(941): App\Controllers\PengajuanNonMedisController->getBarangDetails()
 9 SYSTEMPATH\CodeIgniter.php(502): CodeIgniter\CodeIgniter->runController(Object(App\Controllers\PengajuanNonMedisController))
10 SYSTEMPATH\CodeIgniter.php(361): CodeIgniter\CodeIgniter->handleRequest(null, Object(Config\Cache), false)
11 FCPATH\index.php(79): CodeIgniter\CodeIgniter->run()
12 SYSTEMPATH\Commands\Server\rewrite.php(47): require_once('C:\\xampp\\htdocs\\inventaris-barang\\public\\index.php')
CRITICAL - 2024-10-03 01:11:34 --> [Caused by] mysqli_sql_exception: Unknown table 'sik.ipsrsjenisbarang'
in SYSTEMPATH\Database\MySQLi\Connection.php on line 306.
 1 SYSTEMPATH\Database\MySQLi\Connection.php(306): mysqli->query('SELECT `ipsrsbarang`.*, `ipsrsjenisbarang`.*
FROM `ipsrsbarang`
JOIN `inventaris_produsen` ON `inventaris_barang`.`kode_produsen`=`inventaris_produsen`.`kode_produsen`
WHERE `inventaris_barang`.`kode_barang` = \'B00003\'
 LIMIT 1', 0)
 2 SYSTEMPATH\Database\BaseConnection.php(693): CodeIgniter\Database\MySQLi\Connection->execute('SELECT `ipsrsbarang`.*, `ipsrsjenisbarang`.*
FROM `ipsrsbarang`
JOIN `inventaris_produsen` ON `inventaris_barang`.`kode_produsen`=`inventaris_produsen`.`kode_produsen`
WHERE `inventaris_barang`.`kode_barang` = \'B00003\'
 LIMIT 1')
 3 SYSTEMPATH\Database\BaseConnection.php(607): CodeIgniter\Database\BaseConnection->simpleQuery('SELECT `ipsrsbarang`.*, `ipsrsjenisbarang`.*
FROM `ipsrsbarang`
JOIN `inventaris_produsen` ON `inventaris_barang`.`kode_produsen`=`inventaris_produsen`.`kode_produsen`
WHERE `inventaris_barang`.`kode_barang` = \'B00003\'
 LIMIT 1')
 4 SYSTEMPATH\Database\BaseBuilder.php(1616): CodeIgniter\Database\BaseConnection->query('SELECT `ipsrsbarang`.*, `ipsrsjenisbarang`.*
FROM `ipsrsbarang`
JOIN `inventaris_produsen` ON `inventaris_barang`.`kode_produsen`=`inventaris_produsen`.`kode_produsen`
WHERE `inventaris_barang`.`kode_barang` = :inventaris_barang.kode_barang:
 LIMIT 1', [...], false)
 5 SYSTEMPATH\Model.php(270): CodeIgniter\Database\BaseBuilder->get()
 6 SYSTEMPATH\BaseModel.php(676): CodeIgniter\Model->doFirst()
 7 APPPATH\Models\IpsrsBarangModel.php(49): CodeIgniter\BaseModel->first()
 8 APPPATH\Controllers\PengajuanNonMedisController.php(146): App\Models\IpsrsBarangModel->getDataByKode('B00003')
 9 SYSTEMPATH\CodeIgniter.php(941): App\Controllers\PengajuanNonMedisController->getBarangDetails()
10 SYSTEMPATH\CodeIgniter.php(502): CodeIgniter\CodeIgniter->runController(Object(App\Controllers\PengajuanNonMedisController))
11 SYSTEMPATH\CodeIgniter.php(361): CodeIgniter\CodeIgniter->handleRequest(null, Object(Config\Cache), false)
12 FCPATH\index.php(79): CodeIgniter\CodeIgniter->run()
13 SYSTEMPATH\Commands\Server\rewrite.php(47): require_once('C:\\xampp\\htdocs\\inventaris-barang\\public\\index.php')
