<<<<<<< HEAD
INFO - 2024-10-12 01:06:11 --> Session: Class initialized using 'CodeIgniter\Session\Handlers\FileHandler' driver.
INFO - 2024-10-12 01:06:11 --> Session: Class initialized using 'CodeIgniter\Session\Handlers\FileHandler' driver.
INFO - 2024-10-12 01:06:34 --> Session: Class initialized using 'CodeIgniter\Session\Handlers\FileHandler' driver.
INFO - 2024-10-12 01:06:34 --> Session: Class initialized using 'CodeIgniter\Session\Handlers\FileHandler' driver.
INFO - 2024-10-12 01:06:40 --> Session: Class initialized using 'CodeIgniter\Session\Handlers\FileHandler' driver.
INFO - 2024-10-12 01:06:40 --> Session: Class initialized using 'CodeIgniter\Session\Handlers\FileHandler' driver.
INFO - 2024-10-12 01:06:47 --> Session: Class initialized using 'CodeIgniter\Session\Handlers\FileHandler' driver.
INFO - 2024-10-12 01:06:53 --> Session: Class initialized using 'CodeIgniter\Session\Handlers\FileHandler' driver.
INFO - 2024-10-12 01:07:01 --> Session: Class initialized using 'CodeIgniter\Session\Handlers\FileHandler' driver.
INFO - 2024-10-12 01:07:07 --> Session: Class initialized using 'CodeIgniter\Session\Handlers\FileHandler' driver.
=======
INFO - 2024-10-12 00:43:17 --> Session: Class initialized using 'CodeIgniter\Session\Handlers\FileHandler' driver.
INFO - 2024-10-12 00:53:55 --> Session: Class initialized using 'CodeIgniter\Session\Handlers\FileHandler' driver.
INFO - 2024-10-12 00:53:56 --> Session: Class initialized using 'CodeIgniter\Session\Handlers\FileHandler' driver.
INFO - 2024-10-12 00:55:37 --> Session: Class initialized using 'CodeIgniter\Session\Handlers\FileHandler' driver.
INFO - 2024-10-12 00:55:40 --> Session: Class initialized using 'CodeIgniter\Session\Handlers\FileHandler' driver.
INFO - 2024-10-12 01:14:40 --> Session: Class initialized using 'CodeIgniter\Session\Handlers\FileHandler' driver.
INFO - 2024-10-12 01:14:42 --> Session: Class initialized using 'CodeIgniter\Session\Handlers\FileHandler' driver.
INFO - 2024-10-12 01:14:49 --> Session: Class initialized using 'CodeIgniter\Session\Handlers\FileHandler' driver.
INFO - 2024-10-12 01:15:27 --> Session: Class initialized using 'CodeIgniter\Session\Handlers\FileHandler' driver.
INFO - 2024-10-12 01:15:31 --> Session: Class initialized using 'CodeIgniter\Session\Handlers\FileHandler' driver.
INFO - 2024-10-12 01:15:33 --> Session: Class initialized using 'CodeIgniter\Session\Handlers\FileHandler' driver.
INFO - 2024-10-12 01:21:34 --> Session: Class initialized using 'CodeIgniter\Session\Handlers\FileHandler' driver.
INFO - 2024-10-12 01:21:36 --> Session: Class initialized using 'CodeIgniter\Session\Handlers\FileHandler' driver.
INFO - 2024-10-12 01:21:39 --> Session: Class initialized using 'CodeIgniter\Session\Handlers\FileHandler' driver.
INFO - 2024-10-12 01:21:59 --> Session: Class initialized using 'CodeIgniter\Session\Handlers\FileHandler' driver.
INFO - 2024-10-12 01:22:03 --> Session: Class initialized using 'CodeIgniter\Session\Handlers\FileHandler' driver.
INFO - 2024-10-12 01:23:29 --> Session: Class initialized using 'CodeIgniter\Session\Handlers\FileHandler' driver.
INFO - 2024-10-12 01:25:07 --> Session: Class initialized using 'CodeIgniter\Session\Handlers\FileHandler' driver.
INFO - 2024-10-12 01:25:24 --> Session: Class initialized using 'CodeIgniter\Session\Handlers\FileHandler' driver.
INFO - 2024-10-12 01:28:54 --> Session: Class initialized using 'CodeIgniter\Session\Handlers\FileHandler' driver.
INFO - 2024-10-12 01:29:13 --> Session: Class initialized using 'CodeIgniter\Session\Handlers\FileHandler' driver.
INFO - 2024-10-12 01:29:31 --> Session: Class initialized using 'CodeIgniter\Session\Handlers\FileHandler' driver.
INFO - 2024-10-12 01:31:41 --> Session: Class initialized using 'CodeIgniter\Session\Handlers\FileHandler' driver.
DEBUG - 2024-10-12 01:31:41 --> Detail fetched: [{"no_faktur":"Adi456","kode_brng":"B00003","kode_sat":"BKS","jumlah":"2","harga":"13553.1","subtotal":"27106.2","dis":"0","besardis":"0","total":"27106.2","nama_brng":"TEPUNG TERIGU","jenis":"J03","stok":"283","status":"1","kd_jenis":"J03","nm_jenis":"GIZI KERING"},{"no_faktur":"Adi456","kode_brng":"B00006","kode_sat":"PCS","jumlah":"5","harga":"23409.9","subtotal":"117049.5","dis":"20","besardis":"23409.9","total":"93639.6","nama_brng":"LAMPU OSRAM 5 WATT","jenis":"J01","stok":"153","status":"1","kd_jenis":"J01","nm_jenis":"IPSRS"}]
INFO - 2024-10-12 01:31:44 --> Session: Class initialized using 'CodeIgniter\Session\Handlers\FileHandler' driver.
INFO - 2024-10-12 01:31:45 --> Session: Class initialized using 'CodeIgniter\Session\Handlers\FileHandler' driver.
INFO - 2024-10-12 01:31:54 --> Session: Class initialized using 'CodeIgniter\Session\Handlers\FileHandler' driver.
INFO - 2024-10-12 01:31:54 --> Session: Class initialized using 'CodeIgniter\Session\Handlers\FileHandler' driver.
INFO - 2024-10-12 01:31:55 --> Session: Class initialized using 'CodeIgniter\Session\Handlers\FileHandler' driver.
INFO - 2024-10-12 01:31:55 --> Session: Class initialized using 'CodeIgniter\Session\Handlers\FileHandler' driver.
INFO - 2024-10-12 01:31:55 --> Session: Class initialized using 'CodeIgniter\Session\Handlers\FileHandler' driver.
INFO - 2024-10-12 01:32:57 --> Session: Class initialized using 'CodeIgniter\Session\Handlers\FileHandler' driver.
INFO - 2024-10-12 01:33:14 --> Session: Class initialized using 'CodeIgniter\Session\Handlers\FileHandler' driver.
DEBUG - 2024-10-12 01:33:14 --> Detail fetched: [{"no_faktur":"Adi456","kode_brng":"B00003","kode_sat":"BKS","jumlah":"2","harga":"13553.1","subtotal":"27106.2","dis":"0","besardis":"0","total":"27106.2","nama_brng":"TEPUNG TERIGU","jenis":"J03","stok":"283","status":"1","kd_jenis":"J03","nm_jenis":"GIZI KERING"},{"no_faktur":"Adi456","kode_brng":"B00006","kode_sat":"PCS","jumlah":"5","harga":"23409.9","subtotal":"117049.5","dis":"20","besardis":"23409.9","total":"93639.6","nama_brng":"LAMPU OSRAM 5 WATT","jenis":"J01","stok":"153","status":"1","kd_jenis":"J01","nm_jenis":"IPSRS"}]
INFO - 2024-10-12 01:34:50 --> Session: Class initialized using 'CodeIgniter\Session\Handlers\FileHandler' driver.
DEBUG - 2024-10-12 01:34:50 --> Detail fetched: [{"no_faktur":"Adi456","kode_brng":"B00003","kode_sat":"BKS","jumlah":"2","harga":"13553.1","subtotal":"27106.2","dis":"0","besardis":"0","total":"27106.2","nama_brng":"TEPUNG TERIGU","jenis":"J03","stok":"283","status":"1","kd_jenis":"J03","nm_jenis":"GIZI KERING"},{"no_faktur":"Adi456","kode_brng":"B00006","kode_sat":"PCS","jumlah":"5","harga":"23409.9","subtotal":"117049.5","dis":"20","besardis":"23409.9","total":"93639.6","nama_brng":"LAMPU OSRAM 5 WATT","jenis":"J01","stok":"153","status":"1","kd_jenis":"J01","nm_jenis":"IPSRS"}]
INFO - 2024-10-12 01:34:51 --> Session: Class initialized using 'CodeIgniter\Session\Handlers\FileHandler' driver.
INFO - 2024-10-12 01:34:53 --> Session: Class initialized using 'CodeIgniter\Session\Handlers\FileHandler' driver.
<<<<<<< HEAD
INFO - 2024-10-12 01:36:15 --> Session: Class initialized using 'CodeIgniter\Session\Handlers\FileHandler' driver.
INFO - 2024-10-12 01:42:32 --> Session: Class initialized using 'CodeIgniter\Session\Handlers\FileHandler' driver.
INFO - 2024-10-12 01:42:34 --> Session: Class initialized using 'CodeIgniter\Session\Handlers\FileHandler' driver.
=======
>>>>>>> 75ccd925a62210ef76fd726fa0d554ee3604d2d4
INFO - 2024-10-12 01:37:51 --> Session: Class initialized using 'CodeIgniter\Session\Handlers\FileHandler' driver.
INFO - 2024-10-12 01:38:09 --> Session: Class initialized using 'CodeIgniter\Session\Handlers\FileHandler' driver.
INFO - 2024-10-12 01:38:40 --> Session: Class initialized using 'CodeIgniter\Session\Handlers\FileHandler' driver.
INFO - 2024-10-12 01:38:49 --> Session: Class initialized using 'CodeIgniter\Session\Handlers\FileHandler' driver.
INFO - 2024-10-12 01:39:47 --> Session: Class initialized using 'CodeIgniter\Session\Handlers\FileHandler' driver.
INFO - 2024-10-12 01:40:19 --> Session: Class initialized using 'CodeIgniter\Session\Handlers\FileHandler' driver.
CRITICAL - 2024-10-12 01:40:19 --> ErrorException: Undefined variable $dt_pembelian_nonmedisp
in APPPATH\Views\pembelian_nonmedis\modal_detail.php on line 21.
 1 APPPATH\Views\pembelian_nonmedis\modal_detail.php(21): CodeIgniter\Debug\Exceptions->errorHandler(2, 'Undefined variable $dt_pembelian_nonmedisp', 'C:\\xampp\\htdocs\\inventaris-barang\\app\\Views\\pembelian_nonmedis\\modal_detail.php', 21)
 2 SYSTEMPATH\View\View.php(228): include('C:\\xampp\\htdocs\\inventaris-barang\\app\\Views\\pembelian_nonmedis\\modal_detail.php')
 3 SYSTEMPATH\View\View.php(231): CodeIgniter\View\View->CodeIgniter\View\{closure}()
 4 SYSTEMPATH\View\View.php(469): CodeIgniter\View\View->render('pembelian_nonmedis/modal_detail', null, true)
 5 APPPATH\Views\pembelian_nonmedis\index.php(106): CodeIgniter\View\View->include('pembelian_nonmedis/modal_detail')
 6 SYSTEMPATH\View\View.php(228): include('C:\\xampp\\htdocs\\inventaris-barang\\app\\Views\\pembelian_nonmedis\\index.php')
 7 SYSTEMPATH\View\View.php(231): CodeIgniter\View\View->CodeIgniter\View\{closure}()
 8 SYSTEMPATH\Common.php(1178): CodeIgniter\View\View->render('pembelian_nonmedis/index', [], true)
 9 APPPATH\Controllers\PembelianNonMedisController.php(39): view('pembelian_nonmedis/index', [...])
10 SYSTEMPATH\CodeIgniter.php(941): App\Controllers\PembelianNonmedisController->index()
11 SYSTEMPATH\CodeIgniter.php(502): CodeIgniter\CodeIgniter->runController(Object(App\Controllers\PembelianNonmedisController))
12 SYSTEMPATH\CodeIgniter.php(361): CodeIgniter\CodeIgniter->handleRequest(null, Object(Config\Cache), false)
13 FCPATH\index.php(79): CodeIgniter\CodeIgniter->run()
14 SYSTEMPATH\Commands\Server\rewrite.php(47): require_once('C:\\xampp\\htdocs\\inventaris-barang\\public\\index.php')
INFO - 2024-10-12 01:40:25 --> Session: Class initialized using 'CodeIgniter\Session\Handlers\FileHandler' driver.
CRITICAL - 2024-10-12 01:40:25 --> ErrorException: Undefined variable $dt_pembelian_nonmedisp
in APPPATH\Views\pembelian_nonmedis\modal_detail.php on line 21.
 1 APPPATH\Views\pembelian_nonmedis\modal_detail.php(21): CodeIgniter\Debug\Exceptions->errorHandler(2, 'Undefined variable $dt_pembelian_nonmedisp', 'C:\\xampp\\htdocs\\inventaris-barang\\app\\Views\\pembelian_nonmedis\\modal_detail.php', 21)
 2 SYSTEMPATH\View\View.php(228): include('C:\\xampp\\htdocs\\inventaris-barang\\app\\Views\\pembelian_nonmedis\\modal_detail.php')
 3 SYSTEMPATH\View\View.php(231): CodeIgniter\View\View->CodeIgniter\View\{closure}()
 4 SYSTEMPATH\View\View.php(469): CodeIgniter\View\View->render('pembelian_nonmedis/modal_detail', null, true)
 5 APPPATH\Views\pembelian_nonmedis\index.php(106): CodeIgniter\View\View->include('pembelian_nonmedis/modal_detail')
 6 SYSTEMPATH\View\View.php(228): include('C:\\xampp\\htdocs\\inventaris-barang\\app\\Views\\pembelian_nonmedis\\index.php')
 7 SYSTEMPATH\View\View.php(231): CodeIgniter\View\View->CodeIgniter\View\{closure}()
 8 SYSTEMPATH\Common.php(1178): CodeIgniter\View\View->render('pembelian_nonmedis/index', [], true)
 9 APPPATH\Controllers\PembelianNonMedisController.php(39): view('pembelian_nonmedis/index', [...])
10 SYSTEMPATH\CodeIgniter.php(941): App\Controllers\PembelianNonmedisController->index()
11 SYSTEMPATH\CodeIgniter.php(502): CodeIgniter\CodeIgniter->runController(Object(App\Controllers\PembelianNonmedisController))
12 SYSTEMPATH\CodeIgniter.php(361): CodeIgniter\CodeIgniter->handleRequest(null, Object(Config\Cache), false)
13 FCPATH\index.php(79): CodeIgniter\CodeIgniter->run()
14 SYSTEMPATH\Commands\Server\rewrite.php(47): require_once('C:\\xampp\\htdocs\\inventaris-barang\\public\\index.php')
INFO - 2024-10-12 01:40:29 --> Session: Class initialized using 'CodeIgniter\Session\Handlers\FileHandler' driver.
INFO - 2024-10-12 01:40:29 --> Session: Class initialized using 'CodeIgniter\Session\Handlers\FileHandler' driver.
INFO - 2024-10-12 01:40:30 --> Session: Class initialized using 'CodeIgniter\Session\Handlers\FileHandler' driver.
INFO - 2024-10-12 01:40:48 --> Session: Class initialized using 'CodeIgniter\Session\Handlers\FileHandler' driver.
INFO - 2024-10-12 01:42:10 --> Session: Class initialized using 'CodeIgniter\Session\Handlers\FileHandler' driver.
INFO - 2024-10-12 01:42:24 --> Session: Class initialized using 'CodeIgniter\Session\Handlers\FileHandler' driver.
DEBUG - 2024-10-12 01:42:24 --> Detail fetched: [{"no_faktur":"adi234","kode_brng":"B00001","kode_sat":"AMP","jumlah":"1","harga":"12210","subtotal":"12210","dis":"0","besardis":"0","total":"12210","nama_brng":"TES1","jenis":"J01","stok":"85","status":"1","kd_jenis":"J01","nm_jenis":"IPSRS"}]
INFO - 2024-10-12 01:42:35 --> Session: Class initialized using 'CodeIgniter\Session\Handlers\FileHandler' driver.
INFO - 2024-10-12 01:43:18 --> Session: Class initialized using 'CodeIgniter\Session\Handlers\FileHandler' driver.
INFO - 2024-10-12 01:43:20 --> Session: Class initialized using 'CodeIgniter\Session\Handlers\FileHandler' driver.
DEBUG - 2024-10-12 01:43:20 --> Detail fetched: [{"no_faktur":"adi234","kode_brng":"B00001","kode_sat":"AMP","jumlah":"1","harga":"12210","subtotal":"12210","dis":"0","besardis":"0","total":"12210","nama_brng":"TES1","jenis":"J01","stok":"85","status":"1","kd_jenis":"J01","nm_jenis":"IPSRS"}]
INFO - 2024-10-12 01:44:15 --> Session: Class initialized using 'CodeIgniter\Session\Handlers\FileHandler' driver.
INFO - 2024-10-12 01:44:18 --> Session: Class initialized using 'CodeIgniter\Session\Handlers\FileHandler' driver.
DEBUG - 2024-10-12 01:44:18 --> Detail fetched: [{"no_faktur":"adi234","kode_brng":"B00001","kode_sat":"AMP","jumlah":"1","harga":"12210","subtotal":"12210","dis":"0","besardis":"0","total":"12210","nama_brng":"TES1","jenis":"J01","stok":"85","status":"1","kd_jenis":"J01","nm_jenis":"IPSRS"}]
INFO - 2024-10-12 01:44:28 --> Session: Class initialized using 'CodeIgniter\Session\Handlers\FileHandler' driver.
INFO - 2024-10-12 01:44:31 --> Session: Class initialized using 'CodeIgniter\Session\Handlers\FileHandler' driver.
DEBUG - 2024-10-12 01:44:31 --> Detail fetched: [{"no_faktur":"adi234","kode_brng":"B00001","kode_sat":"AMP","jumlah":"1","harga":"12210","subtotal":"12210","dis":"0","besardis":"0","total":"12210","nama_brng":"TES1","jenis":"J01","stok":"85","status":"1","kd_jenis":"J01","nm_jenis":"IPSRS"}]
INFO - 2024-10-12 01:44:34 --> Session: Class initialized using 'CodeIgniter\Session\Handlers\FileHandler' driver.
INFO - 2024-10-12 01:44:35 --> Session: Class initialized using 'CodeIgniter\Session\Handlers\FileHandler' driver.
DEBUG - 2024-10-12 01:44:35 --> Detail fetched: [{"no_faktur":"adi234","kode_brng":"B00001","kode_sat":"AMP","jumlah":"1","harga":"12210","subtotal":"12210","dis":"0","besardis":"0","total":"12210","nama_brng":"TES1","jenis":"J01","stok":"85","status":"1","kd_jenis":"J01","nm_jenis":"IPSRS"}]
INFO - 2024-10-12 01:44:59 --> Session: Class initialized using 'CodeIgniter\Session\Handlers\FileHandler' driver.
INFO - 2024-10-12 01:45:06 --> Session: Class initialized using 'CodeIgniter\Session\Handlers\FileHandler' driver.
INFO - 2024-10-12 01:45:11 --> Session: Class initialized using 'CodeIgniter\Session\Handlers\FileHandler' driver.
INFO - 2024-10-12 01:45:16 --> Session: Class initialized using 'CodeIgniter\Session\Handlers\FileHandler' driver.
INFO - 2024-10-12 01:45:19 --> Session: Class initialized using 'CodeIgniter\Session\Handlers\FileHandler' driver.
INFO - 2024-10-12 01:45:20 --> Session: Class initialized using 'CodeIgniter\Session\Handlers\FileHandler' driver.
INFO - 2024-10-12 01:45:24 --> Session: Class initialized using 'CodeIgniter\Session\Handlers\FileHandler' driver.
DEBUG - 2024-10-12 01:45:24 --> Detail fetched: [{"no_faktur":"adi123","kode_brng":"B00001","kode_sat":"AMP","jumlah":"1","harga":"12210","subtotal":"12210","dis":"5","besardis":"610.5","total":"11599.5","nama_brng":"TES1","jenis":"J01","stok":"85","status":"1","kd_jenis":"J01","nm_jenis":"IPSRS"},{"no_faktur":"adi123","kode_brng":"B00002","kode_sat":"AMP","jumlah":"2","harga":"11100","subtotal":"22200","dis":"5","besardis":"1110","total":"21090","nama_brng":"TES2","jenis":"J01","stok":"48","status":"1","kd_jenis":"J01","nm_jenis":"IPSRS"},{"no_faktur":"adi123","kode_brng":"B00003","kode_sat":"BKS","jumlah":"1","harga":"13553.1","subtotal":"13553.1","dis":"5","besardis":"677.655","total":"12875.445","nama_brng":"TEPUNG TERIGU","jenis":"J03","stok":"283","status":"1","kd_jenis":"J03","nm_jenis":"GIZI KERING"},{"no_faktur":"adi123","kode_brng":"B00004","kode_sat":"BTL","jumlah":"5","harga":"20329.65","subtotal":"101648.25","dis":"1","besardis":"1016.4825","total":"100631.7675","nama_brng":"VIXAL","jenis":"J04","stok":"516","status":"1","kd_jenis":"J04","nm_jenis":"LOUNDRY"}]
INFO - 2024-10-12 01:45:58 --> Session: Class initialized using 'CodeIgniter\Session\Handlers\FileHandler' driver.
INFO - 2024-10-12 01:46:00 --> Session: Class initialized using 'CodeIgniter\Session\Handlers\FileHandler' driver.
DEBUG - 2024-10-12 01:46:00 --> Detail fetched: [{"no_faktur":"adi123","kode_brng":"B00001","kode_sat":"AMP","jumlah":"1","harga":"12210","subtotal":"12210","dis":"5","besardis":"610.5","total":"11599.5","nama_brng":"TES1","jenis":"J01","stok":"85","status":"1","kd_jenis":"J01","nm_jenis":"IPSRS"},{"no_faktur":"adi123","kode_brng":"B00002","kode_sat":"AMP","jumlah":"2","harga":"11100","subtotal":"22200","dis":"5","besardis":"1110","total":"21090","nama_brng":"TES2","jenis":"J01","stok":"48","status":"1","kd_jenis":"J01","nm_jenis":"IPSRS"},{"no_faktur":"adi123","kode_brng":"B00003","kode_sat":"BKS","jumlah":"1","harga":"13553.1","subtotal":"13553.1","dis":"5","besardis":"677.655","total":"12875.445","nama_brng":"TEPUNG TERIGU","jenis":"J03","stok":"283","status":"1","kd_jenis":"J03","nm_jenis":"GIZI KERING"},{"no_faktur":"adi123","kode_brng":"B00004","kode_sat":"BTL","jumlah":"5","harga":"20329.65","subtotal":"101648.25","dis":"1","besardis":"1016.4825","total":"100631.7675","nama_brng":"VIXAL","jenis":"J04","stok":"516","status":"1","kd_jenis":"J04","nm_jenis":"LOUNDRY"}]
INFO - 2024-10-12 01:46:18 --> Session: Class initialized using 'CodeIgniter\Session\Handlers\FileHandler' driver.
INFO - 2024-10-12 01:46:19 --> Session: Class initialized using 'CodeIgniter\Session\Handlers\FileHandler' driver.
INFO - 2024-10-12 01:46:19 --> Session: Class initialized using 'CodeIgniter\Session\Handlers\FileHandler' driver.
INFO - 2024-10-12 01:46:19 --> Session: Class initialized using 'CodeIgniter\Session\Handlers\FileHandler' driver.
INFO - 2024-10-12 01:46:20 --> Session: Class initialized using 'CodeIgniter\Session\Handlers\FileHandler' driver.
INFO - 2024-10-12 01:46:20 --> Session: Class initialized using 'CodeIgniter\Session\Handlers\FileHandler' driver.
INFO - 2024-10-12 01:46:20 --> Session: Class initialized using 'CodeIgniter\Session\Handlers\FileHandler' driver.
INFO - 2024-10-12 01:46:21 --> Session: Class initialized using 'CodeIgniter\Session\Handlers\FileHandler' driver.
DEBUG - 2024-10-12 01:46:21 --> Detail fetched: [{"no_faktur":"adi123","kode_brng":"B00001","kode_sat":"AMP","jumlah":"1","harga":"12210","subtotal":"12210","dis":"5","besardis":"610.5","total":"11599.5","nama_brng":"TES1","jenis":"J01","stok":"85","status":"1","kd_jenis":"J01","nm_jenis":"IPSRS"},{"no_faktur":"adi123","kode_brng":"B00002","kode_sat":"AMP","jumlah":"2","harga":"11100","subtotal":"22200","dis":"5","besardis":"1110","total":"21090","nama_brng":"TES2","jenis":"J01","stok":"48","status":"1","kd_jenis":"J01","nm_jenis":"IPSRS"},{"no_faktur":"adi123","kode_brng":"B00003","kode_sat":"BKS","jumlah":"1","harga":"13553.1","subtotal":"13553.1","dis":"5","besardis":"677.655","total":"12875.445","nama_brng":"TEPUNG TERIGU","jenis":"J03","stok":"283","status":"1","kd_jenis":"J03","nm_jenis":"GIZI KERING"},{"no_faktur":"adi123","kode_brng":"B00004","kode_sat":"BTL","jumlah":"5","harga":"20329.65","subtotal":"101648.25","dis":"1","besardis":"1016.4825","total":"100631.7675","nama_brng":"VIXAL","jenis":"J04","stok":"516","status":"1","kd_jenis":"J04","nm_jenis":"LOUNDRY"}]
INFO - 2024-10-12 01:46:23 --> Session: Class initialized using 'CodeIgniter\Session\Handlers\FileHandler' driver.
DEBUG - 2024-10-12 01:46:23 --> Detail fetched: [{"no_faktur":"adi234","kode_brng":"B00001","kode_sat":"AMP","jumlah":"1","harga":"12210","subtotal":"12210","dis":"0","besardis":"0","total":"12210","nama_brng":"TES1","jenis":"J01","stok":"85","status":"1","kd_jenis":"J01","nm_jenis":"IPSRS"}]
INFO - 2024-10-12 01:46:24 --> Session: Class initialized using 'CodeIgniter\Session\Handlers\FileHandler' driver.
DEBUG - 2024-10-12 01:46:24 --> Detail fetched: [{"no_faktur":"adi123","kode_brng":"B00001","kode_sat":"AMP","jumlah":"1","harga":"12210","subtotal":"12210","dis":"5","besardis":"610.5","total":"11599.5","nama_brng":"TES1","jenis":"J01","stok":"85","status":"1","kd_jenis":"J01","nm_jenis":"IPSRS"},{"no_faktur":"adi123","kode_brng":"B00002","kode_sat":"AMP","jumlah":"2","harga":"11100","subtotal":"22200","dis":"5","besardis":"1110","total":"21090","nama_brng":"TES2","jenis":"J01","stok":"48","status":"1","kd_jenis":"J01","nm_jenis":"IPSRS"},{"no_faktur":"adi123","kode_brng":"B00003","kode_sat":"BKS","jumlah":"1","harga":"13553.1","subtotal":"13553.1","dis":"5","besardis":"677.655","total":"12875.445","nama_brng":"TEPUNG TERIGU","jenis":"J03","stok":"283","status":"1","kd_jenis":"J03","nm_jenis":"GIZI KERING"},{"no_faktur":"adi123","kode_brng":"B00004","kode_sat":"BTL","jumlah":"5","harga":"20329.65","subtotal":"101648.25","dis":"1","besardis":"1016.4825","total":"100631.7675","nama_brng":"VIXAL","jenis":"J04","stok":"516","status":"1","kd_jenis":"J04","nm_jenis":"LOUNDRY"}]
<<<<<<< HEAD
INFO - 2024-10-12 01:47:03 --> Session: Class initialized using 'CodeIgniter\Session\Handlers\FileHandler' driver.
DEBUG - 2024-10-12 01:47:03 --> Detail fetched: [{"no_faktur":"adi123","kode_brng":"B00001","kode_sat":"AMP","jumlah":"1","harga":"12210","subtotal":"12210","dis":"5","besardis":"610.5","total":"11599.5","nama_brng":"TES1","jenis":"J01","stok":"85","status":"1","kd_jenis":"J01","nm_jenis":"IPSRS"},{"no_faktur":"adi123","kode_brng":"B00002","kode_sat":"AMP","jumlah":"2","harga":"11100","subtotal":"22200","dis":"5","besardis":"1110","total":"21090","nama_brng":"TES2","jenis":"J01","stok":"48","status":"1","kd_jenis":"J01","nm_jenis":"IPSRS"},{"no_faktur":"adi123","kode_brng":"B00003","kode_sat":"BKS","jumlah":"1","harga":"13553.1","subtotal":"13553.1","dis":"5","besardis":"677.655","total":"12875.445","nama_brng":"TEPUNG TERIGU","jenis":"J03","stok":"283","status":"1","kd_jenis":"J03","nm_jenis":"GIZI KERING"},{"no_faktur":"adi123","kode_brng":"B00004","kode_sat":"BTL","jumlah":"5","harga":"20329.65","subtotal":"101648.25","dis":"1","besardis":"1016.4825","total":"100631.7675","nama_brng":"VIXAL","jenis":"J04","stok":"516","status":"1","kd_jenis":"J04","nm_jenis":"LOUNDRY"}]
INFO - 2024-10-12 01:47:39 --> Session: Class initialized using 'CodeIgniter\Session\Handlers\FileHandler' driver.
INFO - 2024-10-12 01:47:42 --> Session: Class initialized using 'CodeIgniter\Session\Handlers\FileHandler' driver.
DEBUG - 2024-10-12 01:47:42 --> Detail fetched: [{"no_faktur":"adi123","kode_brng":"B00001","kode_sat":"AMP","jumlah":"1","harga":"12210","subtotal":"12210","dis":"5","besardis":"610.5","total":"11599.5","nama_brng":"TES1","jenis":"J01","stok":"85","status":"1","kd_jenis":"J01","nm_jenis":"IPSRS"},{"no_faktur":"adi123","kode_brng":"B00002","kode_sat":"AMP","jumlah":"2","harga":"11100","subtotal":"22200","dis":"5","besardis":"1110","total":"21090","nama_brng":"TES2","jenis":"J01","stok":"48","status":"1","kd_jenis":"J01","nm_jenis":"IPSRS"},{"no_faktur":"adi123","kode_brng":"B00003","kode_sat":"BKS","jumlah":"1","harga":"13553.1","subtotal":"13553.1","dis":"5","besardis":"677.655","total":"12875.445","nama_brng":"TEPUNG TERIGU","jenis":"J03","stok":"283","status":"1","kd_jenis":"J03","nm_jenis":"GIZI KERING"},{"no_faktur":"adi123","kode_brng":"B00004","kode_sat":"BTL","jumlah":"5","harga":"20329.65","subtotal":"101648.25","dis":"1","besardis":"1016.4825","total":"100631.7675","nama_brng":"VIXAL","jenis":"J04","stok":"516","status":"1","kd_jenis":"J04","nm_jenis":"LOUNDRY"}]
INFO - 2024-10-12 01:51:41 --> Session: Class initialized using 'CodeIgniter\Session\Handlers\FileHandler' driver.
INFO - 2024-10-12 01:51:43 --> Session: Class initialized using 'CodeIgniter\Session\Handlers\FileHandler' driver.
DEBUG - 2024-10-12 01:51:43 --> Detail fetched: [{"no_faktur":"adi123","kode_brng":"B00001","kode_sat":"AMP","jumlah":"1","harga":"12210","subtotal":"12210","dis":"5","besardis":"610.5","total":"11599.5","nama_brng":"TES1","jenis":"J01","stok":"85","status":"1","kd_jenis":"J01","nm_jenis":"IPSRS"},{"no_faktur":"adi123","kode_brng":"B00002","kode_sat":"AMP","jumlah":"2","harga":"11100","subtotal":"22200","dis":"5","besardis":"1110","total":"21090","nama_brng":"TES2","jenis":"J01","stok":"48","status":"1","kd_jenis":"J01","nm_jenis":"IPSRS"},{"no_faktur":"adi123","kode_brng":"B00003","kode_sat":"BKS","jumlah":"1","harga":"13553.1","subtotal":"13553.1","dis":"5","besardis":"677.655","total":"12875.445","nama_brng":"TEPUNG TERIGU","jenis":"J03","stok":"283","status":"1","kd_jenis":"J03","nm_jenis":"GIZI KERING"},{"no_faktur":"adi123","kode_brng":"B00004","kode_sat":"BTL","jumlah":"5","harga":"20329.65","subtotal":"101648.25","dis":"1","besardis":"1016.4825","total":"100631.7675","nama_brng":"VIXAL","jenis":"J04","stok":"516","status":"1","kd_jenis":"J04","nm_jenis":"LOUNDRY"}]
INFO - 2024-10-12 01:51:51 --> Session: Class initialized using 'CodeIgniter\Session\Handlers\FileHandler' driver.
INFO - 2024-10-12 01:51:57 --> Session: Class initialized using 'CodeIgniter\Session\Handlers\FileHandler' driver.
INFO - 2024-10-12 01:52:01 --> Session: Class initialized using 'CodeIgniter\Session\Handlers\FileHandler' driver.
INFO - 2024-10-12 01:52:03 --> Session: Class initialized using 'CodeIgniter\Session\Handlers\FileHandler' driver.
=======
>>>>>>> 5679fd575f527372c040ccd364c11f1827f51173
<<<<<<< HEAD
INFO - 2024-10-12 01:57:04 --> Session: Class initialized using 'CodeIgniter\Session\Handlers\FileHandler' driver.
INFO - 2024-10-12 01:57:07 --> Session: Class initialized using 'CodeIgniter\Session\Handlers\FileHandler' driver.
INFO - 2024-10-12 01:57:12 --> Session: Class initialized using 'CodeIgniter\Session\Handlers\FileHandler' driver.
INFO - 2024-10-12 02:24:37 --> Session: Class initialized using 'CodeIgniter\Session\Handlers\FileHandler' driver.
DEBUG - 2024-10-12 02:24:37 --> Detail fetched: [{"no_faktur":"Adi456","kode_brng":"B00003","kode_sat":"BKS","jumlah":"2","harga":"13553.1","subtotal":"27106.2","dis":"0","besardis":"0","total":"27106.2","nama_brng":"TEPUNG TERIGU","jenis":"J03","stok":"283","status":"1","kd_jenis":"J03","nm_jenis":"GIZI KERING"},{"no_faktur":"Adi456","kode_brng":"B00006","kode_sat":"PCS","jumlah":"5","harga":"23409.9","subtotal":"117049.5","dis":"20","besardis":"23409.9","total":"93639.6","nama_brng":"LAMPU OSRAM 5 WATT","jenis":"J01","stok":"153","status":"1","kd_jenis":"J01","nm_jenis":"IPSRS"}]
INFO - 2024-10-12 02:33:21 --> Session: Class initialized using 'CodeIgniter\Session\Handlers\FileHandler' driver.
INFO - 2024-10-12 02:33:22 --> Session: Class initialized using 'CodeIgniter\Session\Handlers\FileHandler' driver.
INFO - 2024-10-12 02:33:23 --> Session: Class initialized using 'CodeIgniter\Session\Handlers\FileHandler' driver.
DEBUG - 2024-10-12 02:33:23 --> Detail fetched: [{"no_faktur":"Adi456","kode_brng":"B00003","kode_sat":"BKS","jumlah":"2","harga":"13553.1","subtotal":"27106.2","dis":"0","besardis":"0","total":"27106.2","nama_brng":"TEPUNG TERIGU","jenis":"J03","stok":"283","status":"1","kd_jenis":"J03","nm_jenis":"GIZI KERING"},{"no_faktur":"Adi456","kode_brng":"B00006","kode_sat":"PCS","jumlah":"5","harga":"23409.9","subtotal":"117049.5","dis":"20","besardis":"23409.9","total":"93639.6","nama_brng":"LAMPU OSRAM 5 WATT","jenis":"J01","stok":"153","status":"1","kd_jenis":"J01","nm_jenis":"IPSRS"}]
INFO - 2024-10-12 02:34:03 --> Session: Class initialized using 'CodeIgniter\Session\Handlers\FileHandler' driver.
INFO - 2024-10-12 02:34:04 --> Session: Class initialized using 'CodeIgniter\Session\Handlers\FileHandler' driver.
INFO - 2024-10-12 02:34:06 --> Session: Class initialized using 'CodeIgniter\Session\Handlers\FileHandler' driver.
DEBUG - 2024-10-12 02:34:06 --> Detail fetched: [{"no_faktur":"Adi456","kode_brng":"B00003","kode_sat":"BKS","jumlah":"2","harga":"13553.1","subtotal":"27106.2","dis":"0","besardis":"0","total":"27106.2","nama_brng":"TEPUNG TERIGU","jenis":"J03","stok":"283","status":"1","kd_jenis":"J03","nm_jenis":"GIZI KERING"},{"no_faktur":"Adi456","kode_brng":"B00006","kode_sat":"PCS","jumlah":"5","harga":"23409.9","subtotal":"117049.5","dis":"20","besardis":"23409.9","total":"93639.6","nama_brng":"LAMPU OSRAM 5 WATT","jenis":"J01","stok":"153","status":"1","kd_jenis":"J01","nm_jenis":"IPSRS"}]
INFO - 2024-10-12 02:34:50 --> Session: Class initialized using 'CodeIgniter\Session\Handlers\FileHandler' driver.
INFO - 2024-10-12 02:34:50 --> Session: Class initialized using 'CodeIgniter\Session\Handlers\FileHandler' driver.
INFO - 2024-10-12 02:34:53 --> Session: Class initialized using 'CodeIgniter\Session\Handlers\FileHandler' driver.
DEBUG - 2024-10-12 02:34:53 --> Detail fetched: [{"no_faktur":"Adi456","kode_brng":"B00003","kode_sat":"BKS","jumlah":"2","harga":"13553.1","subtotal":"27106.2","dis":"0","besardis":"0","total":"27106.2","nama_brng":"TEPUNG TERIGU","jenis":"J03","stok":"283","status":"1","kd_jenis":"J03","nm_jenis":"GIZI KERING"},{"no_faktur":"Adi456","kode_brng":"B00006","kode_sat":"PCS","jumlah":"5","harga":"23409.9","subtotal":"117049.5","dis":"20","besardis":"23409.9","total":"93639.6","nama_brng":"LAMPU OSRAM 5 WATT","jenis":"J01","stok":"153","status":"1","kd_jenis":"J01","nm_jenis":"IPSRS"}]
INFO - 2024-10-12 02:34:54 --> Session: Class initialized using 'CodeIgniter\Session\Handlers\FileHandler' driver.
INFO - 2024-10-12 02:34:55 --> Session: Class initialized using 'CodeIgniter\Session\Handlers\FileHandler' driver.
INFO - 2024-10-12 02:35:23 --> Session: Class initialized using 'CodeIgniter\Session\Handlers\FileHandler' driver.
DEBUG - 2024-10-12 02:35:23 --> Detail fetched: [{"no_faktur":"Adi456","kode_brng":"B00003","kode_sat":"BKS","jumlah":"2","harga":"13553.1","subtotal":"27106.2","dis":"0","besardis":"0","total":"27106.2","nama_brng":"TEPUNG TERIGU","jenis":"J03","stok":"283","status":"1","kd_jenis":"J03","nm_jenis":"GIZI KERING"},{"no_faktur":"Adi456","kode_brng":"B00006","kode_sat":"PCS","jumlah":"5","harga":"23409.9","subtotal":"117049.5","dis":"20","besardis":"23409.9","total":"93639.6","nama_brng":"LAMPU OSRAM 5 WATT","jenis":"J01","stok":"153","status":"1","kd_jenis":"J01","nm_jenis":"IPSRS"}]
INFO - 2024-10-12 02:36:53 --> Session: Class initialized using 'CodeIgniter\Session\Handlers\FileHandler' driver.
INFO - 2024-10-12 02:36:54 --> Session: Class initialized using 'CodeIgniter\Session\Handlers\FileHandler' driver.
INFO - 2024-10-12 02:37:51 --> Session: Class initialized using 'CodeIgniter\Session\Handlers\FileHandler' driver.
INFO - 2024-10-12 02:37:53 --> Session: Class initialized using 'CodeIgniter\Session\Handlers\FileHandler' driver.
DEBUG - 2024-10-12 02:37:53 --> Detail fetched: [{"no_faktur":"ADI123","kode_brng":"B00002","kode_sat":"AMP","jumlah":"12","harga":"11100","subtotal":"133200","dis":"0","besardis":"0","total":"133200","nama_brng":"TES2","jenis":"J01","stok":"48","status":"1","kd_jenis":"J01","nm_jenis":"IPSRS"}]
INFO - 2024-10-12 02:37:55 --> Session: Class initialized using 'CodeIgniter\Session\Handlers\FileHandler' driver.
INFO - 2024-10-12 02:38:03 --> Session: Class initialized using 'CodeIgniter\Session\Handlers\FileHandler' driver.
INFO - 2024-10-12 02:38:23 --> Session: Class initialized using 'CodeIgniter\Session\Handlers\FileHandler' driver.
INFO - 2024-10-12 02:38:24 --> Session: Class initialized using 'CodeIgniter\Session\Handlers\FileHandler' driver.
DEBUG - 2024-10-12 02:38:24 --> Detail fetched: [{"no_faktur":"Adi456","kode_brng":"B00003","kode_sat":"BKS","jumlah":"2","harga":"13553.1","subtotal":"27106.2","dis":"0","besardis":"0","total":"27106.2","nama_brng":"TEPUNG TERIGU","jenis":"J03","stok":"283","status":"1","kd_jenis":"J03","nm_jenis":"GIZI KERING"},{"no_faktur":"Adi456","kode_brng":"B00006","kode_sat":"PCS","jumlah":"5","harga":"23409.9","subtotal":"117049.5","dis":"20","besardis":"23409.9","total":"93639.6","nama_brng":"LAMPU OSRAM 5 WATT","jenis":"J01","stok":"153","status":"1","kd_jenis":"J01","nm_jenis":"IPSRS"}]
INFO - 2024-10-12 02:38:29 --> Session: Class initialized using 'CodeIgniter\Session\Handlers\FileHandler' driver.
INFO - 2024-10-12 02:38:33 --> Session: Class initialized using 'CodeIgniter\Session\Handlers\FileHandler' driver.
INFO - 2024-10-12 02:40:46 --> Session: Class initialized using 'CodeIgniter\Session\Handlers\FileHandler' driver.
INFO - 2024-10-12 02:40:47 --> Session: Class initialized using 'CodeIgniter\Session\Handlers\FileHandler' driver.
DEBUG - 2024-10-12 02:40:47 --> Detail fetched: [{"no_faktur":"Adi456","kode_brng":"B00003","kode_sat":"BKS","jumlah":"2","harga":"13553.1","subtotal":"27106.2","dis":"0","besardis":"0","total":"27106.2","nama_brng":"TEPUNG TERIGU","jenis":"J03","stok":"283","status":"1","kd_jenis":"J03","nm_jenis":"GIZI KERING"},{"no_faktur":"Adi456","kode_brng":"B00006","kode_sat":"PCS","jumlah":"5","harga":"23409.9","subtotal":"117049.5","dis":"20","besardis":"23409.9","total":"93639.6","nama_brng":"LAMPU OSRAM 5 WATT","jenis":"J01","stok":"153","status":"1","kd_jenis":"J01","nm_jenis":"IPSRS"}]
INFO - 2024-10-12 02:40:49 --> Session: Class initialized using 'CodeIgniter\Session\Handlers\FileHandler' driver.
INFO - 2024-10-12 02:40:49 --> Session: Class initialized using 'CodeIgniter\Session\Handlers\FileHandler' driver.
INFO - 2024-10-12 02:41:04 --> Session: Class initialized using 'CodeIgniter\Session\Handlers\FileHandler' driver.
INFO - 2024-10-12 02:41:05 --> Session: Class initialized using 'CodeIgniter\Session\Handlers\FileHandler' driver.
DEBUG - 2024-10-12 02:41:05 --> Detail fetched: [{"no_faktur":"Adi456","kode_brng":"B00003","kode_sat":"BKS","jumlah":"2","harga":"13553.1","subtotal":"27106.2","dis":"0","besardis":"0","total":"27106.2","nama_brng":"TEPUNG TERIGU","jenis":"J03","stok":"283","status":"1","kd_jenis":"J03","nm_jenis":"GIZI KERING"},{"no_faktur":"Adi456","kode_brng":"B00006","kode_sat":"PCS","jumlah":"5","harga":"23409.9","subtotal":"117049.5","dis":"20","besardis":"23409.9","total":"93639.6","nama_brng":"LAMPU OSRAM 5 WATT","jenis":"J01","stok":"153","status":"1","kd_jenis":"J01","nm_jenis":"IPSRS"}]
INFO - 2024-10-12 02:41:07 --> Session: Class initialized using 'CodeIgniter\Session\Handlers\FileHandler' driver.
INFO - 2024-10-12 02:41:23 --> Session: Class initialized using 'CodeIgniter\Session\Handlers\FileHandler' driver.
INFO - 2024-10-12 02:41:31 --> Session: Class initialized using 'CodeIgniter\Session\Handlers\FileHandler' driver.
INFO - 2024-10-12 02:42:24 --> Session: Class initialized using 'CodeIgniter\Session\Handlers\FileHandler' driver.
INFO - 2024-10-12 02:42:25 --> Session: Class initialized using 'CodeIgniter\Session\Handlers\FileHandler' driver.
INFO - 2024-10-12 02:42:26 --> Session: Class initialized using 'CodeIgniter\Session\Handlers\FileHandler' driver.
INFO - 2024-10-12 02:42:27 --> Session: Class initialized using 'CodeIgniter\Session\Handlers\FileHandler' driver.
DEBUG - 2024-10-12 02:42:27 --> Detail fetched: [{"no_faktur":"Adi456","kode_brng":"B00003","kode_sat":"BKS","jumlah":"2","harga":"13553.1","subtotal":"27106.2","dis":"0","besardis":"0","total":"27106.2","nama_brng":"TEPUNG TERIGU","jenis":"J03","stok":"283","status":"1","kd_jenis":"J03","nm_jenis":"GIZI KERING"},{"no_faktur":"Adi456","kode_brng":"B00006","kode_sat":"PCS","jumlah":"5","harga":"23409.9","subtotal":"117049.5","dis":"20","besardis":"23409.9","total":"93639.6","nama_brng":"LAMPU OSRAM 5 WATT","jenis":"J01","stok":"153","status":"1","kd_jenis":"J01","nm_jenis":"IPSRS"}]
INFO - 2024-10-12 02:42:29 --> Session: Class initialized using 'CodeIgniter\Session\Handlers\FileHandler' driver.
INFO - 2024-10-12 02:42:39 --> Session: Class initialized using 'CodeIgniter\Session\Handlers\FileHandler' driver.
INFO - 2024-10-12 02:42:39 --> Session: Class initialized using 'CodeIgniter\Session\Handlers\FileHandler' driver.
INFO - 2024-10-12 02:42:41 --> Session: Class initialized using 'CodeIgniter\Session\Handlers\FileHandler' driver.
INFO - 2024-10-12 02:42:42 --> Session: Class initialized using 'CodeIgniter\Session\Handlers\FileHandler' driver.
DEBUG - 2024-10-12 02:42:42 --> Detail fetched: [{"no_faktur":"Adi456","kode_brng":"B00003","kode_sat":"BKS","jumlah":"2","harga":"13553.1","subtotal":"27106.2","dis":"0","besardis":"0","total":"27106.2","nama_brng":"TEPUNG TERIGU","jenis":"J03","stok":"283","status":"1","kd_jenis":"J03","nm_jenis":"GIZI KERING"},{"no_faktur":"Adi456","kode_brng":"B00006","kode_sat":"PCS","jumlah":"5","harga":"23409.9","subtotal":"117049.5","dis":"20","besardis":"23409.9","total":"93639.6","nama_brng":"LAMPU OSRAM 5 WATT","jenis":"J01","stok":"153","status":"1","kd_jenis":"J01","nm_jenis":"IPSRS"}]
INFO - 2024-10-12 02:42:43 --> Session: Class initialized using 'CodeIgniter\Session\Handlers\FileHandler' driver.
INFO - 2024-10-12 02:42:43 --> Session: Class initialized using 'CodeIgniter\Session\Handlers\FileHandler' driver.
INFO - 2024-10-12 02:43:14 --> Session: Class initialized using 'CodeIgniter\Session\Handlers\FileHandler' driver.
INFO - 2024-10-12 02:43:15 --> Session: Class initialized using 'CodeIgniter\Session\Handlers\FileHandler' driver.
DEBUG - 2024-10-12 02:43:15 --> Detail fetched: [{"no_faktur":"Adi456","kode_brng":"B00003","kode_sat":"BKS","jumlah":"2","harga":"13553.1","subtotal":"27106.2","dis":"0","besardis":"0","total":"27106.2","nama_brng":"TEPUNG TERIGU","jenis":"J03","stok":"283","status":"1","kd_jenis":"J03","nm_jenis":"GIZI KERING"},{"no_faktur":"Adi456","kode_brng":"B00006","kode_sat":"PCS","jumlah":"5","harga":"23409.9","subtotal":"117049.5","dis":"20","besardis":"23409.9","total":"93639.6","nama_brng":"LAMPU OSRAM 5 WATT","jenis":"J01","stok":"153","status":"1","kd_jenis":"J01","nm_jenis":"IPSRS"}]
INFO - 2024-10-12 02:43:16 --> Session: Class initialized using 'CodeIgniter\Session\Handlers\FileHandler' driver.
INFO - 2024-10-12 02:43:27 --> Session: Class initialized using 'CodeIgniter\Session\Handlers\FileHandler' driver.
INFO - 2024-10-12 02:43:36 --> Session: Class initialized using 'CodeIgniter\Session\Handlers\FileHandler' driver.
INFO - 2024-10-12 02:43:52 --> Session: Class initialized using 'CodeIgniter\Session\Handlers\FileHandler' driver.
INFO - 2024-10-12 02:43:58 --> Session: Class initialized using 'CodeIgniter\Session\Handlers\FileHandler' driver.
INFO - 2024-10-12 02:44:03 --> Session: Class initialized using 'CodeIgniter\Session\Handlers\FileHandler' driver.
INFO - 2024-10-12 02:44:09 --> Session: Class initialized using 'CodeIgniter\Session\Handlers\FileHandler' driver.
CRITICAL - 2024-10-12 02:44:09 --> ErrorException: Undefined variable $kd_rek_aset
in APPPATH\Controllers\PembelianNonMedisController.php on line 230.
 1 APPPATH\Controllers\PembelianNonMedisController.php(230): CodeIgniter\Debug\Exceptions->errorHandler(2, 'Undefined variable $kd_rek_aset', 'D:\\RSBCM\\inventaris-barang\\app\\Controllers\\PembelianNonMedisController.php', 230)
 2 SYSTEMPATH\CodeIgniter.php(941): App\Controllers\PembelianNonmedisController->edit('Adi456')
 3 SYSTEMPATH\CodeIgniter.php(502): CodeIgniter\CodeIgniter->runController(Object(App\Controllers\PembelianNonmedisController))
 4 SYSTEMPATH\CodeIgniter.php(361): CodeIgniter\CodeIgniter->handleRequest(null, Object(Config\Cache), false)
 5 FCPATH\index.php(79): CodeIgniter\CodeIgniter->run()
 6 SYSTEMPATH\Commands\Server\rewrite.php(47): require_once('D:\\RSBCM\\inventaris-barang\\public\\index.php')
INFO - 2024-10-12 02:44:16 --> Session: Class initialized using 'CodeIgniter\Session\Handlers\FileHandler' driver.
ERROR - 2024-10-12 02:44:16 --> mysqli_sql_exception: Cannot add or update a child row: a foreign key constraint fails (`sik`.`ipsrsdetailbeli`, CONSTRAINT `ipsrsdetailbeli_ibfk_5` FOREIGN KEY (`kode_sat`) REFERENCES `kodesatuan` (`kode_sat`) ON UPDATE CASCADE) in D:\RSBCM\inventaris-barang\system\Database\MySQLi\Connection.php:306
Stack trace:
#0 D:\RSBCM\inventaris-barang\system\Database\MySQLi\Connection.php(306): mysqli->query('INSERT INTO `ip...', 0)
#1 D:\RSBCM\inventaris-barang\system\Database\BaseConnection.php(693): CodeIgniter\Database\MySQLi\Connection->execute('INSERT INTO `ip...')
#2 D:\RSBCM\inventaris-barang\system\Database\BaseConnection.php(607): CodeIgniter\Database\BaseConnection->simpleQuery('INSERT INTO `ip...')
#3 D:\RSBCM\inventaris-barang\system\Database\BaseBuilder.php(2307): CodeIgniter\Database\BaseConnection->query('INSERT INTO `ip...', Array, false)
#4 D:\RSBCM\inventaris-barang\system\Model.php(326): CodeIgniter\Database\BaseBuilder->insert()
#5 D:\RSBCM\inventaris-barang\system\BaseModel.php(802): CodeIgniter\Model->doInsert(Array)
#6 D:\RSBCM\inventaris-barang\system\Model.php(744): CodeIgniter\BaseModel->insert(Array, true)
#7 D:\RSBCM\inventaris-barang\app\Controllers\PembelianNonMedisController.php(259): CodeIgniter\Model->insert(Array)
#8 D:\RSBCM\inventaris-barang\system\CodeIgniter.php(941): App\Controllers\PembelianNonmedisController->edit('Adi456')
#9 D:\RSBCM\inventaris-barang\system\CodeIgniter.php(502): CodeIgniter\CodeIgniter->runController(Object(App\Controllers\PembelianNonmedisController))
#10 D:\RSBCM\inventaris-barang\system\CodeIgniter.php(361): CodeIgniter\CodeIgniter->handleRequest(NULL, Object(Config\Cache), false)
#11 D:\RSBCM\inventaris-barang\public\index.php(79): CodeIgniter\CodeIgniter->run()
#12 D:\RSBCM\inventaris-barang\system\Commands\Server\rewrite.php(47): require_once('D:\\RSBCM\\invent...')
#13 {main}
CRITICAL - 2024-10-12 02:44:16 --> CodeIgniter\Database\Exceptions\DatabaseException: Cannot add or update a child row: a foreign key constraint fails (`sik`.`ipsrsdetailbeli`, CONSTRAINT `ipsrsdetailbeli_ibfk_5` FOREIGN KEY (`kode_sat`) REFERENCES `kodesatuan` (`kode_sat`) ON UPDATE CASCADE)
in SYSTEMPATH\Database\BaseConnection.php on line 647.
 1 SYSTEMPATH\Database\BaseBuilder.php(2307): CodeIgniter\Database\BaseConnection->query('INSERT INTO `ipsrsdetailbeli` (`no_faktur`, `jumlah`, `harga`, `subtotal`, `dis`, `besardis`, `total`) VALUES (:no_faktur.1:, :jumlah:, :harga:, :subtotal:, :dis:, :besardis:, :total:)', [...], false)
 2 SYSTEMPATH\Model.php(326): CodeIgniter\Database\BaseBuilder->insert()
 3 SYSTEMPATH\BaseModel.php(802): CodeIgniter\Model->doInsert([...])
 4 SYSTEMPATH\Model.php(744): CodeIgniter\BaseModel->insert([...], true)
 5 APPPATH\Controllers\PembelianNonMedisController.php(259): CodeIgniter\Model->insert([...])
 6 SYSTEMPATH\CodeIgniter.php(941): App\Controllers\PembelianNonmedisController->edit('Adi456')
 7 SYSTEMPATH\CodeIgniter.php(502): CodeIgniter\CodeIgniter->runController(Object(App\Controllers\PembelianNonmedisController))
 8 SYSTEMPATH\CodeIgniter.php(361): CodeIgniter\CodeIgniter->handleRequest(null, Object(Config\Cache), false)
 9 FCPATH\index.php(79): CodeIgniter\CodeIgniter->run()
10 SYSTEMPATH\Commands\Server\rewrite.php(47): require_once('D:\\RSBCM\\inventaris-barang\\public\\index.php')
CRITICAL - 2024-10-12 02:44:16 --> [Caused by] CodeIgniter\Database\Exceptions\DatabaseException: Cannot add or update a child row: a foreign key constraint fails (`sik`.`ipsrsdetailbeli`, CONSTRAINT `ipsrsdetailbeli_ibfk_5` FOREIGN KEY (`kode_sat`) REFERENCES `kodesatuan` (`kode_sat`) ON UPDATE CASCADE)
in SYSTEMPATH\Database\MySQLi\Connection.php on line 311.
 1 SYSTEMPATH\Database\BaseConnection.php(693): CodeIgniter\Database\MySQLi\Connection->execute('INSERT INTO `ipsrsdetailbeli` (`no_faktur`, `jumlah`, `harga`, `subtotal`, `dis`, `besardis`, `total`) VALUES (\'Adi456\', \'2\', \'13553.1\', 27106.2, \'0\', 0, 27106.2)')
 2 SYSTEMPATH\Database\BaseConnection.php(607): CodeIgniter\Database\BaseConnection->simpleQuery('INSERT INTO `ipsrsdetailbeli` (`no_faktur`, `jumlah`, `harga`, `subtotal`, `dis`, `besardis`, `total`) VALUES (\'Adi456\', \'2\', \'13553.1\', 27106.2, \'0\', 0, 27106.2)')
 3 SYSTEMPATH\Database\BaseBuilder.php(2307): CodeIgniter\Database\BaseConnection->query('INSERT INTO `ipsrsdetailbeli` (`no_faktur`, `jumlah`, `harga`, `subtotal`, `dis`, `besardis`, `total`) VALUES (:no_faktur.1:, :jumlah:, :harga:, :subtotal:, :dis:, :besardis:, :total:)', [...], false)
 4 SYSTEMPATH\Model.php(326): CodeIgniter\Database\BaseBuilder->insert()
 5 SYSTEMPATH\BaseModel.php(802): CodeIgniter\Model->doInsert([...])
 6 SYSTEMPATH\Model.php(744): CodeIgniter\BaseModel->insert([...], true)
 7 APPPATH\Controllers\PembelianNonMedisController.php(259): CodeIgniter\Model->insert([...])
 8 SYSTEMPATH\CodeIgniter.php(941): App\Controllers\PembelianNonmedisController->edit('Adi456')
 9 SYSTEMPATH\CodeIgniter.php(502): CodeIgniter\CodeIgniter->runController(Object(App\Controllers\PembelianNonmedisController))
10 SYSTEMPATH\CodeIgniter.php(361): CodeIgniter\CodeIgniter->handleRequest(null, Object(Config\Cache), false)
11 FCPATH\index.php(79): CodeIgniter\CodeIgniter->run()
12 SYSTEMPATH\Commands\Server\rewrite.php(47): require_once('D:\\RSBCM\\inventaris-barang\\public\\index.php')
CRITICAL - 2024-10-12 02:44:16 --> [Caused by] mysqli_sql_exception: Cannot add or update a child row: a foreign key constraint fails (`sik`.`ipsrsdetailbeli`, CONSTRAINT `ipsrsdetailbeli_ibfk_5` FOREIGN KEY (`kode_sat`) REFERENCES `kodesatuan` (`kode_sat`) ON UPDATE CASCADE)
in SYSTEMPATH\Database\MySQLi\Connection.php on line 306.
 1 SYSTEMPATH\Database\MySQLi\Connection.php(306): mysqli->query('INSERT INTO `ipsrsdetailbeli` (`no_faktur`, `jumlah`, `harga`, `subtotal`, `dis`, `besardis`, `total`) VALUES (\'Adi456\', \'2\', \'13553.1\', 27106.2, \'0\', 0, 27106.2)', 0)
 2 SYSTEMPATH\Database\BaseConnection.php(693): CodeIgniter\Database\MySQLi\Connection->execute('INSERT INTO `ipsrsdetailbeli` (`no_faktur`, `jumlah`, `harga`, `subtotal`, `dis`, `besardis`, `total`) VALUES (\'Adi456\', \'2\', \'13553.1\', 27106.2, \'0\', 0, 27106.2)')
 3 SYSTEMPATH\Database\BaseConnection.php(607): CodeIgniter\Database\BaseConnection->simpleQuery('INSERT INTO `ipsrsdetailbeli` (`no_faktur`, `jumlah`, `harga`, `subtotal`, `dis`, `besardis`, `total`) VALUES (\'Adi456\', \'2\', \'13553.1\', 27106.2, \'0\', 0, 27106.2)')
 4 SYSTEMPATH\Database\BaseBuilder.php(2307): CodeIgniter\Database\BaseConnection->query('INSERT INTO `ipsrsdetailbeli` (`no_faktur`, `jumlah`, `harga`, `subtotal`, `dis`, `besardis`, `total`) VALUES (:no_faktur.1:, :jumlah:, :harga:, :subtotal:, :dis:, :besardis:, :total:)', [...], false)
 5 SYSTEMPATH\Model.php(326): CodeIgniter\Database\BaseBuilder->insert()
 6 SYSTEMPATH\BaseModel.php(802): CodeIgniter\Model->doInsert([...])
 7 SYSTEMPATH\Model.php(744): CodeIgniter\BaseModel->insert([...], true)
 8 APPPATH\Controllers\PembelianNonMedisController.php(259): CodeIgniter\Model->insert([...])
 9 SYSTEMPATH\CodeIgniter.php(941): App\Controllers\PembelianNonmedisController->edit('Adi456')
10 SYSTEMPATH\CodeIgniter.php(502): CodeIgniter\CodeIgniter->runController(Object(App\Controllers\PembelianNonmedisController))
11 SYSTEMPATH\CodeIgniter.php(361): CodeIgniter\CodeIgniter->handleRequest(null, Object(Config\Cache), false)
12 FCPATH\index.php(79): CodeIgniter\CodeIgniter->run()
13 SYSTEMPATH\Commands\Server\rewrite.php(47): require_once('D:\\RSBCM\\inventaris-barang\\public\\index.php')
INFO - 2024-10-12 02:46:10 --> Session: Class initialized using 'CodeIgniter\Session\Handlers\FileHandler' driver.
INFO - 2024-10-12 02:46:10 --> Session: Class initialized using 'CodeIgniter\Session\Handlers\FileHandler' driver.
INFO - 2024-10-12 02:46:13 --> Session: Class initialized using 'CodeIgniter\Session\Handlers\FileHandler' driver.
INFO - 2024-10-12 02:46:15 --> Session: Class initialized using 'CodeIgniter\Session\Handlers\FileHandler' driver.
DEBUG - 2024-10-12 02:46:15 --> Detail fetched: [{"no_faktur":"Adi456","kode_brng":"B00003","kode_sat":"BKS","jumlah":"2","harga":"13553.1","subtotal":"27106.2","dis":"0","besardis":"0","total":"27106.2","nama_brng":"TEPUNG TERIGU","jenis":"J03","stok":"283","status":"1","kd_jenis":"J03","nm_jenis":"GIZI KERING"},{"no_faktur":"Adi456","kode_brng":"B00006","kode_sat":"PCS","jumlah":"5","harga":"23409.9","subtotal":"117049.5","dis":"20","besardis":"23409.9","total":"93639.6","nama_brng":"LAMPU OSRAM 5 WATT","jenis":"J01","stok":"153","status":"1","kd_jenis":"J01","nm_jenis":"IPSRS"}]
INFO - 2024-10-12 02:46:16 --> Session: Class initialized using 'CodeIgniter\Session\Handlers\FileHandler' driver.
INFO - 2024-10-12 02:46:16 --> Session: Class initialized using 'CodeIgniter\Session\Handlers\FileHandler' driver.
INFO - 2024-10-12 02:46:17 --> Session: Class initialized using 'CodeIgniter\Session\Handlers\FileHandler' driver.
DEBUG - 2024-10-12 02:46:17 --> Detail fetched: [{"no_faktur":"Adi456","kode_brng":"B00003","kode_sat":"BKS","jumlah":"2","harga":"13553.1","subtotal":"27106.2","dis":"0","besardis":"0","total":"27106.2","nama_brng":"TEPUNG TERIGU","jenis":"J03","stok":"283","status":"1","kd_jenis":"J03","nm_jenis":"GIZI KERING"},{"no_faktur":"Adi456","kode_brng":"B00006","kode_sat":"PCS","jumlah":"5","harga":"23409.9","subtotal":"117049.5","dis":"20","besardis":"23409.9","total":"93639.6","nama_brng":"LAMPU OSRAM 5 WATT","jenis":"J01","stok":"153","status":"1","kd_jenis":"J01","nm_jenis":"IPSRS"}]
INFO - 2024-10-12 02:46:18 --> Session: Class initialized using 'CodeIgniter\Session\Handlers\FileHandler' driver.
INFO - 2024-10-12 02:46:27 --> Session: Class initialized using 'CodeIgniter\Session\Handlers\FileHandler' driver.
DEBUG - 2024-10-12 02:46:27 --> Detail fetched: [{"no_faktur":"Adi456","kode_brng":"B00003","kode_sat":"BKS","jumlah":"2","harga":"13553.1","subtotal":"27106.2","dis":"0","besardis":"0","total":"27106.2","nama_brng":"TEPUNG TERIGU","jenis":"J03","stok":"283","status":"1","kd_jenis":"J03","nm_jenis":"GIZI KERING"},{"no_faktur":"Adi456","kode_brng":"B00006","kode_sat":"PCS","jumlah":"5","harga":"23409.9","subtotal":"117049.5","dis":"20","besardis":"23409.9","total":"93639.6","nama_brng":"LAMPU OSRAM 5 WATT","jenis":"J01","stok":"153","status":"1","kd_jenis":"J01","nm_jenis":"IPSRS"}]
INFO - 2024-10-12 02:46:32 --> Session: Class initialized using 'CodeIgniter\Session\Handlers\FileHandler' driver.
INFO - 2024-10-12 02:47:03 --> Session: Class initialized using 'CodeIgniter\Session\Handlers\FileHandler' driver.
=======
>>>>>>> 82c154e0d10423f046049a23b8212a7a37ca694c
>>>>>>> 622d06360ae34839ceeba7ef1868f99bcefa8593
