INFO - 2024-10-17 01:29:42 --> Session: Class initialized using 'CodeIgniter\Session\Handlers\FileHandler' driver.
INFO - 2024-10-17 01:29:51 --> Session: Class initialized using 'CodeIgniter\Session\Handlers\FileHandler' driver.
INFO - 2024-10-17 01:29:51 --> Session: Class initialized using 'CodeIgniter\Session\Handlers\FileHandler' driver.
INFO - 2024-10-17 01:29:55 --> Session: Class initialized using 'CodeIgniter\Session\Handlers\FileHandler' driver.
INFO - 2024-10-17 01:29:57 --> Session: Class initialized using 'CodeIgniter\Session\Handlers\FileHandler' driver.
CRITICAL - 2024-10-17 01:29:57 --> ErrorException: Undefined array key "tgl_pesan"
in APPPATH\Views\permintaan_nonmedis\page_print.php on line 126.
 1 APPPATH\Views\permintaan_nonmedis\page_print.php(126): CodeIgniter\Debug\Exceptions->errorHandler(2, 'Undefined array key "tgl_pesan"', 'D:\\RSBCM\\inventaris-barang\\app\\Views\\permintaan_nonmedis\\page_print.php', 126)
 2 SYSTEMPATH\View\View.php(228): include('D:\\RSBCM\\inventaris-barang\\app\\Views\\permintaan_nonmedis\\page_print.php')
 3 SYSTEMPATH\View\View.php(231): CodeIgniter\View\View->CodeIgniter\View\{closure}()
 4 SYSTEMPATH\Common.php(1178): CodeIgniter\View\View->render('permintaan_nonmedis/page_print', [], true)
 5 APPPATH\Controllers\PermintaanNonMedisController.php(175): view('permintaan_nonmedis/page_print', [...])
 6 SYSTEMPATH\CodeIgniter.php(941): App\Controllers\PermintaanNonMedisController->print('permin')
 7 SYSTEMPATH\CodeIgniter.php(502): CodeIgniter\CodeIgniter->runController(Object(App\Controllers\PermintaanNonMedisController))
 8 SYSTEMPATH\CodeIgniter.php(361): CodeIgniter\CodeIgniter->handleRequest(null, Object(Config\Cache), false)
 9 FCPATH\index.php(79): CodeIgniter\CodeIgniter->run()
10 SYSTEMPATH\Commands\Server\rewrite.php(47): require_once('D:\\RSBCM\\inventaris-barang\\public\\index.php')
INFO - 2024-10-17 01:37:17 --> Session: Class initialized using 'CodeIgniter\Session\Handlers\FileHandler' driver.
CRITICAL - 2024-10-17 01:37:17 --> ErrorException: Undefined array key "no_order"
in APPPATH\Views\permintaan_nonmedis\page_print.php on line 132.
 1 APPPATH\Views\permintaan_nonmedis\page_print.php(132): CodeIgniter\Debug\Exceptions->errorHandler(2, 'Undefined array key "no_order"', 'D:\\RSBCM\\inventaris-barang\\app\\Views\\permintaan_nonmedis\\page_print.php', 132)
 2 SYSTEMPATH\View\View.php(228): include('D:\\RSBCM\\inventaris-barang\\app\\Views\\permintaan_nonmedis\\page_print.php')
 3 SYSTEMPATH\View\View.php(231): CodeIgniter\View\View->CodeIgniter\View\{closure}()
 4 SYSTEMPATH\Common.php(1178): CodeIgniter\View\View->render('permintaan_nonmedis/page_print', [], true)
 5 APPPATH\Controllers\PermintaanNonMedisController.php(175): view('permintaan_nonmedis/page_print', [...])
 6 SYSTEMPATH\CodeIgniter.php(941): App\Controllers\PermintaanNonMedisController->print('permin')
 7 SYSTEMPATH\CodeIgniter.php(502): CodeIgniter\CodeIgniter->runController(Object(App\Controllers\PermintaanNonMedisController))
 8 SYSTEMPATH\CodeIgniter.php(361): CodeIgniter\CodeIgniter->handleRequest(null, Object(Config\Cache), false)
 9 FCPATH\index.php(79): CodeIgniter\CodeIgniter->run()
10 SYSTEMPATH\Commands\Server\rewrite.php(47): require_once('D:\\RSBCM\\inventaris-barang\\public\\index.php')
INFO - 2024-10-17 01:37:25 --> Session: Class initialized using 'CodeIgniter\Session\Handlers\FileHandler' driver.
CRITICAL - 2024-10-17 01:37:25 --> ErrorException: Undefined array key "nama_suplier"
in APPPATH\Views\permintaan_nonmedis\page_print.php on line 132.
 1 APPPATH\Views\permintaan_nonmedis\page_print.php(132): CodeIgniter\Debug\Exceptions->errorHandler(2, 'Undefined array key "nama_suplier"', 'D:\\RSBCM\\inventaris-barang\\app\\Views\\permintaan_nonmedis\\page_print.php', 132)
 2 SYSTEMPATH\View\View.php(228): include('D:\\RSBCM\\inventaris-barang\\app\\Views\\permintaan_nonmedis\\page_print.php')
 3 SYSTEMPATH\View\View.php(231): CodeIgniter\View\View->CodeIgniter\View\{closure}()
 4 SYSTEMPATH\Common.php(1178): CodeIgniter\View\View->render('permintaan_nonmedis/page_print', [], true)
 5 APPPATH\Controllers\PermintaanNonMedisController.php(175): view('permintaan_nonmedis/page_print', [...])
 6 SYSTEMPATH\CodeIgniter.php(941): App\Controllers\PermintaanNonMedisController->print('permin')
 7 SYSTEMPATH\CodeIgniter.php(502): CodeIgniter\CodeIgniter->runController(Object(App\Controllers\PermintaanNonMedisController))
 8 SYSTEMPATH\CodeIgniter.php(361): CodeIgniter\CodeIgniter->handleRequest(null, Object(Config\Cache), false)
 9 FCPATH\index.php(79): CodeIgniter\CodeIgniter->run()
10 SYSTEMPATH\Commands\Server\rewrite.php(47): require_once('D:\\RSBCM\\inventaris-barang\\public\\index.php')
INFO - 2024-10-17 01:37:49 --> Session: Class initialized using 'CodeIgniter\Session\Handlers\FileHandler' driver.
CRITICAL - 2024-10-17 01:37:49 --> ErrorException: Undefined array key "total1"
in APPPATH\Views\permintaan_nonmedis\page_print.php on line 188.
 1 APPPATH\Views\permintaan_nonmedis\page_print.php(188): CodeIgniter\Debug\Exceptions->errorHandler(2, 'Undefined array key "total1"', 'D:\\RSBCM\\inventaris-barang\\app\\Views\\permintaan_nonmedis\\page_print.php', 188)
 2 SYSTEMPATH\View\View.php(228): include('D:\\RSBCM\\inventaris-barang\\app\\Views\\permintaan_nonmedis\\page_print.php')
 3 SYSTEMPATH\View\View.php(231): CodeIgniter\View\View->CodeIgniter\View\{closure}()
 4 SYSTEMPATH\Common.php(1178): CodeIgniter\View\View->render('permintaan_nonmedis/page_print', [], true)
 5 APPPATH\Controllers\PermintaanNonMedisController.php(175): view('permintaan_nonmedis/page_print', [...])
 6 SYSTEMPATH\CodeIgniter.php(941): App\Controllers\PermintaanNonMedisController->print('permin')
 7 SYSTEMPATH\CodeIgniter.php(502): CodeIgniter\CodeIgniter->runController(Object(App\Controllers\PermintaanNonMedisController))
 8 SYSTEMPATH\CodeIgniter.php(361): CodeIgniter\CodeIgniter->handleRequest(null, Object(Config\Cache), false)
 9 FCPATH\index.php(79): CodeIgniter\CodeIgniter->run()
10 SYSTEMPATH\Commands\Server\rewrite.php(47): require_once('D:\\RSBCM\\inventaris-barang\\public\\index.php')
INFO - 2024-10-17 01:38:03 --> Session: Class initialized using 'CodeIgniter\Session\Handlers\FileHandler' driver.
INFO - 2024-10-17 01:40:43 --> Session: Class initialized using 'CodeIgniter\Session\Handlers\FileHandler' driver.
CRITICAL - 2024-10-17 01:40:43 --> ErrorException: Undefined array key "total1"
in APPPATH\Views\permintaan_nonmedis\page_print.php on line 181.
 1 APPPATH\Views\permintaan_nonmedis\page_print.php(181): CodeIgniter\Debug\Exceptions->errorHandler(2, 'Undefined array key "total1"', 'D:\\RSBCM\\inventaris-barang\\app\\Views\\permintaan_nonmedis\\page_print.php', 181)
 2 SYSTEMPATH\View\View.php(228): include('D:\\RSBCM\\inventaris-barang\\app\\Views\\permintaan_nonmedis\\page_print.php')
 3 SYSTEMPATH\View\View.php(231): CodeIgniter\View\View->CodeIgniter\View\{closure}()
 4 SYSTEMPATH\Common.php(1178): CodeIgniter\View\View->render('permintaan_nonmedis/page_print', [], true)
 5 APPPATH\Controllers\PermintaanNonMedisController.php(175): view('permintaan_nonmedis/page_print', [...])
 6 SYSTEMPATH\CodeIgniter.php(941): App\Controllers\PermintaanNonMedisController->print('permin')
 7 SYSTEMPATH\CodeIgniter.php(502): CodeIgniter\CodeIgniter->runController(Object(App\Controllers\PermintaanNonMedisController))
 8 SYSTEMPATH\CodeIgniter.php(361): CodeIgniter\CodeIgniter->handleRequest(null, Object(Config\Cache), false)
 9 FCPATH\index.php(79): CodeIgniter\CodeIgniter->run()
10 SYSTEMPATH\Commands\Server\rewrite.php(47): require_once('D:\\RSBCM\\inventaris-barang\\public\\index.php')
INFO - 2024-10-17 01:46:46 --> Session: Class initialized using 'CodeIgniter\Session\Handlers\FileHandler' driver.
INFO - 2024-10-17 01:46:59 --> Session: Class initialized using 'CodeIgniter\Session\Handlers\FileHandler' driver.
INFO - 2024-10-17 01:47:03 --> Session: Class initialized using 'CodeIgniter\Session\Handlers\FileHandler' driver.
INFO - 2024-10-17 01:52:05 --> Session: Class initialized using 'CodeIgniter\Session\Handlers\FileHandler' driver.
INFO - 2024-10-17 01:52:07 --> Session: Class initialized using 'CodeIgniter\Session\Handlers\FileHandler' driver.
INFO - 2024-10-17 01:52:51 --> Session: Class initialized using 'CodeIgniter\Session\Handlers\FileHandler' driver.
CRITICAL - 2024-10-17 01:52:51 --> ErrorException: Undefined variable $penerimaan_nonmedis_det_con
in APPPATH\Views\permintaan_nonmedis\page_print.php on line 155.
 1 APPPATH\Views\permintaan_nonmedis\page_print.php(155): CodeIgniter\Debug\Exceptions->errorHandler(2, 'Undefined variable $penerimaan_nonmedis_det_con', 'D:\\RSBCM\\inventaris-barang\\app\\Views\\permintaan_nonmedis\\page_print.php', 155)
 2 SYSTEMPATH\View\View.php(228): include('D:\\RSBCM\\inventaris-barang\\app\\Views\\permintaan_nonmedis\\page_print.php')
 3 SYSTEMPATH\View\View.php(231): CodeIgniter\View\View->CodeIgniter\View\{closure}()
 4 SYSTEMPATH\Common.php(1178): CodeIgniter\View\View->render('permintaan_nonmedis/page_print', [], true)
 5 APPPATH\Controllers\PermintaanNonMedisController.php(177): view('permintaan_nonmedis/page_print', [...])
 6 SYSTEMPATH\CodeIgniter.php(941): App\Controllers\PermintaanNonMedisController->print('permin')
 7 SYSTEMPATH\CodeIgniter.php(502): CodeIgniter\CodeIgniter->runController(Object(App\Controllers\PermintaanNonMedisController))
 8 SYSTEMPATH\CodeIgniter.php(361): CodeIgniter\CodeIgniter->handleRequest(null, Object(Config\Cache), false)
 9 FCPATH\index.php(79): CodeIgniter\CodeIgniter->run()
10 SYSTEMPATH\Commands\Server\rewrite.php(47): require_once('D:\\RSBCM\\inventaris-barang\\public\\index.php')
INFO - 2024-10-17 01:53:18 --> Session: Class initialized using 'CodeIgniter\Session\Handlers\FileHandler' driver.
CRITICAL - 2024-10-17 01:53:18 --> ErrorException: Undefined array key "nm_jenis"
in APPPATH\Views\permintaan_nonmedis\page_print.php on line 162.
 1 APPPATH\Views\permintaan_nonmedis\page_print.php(162): CodeIgniter\Debug\Exceptions->errorHandler(2, 'Undefined array key "nm_jenis"', 'D:\\RSBCM\\inventaris-barang\\app\\Views\\permintaan_nonmedis\\page_print.php', 162)
 2 SYSTEMPATH\View\View.php(228): include('D:\\RSBCM\\inventaris-barang\\app\\Views\\permintaan_nonmedis\\page_print.php')
 3 SYSTEMPATH\View\View.php(231): CodeIgniter\View\View->CodeIgniter\View\{closure}()
 4 SYSTEMPATH\Common.php(1178): CodeIgniter\View\View->render('permintaan_nonmedis/page_print', [], true)
 5 APPPATH\Controllers\PermintaanNonMedisController.php(177): view('permintaan_nonmedis/page_print', [...])
 6 SYSTEMPATH\CodeIgniter.php(941): App\Controllers\PermintaanNonMedisController->print('permin')
 7 SYSTEMPATH\CodeIgniter.php(502): CodeIgniter\CodeIgniter->runController(Object(App\Controllers\PermintaanNonMedisController))
 8 SYSTEMPATH\CodeIgniter.php(361): CodeIgniter\CodeIgniter->handleRequest(null, Object(Config\Cache), false)
 9 FCPATH\index.php(79): CodeIgniter\CodeIgniter->run()
10 SYSTEMPATH\Commands\Server\rewrite.php(47): require_once('D:\\RSBCM\\inventaris-barang\\public\\index.php')
INFO - 2024-10-17 01:54:46 --> Session: Class initialized using 'CodeIgniter\Session\Handlers\FileHandler' driver.
INFO - 2024-10-17 01:55:06 --> Session: Class initialized using 'CodeIgniter\Session\Handlers\FileHandler' driver.
INFO - 2024-10-17 01:55:09 --> Session: Class initialized using 'CodeIgniter\Session\Handlers\FileHandler' driver.
INFO - 2024-10-17 01:56:08 --> Session: Class initialized using 'CodeIgniter\Session\Handlers\FileHandler' driver.
INFO - 2024-10-17 01:59:47 --> Session: Class initialized using 'CodeIgniter\Session\Handlers\FileHandler' driver.
INFO - 2024-10-17 01:59:57 --> Session: Class initialized using 'CodeIgniter\Session\Handlers\FileHandler' driver.
INFO - 2024-10-17 02:00:05 --> Session: Class initialized using 'CodeIgniter\Session\Handlers\FileHandler' driver.
