INFO - 2024-09-25 01:19:56 --> Session: Class initialized using 'CodeIgniter\Session\Handlers\FileHandler' driver.
INFO - 2024-09-25 01:19:56 --> Session: Class initialized using 'CodeIgniter\Session\Handlers\FileHandler' driver.
INFO - 2024-09-25 01:20:04 --> Session: Class initialized using 'CodeIgniter\Session\Handlers\FileHandler' driver.
INFO - 2024-09-25 01:20:04 --> Session: Class initialized using 'CodeIgniter\Session\Handlers\FileHandler' driver.
INFO - 2024-09-25 01:25:52 --> Session: Class initialized using 'CodeIgniter\Session\Handlers\FileHandler' driver.
INFO - 2024-09-25 01:48:19 --> Session: Class initialized using 'CodeIgniter\Session\Handlers\FileHandler' driver.
INFO - 2024-09-25 01:53:50 --> Session: Class initialized using 'CodeIgniter\Session\Handlers\FileHandler' driver.
INFO - 2024-09-25 01:53:54 --> Session: Class initialized using 'CodeIgniter\Session\Handlers\FileHandler' driver.
INFO - 2024-09-25 01:54:39 --> Session: Class initialized using 'CodeIgniter\Session\Handlers\FileHandler' driver.
INFO - 2024-09-25 01:54:41 --> Session: Class initialized using 'CodeIgniter\Session\Handlers\FileHandler' driver.
INFO - 2024-09-25 01:54:42 --> Session: Class initialized using 'CodeIgniter\Session\Handlers\FileHandler' driver.
INFO - 2024-09-25 01:54:42 --> Session: Class initialized using 'CodeIgniter\Session\Handlers\FileHandler' driver.
INFO - 2024-09-25 01:54:42 --> Session: Class initialized using 'CodeIgniter\Session\Handlers\FileHandler' driver.
INFO - 2024-09-25 01:55:11 --> Session: Class initialized using 'CodeIgniter\Session\Handlers\FileHandler' driver.
INFO - 2024-09-25 01:55:27 --> Session: Class initialized using 'CodeIgniter\Session\Handlers\FileHandler' driver.
INFO - 2024-09-25 01:55:28 --> Session: Class initialized using 'CodeIgniter\Session\Handlers\FileHandler' driver.
INFO - 2024-09-25 01:55:30 --> Session: Class initialized using 'CodeIgniter\Session\Handlers\FileHandler' driver.
INFO - 2024-09-25 01:55:31 --> Session: Class initialized using 'CodeIgniter\Session\Handlers\FileHandler' driver.
INFO - 2024-09-25 01:56:04 --> Session: Class initialized using 'CodeIgniter\Session\Handlers\FileHandler' driver.
INFO - 2024-09-25 01:56:06 --> Session: Class initialized using 'CodeIgniter\Session\Handlers\FileHandler' driver.
INFO - 2024-09-25 01:56:08 --> Session: Class initialized using 'CodeIgniter\Session\Handlers\FileHandler' driver.
INFO - 2024-09-25 01:56:10 --> Session: Class initialized using 'CodeIgniter\Session\Handlers\FileHandler' driver.
INFO - 2024-09-25 02:08:08 --> Session: Class initialized using 'CodeIgniter\Session\Handlers\FileHandler' driver.
INFO - 2024-09-25 02:08:13 --> Session: Class initialized using 'CodeIgniter\Session\Handlers\FileHandler' driver.
INFO - 2024-09-25 04:55:30 --> Session: Class initialized using 'CodeIgniter\Session\Handlers\FileHandler' driver.
INFO - 2024-09-25 04:55:31 --> Session: Class initialized using 'CodeIgniter\Session\Handlers\FileHandler' driver.
INFO - 2024-09-25 04:55:39 --> Session: Class initialized using 'CodeIgniter\Session\Handlers\FileHandler' driver.
INFO - 2024-09-25 04:55:39 --> Session: Class initialized using 'CodeIgniter\Session\Handlers\FileHandler' driver.
INFO - 2024-09-25 04:55:43 --> Session: Class initialized using 'CodeIgniter\Session\Handlers\FileHandler' driver.
CRITICAL - 2024-09-25 04:55:43 --> ErrorException: Undefined variable $pembelian_inv_con
in APPPATH\Views\penerimaan_inventaris\modal_add.php on line 15.
 1 APPPATH\Views\penerimaan_inventaris\modal_add.php(15): CodeIgniter\Debug\Exceptions->errorHandler(2, 'Undefined variable $pembelian_inv_con', 'C:\\xampp\\htdocs\\inventaris-barang\\app\\Views\\penerimaan_inventaris\\modal_add.php', 15)
 2 SYSTEMPATH\View\View.php(228): include('C:\\xampp\\htdocs\\inventaris-barang\\app\\Views\\penerimaan_inventaris\\modal_add.php')
 3 SYSTEMPATH\View\View.php(231): CodeIgniter\View\View->CodeIgniter\View\{closure}()
 4 SYSTEMPATH\View\View.php(469): CodeIgniter\View\View->render('penerimaan_inventaris/modal_add', null, true)
 5 APPPATH\Views\penerimaan_inventaris\index.php(134): CodeIgniter\View\View->include('penerimaan_inventaris/modal_add')
 6 SYSTEMPATH\View\View.php(228): include('C:\\xampp\\htdocs\\inventaris-barang\\app\\Views\\penerimaan_inventaris\\index.php')
 7 SYSTEMPATH\View\View.php(231): CodeIgniter\View\View->CodeIgniter\View\{closure}()
 8 SYSTEMPATH\Common.php(1178): CodeIgniter\View\View->render('penerimaan_inventaris/index', [], true)
 9 APPPATH\Controllers\PembayaranInventarisController.php(57): view('penerimaan_inventaris/index', [...])
10 SYSTEMPATH\CodeIgniter.php(941): App\Controllers\PembayaranInventarisController->index()
11 SYSTEMPATH\CodeIgniter.php(502): CodeIgniter\CodeIgniter->runController(Object(App\Controllers\PembayaranInventarisController))
12 SYSTEMPATH\CodeIgniter.php(361): CodeIgniter\CodeIgniter->handleRequest(null, Object(Config\Cache), false)
13 FCPATH\index.php(79): CodeIgniter\CodeIgniter->run()
14 SYSTEMPATH\Commands\Server\rewrite.php(47): require_once('C:\\xampp\\htdocs\\inventaris-barang\\public\\index.php')
INFO - 2024-09-25 04:56:05 --> Session: Class initialized using 'CodeIgniter\Session\Handlers\FileHandler' driver.
CRITICAL - 2024-09-25 04:56:05 --> ErrorException: Undefined variable $pembelian_inv_con
in APPPATH\Views\penerimaan_inventaris\modal_add.php on line 15.
 1 APPPATH\Views\penerimaan_inventaris\modal_add.php(15): CodeIgniter\Debug\Exceptions->errorHandler(2, 'Undefined variable $pembelian_inv_con', 'C:\\xampp\\htdocs\\inventaris-barang\\app\\Views\\penerimaan_inventaris\\modal_add.php', 15)
 2 SYSTEMPATH\View\View.php(228): include('C:\\xampp\\htdocs\\inventaris-barang\\app\\Views\\penerimaan_inventaris\\modal_add.php')
 3 SYSTEMPATH\View\View.php(231): CodeIgniter\View\View->CodeIgniter\View\{closure}()
 4 SYSTEMPATH\View\View.php(469): CodeIgniter\View\View->render('penerimaan_inventaris/modal_add', null, true)
 5 APPPATH\Views\penerimaan_inventaris\index.php(134): CodeIgniter\View\View->include('penerimaan_inventaris/modal_add')
 6 SYSTEMPATH\View\View.php(228): include('C:\\xampp\\htdocs\\inventaris-barang\\app\\Views\\penerimaan_inventaris\\index.php')
 7 SYSTEMPATH\View\View.php(231): CodeIgniter\View\View->CodeIgniter\View\{closure}()
 8 SYSTEMPATH\Common.php(1178): CodeIgniter\View\View->render('penerimaan_inventaris/index', [], true)
 9 APPPATH\Controllers\PembayaranInventarisController.php(57): view('penerimaan_inventaris/index', [...])
10 SYSTEMPATH\CodeIgniter.php(941): App\Controllers\PembayaranInventarisController->index()
11 SYSTEMPATH\CodeIgniter.php(502): CodeIgniter\CodeIgniter->runController(Object(App\Controllers\PembayaranInventarisController))
12 SYSTEMPATH\CodeIgniter.php(361): CodeIgniter\CodeIgniter->handleRequest(null, Object(Config\Cache), false)
13 FCPATH\index.php(79): CodeIgniter\CodeIgniter->run()
14 SYSTEMPATH\Commands\Server\rewrite.php(47): require_once('C:\\xampp\\htdocs\\inventaris-barang\\public\\index.php')
INFO - 2024-09-25 04:56:08 --> Session: Class initialized using 'CodeIgniter\Session\Handlers\FileHandler' driver.
CRITICAL - 2024-09-25 04:56:08 --> ErrorException: Undefined variable $pembelian_inv_con
in APPPATH\Views\penerimaan_inventaris\modal_add.php on line 15.
 1 APPPATH\Views\penerimaan_inventaris\modal_add.php(15): CodeIgniter\Debug\Exceptions->errorHandler(2, 'Undefined variable $pembelian_inv_con', 'C:\\xampp\\htdocs\\inventaris-barang\\app\\Views\\penerimaan_inventaris\\modal_add.php', 15)
 2 SYSTEMPATH\View\View.php(228): include('C:\\xampp\\htdocs\\inventaris-barang\\app\\Views\\penerimaan_inventaris\\modal_add.php')
 3 SYSTEMPATH\View\View.php(231): CodeIgniter\View\View->CodeIgniter\View\{closure}()
 4 SYSTEMPATH\View\View.php(469): CodeIgniter\View\View->render('penerimaan_inventaris/modal_add', null, true)
 5 APPPATH\Views\penerimaan_inventaris\index.php(134): CodeIgniter\View\View->include('penerimaan_inventaris/modal_add')
 6 SYSTEMPATH\View\View.php(228): include('C:\\xampp\\htdocs\\inventaris-barang\\app\\Views\\penerimaan_inventaris\\index.php')
 7 SYSTEMPATH\View\View.php(231): CodeIgniter\View\View->CodeIgniter\View\{closure}()
 8 SYSTEMPATH\Common.php(1178): CodeIgniter\View\View->render('penerimaan_inventaris/index', [], true)
 9 APPPATH\Controllers\PembayaranInventarisController.php(57): view('penerimaan_inventaris/index', [...])
10 SYSTEMPATH\CodeIgniter.php(941): App\Controllers\PembayaranInventarisController->index()
11 SYSTEMPATH\CodeIgniter.php(502): CodeIgniter\CodeIgniter->runController(Object(App\Controllers\PembayaranInventarisController))
12 SYSTEMPATH\CodeIgniter.php(361): CodeIgniter\CodeIgniter->handleRequest(null, Object(Config\Cache), false)
13 FCPATH\index.php(79): CodeIgniter\CodeIgniter->run()
14 SYSTEMPATH\Commands\Server\rewrite.php(47): require_once('C:\\xampp\\htdocs\\inventaris-barang\\public\\index.php')
INFO - 2024-09-25 04:56:13 --> Session: Class initialized using 'CodeIgniter\Session\Handlers\FileHandler' driver.
INFO - 2024-09-25 04:56:14 --> Session: Class initialized using 'CodeIgniter\Session\Handlers\FileHandler' driver.
INFO - 2024-09-25 04:56:17 --> Session: Class initialized using 'CodeIgniter\Session\Handlers\FileHandler' driver.
CRITICAL - 2024-09-25 04:56:18 --> ErrorException: Undefined variable $pembelian_inv_con
in APPPATH\Views\penerimaan_inventaris\modal_add.php on line 15.
 1 APPPATH\Views\penerimaan_inventaris\modal_add.php(15): CodeIgniter\Debug\Exceptions->errorHandler(2, 'Undefined variable $pembelian_inv_con', 'C:\\xampp\\htdocs\\inventaris-barang\\app\\Views\\penerimaan_inventaris\\modal_add.php', 15)
 2 SYSTEMPATH\View\View.php(228): include('C:\\xampp\\htdocs\\inventaris-barang\\app\\Views\\penerimaan_inventaris\\modal_add.php')
 3 SYSTEMPATH\View\View.php(231): CodeIgniter\View\View->CodeIgniter\View\{closure}()
 4 SYSTEMPATH\View\View.php(469): CodeIgniter\View\View->render('penerimaan_inventaris/modal_add', null, true)
 5 APPPATH\Views\penerimaan_inventaris\index.php(134): CodeIgniter\View\View->include('penerimaan_inventaris/modal_add')
 6 SYSTEMPATH\View\View.php(228): include('C:\\xampp\\htdocs\\inventaris-barang\\app\\Views\\penerimaan_inventaris\\index.php')
 7 SYSTEMPATH\View\View.php(231): CodeIgniter\View\View->CodeIgniter\View\{closure}()
 8 SYSTEMPATH\Common.php(1178): CodeIgniter\View\View->render('penerimaan_inventaris/index', [], true)
 9 APPPATH\Controllers\PembayaranInventarisController.php(57): view('penerimaan_inventaris/index', [...])
10 SYSTEMPATH\CodeIgniter.php(941): App\Controllers\PembayaranInventarisController->index()
11 SYSTEMPATH\CodeIgniter.php(502): CodeIgniter\CodeIgniter->runController(Object(App\Controllers\PembayaranInventarisController))
12 SYSTEMPATH\CodeIgniter.php(361): CodeIgniter\CodeIgniter->handleRequest(null, Object(Config\Cache), false)
13 FCPATH\index.php(79): CodeIgniter\CodeIgniter->run()
14 SYSTEMPATH\Commands\Server\rewrite.php(47): require_once('C:\\xampp\\htdocs\\inventaris-barang\\public\\index.php')
INFO - 2024-09-25 04:57:31 --> Session: Class initialized using 'CodeIgniter\Session\Handlers\FileHandler' driver.
CRITICAL - 2024-09-25 04:57:31 --> ErrorException: Undefined variable $pembelian_inv_con
in APPPATH\Views\penerimaan_inventaris\modal_add.php on line 15.
 1 APPPATH\Views\penerimaan_inventaris\modal_add.php(15): CodeIgniter\Debug\Exceptions->errorHandler(2, 'Undefined variable $pembelian_inv_con', 'C:\\xampp\\htdocs\\inventaris-barang\\app\\Views\\penerimaan_inventaris\\modal_add.php', 15)
 2 SYSTEMPATH\View\View.php(228): include('C:\\xampp\\htdocs\\inventaris-barang\\app\\Views\\penerimaan_inventaris\\modal_add.php')
 3 SYSTEMPATH\View\View.php(231): CodeIgniter\View\View->CodeIgniter\View\{closure}()
 4 SYSTEMPATH\View\View.php(469): CodeIgniter\View\View->render('penerimaan_inventaris/modal_add', null, true)
 5 APPPATH\Views\penerimaan_inventaris\index.php(134): CodeIgniter\View\View->include('penerimaan_inventaris/modal_add')
 6 SYSTEMPATH\View\View.php(228): include('C:\\xampp\\htdocs\\inventaris-barang\\app\\Views\\penerimaan_inventaris\\index.php')
 7 SYSTEMPATH\View\View.php(231): CodeIgniter\View\View->CodeIgniter\View\{closure}()
 8 SYSTEMPATH\Common.php(1178): CodeIgniter\View\View->render('penerimaan_inventaris/index', [], true)
 9 APPPATH\Controllers\PembayaranInventarisController.php(57): view('penerimaan_inventaris/index', [...])
10 SYSTEMPATH\CodeIgniter.php(941): App\Controllers\PembayaranInventarisController->index()
11 SYSTEMPATH\CodeIgniter.php(502): CodeIgniter\CodeIgniter->runController(Object(App\Controllers\PembayaranInventarisController))
12 SYSTEMPATH\CodeIgniter.php(361): CodeIgniter\CodeIgniter->handleRequest(null, Object(Config\Cache), false)
13 FCPATH\index.php(79): CodeIgniter\CodeIgniter->run()
14 SYSTEMPATH\Commands\Server\rewrite.php(47): require_once('C:\\xampp\\htdocs\\inventaris-barang\\public\\index.php')
INFO - 2024-09-25 04:57:43 --> Session: Class initialized using 'CodeIgniter\Session\Handlers\FileHandler' driver.
INFO - 2024-09-25 04:57:46 --> Session: Class initialized using 'CodeIgniter\Session\Handlers\FileHandler' driver.
INFO - 2024-09-25 04:57:48 --> Session: Class initialized using 'CodeIgniter\Session\Handlers\FileHandler' driver.
CRITICAL - 2024-09-25 04:57:48 --> ErrorException: Undefined variable $pembelian_inv_con
in APPPATH\Views\penerimaan_inventaris\modal_add.php on line 15.
 1 APPPATH\Views\penerimaan_inventaris\modal_add.php(15): CodeIgniter\Debug\Exceptions->errorHandler(2, 'Undefined variable $pembelian_inv_con', 'C:\\xampp\\htdocs\\inventaris-barang\\app\\Views\\penerimaan_inventaris\\modal_add.php', 15)
 2 SYSTEMPATH\View\View.php(228): include('C:\\xampp\\htdocs\\inventaris-barang\\app\\Views\\penerimaan_inventaris\\modal_add.php')
 3 SYSTEMPATH\View\View.php(231): CodeIgniter\View\View->CodeIgniter\View\{closure}()
 4 SYSTEMPATH\View\View.php(469): CodeIgniter\View\View->render('penerimaan_inventaris/modal_add', null, true)
 5 APPPATH\Views\penerimaan_inventaris\index.php(134): CodeIgniter\View\View->include('penerimaan_inventaris/modal_add')
 6 SYSTEMPATH\View\View.php(228): include('C:\\xampp\\htdocs\\inventaris-barang\\app\\Views\\penerimaan_inventaris\\index.php')
 7 SYSTEMPATH\View\View.php(231): CodeIgniter\View\View->CodeIgniter\View\{closure}()
 8 SYSTEMPATH\Common.php(1178): CodeIgniter\View\View->render('penerimaan_inventaris/index', [], true)
 9 APPPATH\Controllers\PembayaranInventarisController.php(57): view('penerimaan_inventaris/index', [...])
10 SYSTEMPATH\CodeIgniter.php(941): App\Controllers\PembayaranInventarisController->index()
11 SYSTEMPATH\CodeIgniter.php(502): CodeIgniter\CodeIgniter->runController(Object(App\Controllers\PembayaranInventarisController))
12 SYSTEMPATH\CodeIgniter.php(361): CodeIgniter\CodeIgniter->handleRequest(null, Object(Config\Cache), false)
13 FCPATH\index.php(79): CodeIgniter\CodeIgniter->run()
14 SYSTEMPATH\Commands\Server\rewrite.php(47): require_once('C:\\xampp\\htdocs\\inventaris-barang\\public\\index.php')
INFO - 2024-09-25 04:58:38 --> Session: Class initialized using 'CodeIgniter\Session\Handlers\FileHandler' driver.
INFO - 2024-09-25 04:58:39 --> Session: Class initialized using 'CodeIgniter\Session\Handlers\FileHandler' driver.
INFO - 2024-09-25 04:58:40 --> Session: Class initialized using 'CodeIgniter\Session\Handlers\FileHandler' driver.
CRITICAL - 2024-09-25 04:58:40 --> ErrorException: Undefined variable $pembelian_inv_con
in APPPATH\Views\penerimaan_inventaris\modal_add.php on line 15.
 1 APPPATH\Views\penerimaan_inventaris\modal_add.php(15): CodeIgniter\Debug\Exceptions->errorHandler(2, 'Undefined variable $pembelian_inv_con', 'C:\\xampp\\htdocs\\inventaris-barang\\app\\Views\\penerimaan_inventaris\\modal_add.php', 15)
 2 SYSTEMPATH\View\View.php(228): include('C:\\xampp\\htdocs\\inventaris-barang\\app\\Views\\penerimaan_inventaris\\modal_add.php')
 3 SYSTEMPATH\View\View.php(231): CodeIgniter\View\View->CodeIgniter\View\{closure}()
 4 SYSTEMPATH\View\View.php(469): CodeIgniter\View\View->render('penerimaan_inventaris/modal_add', null, true)
 5 APPPATH\Views\penerimaan_inventaris\index.php(134): CodeIgniter\View\View->include('penerimaan_inventaris/modal_add')
 6 SYSTEMPATH\View\View.php(228): include('C:\\xampp\\htdocs\\inventaris-barang\\app\\Views\\penerimaan_inventaris\\index.php')
 7 SYSTEMPATH\View\View.php(231): CodeIgniter\View\View->CodeIgniter\View\{closure}()
 8 SYSTEMPATH\Common.php(1178): CodeIgniter\View\View->render('penerimaan_inventaris/index', [], true)
 9 APPPATH\Controllers\PembayaranInventarisController.php(57): view('penerimaan_inventaris/index', [...])
10 SYSTEMPATH\CodeIgniter.php(941): App\Controllers\PembayaranInventarisController->index()
11 SYSTEMPATH\CodeIgniter.php(502): CodeIgniter\CodeIgniter->runController(Object(App\Controllers\PembayaranInventarisController))
12 SYSTEMPATH\CodeIgniter.php(361): CodeIgniter\CodeIgniter->handleRequest(null, Object(Config\Cache), false)
13 FCPATH\index.php(79): CodeIgniter\CodeIgniter->run()
14 SYSTEMPATH\Commands\Server\rewrite.php(47): require_once('C:\\xampp\\htdocs\\inventaris-barang\\public\\index.php')
INFO - 2024-09-25 05:00:35 --> Session: Class initialized using 'CodeIgniter\Session\Handlers\FileHandler' driver.
CRITICAL - 2024-09-25 05:00:35 --> ErrorException: Undefined variable $pembelian_inv_con
in APPPATH\Views\penerimaan_inventaris\modal_add.php on line 15.
 1 APPPATH\Views\penerimaan_inventaris\modal_add.php(15): CodeIgniter\Debug\Exceptions->errorHandler(2, 'Undefined variable $pembelian_inv_con', 'C:\\xampp\\htdocs\\inventaris-barang\\app\\Views\\penerimaan_inventaris\\modal_add.php', 15)
 2 SYSTEMPATH\View\View.php(228): include('C:\\xampp\\htdocs\\inventaris-barang\\app\\Views\\penerimaan_inventaris\\modal_add.php')
 3 SYSTEMPATH\View\View.php(231): CodeIgniter\View\View->CodeIgniter\View\{closure}()
 4 SYSTEMPATH\View\View.php(469): CodeIgniter\View\View->render('penerimaan_inventaris/modal_add', null, true)
 5 APPPATH\Views\penerimaan_inventaris\index.php(134): CodeIgniter\View\View->include('penerimaan_inventaris/modal_add')
 6 SYSTEMPATH\View\View.php(228): include('C:\\xampp\\htdocs\\inventaris-barang\\app\\Views\\penerimaan_inventaris\\index.php')
 7 SYSTEMPATH\View\View.php(231): CodeIgniter\View\View->CodeIgniter\View\{closure}()
 8 SYSTEMPATH\Common.php(1178): CodeIgniter\View\View->render('penerimaan_inventaris/index', [], true)
 9 APPPATH\Controllers\PembayaranInventarisController.php(57): view('penerimaan_inventaris/index', [...])
10 SYSTEMPATH\CodeIgniter.php(941): App\Controllers\PembayaranInventarisController->index()
11 SYSTEMPATH\CodeIgniter.php(502): CodeIgniter\CodeIgniter->runController(Object(App\Controllers\PembayaranInventarisController))
12 SYSTEMPATH\CodeIgniter.php(361): CodeIgniter\CodeIgniter->handleRequest(null, Object(Config\Cache), false)
13 FCPATH\index.php(79): CodeIgniter\CodeIgniter->run()
14 SYSTEMPATH\Commands\Server\rewrite.php(47): require_once('C:\\xampp\\htdocs\\inventaris-barang\\public\\index.php')
INFO - 2024-09-25 05:00:36 --> Session: Class initialized using 'CodeIgniter\Session\Handlers\FileHandler' driver.
CRITICAL - 2024-09-25 05:00:36 --> ErrorException: Undefined variable $pembelian_inv_con
in APPPATH\Views\penerimaan_inventaris\modal_add.php on line 15.
 1 APPPATH\Views\penerimaan_inventaris\modal_add.php(15): CodeIgniter\Debug\Exceptions->errorHandler(2, 'Undefined variable $pembelian_inv_con', 'C:\\xampp\\htdocs\\inventaris-barang\\app\\Views\\penerimaan_inventaris\\modal_add.php', 15)
 2 SYSTEMPATH\View\View.php(228): include('C:\\xampp\\htdocs\\inventaris-barang\\app\\Views\\penerimaan_inventaris\\modal_add.php')
 3 SYSTEMPATH\View\View.php(231): CodeIgniter\View\View->CodeIgniter\View\{closure}()
 4 SYSTEMPATH\View\View.php(469): CodeIgniter\View\View->render('penerimaan_inventaris/modal_add', null, true)
 5 APPPATH\Views\penerimaan_inventaris\index.php(134): CodeIgniter\View\View->include('penerimaan_inventaris/modal_add')
 6 SYSTEMPATH\View\View.php(228): include('C:\\xampp\\htdocs\\inventaris-barang\\app\\Views\\penerimaan_inventaris\\index.php')
 7 SYSTEMPATH\View\View.php(231): CodeIgniter\View\View->CodeIgniter\View\{closure}()
 8 SYSTEMPATH\Common.php(1178): CodeIgniter\View\View->render('penerimaan_inventaris/index', [], true)
 9 APPPATH\Controllers\PembayaranInventarisController.php(57): view('penerimaan_inventaris/index', [...])
10 SYSTEMPATH\CodeIgniter.php(941): App\Controllers\PembayaranInventarisController->index()
11 SYSTEMPATH\CodeIgniter.php(502): CodeIgniter\CodeIgniter->runController(Object(App\Controllers\PembayaranInventarisController))
12 SYSTEMPATH\CodeIgniter.php(361): CodeIgniter\CodeIgniter->handleRequest(null, Object(Config\Cache), false)
13 FCPATH\index.php(79): CodeIgniter\CodeIgniter->run()
14 SYSTEMPATH\Commands\Server\rewrite.php(47): require_once('C:\\xampp\\htdocs\\inventaris-barang\\public\\index.php')
INFO - 2024-09-25 05:00:37 --> Session: Class initialized using 'CodeIgniter\Session\Handlers\FileHandler' driver.
CRITICAL - 2024-09-25 05:00:37 --> ErrorException: Undefined variable $pembelian_inv_con
in APPPATH\Views\penerimaan_inventaris\modal_add.php on line 15.
 1 APPPATH\Views\penerimaan_inventaris\modal_add.php(15): CodeIgniter\Debug\Exceptions->errorHandler(2, 'Undefined variable $pembelian_inv_con', 'C:\\xampp\\htdocs\\inventaris-barang\\app\\Views\\penerimaan_inventaris\\modal_add.php', 15)
 2 SYSTEMPATH\View\View.php(228): include('C:\\xampp\\htdocs\\inventaris-barang\\app\\Views\\penerimaan_inventaris\\modal_add.php')
 3 SYSTEMPATH\View\View.php(231): CodeIgniter\View\View->CodeIgniter\View\{closure}()
 4 SYSTEMPATH\View\View.php(469): CodeIgniter\View\View->render('penerimaan_inventaris/modal_add', null, true)
 5 APPPATH\Views\penerimaan_inventaris\index.php(134): CodeIgniter\View\View->include('penerimaan_inventaris/modal_add')
 6 SYSTEMPATH\View\View.php(228): include('C:\\xampp\\htdocs\\inventaris-barang\\app\\Views\\penerimaan_inventaris\\index.php')
 7 SYSTEMPATH\View\View.php(231): CodeIgniter\View\View->CodeIgniter\View\{closure}()
 8 SYSTEMPATH\Common.php(1178): CodeIgniter\View\View->render('penerimaan_inventaris/index', [], true)
 9 APPPATH\Controllers\PembayaranInventarisController.php(57): view('penerimaan_inventaris/index', [...])
10 SYSTEMPATH\CodeIgniter.php(941): App\Controllers\PembayaranInventarisController->index()
11 SYSTEMPATH\CodeIgniter.php(502): CodeIgniter\CodeIgniter->runController(Object(App\Controllers\PembayaranInventarisController))
12 SYSTEMPATH\CodeIgniter.php(361): CodeIgniter\CodeIgniter->handleRequest(null, Object(Config\Cache), false)
13 FCPATH\index.php(79): CodeIgniter\CodeIgniter->run()
14 SYSTEMPATH\Commands\Server\rewrite.php(47): require_once('C:\\xampp\\htdocs\\inventaris-barang\\public\\index.php')
INFO - 2024-09-25 05:00:38 --> Session: Class initialized using 'CodeIgniter\Session\Handlers\FileHandler' driver.
CRITICAL - 2024-09-25 05:00:38 --> ErrorException: Undefined variable $pembelian_inv_con
in APPPATH\Views\penerimaan_inventaris\modal_add.php on line 15.
 1 APPPATH\Views\penerimaan_inventaris\modal_add.php(15): CodeIgniter\Debug\Exceptions->errorHandler(2, 'Undefined variable $pembelian_inv_con', 'C:\\xampp\\htdocs\\inventaris-barang\\app\\Views\\penerimaan_inventaris\\modal_add.php', 15)
 2 SYSTEMPATH\View\View.php(228): include('C:\\xampp\\htdocs\\inventaris-barang\\app\\Views\\penerimaan_inventaris\\modal_add.php')
 3 SYSTEMPATH\View\View.php(231): CodeIgniter\View\View->CodeIgniter\View\{closure}()
 4 SYSTEMPATH\View\View.php(469): CodeIgniter\View\View->render('penerimaan_inventaris/modal_add', null, true)
 5 APPPATH\Views\penerimaan_inventaris\index.php(134): CodeIgniter\View\View->include('penerimaan_inventaris/modal_add')
 6 SYSTEMPATH\View\View.php(228): include('C:\\xampp\\htdocs\\inventaris-barang\\app\\Views\\penerimaan_inventaris\\index.php')
 7 SYSTEMPATH\View\View.php(231): CodeIgniter\View\View->CodeIgniter\View\{closure}()
 8 SYSTEMPATH\Common.php(1178): CodeIgniter\View\View->render('penerimaan_inventaris/index', [], true)
 9 APPPATH\Controllers\PembayaranInventarisController.php(57): view('penerimaan_inventaris/index', [...])
10 SYSTEMPATH\CodeIgniter.php(941): App\Controllers\PembayaranInventarisController->index()
11 SYSTEMPATH\CodeIgniter.php(502): CodeIgniter\CodeIgniter->runController(Object(App\Controllers\PembayaranInventarisController))
12 SYSTEMPATH\CodeIgniter.php(361): CodeIgniter\CodeIgniter->handleRequest(null, Object(Config\Cache), false)
13 FCPATH\index.php(79): CodeIgniter\CodeIgniter->run()
14 SYSTEMPATH\Commands\Server\rewrite.php(47): require_once('C:\\xampp\\htdocs\\inventaris-barang\\public\\index.php')
INFO - 2024-09-25 05:04:06 --> Session: Class initialized using 'CodeIgniter\Session\Handlers\FileHandler' driver.
CRITICAL - 2024-09-25 05:04:06 --> ErrorException: Undefined variable $penerimaan_inv_con
in APPPATH\Views\penerimaan_inventaris\index.php on line 60.
 1 APPPATH\Views\penerimaan_inventaris\index.php(60): CodeIgniter\Debug\Exceptions->errorHandler(2, 'Undefined variable $penerimaan_inv_con', 'C:\\xampp\\htdocs\\inventaris-barang\\app\\Views\\penerimaan_inventaris\\index.php', 60)
 2 SYSTEMPATH\View\View.php(228): include('C:\\xampp\\htdocs\\inventaris-barang\\app\\Views\\penerimaan_inventaris\\index.php')
 3 SYSTEMPATH\View\View.php(231): CodeIgniter\View\View->CodeIgniter\View\{closure}()
 4 SYSTEMPATH\Common.php(1178): CodeIgniter\View\View->render('penerimaan_inventaris/index', [], true)
 5 APPPATH\Controllers\PembayaranInventarisController.php(55): view('penerimaan_inventaris/index', [...])
 6 SYSTEMPATH\CodeIgniter.php(941): App\Controllers\PembayaranInventarisController->index()
 7 SYSTEMPATH\CodeIgniter.php(502): CodeIgniter\CodeIgniter->runController(Object(App\Controllers\PembayaranInventarisController))
 8 SYSTEMPATH\CodeIgniter.php(361): CodeIgniter\CodeIgniter->handleRequest(null, Object(Config\Cache), false)
 9 FCPATH\index.php(79): CodeIgniter\CodeIgniter->run()
10 SYSTEMPATH\Commands\Server\rewrite.php(47): require_once('C:\\xampp\\htdocs\\inventaris-barang\\public\\index.php')
INFO - 2024-09-25 05:04:12 --> Session: Class initialized using 'CodeIgniter\Session\Handlers\FileHandler' driver.
CRITICAL - 2024-09-25 05:04:13 --> ErrorException: Undefined variable $pembelian_inv_con
in APPPATH\Views\penerimaan_inventaris\modal_add.php on line 15.
 1 APPPATH\Views\penerimaan_inventaris\modal_add.php(15): CodeIgniter\Debug\Exceptions->errorHandler(2, 'Undefined variable $pembelian_inv_con', 'C:\\xampp\\htdocs\\inventaris-barang\\app\\Views\\penerimaan_inventaris\\modal_add.php', 15)
 2 SYSTEMPATH\View\View.php(228): include('C:\\xampp\\htdocs\\inventaris-barang\\app\\Views\\penerimaan_inventaris\\modal_add.php')
 3 SYSTEMPATH\View\View.php(231): CodeIgniter\View\View->CodeIgniter\View\{closure}()
 4 SYSTEMPATH\View\View.php(469): CodeIgniter\View\View->render('penerimaan_inventaris/modal_add', null, true)
 5 APPPATH\Views\penerimaan_inventaris\index.php(134): CodeIgniter\View\View->include('penerimaan_inventaris/modal_add')
 6 SYSTEMPATH\View\View.php(228): include('C:\\xampp\\htdocs\\inventaris-barang\\app\\Views\\penerimaan_inventaris\\index.php')
 7 SYSTEMPATH\View\View.php(231): CodeIgniter\View\View->CodeIgniter\View\{closure}()
 8 SYSTEMPATH\Common.php(1178): CodeIgniter\View\View->render('penerimaan_inventaris/index', [], true)
 9 APPPATH\Controllers\PembayaranInventarisController.php(57): view('penerimaan_inventaris/index', [...])
10 SYSTEMPATH\CodeIgniter.php(941): App\Controllers\PembayaranInventarisController->index()
11 SYSTEMPATH\CodeIgniter.php(502): CodeIgniter\CodeIgniter->runController(Object(App\Controllers\PembayaranInventarisController))
12 SYSTEMPATH\CodeIgniter.php(361): CodeIgniter\CodeIgniter->handleRequest(null, Object(Config\Cache), false)
13 FCPATH\index.php(79): CodeIgniter\CodeIgniter->run()
14 SYSTEMPATH\Commands\Server\rewrite.php(47): require_once('C:\\xampp\\htdocs\\inventaris-barang\\public\\index.php')
INFO - 2024-09-25 05:04:32 --> Session: Class initialized using 'CodeIgniter\Session\Handlers\FileHandler' driver.
INFO - 2024-09-25 05:06:37 --> Session: Class initialized using 'CodeIgniter\Session\Handlers\FileHandler' driver.
INFO - 2024-09-25 05:06:59 --> Session: Class initialized using 'CodeIgniter\Session\Handlers\FileHandler' driver.
INFO - 2024-09-25 05:07:11 --> Session: Class initialized using 'CodeIgniter\Session\Handlers\FileHandler' driver.
INFO - 2024-09-25 05:07:11 --> Session: Class initialized using 'CodeIgniter\Session\Handlers\FileHandler' driver.
INFO - 2024-09-25 05:07:11 --> Session: Class initialized using 'CodeIgniter\Session\Handlers\FileHandler' driver.
INFO - 2024-09-25 05:07:12 --> Session: Class initialized using 'CodeIgniter\Session\Handlers\FileHandler' driver.
INFO - 2024-09-25 05:07:12 --> Session: Class initialized using 'CodeIgniter\Session\Handlers\FileHandler' driver.
INFO - 2024-09-25 05:07:12 --> Session: Class initialized using 'CodeIgniter\Session\Handlers\FileHandler' driver.
INFO - 2024-09-25 05:07:12 --> Session: Class initialized using 'CodeIgniter\Session\Handlers\FileHandler' driver.
INFO - 2024-09-25 05:07:12 --> Session: Class initialized using 'CodeIgniter\Session\Handlers\FileHandler' driver.
INFO - 2024-09-25 05:07:13 --> Session: Class initialized using 'CodeIgniter\Session\Handlers\FileHandler' driver.
INFO - 2024-09-25 05:07:13 --> Session: Class initialized using 'CodeIgniter\Session\Handlers\FileHandler' driver.
INFO - 2024-09-25 05:07:13 --> Session: Class initialized using 'CodeIgniter\Session\Handlers\FileHandler' driver.
INFO - 2024-09-25 05:07:13 --> Session: Class initialized using 'CodeIgniter\Session\Handlers\FileHandler' driver.
INFO - 2024-09-25 05:07:14 --> Session: Class initialized using 'CodeIgniter\Session\Handlers\FileHandler' driver.
INFO - 2024-09-25 05:07:14 --> Session: Class initialized using 'CodeIgniter\Session\Handlers\FileHandler' driver.
INFO - 2024-09-25 05:07:14 --> Session: Class initialized using 'CodeIgniter\Session\Handlers\FileHandler' driver.
INFO - 2024-09-25 05:07:18 --> Session: Class initialized using 'CodeIgniter\Session\Handlers\FileHandler' driver.
INFO - 2024-09-25 05:07:19 --> Session: Class initialized using 'CodeIgniter\Session\Handlers\FileHandler' driver.
INFO - 2024-09-25 05:07:19 --> Session: Class initialized using 'CodeIgniter\Session\Handlers\FileHandler' driver.
INFO - 2024-09-25 05:07:23 --> Session: Class initialized using 'CodeIgniter\Session\Handlers\FileHandler' driver.
INFO - 2024-09-25 05:07:24 --> Session: Class initialized using 'CodeIgniter\Session\Handlers\FileHandler' driver.
INFO - 2024-09-25 05:07:27 --> Session: Class initialized using 'CodeIgniter\Session\Handlers\FileHandler' driver.
INFO - 2024-09-25 06:59:15 --> Session: Class initialized using 'CodeIgniter\Session\Handlers\FileHandler' driver.
INFO - 2024-09-25 06:59:17 --> Session: Class initialized using 'CodeIgniter\Session\Handlers\FileHandler' driver.
