INFO - 2024-10-26 02:36:41 --> Session: Class initialized using 'CodeIgniter\Session\Handlers\FileHandler' driver.
ERROR - 2024-10-26 02:36:53 --> Error connecting to the database: mysqli_sql_exception: No connection could be made because the target machine actively refused it in C:\xampp\htdocs\inventaris-barang\system\Database\MySQLi\Connection.php:184
Stack trace:
#0 C:\xampp\htdocs\inventaris-barang\system\Database\MySQLi\Connection.php(184): mysqli->real_connect('localhost', 'root', Object(SensitiveParameterValue), 'inventaris_bara...', 3306, '', 0)
#1 C:\xampp\htdocs\inventaris-barang\system\Database\BaseConnection.php(392): CodeIgniter\Database\MySQLi\Connection->connect(false)
#2 C:\xampp\htdocs\inventaris-barang\system\Database\BaseConnection.php(575): CodeIgniter\Database\BaseConnection->initialize()
#3 C:\xampp\htdocs\inventaris-barang\system\Database\BaseBuilder.php(1616): CodeIgniter\Database\BaseConnection->query('SELECT *\nFROM `...', Array, false)
#4 C:\xampp\htdocs\inventaris-barang\system\Model.php(270): CodeIgniter\Database\BaseBuilder->get()
#5 C:\xampp\htdocs\inventaris-barang\system\BaseModel.php(676): CodeIgniter\Model->doFirst()
#6 C:\xampp\htdocs\inventaris-barang\app\Controllers\AuthController.php(40): CodeIgniter\BaseModel->first()
#7 C:\xampp\htdocs\inventaris-barang\system\CodeIgniter.php(941): App\Controllers\AuthController->login()
#8 C:\xampp\htdocs\inventaris-barang\system\CodeIgniter.php(502): CodeIgniter\CodeIgniter->runController(Object(App\Controllers\AuthController))
#9 C:\xampp\htdocs\inventaris-barang\system\CodeIgniter.php(361): CodeIgniter\CodeIgniter->handleRequest(NULL, Object(Config\Cache), false)
#10 C:\xampp\htdocs\inventaris-barang\public\index.php(79): CodeIgniter\CodeIgniter->run()
#11 C:\xampp\htdocs\inventaris-barang\system\Commands\Server\rewrite.php(47): require_once('C:\\xampp\\htdocs...')
#12 {main}

Next CodeIgniter\Database\Exceptions\DatabaseException: No connection could be made because the target machine actively refused it in C:\xampp\htdocs\inventaris-barang\system\Database\MySQLi\Connection.php:229
Stack trace:
#0 C:\xampp\htdocs\inventaris-barang\system\Database\BaseConnection.php(392): CodeIgniter\Database\MySQLi\Connection->connect(false)
#1 C:\xampp\htdocs\inventaris-barang\system\Database\BaseConnection.php(575): CodeIgniter\Database\BaseConnection->initialize()
#2 C:\xampp\htdocs\inventaris-barang\system\Database\BaseBuilder.php(1616): CodeIgniter\Database\BaseConnection->query('SELECT *\nFROM `...', Array, false)
#3 C:\xampp\htdocs\inventaris-barang\system\Model.php(270): CodeIgniter\Database\BaseBuilder->get()
#4 C:\xampp\htdocs\inventaris-barang\system\BaseModel.php(676): CodeIgniter\Model->doFirst()
#5 C:\xampp\htdocs\inventaris-barang\app\Controllers\AuthController.php(40): CodeIgniter\BaseModel->first()
#6 C:\xampp\htdocs\inventaris-barang\system\CodeIgniter.php(941): App\Controllers\AuthController->login()
#7 C:\xampp\htdocs\inventaris-barang\system\CodeIgniter.php(502): CodeIgniter\CodeIgniter->runController(Object(App\Controllers\AuthController))
#8 C:\xampp\htdocs\inventaris-barang\system\CodeIgniter.php(361): CodeIgniter\CodeIgniter->handleRequest(NULL, Object(Config\Cache), false)
#9 C:\xampp\htdocs\inventaris-barang\public\index.php(79): CodeIgniter\CodeIgniter->run()
#10 C:\xampp\htdocs\inventaris-barang\system\Commands\Server\rewrite.php(47): require_once('C:\\xampp\\htdocs...')
#11 {main}
CRITICAL - 2024-10-26 02:36:53 --> CodeIgniter\Database\Exceptions\DatabaseException: Unable to connect to the database.
Main connection [MySQLi]: No connection could be made because the target machine actively refused it
in SYSTEMPATH\Database\BaseConnection.php on line 428.
 1 SYSTEMPATH\Database\BaseConnection.php(575): CodeIgniter\Database\BaseConnection->initialize()
 2 SYSTEMPATH\Database\BaseBuilder.php(1616): CodeIgniter\Database\BaseConnection->query('SELECT *
FROM `tb_pengguna`
WHERE `username` = :username:
 LIMIT 1', [...], false)
 3 SYSTEMPATH\Model.php(270): CodeIgniter\Database\BaseBuilder->get()
 4 SYSTEMPATH\BaseModel.php(676): CodeIgniter\Model->doFirst()
 5 APPPATH\Controllers\AuthController.php(40): CodeIgniter\BaseModel->first()
 6 SYSTEMPATH\CodeIgniter.php(941): App\Controllers\AuthController->login()
 7 SYSTEMPATH\CodeIgniter.php(502): CodeIgniter\CodeIgniter->runController(Object(App\Controllers\AuthController))
 8 SYSTEMPATH\CodeIgniter.php(361): CodeIgniter\CodeIgniter->handleRequest(null, Object(Config\Cache), false)
 9 FCPATH\index.php(79): CodeIgniter\CodeIgniter->run()
10 SYSTEMPATH\Commands\Server\rewrite.php(47): require_once('C:\\xampp\\htdocs\\inventaris-barang\\public\\index.php')
INFO - 2024-10-26 02:37:13 --> Session: Class initialized using 'CodeIgniter\Session\Handlers\FileHandler' driver.
INFO - 2024-10-26 02:37:13 --> Session: Class initialized using 'CodeIgniter\Session\Handlers\FileHandler' driver.
INFO - 2024-10-26 02:37:33 --> Session: Class initialized using 'CodeIgniter\Session\Handlers\FileHandler' driver.
INFO - 2024-10-26 02:44:58 --> Session: Class initialized using 'CodeIgniter\Session\Handlers\FileHandler' driver.
WARNING - 2024-10-26 02:44:58 --> [DEPRECATED] number_format(): Passing null to parameter #1 ($num) of type float is deprecated in APPPATH\Views\pembelian_inventaris\index.php on line 48.
 1 APPPATH\Views\pembelian_inventaris\index.php(48): number_format(null, 0, ',', '.')
 2 SYSTEMPATH\View\View.php(228): include('C:\\xampp\\htdocs\\inventaris-barang\\app\\Views\\pembelian_inventaris\\index.php')
 3 SYSTEMPATH\View\View.php(231): CodeIgniter\View\View->CodeIgniter\View\{closure}()
 4 SYSTEMPATH\Common.php(1178): CodeIgniter\View\View->render('pembelian_inventaris/index', [], true)
 5 APPPATH\Controllers\PembelianInventarisController.php(41): view('pembelian_inventaris/index', [...])
 6 SYSTEMPATH\CodeIgniter.php(941): App\Controllers\PembelianInventarisController->index()
 7 SYSTEMPATH\CodeIgniter.php(502): CodeIgniter\CodeIgniter->runController(Object(App\Controllers\PembelianInventarisController))
 8 SYSTEMPATH\CodeIgniter.php(361): CodeIgniter\CodeIgniter->handleRequest(null, Object(Config\Cache), false)
 9 FCPATH\index.php(79): CodeIgniter\CodeIgniter->run()
10 SYSTEMPATH\Commands\Server\rewrite.php(47): require_once('C:\\xampp\\htdocs\\inventaris-barang\\public\\index.php')
INFO - 2024-10-26 02:46:59 --> Session: Class initialized using 'CodeIgniter\Session\Handlers\FileHandler' driver.
INFO - 2024-10-26 02:47:00 --> Session: Class initialized using 'CodeIgniter\Session\Handlers\FileHandler' driver.
WARNING - 2024-10-26 02:47:00 --> [DEPRECATED] number_format(): Passing null to parameter #1 ($num) of type float is deprecated in APPPATH\Views\pembelian_inventaris\index.php on line 48.
 1 APPPATH\Views\pembelian_inventaris\index.php(48): number_format(null, 0, ',', '.')
 2 SYSTEMPATH\View\View.php(228): include('C:\\xampp\\htdocs\\inventaris-barang\\app\\Views\\pembelian_inventaris\\index.php')
 3 SYSTEMPATH\View\View.php(231): CodeIgniter\View\View->CodeIgniter\View\{closure}()
 4 SYSTEMPATH\Common.php(1178): CodeIgniter\View\View->render('pembelian_inventaris/index', [], true)
 5 APPPATH\Controllers\PembelianInventarisController.php(41): view('pembelian_inventaris/index', [...])
 6 SYSTEMPATH\CodeIgniter.php(941): App\Controllers\PembelianInventarisController->index()
 7 SYSTEMPATH\CodeIgniter.php(502): CodeIgniter\CodeIgniter->runController(Object(App\Controllers\PembelianInventarisController))
 8 SYSTEMPATH\CodeIgniter.php(361): CodeIgniter\CodeIgniter->handleRequest(null, Object(Config\Cache), false)
 9 FCPATH\index.php(79): CodeIgniter\CodeIgniter->run()
10 SYSTEMPATH\Commands\Server\rewrite.php(47): require_once('C:\\xampp\\htdocs\\inventaris-barang\\public\\index.php')
INFO - 2024-10-26 02:47:00 --> Session: Class initialized using 'CodeIgniter\Session\Handlers\FileHandler' driver.
INFO - 2024-10-26 02:47:00 --> Session: Class initialized using 'CodeIgniter\Session\Handlers\FileHandler' driver.
INFO - 2024-10-26 02:47:00 --> Session: Class initialized using 'CodeIgniter\Session\Handlers\FileHandler' driver.
INFO - 2024-10-26 02:47:01 --> Session: Class initialized using 'CodeIgniter\Session\Handlers\FileHandler' driver.
WARNING - 2024-10-26 02:47:01 --> [DEPRECATED] number_format(): Passing null to parameter #1 ($num) of type float is deprecated in APPPATH\Views\pembelian_inventaris\index.php on line 48.
 1 APPPATH\Views\pembelian_inventaris\index.php(48): number_format(null, 0, ',', '.')
 2 SYSTEMPATH\View\View.php(228): include('C:\\xampp\\htdocs\\inventaris-barang\\app\\Views\\pembelian_inventaris\\index.php')
 3 SYSTEMPATH\View\View.php(231): CodeIgniter\View\View->CodeIgniter\View\{closure}()
 4 SYSTEMPATH\Common.php(1178): CodeIgniter\View\View->render('pembelian_inventaris/index', [], true)
 5 APPPATH\Controllers\PembelianInventarisController.php(41): view('pembelian_inventaris/index', [...])
 6 SYSTEMPATH\CodeIgniter.php(941): App\Controllers\PembelianInventarisController->index()
 7 SYSTEMPATH\CodeIgniter.php(502): CodeIgniter\CodeIgniter->runController(Object(App\Controllers\PembelianInventarisController))
 8 SYSTEMPATH\CodeIgniter.php(361): CodeIgniter\CodeIgniter->handleRequest(null, Object(Config\Cache), false)
 9 FCPATH\index.php(79): CodeIgniter\CodeIgniter->run()
10 SYSTEMPATH\Commands\Server\rewrite.php(47): require_once('C:\\xampp\\htdocs\\inventaris-barang\\public\\index.php')
INFO - 2024-10-26 02:47:01 --> Session: Class initialized using 'CodeIgniter\Session\Handlers\FileHandler' driver.
WARNING - 2024-10-26 02:47:01 --> [DEPRECATED] number_format(): Passing null to parameter #1 ($num) of type float is deprecated in APPPATH\Views\pembelian_inventaris\index.php on line 48.
 1 APPPATH\Views\pembelian_inventaris\index.php(48): number_format(null, 0, ',', '.')
 2 SYSTEMPATH\View\View.php(228): include('C:\\xampp\\htdocs\\inventaris-barang\\app\\Views\\pembelian_inventaris\\index.php')
 3 SYSTEMPATH\View\View.php(231): CodeIgniter\View\View->CodeIgniter\View\{closure}()
 4 SYSTEMPATH\Common.php(1178): CodeIgniter\View\View->render('pembelian_inventaris/index', [], true)
 5 APPPATH\Controllers\PembelianInventarisController.php(41): view('pembelian_inventaris/index', [...])
 6 SYSTEMPATH\CodeIgniter.php(941): App\Controllers\PembelianInventarisController->index()
 7 SYSTEMPATH\CodeIgniter.php(502): CodeIgniter\CodeIgniter->runController(Object(App\Controllers\PembelianInventarisController))
 8 SYSTEMPATH\CodeIgniter.php(361): CodeIgniter\CodeIgniter->handleRequest(null, Object(Config\Cache), false)
 9 FCPATH\index.php(79): CodeIgniter\CodeIgniter->run()
10 SYSTEMPATH\Commands\Server\rewrite.php(47): require_once('C:\\xampp\\htdocs\\inventaris-barang\\public\\index.php')
INFO - 2024-10-26 02:47:01 --> Session: Class initialized using 'CodeIgniter\Session\Handlers\FileHandler' driver.
WARNING - 2024-10-26 02:47:01 --> [DEPRECATED] number_format(): Passing null to parameter #1 ($num) of type float is deprecated in APPPATH\Views\pembelian_inventaris\index.php on line 48.
 1 APPPATH\Views\pembelian_inventaris\index.php(48): number_format(null, 0, ',', '.')
 2 SYSTEMPATH\View\View.php(228): include('C:\\xampp\\htdocs\\inventaris-barang\\app\\Views\\pembelian_inventaris\\index.php')
 3 SYSTEMPATH\View\View.php(231): CodeIgniter\View\View->CodeIgniter\View\{closure}()
 4 SYSTEMPATH\Common.php(1178): CodeIgniter\View\View->render('pembelian_inventaris/index', [], true)
 5 APPPATH\Controllers\PembelianInventarisController.php(41): view('pembelian_inventaris/index', [...])
 6 SYSTEMPATH\CodeIgniter.php(941): App\Controllers\PembelianInventarisController->index()
 7 SYSTEMPATH\CodeIgniter.php(502): CodeIgniter\CodeIgniter->runController(Object(App\Controllers\PembelianInventarisController))
 8 SYSTEMPATH\CodeIgniter.php(361): CodeIgniter\CodeIgniter->handleRequest(null, Object(Config\Cache), false)
 9 FCPATH\index.php(79): CodeIgniter\CodeIgniter->run()
10 SYSTEMPATH\Commands\Server\rewrite.php(47): require_once('C:\\xampp\\htdocs\\inventaris-barang\\public\\index.php')
INFO - 2024-10-26 02:47:01 --> Session: Class initialized using 'CodeIgniter\Session\Handlers\FileHandler' driver.
WARNING - 2024-10-26 02:47:01 --> [DEPRECATED] number_format(): Passing null to parameter #1 ($num) of type float is deprecated in APPPATH\Views\pembelian_inventaris\index.php on line 48.
 1 APPPATH\Views\pembelian_inventaris\index.php(48): number_format(null, 0, ',', '.')
 2 SYSTEMPATH\View\View.php(228): include('C:\\xampp\\htdocs\\inventaris-barang\\app\\Views\\pembelian_inventaris\\index.php')
 3 SYSTEMPATH\View\View.php(231): CodeIgniter\View\View->CodeIgniter\View\{closure}()
 4 SYSTEMPATH\Common.php(1178): CodeIgniter\View\View->render('pembelian_inventaris/index', [], true)
 5 APPPATH\Controllers\PembelianInventarisController.php(41): view('pembelian_inventaris/index', [...])
 6 SYSTEMPATH\CodeIgniter.php(941): App\Controllers\PembelianInventarisController->index()
 7 SYSTEMPATH\CodeIgniter.php(502): CodeIgniter\CodeIgniter->runController(Object(App\Controllers\PembelianInventarisController))
 8 SYSTEMPATH\CodeIgniter.php(361): CodeIgniter\CodeIgniter->handleRequest(null, Object(Config\Cache), false)
 9 FCPATH\index.php(79): CodeIgniter\CodeIgniter->run()
10 SYSTEMPATH\Commands\Server\rewrite.php(47): require_once('C:\\xampp\\htdocs\\inventaris-barang\\public\\index.php')
INFO - 2024-10-26 02:47:02 --> Session: Class initialized using 'CodeIgniter\Session\Handlers\FileHandler' driver.
WARNING - 2024-10-26 02:47:02 --> [DEPRECATED] number_format(): Passing null to parameter #1 ($num) of type float is deprecated in APPPATH\Views\pembelian_inventaris\index.php on line 48.
 1 APPPATH\Views\pembelian_inventaris\index.php(48): number_format(null, 0, ',', '.')
 2 SYSTEMPATH\View\View.php(228): include('C:\\xampp\\htdocs\\inventaris-barang\\app\\Views\\pembelian_inventaris\\index.php')
 3 SYSTEMPATH\View\View.php(231): CodeIgniter\View\View->CodeIgniter\View\{closure}()
 4 SYSTEMPATH\Common.php(1178): CodeIgniter\View\View->render('pembelian_inventaris/index', [], true)
 5 APPPATH\Controllers\PembelianInventarisController.php(41): view('pembelian_inventaris/index', [...])
 6 SYSTEMPATH\CodeIgniter.php(941): App\Controllers\PembelianInventarisController->index()
 7 SYSTEMPATH\CodeIgniter.php(502): CodeIgniter\CodeIgniter->runController(Object(App\Controllers\PembelianInventarisController))
 8 SYSTEMPATH\CodeIgniter.php(361): CodeIgniter\CodeIgniter->handleRequest(null, Object(Config\Cache), false)
 9 FCPATH\index.php(79): CodeIgniter\CodeIgniter->run()
10 SYSTEMPATH\Commands\Server\rewrite.php(47): require_once('C:\\xampp\\htdocs\\inventaris-barang\\public\\index.php')
INFO - 2024-10-26 02:47:02 --> Session: Class initialized using 'CodeIgniter\Session\Handlers\FileHandler' driver.
WARNING - 2024-10-26 02:47:02 --> [DEPRECATED] number_format(): Passing null to parameter #1 ($num) of type float is deprecated in APPPATH\Views\pembelian_inventaris\index.php on line 48.
 1 APPPATH\Views\pembelian_inventaris\index.php(48): number_format(null, 0, ',', '.')
 2 SYSTEMPATH\View\View.php(228): include('C:\\xampp\\htdocs\\inventaris-barang\\app\\Views\\pembelian_inventaris\\index.php')
 3 SYSTEMPATH\View\View.php(231): CodeIgniter\View\View->CodeIgniter\View\{closure}()
 4 SYSTEMPATH\Common.php(1178): CodeIgniter\View\View->render('pembelian_inventaris/index', [], true)
 5 APPPATH\Controllers\PembelianInventarisController.php(41): view('pembelian_inventaris/index', [...])
 6 SYSTEMPATH\CodeIgniter.php(941): App\Controllers\PembelianInventarisController->index()
 7 SYSTEMPATH\CodeIgniter.php(502): CodeIgniter\CodeIgniter->runController(Object(App\Controllers\PembelianInventarisController))
 8 SYSTEMPATH\CodeIgniter.php(361): CodeIgniter\CodeIgniter->handleRequest(null, Object(Config\Cache), false)
 9 FCPATH\index.php(79): CodeIgniter\CodeIgniter->run()
10 SYSTEMPATH\Commands\Server\rewrite.php(47): require_once('C:\\xampp\\htdocs\\inventaris-barang\\public\\index.php')
INFO - 2024-10-26 02:47:02 --> Session: Class initialized using 'CodeIgniter\Session\Handlers\FileHandler' driver.
WARNING - 2024-10-26 02:47:02 --> [DEPRECATED] number_format(): Passing null to parameter #1 ($num) of type float is deprecated in APPPATH\Views\pembelian_inventaris\index.php on line 48.
 1 APPPATH\Views\pembelian_inventaris\index.php(48): number_format(null, 0, ',', '.')
 2 SYSTEMPATH\View\View.php(228): include('C:\\xampp\\htdocs\\inventaris-barang\\app\\Views\\pembelian_inventaris\\index.php')
 3 SYSTEMPATH\View\View.php(231): CodeIgniter\View\View->CodeIgniter\View\{closure}()
 4 SYSTEMPATH\Common.php(1178): CodeIgniter\View\View->render('pembelian_inventaris/index', [], true)
 5 APPPATH\Controllers\PembelianInventarisController.php(41): view('pembelian_inventaris/index', [...])
 6 SYSTEMPATH\CodeIgniter.php(941): App\Controllers\PembelianInventarisController->index()
 7 SYSTEMPATH\CodeIgniter.php(502): CodeIgniter\CodeIgniter->runController(Object(App\Controllers\PembelianInventarisController))
 8 SYSTEMPATH\CodeIgniter.php(361): CodeIgniter\CodeIgniter->handleRequest(null, Object(Config\Cache), false)
 9 FCPATH\index.php(79): CodeIgniter\CodeIgniter->run()
10 SYSTEMPATH\Commands\Server\rewrite.php(47): require_once('C:\\xampp\\htdocs\\inventaris-barang\\public\\index.php')
INFO - 2024-10-26 02:47:02 --> Session: Class initialized using 'CodeIgniter\Session\Handlers\FileHandler' driver.
WARNING - 2024-10-26 02:47:02 --> [DEPRECATED] number_format(): Passing null to parameter #1 ($num) of type float is deprecated in APPPATH\Views\pembelian_inventaris\index.php on line 48.
 1 APPPATH\Views\pembelian_inventaris\index.php(48): number_format(null, 0, ',', '.')
 2 SYSTEMPATH\View\View.php(228): include('C:\\xampp\\htdocs\\inventaris-barang\\app\\Views\\pembelian_inventaris\\index.php')
 3 SYSTEMPATH\View\View.php(231): CodeIgniter\View\View->CodeIgniter\View\{closure}()
 4 SYSTEMPATH\Common.php(1178): CodeIgniter\View\View->render('pembelian_inventaris/index', [], true)
 5 APPPATH\Controllers\PembelianInventarisController.php(41): view('pembelian_inventaris/index', [...])
 6 SYSTEMPATH\CodeIgniter.php(941): App\Controllers\PembelianInventarisController->index()
 7 SYSTEMPATH\CodeIgniter.php(502): CodeIgniter\CodeIgniter->runController(Object(App\Controllers\PembelianInventarisController))
 8 SYSTEMPATH\CodeIgniter.php(361): CodeIgniter\CodeIgniter->handleRequest(null, Object(Config\Cache), false)
 9 FCPATH\index.php(79): CodeIgniter\CodeIgniter->run()
10 SYSTEMPATH\Commands\Server\rewrite.php(47): require_once('C:\\xampp\\htdocs\\inventaris-barang\\public\\index.php')
INFO - 2024-10-26 02:47:02 --> Session: Class initialized using 'CodeIgniter\Session\Handlers\FileHandler' driver.
WARNING - 2024-10-26 02:47:02 --> [DEPRECATED] number_format(): Passing null to parameter #1 ($num) of type float is deprecated in APPPATH\Views\pembelian_inventaris\index.php on line 48.
 1 APPPATH\Views\pembelian_inventaris\index.php(48): number_format(null, 0, ',', '.')
 2 SYSTEMPATH\View\View.php(228): include('C:\\xampp\\htdocs\\inventaris-barang\\app\\Views\\pembelian_inventaris\\index.php')
 3 SYSTEMPATH\View\View.php(231): CodeIgniter\View\View->CodeIgniter\View\{closure}()
 4 SYSTEMPATH\Common.php(1178): CodeIgniter\View\View->render('pembelian_inventaris/index', [], true)
 5 APPPATH\Controllers\PembelianInventarisController.php(41): view('pembelian_inventaris/index', [...])
 6 SYSTEMPATH\CodeIgniter.php(941): App\Controllers\PembelianInventarisController->index()
 7 SYSTEMPATH\CodeIgniter.php(502): CodeIgniter\CodeIgniter->runController(Object(App\Controllers\PembelianInventarisController))
 8 SYSTEMPATH\CodeIgniter.php(361): CodeIgniter\CodeIgniter->handleRequest(null, Object(Config\Cache), false)
 9 FCPATH\index.php(79): CodeIgniter\CodeIgniter->run()
10 SYSTEMPATH\Commands\Server\rewrite.php(47): require_once('C:\\xampp\\htdocs\\inventaris-barang\\public\\index.php')
INFO - 2024-10-26 02:47:02 --> Session: Class initialized using 'CodeIgniter\Session\Handlers\FileHandler' driver.
WARNING - 2024-10-26 02:47:03 --> [DEPRECATED] number_format(): Passing null to parameter #1 ($num) of type float is deprecated in APPPATH\Views\pembelian_inventaris\index.php on line 48.
 1 APPPATH\Views\pembelian_inventaris\index.php(48): number_format(null, 0, ',', '.')
 2 SYSTEMPATH\View\View.php(228): include('C:\\xampp\\htdocs\\inventaris-barang\\app\\Views\\pembelian_inventaris\\index.php')
 3 SYSTEMPATH\View\View.php(231): CodeIgniter\View\View->CodeIgniter\View\{closure}()
 4 SYSTEMPATH\Common.php(1178): CodeIgniter\View\View->render('pembelian_inventaris/index', [], true)
 5 APPPATH\Controllers\PembelianInventarisController.php(41): view('pembelian_inventaris/index', [...])
 6 SYSTEMPATH\CodeIgniter.php(941): App\Controllers\PembelianInventarisController->index()
 7 SYSTEMPATH\CodeIgniter.php(502): CodeIgniter\CodeIgniter->runController(Object(App\Controllers\PembelianInventarisController))
 8 SYSTEMPATH\CodeIgniter.php(361): CodeIgniter\CodeIgniter->handleRequest(null, Object(Config\Cache), false)
 9 FCPATH\index.php(79): CodeIgniter\CodeIgniter->run()
10 SYSTEMPATH\Commands\Server\rewrite.php(47): require_once('C:\\xampp\\htdocs\\inventaris-barang\\public\\index.php')
INFO - 2024-10-26 02:47:03 --> Session: Class initialized using 'CodeIgniter\Session\Handlers\FileHandler' driver.
WARNING - 2024-10-26 02:47:03 --> [DEPRECATED] number_format(): Passing null to parameter #1 ($num) of type float is deprecated in APPPATH\Views\pembelian_inventaris\index.php on line 48.
 1 APPPATH\Views\pembelian_inventaris\index.php(48): number_format(null, 0, ',', '.')
 2 SYSTEMPATH\View\View.php(228): include('C:\\xampp\\htdocs\\inventaris-barang\\app\\Views\\pembelian_inventaris\\index.php')
 3 SYSTEMPATH\View\View.php(231): CodeIgniter\View\View->CodeIgniter\View\{closure}()
 4 SYSTEMPATH\Common.php(1178): CodeIgniter\View\View->render('pembelian_inventaris/index', [], true)
 5 APPPATH\Controllers\PembelianInventarisController.php(41): view('pembelian_inventaris/index', [...])
 6 SYSTEMPATH\CodeIgniter.php(941): App\Controllers\PembelianInventarisController->index()
 7 SYSTEMPATH\CodeIgniter.php(502): CodeIgniter\CodeIgniter->runController(Object(App\Controllers\PembelianInventarisController))
 8 SYSTEMPATH\CodeIgniter.php(361): CodeIgniter\CodeIgniter->handleRequest(null, Object(Config\Cache), false)
 9 FCPATH\index.php(79): CodeIgniter\CodeIgniter->run()
10 SYSTEMPATH\Commands\Server\rewrite.php(47): require_once('C:\\xampp\\htdocs\\inventaris-barang\\public\\index.php')
INFO - 2024-10-26 02:47:03 --> Session: Class initialized using 'CodeIgniter\Session\Handlers\FileHandler' driver.
WARNING - 2024-10-26 02:47:03 --> [DEPRECATED] number_format(): Passing null to parameter #1 ($num) of type float is deprecated in APPPATH\Views\pembelian_inventaris\index.php on line 48.
 1 APPPATH\Views\pembelian_inventaris\index.php(48): number_format(null, 0, ',', '.')
 2 SYSTEMPATH\View\View.php(228): include('C:\\xampp\\htdocs\\inventaris-barang\\app\\Views\\pembelian_inventaris\\index.php')
 3 SYSTEMPATH\View\View.php(231): CodeIgniter\View\View->CodeIgniter\View\{closure}()
 4 SYSTEMPATH\Common.php(1178): CodeIgniter\View\View->render('pembelian_inventaris/index', [], true)
 5 APPPATH\Controllers\PembelianInventarisController.php(41): view('pembelian_inventaris/index', [...])
 6 SYSTEMPATH\CodeIgniter.php(941): App\Controllers\PembelianInventarisController->index()
 7 SYSTEMPATH\CodeIgniter.php(502): CodeIgniter\CodeIgniter->runController(Object(App\Controllers\PembelianInventarisController))
 8 SYSTEMPATH\CodeIgniter.php(361): CodeIgniter\CodeIgniter->handleRequest(null, Object(Config\Cache), false)
 9 FCPATH\index.php(79): CodeIgniter\CodeIgniter->run()
10 SYSTEMPATH\Commands\Server\rewrite.php(47): require_once('C:\\xampp\\htdocs\\inventaris-barang\\public\\index.php')
INFO - 2024-10-26 02:47:09 --> Session: Class initialized using 'CodeIgniter\Session\Handlers\FileHandler' driver.
INFO - 2024-10-26 02:47:20 --> Session: Class initialized using 'CodeIgniter\Session\Handlers\FileHandler' driver.
INFO - 2024-10-26 02:47:24 --> Session: Class initialized using 'CodeIgniter\Session\Handlers\FileHandler' driver.
INFO - 2024-10-26 02:49:35 --> Session: Class initialized using 'CodeIgniter\Session\Handlers\FileHandler' driver.
INFO - 2024-10-26 02:53:26 --> Session: Class initialized using 'CodeIgniter\Session\Handlers\FileHandler' driver.
INFO - 2024-10-26 02:55:18 --> Session: Class initialized using 'CodeIgniter\Session\Handlers\FileHandler' driver.
INFO - 2024-10-26 02:56:01 --> Session: Class initialized using 'CodeIgniter\Session\Handlers\FileHandler' driver.
INFO - 2024-10-26 02:56:50 --> Session: Class initialized using 'CodeIgniter\Session\Handlers\FileHandler' driver.
INFO - 2024-10-26 02:56:50 --> Session: Class initialized using 'CodeIgniter\Session\Handlers\FileHandler' driver.
INFO - 2024-10-26 02:56:58 --> Session: Class initialized using 'CodeIgniter\Session\Handlers\FileHandler' driver.
INFO - 2024-10-26 02:56:59 --> Session: Class initialized using 'CodeIgniter\Session\Handlers\FileHandler' driver.
INFO - 2024-10-26 02:57:23 --> Session: Class initialized using 'CodeIgniter\Session\Handlers\FileHandler' driver.
INFO - 2024-10-26 02:58:53 --> Session: Class initialized using 'CodeIgniter\Session\Handlers\FileHandler' driver.
INFO - 2024-10-26 02:58:53 --> Session: Class initialized using 'CodeIgniter\Session\Handlers\FileHandler' driver.
INFO - 2024-10-26 03:00:28 --> Session: Class initialized using 'CodeIgniter\Session\Handlers\FileHandler' driver.
INFO - 2024-10-26 03:00:28 --> Session: Class initialized using 'CodeIgniter\Session\Handlers\FileHandler' driver.
INFO - 2024-10-26 03:00:36 --> Session: Class initialized using 'CodeIgniter\Session\Handlers\FileHandler' driver.
INFO - 2024-10-26 03:00:36 --> Session: Class initialized using 'CodeIgniter\Session\Handlers\FileHandler' driver.
INFO - 2024-10-26 03:01:04 --> Session: Class initialized using 'CodeIgniter\Session\Handlers\FileHandler' driver.
INFO - 2024-10-26 03:01:04 --> Session: Class initialized using 'CodeIgniter\Session\Handlers\FileHandler' driver.
INFO - 2024-10-26 03:03:33 --> Session: Class initialized using 'CodeIgniter\Session\Handlers\FileHandler' driver.
INFO - 2024-10-26 03:03:41 --> Session: Class initialized using 'CodeIgniter\Session\Handlers\FileHandler' driver.
INFO - 2024-10-26 03:03:41 --> Session: Class initialized using 'CodeIgniter\Session\Handlers\FileHandler' driver.
INFO - 2024-10-26 03:03:46 --> Session: Class initialized using 'CodeIgniter\Session\Handlers\FileHandler' driver.
INFO - 2024-10-26 03:03:49 --> Session: Class initialized using 'CodeIgniter\Session\Handlers\FileHandler' driver.
INFO - 2024-10-26 03:06:50 --> Session: Class initialized using 'CodeIgniter\Session\Handlers\FileHandler' driver.
INFO - 2024-10-26 03:08:44 --> Session: Class initialized using 'CodeIgniter\Session\Handlers\FileHandler' driver.
INFO - 2024-10-26 03:08:58 --> Session: Class initialized using 'CodeIgniter\Session\Handlers\FileHandler' driver.
INFO - 2024-10-26 03:09:08 --> Session: Class initialized using 'CodeIgniter\Session\Handlers\FileHandler' driver.
INFO - 2024-10-26 03:36:03 --> Session: Class initialized using 'CodeIgniter\Session\Handlers\FileHandler' driver.
INFO - 2024-10-26 03:36:08 --> Session: Class initialized using 'CodeIgniter\Session\Handlers\FileHandler' driver.
INFO - 2024-10-26 03:36:31 --> Session: Class initialized using 'CodeIgniter\Session\Handlers\FileHandler' driver.
INFO - 2024-10-26 03:47:46 --> Session: Class initialized using 'CodeIgniter\Session\Handlers\FileHandler' driver.
INFO - 2024-10-26 03:48:09 --> Session: Class initialized using 'CodeIgniter\Session\Handlers\FileHandler' driver.
INFO - 2024-10-26 03:48:11 --> Session: Class initialized using 'CodeIgniter\Session\Handlers\FileHandler' driver.
INFO - 2024-10-26 03:48:33 --> Session: Class initialized using 'CodeIgniter\Session\Handlers\FileHandler' driver.
INFO - 2024-10-26 04:25:31 --> Session: Class initialized using 'CodeIgniter\Session\Handlers\FileHandler' driver.
INFO - 2024-10-26 04:25:39 --> Session: Class initialized using 'CodeIgniter\Session\Handlers\FileHandler' driver.
INFO - 2024-10-26 04:25:41 --> Session: Class initialized using 'CodeIgniter\Session\Handlers\FileHandler' driver.
INFO - 2024-10-26 04:25:43 --> Session: Class initialized using 'CodeIgniter\Session\Handlers\FileHandler' driver.
INFO - 2024-10-26 04:26:03 --> Session: Class initialized using 'CodeIgniter\Session\Handlers\FileHandler' driver.
INFO - 2024-10-26 04:26:06 --> Session: Class initialized using 'CodeIgniter\Session\Handlers\FileHandler' driver.
