INFO - 2024-10-10 01:46:11 --> Session: Class initialized using 'CodeIgniter\Session\Handlers\FileHandler' driver.
INFO - 2024-10-10 01:46:11 --> Session: Class initialized using 'CodeIgniter\Session\Handlers\FileHandler' driver.
INFO - 2024-10-10 01:46:16 --> Session: Class initialized using 'CodeIgniter\Session\Handlers\FileHandler' driver.
INFO - 2024-10-10 01:46:17 --> Session: Class initialized using 'CodeIgniter\Session\Handlers\FileHandler' driver.
INFO - 2024-10-10 01:46:17 --> Session: Class initialized using 'CodeIgniter\Session\Handlers\FileHandler' driver.
INFO - 2024-10-10 01:46:17 --> Session: Class initialized using 'CodeIgniter\Session\Handlers\FileHandler' driver.
INFO - 2024-10-10 01:46:22 --> Session: Class initialized using 'CodeIgniter\Session\Handlers\FileHandler' driver.
INFO - 2024-10-10 01:46:22 --> Session: Class initialized using 'CodeIgniter\Session\Handlers\FileHandler' driver.
INFO - 2024-10-10 01:46:24 --> Session: Class initialized using 'CodeIgniter\Session\Handlers\FileHandler' driver.
INFO - 2024-10-10 01:46:24 --> Session: Class initialized using 'CodeIgniter\Session\Handlers\FileHandler' driver.
INFO - 2024-10-10 01:46:24 --> Session: Class initialized using 'CodeIgniter\Session\Handlers\FileHandler' driver.
INFO - 2024-10-10 01:46:25 --> Session: Class initialized using 'CodeIgniter\Session\Handlers\FileHandler' driver.
INFO - 2024-10-10 01:46:29 --> Session: Class initialized using 'CodeIgniter\Session\Handlers\FileHandler' driver.
WARNING - 2024-10-10 01:46:31 --> [DEPRECATED] number_format(): Passing null to parameter #1 ($num) of type float is deprecated in APPPATH\Views\pembelian_inventaris\index.php on line 48.
 1 APPPATH\Views\pembelian_inventaris\index.php(48): number_format(null, 0, ',', '.')
 2 SYSTEMPATH\View\View.php(228): include('C:\\xampp\\htdocs\\inventaris-barang\\app\\Views\\pembelian_inventaris\\index.php')
 3 SYSTEMPATH\View\View.php(231): CodeIgniter\View\View->CodeIgniter\View\{closure}()
 4 SYSTEMPATH\Common.php(1178): CodeIgniter\View\View->render('pembelian_inventaris/index', [], true)
 5 APPPATH\Controllers\PembelianNonMedisController.php(41): view('pembelian_inventaris/index', [...])
 6 SYSTEMPATH\CodeIgniter.php(941): App\Controllers\PembelianNonmedisController->index()
 7 SYSTEMPATH\CodeIgniter.php(502): CodeIgniter\CodeIgniter->runController(Object(App\Controllers\PembelianNonmedisController))
 8 SYSTEMPATH\CodeIgniter.php(361): CodeIgniter\CodeIgniter->handleRequest(null, Object(Config\Cache), false)
 9 FCPATH\index.php(79): CodeIgniter\CodeIgniter->run()
10 SYSTEMPATH\Commands\Server\rewrite.php(47): require_once('C:\\xampp\\htdocs\\inventaris-barang\\public\\index.php')
INFO - 2024-10-10 01:48:49 --> Session: Class initialized using 'CodeIgniter\Session\Handlers\FileHandler' driver.
ERROR - 2024-10-10 01:48:49 --> mysqli_sql_exception: Table 'sik.ipsrs_suplier' doesn't exist in C:\xampp\htdocs\inventaris-barang\system\Database\MySQLi\Connection.php:306
Stack trace:
#0 C:\xampp\htdocs\inventaris-barang\system\Database\MySQLi\Connection.php(306): mysqli->query('SELECT `ipsrspe...', 0)
#1 C:\xampp\htdocs\inventaris-barang\system\Database\BaseConnection.php(693): CodeIgniter\Database\MySQLi\Connection->execute('SELECT `ipsrspe...')
#2 C:\xampp\htdocs\inventaris-barang\system\Database\BaseConnection.php(607): CodeIgniter\Database\BaseConnection->simpleQuery('SELECT `ipsrspe...')
#3 C:\xampp\htdocs\inventaris-barang\system\Database\BaseBuilder.php(1616): CodeIgniter\Database\BaseConnection->query('SELECT `ipsrspe...', Array, false)
#4 C:\xampp\htdocs\inventaris-barang\system\Model.php(242): CodeIgniter\Database\BaseBuilder->get()
#5 C:\xampp\htdocs\inventaris-barang\system\BaseModel.php(638): CodeIgniter\Model->doFindAll(0, 0)
#6 C:\xampp\htdocs\inventaris-barang\app\Models\PembelianNonMedisModel.php(30): CodeIgniter\BaseModel->findAll()
#7 C:\xampp\htdocs\inventaris-barang\app\Controllers\PembelianNonMedisController.php(32): App\Models\PembelianNonMedisModel->getData()
#8 C:\xampp\htdocs\inventaris-barang\system\CodeIgniter.php(941): App\Controllers\PembelianNonmedisController->index()
#9 C:\xampp\htdocs\inventaris-barang\system\CodeIgniter.php(502): CodeIgniter\CodeIgniter->runController(Object(App\Controllers\PembelianNonmedisController))
#10 C:\xampp\htdocs\inventaris-barang\system\CodeIgniter.php(361): CodeIgniter\CodeIgniter->handleRequest(NULL, Object(Config\Cache), false)
#11 C:\xampp\htdocs\inventaris-barang\public\index.php(79): CodeIgniter\CodeIgniter->run()
#12 C:\xampp\htdocs\inventaris-barang\system\Commands\Server\rewrite.php(47): require_once('C:\\xampp\\htdocs...')
#13 {main}
CRITICAL - 2024-10-10 01:48:49 --> CodeIgniter\Database\Exceptions\DatabaseException: Table 'sik.ipsrs_suplier' doesn't exist
in SYSTEMPATH\Database\BaseConnection.php on line 647.
 1 SYSTEMPATH\Database\BaseBuilder.php(1616): CodeIgniter\Database\BaseConnection->query('SELECT `ipsrspembelian`.*, `petugas`.*, `ipsrs_suplier`.*, `rekening`.*, `rekening_aset`.`nm_rek` as `nm_rek_aset`
FROM `ipsrspembelian`
JOIN `petugas` ON `ipsrspembelian`.`nip` = `petugas`.`nip`
JOIN `ipsrs_suplier` ON `ipsrspembelian`.`kode_suplier` = `ipsrs_suplier`.`kode_suplier`
JOIN `rekening` ON `ipsrspembelian`.`kd_rek` = `rekening`.`kd_rek`', [], false)
 2 SYSTEMPATH\Model.php(242): CodeIgniter\Database\BaseBuilder->get()
 3 SYSTEMPATH\BaseModel.php(638): CodeIgniter\Model->doFindAll(0, 0)
 4 APPPATH\Models\PembelianNonMedisModel.php(30): CodeIgniter\BaseModel->findAll()
 5 APPPATH\Controllers\PembelianNonMedisController.php(32): App\Models\PembelianNonMedisModel->getData()
 6 SYSTEMPATH\CodeIgniter.php(941): App\Controllers\PembelianNonmedisController->index()
 7 SYSTEMPATH\CodeIgniter.php(502): CodeIgniter\CodeIgniter->runController(Object(App\Controllers\PembelianNonmedisController))
 8 SYSTEMPATH\CodeIgniter.php(361): CodeIgniter\CodeIgniter->handleRequest(null, Object(Config\Cache), false)
 9 FCPATH\index.php(79): CodeIgniter\CodeIgniter->run()
10 SYSTEMPATH\Commands\Server\rewrite.php(47): require_once('C:\\xampp\\htdocs\\inventaris-barang\\public\\index.php')
CRITICAL - 2024-10-10 01:48:49 --> [Caused by] CodeIgniter\Database\Exceptions\DatabaseException: Table 'sik.ipsrs_suplier' doesn't exist
in SYSTEMPATH\Database\MySQLi\Connection.php on line 311.
 1 SYSTEMPATH\Database\BaseConnection.php(693): CodeIgniter\Database\MySQLi\Connection->execute('SELECT `ipsrspembelian`.*, `petugas`.*, `ipsrs_suplier`.*, `rekening`.*, `rekening_aset`.`nm_rek` as `nm_rek_aset`
FROM `ipsrspembelian`
JOIN `petugas` ON `ipsrspembelian`.`nip` = `petugas`.`nip`
JOIN `ipsrs_suplier` ON `ipsrspembelian`.`kode_suplier` = `ipsrs_suplier`.`kode_suplier`
JOIN `rekening` ON `ipsrspembelian`.`kd_rek` = `rekening`.`kd_rek`')
 2 SYSTEMPATH\Database\BaseConnection.php(607): CodeIgniter\Database\BaseConnection->simpleQuery('SELECT `ipsrspembelian`.*, `petugas`.*, `ipsrs_suplier`.*, `rekening`.*, `rekening_aset`.`nm_rek` as `nm_rek_aset`
FROM `ipsrspembelian`
JOIN `petugas` ON `ipsrspembelian`.`nip` = `petugas`.`nip`
JOIN `ipsrs_suplier` ON `ipsrspembelian`.`kode_suplier` = `ipsrs_suplier`.`kode_suplier`
JOIN `rekening` ON `ipsrspembelian`.`kd_rek` = `rekening`.`kd_rek`')
 3 SYSTEMPATH\Database\BaseBuilder.php(1616): CodeIgniter\Database\BaseConnection->query('SELECT `ipsrspembelian`.*, `petugas`.*, `ipsrs_suplier`.*, `rekening`.*, `rekening_aset`.`nm_rek` as `nm_rek_aset`
FROM `ipsrspembelian`
JOIN `petugas` ON `ipsrspembelian`.`nip` = `petugas`.`nip`
JOIN `ipsrs_suplier` ON `ipsrspembelian`.`kode_suplier` = `ipsrs_suplier`.`kode_suplier`
JOIN `rekening` ON `ipsrspembelian`.`kd_rek` = `rekening`.`kd_rek`', [], false)
 4 SYSTEMPATH\Model.php(242): CodeIgniter\Database\BaseBuilder->get()
 5 SYSTEMPATH\BaseModel.php(638): CodeIgniter\Model->doFindAll(0, 0)
 6 APPPATH\Models\PembelianNonMedisModel.php(30): CodeIgniter\BaseModel->findAll()
 7 APPPATH\Controllers\PembelianNonMedisController.php(32): App\Models\PembelianNonMedisModel->getData()
 8 SYSTEMPATH\CodeIgniter.php(941): App\Controllers\PembelianNonmedisController->index()
 9 SYSTEMPATH\CodeIgniter.php(502): CodeIgniter\CodeIgniter->runController(Object(App\Controllers\PembelianNonmedisController))
10 SYSTEMPATH\CodeIgniter.php(361): CodeIgniter\CodeIgniter->handleRequest(null, Object(Config\Cache), false)
11 FCPATH\index.php(79): CodeIgniter\CodeIgniter->run()
12 SYSTEMPATH\Commands\Server\rewrite.php(47): require_once('C:\\xampp\\htdocs\\inventaris-barang\\public\\index.php')
CRITICAL - 2024-10-10 01:48:49 --> [Caused by] mysqli_sql_exception: Table 'sik.ipsrs_suplier' doesn't exist
in SYSTEMPATH\Database\MySQLi\Connection.php on line 306.
 1 SYSTEMPATH\Database\MySQLi\Connection.php(306): mysqli->query('SELECT `ipsrspembelian`.*, `petugas`.*, `ipsrs_suplier`.*, `rekening`.*, `rekening_aset`.`nm_rek` as `nm_rek_aset`
FROM `ipsrspembelian`
JOIN `petugas` ON `ipsrspembelian`.`nip` = `petugas`.`nip`
JOIN `ipsrs_suplier` ON `ipsrspembelian`.`kode_suplier` = `ipsrs_suplier`.`kode_suplier`
JOIN `rekening` ON `ipsrspembelian`.`kd_rek` = `rekening`.`kd_rek`', 0)
 2 SYSTEMPATH\Database\BaseConnection.php(693): CodeIgniter\Database\MySQLi\Connection->execute('SELECT `ipsrspembelian`.*, `petugas`.*, `ipsrs_suplier`.*, `rekening`.*, `rekening_aset`.`nm_rek` as `nm_rek_aset`
FROM `ipsrspembelian`
JOIN `petugas` ON `ipsrspembelian`.`nip` = `petugas`.`nip`
JOIN `ipsrs_suplier` ON `ipsrspembelian`.`kode_suplier` = `ipsrs_suplier`.`kode_suplier`
JOIN `rekening` ON `ipsrspembelian`.`kd_rek` = `rekening`.`kd_rek`')
 3 SYSTEMPATH\Database\BaseConnection.php(607): CodeIgniter\Database\BaseConnection->simpleQuery('SELECT `ipsrspembelian`.*, `petugas`.*, `ipsrs_suplier`.*, `rekening`.*, `rekening_aset`.`nm_rek` as `nm_rek_aset`
FROM `ipsrspembelian`
JOIN `petugas` ON `ipsrspembelian`.`nip` = `petugas`.`nip`
JOIN `ipsrs_suplier` ON `ipsrspembelian`.`kode_suplier` = `ipsrs_suplier`.`kode_suplier`
JOIN `rekening` ON `ipsrspembelian`.`kd_rek` = `rekening`.`kd_rek`')
 4 SYSTEMPATH\Database\BaseBuilder.php(1616): CodeIgniter\Database\BaseConnection->query('SELECT `ipsrspembelian`.*, `petugas`.*, `ipsrs_suplier`.*, `rekening`.*, `rekening_aset`.`nm_rek` as `nm_rek_aset`
FROM `ipsrspembelian`
JOIN `petugas` ON `ipsrspembelian`.`nip` = `petugas`.`nip`
JOIN `ipsrs_suplier` ON `ipsrspembelian`.`kode_suplier` = `ipsrs_suplier`.`kode_suplier`
JOIN `rekening` ON `ipsrspembelian`.`kd_rek` = `rekening`.`kd_rek`', [], false)
 5 SYSTEMPATH\Model.php(242): CodeIgniter\Database\BaseBuilder->get()
 6 SYSTEMPATH\BaseModel.php(638): CodeIgniter\Model->doFindAll(0, 0)
 7 APPPATH\Models\PembelianNonMedisModel.php(30): CodeIgniter\BaseModel->findAll()
 8 APPPATH\Controllers\PembelianNonMedisController.php(32): App\Models\PembelianNonMedisModel->getData()
 9 SYSTEMPATH\CodeIgniter.php(941): App\Controllers\PembelianNonmedisController->index()
10 SYSTEMPATH\CodeIgniter.php(502): CodeIgniter\CodeIgniter->runController(Object(App\Controllers\PembelianNonmedisController))
11 SYSTEMPATH\CodeIgniter.php(361): CodeIgniter\CodeIgniter->handleRequest(null, Object(Config\Cache), false)
12 FCPATH\index.php(79): CodeIgniter\CodeIgniter->run()
13 SYSTEMPATH\Commands\Server\rewrite.php(47): require_once('C:\\xampp\\htdocs\\inventaris-barang\\public\\index.php')
INFO - 2024-10-10 03:20:42 --> Session: Class initialized using 'CodeIgniter\Session\Handlers\FileHandler' driver.
INFO - 2024-10-10 05:23:23 --> Session: Class initialized using 'CodeIgniter\Session\Handlers\FileHandler' driver.
INFO - 2024-10-10 05:23:23 --> Session: Class initialized using 'CodeIgniter\Session\Handlers\FileHandler' driver.
INFO - 2024-10-10 05:23:26 --> Session: Class initialized using 'CodeIgniter\Session\Handlers\FileHandler' driver.
INFO - 2024-10-10 05:23:32 --> Session: Class initialized using 'CodeIgniter\Session\Handlers\FileHandler' driver.
INFO - 2024-10-10 05:23:32 --> Session: Class initialized using 'CodeIgniter\Session\Handlers\FileHandler' driver.
INFO - 2024-10-10 05:23:33 --> Session: Class initialized using 'CodeIgniter\Session\Handlers\FileHandler' driver.
INFO - 2024-10-10 05:23:36 --> Session: Class initialized using 'CodeIgniter\Session\Handlers\FileHandler' driver.
INFO - 2024-10-10 05:34:56 --> Session: Class initialized using 'CodeIgniter\Session\Handlers\FileHandler' driver.
INFO - 2024-10-10 05:36:39 --> Session: Class initialized using 'CodeIgniter\Session\Handlers\FileHandler' driver.
WARNING - 2024-10-10 05:36:40 --> [DEPRECATED] number_format(): Passing null to parameter #1 ($num) of type float is deprecated in APPPATH\Views\pembelian_inventaris\index.php on line 48.
 1 APPPATH\Views\pembelian_inventaris\index.php(48): number_format(null, 0, ',', '.')
 2 SYSTEMPATH\View\View.php(228): include('C:\\xampp\\htdocs\\inventaris-barang\\app\\Views\\pembelian_inventaris\\index.php')
 3 SYSTEMPATH\View\View.php(231): CodeIgniter\View\View->CodeIgniter\View\{closure}()
 4 SYSTEMPATH\Common.php(1178): CodeIgniter\View\View->render('pembelian_inventaris/index', [], true)
 5 APPPATH\Controllers\PembelianInventarisController.php(41): view('pembelian_inventaris/index', [...])
 6 SYSTEMPATH\CodeIgniter.php(941): App\Controllers\PembelianInventarisController->index()
 7 SYSTEMPATH\CodeIgniter.php(502): CodeIgniter\CodeIgniter->runController(Object(App\Controllers\PembelianInventarisController))
 8 SYSTEMPATH\CodeIgniter.php(361): CodeIgniter\CodeIgniter->handleRequest(null, Object(Config\Cache), false)
 9 FCPATH\index.php(79): CodeIgniter\CodeIgniter->run()
10 SYSTEMPATH\Commands\Server\rewrite.php(47): require_once('C:\\xampp\\htdocs\\inventaris-barang\\public\\index.php')
INFO - 2024-10-10 05:36:42 --> Session: Class initialized using 'CodeIgniter\Session\Handlers\FileHandler' driver.
INFO - 2024-10-10 06:14:52 --> Session: Class initialized using 'CodeIgniter\Session\Handlers\FileHandler' driver.
INFO - 2024-10-10 06:14:59 --> Session: Class initialized using 'CodeIgniter\Session\Handlers\FileHandler' driver.
INFO - 2024-10-10 06:14:59 --> Session: Class initialized using 'CodeIgniter\Session\Handlers\FileHandler' driver.
INFO - 2024-10-10 06:15:07 --> Session: Class initialized using 'CodeIgniter\Session\Handlers\FileHandler' driver.
INFO - 2024-10-10 06:15:09 --> Session: Class initialized using 'CodeIgniter\Session\Handlers\FileHandler' driver.
ERROR - 2024-10-10 06:15:09 --> mysqli_sql_exception: Table 'sik.ipsrs_suplier' doesn't exist in D:\RSBCM\inventaris-barang\system\Database\MySQLi\Connection.php:306
Stack trace:
#0 D:\RSBCM\inventaris-barang\system\Database\MySQLi\Connection.php(306): mysqli->query('SELECT `ipsrspe...', 0)
#1 D:\RSBCM\inventaris-barang\system\Database\BaseConnection.php(693): CodeIgniter\Database\MySQLi\Connection->execute('SELECT `ipsrspe...')
#2 D:\RSBCM\inventaris-barang\system\Database\BaseConnection.php(607): CodeIgniter\Database\BaseConnection->simpleQuery('SELECT `ipsrspe...')
#3 D:\RSBCM\inventaris-barang\system\Database\BaseBuilder.php(1616): CodeIgniter\Database\BaseConnection->query('SELECT `ipsrspe...', Array, false)
#4 D:\RSBCM\inventaris-barang\system\Model.php(242): CodeIgniter\Database\BaseBuilder->get()
#5 D:\RSBCM\inventaris-barang\system\BaseModel.php(638): CodeIgniter\Model->doFindAll(0, 0)
#6 D:\RSBCM\inventaris-barang\app\Models\PembelianNonMedisModel.php(30): CodeIgniter\BaseModel->findAll()
#7 D:\RSBCM\inventaris-barang\app\Controllers\PembelianNonMedisController.php(32): App\Models\PembelianNonMedisModel->getData()
#8 D:\RSBCM\inventaris-barang\system\CodeIgniter.php(941): App\Controllers\PembelianNonmedisController->index()
#9 D:\RSBCM\inventaris-barang\system\CodeIgniter.php(502): CodeIgniter\CodeIgniter->runController(Object(App\Controllers\PembelianNonmedisController))
#10 D:\RSBCM\inventaris-barang\system\CodeIgniter.php(361): CodeIgniter\CodeIgniter->handleRequest(NULL, Object(Config\Cache), false)
#11 D:\RSBCM\inventaris-barang\public\index.php(79): CodeIgniter\CodeIgniter->run()
#12 D:\RSBCM\inventaris-barang\system\Commands\Server\rewrite.php(47): require_once('D:\\RSBCM\\invent...')
#13 {main}
CRITICAL - 2024-10-10 06:15:09 --> CodeIgniter\Database\Exceptions\DatabaseException: Table 'sik.ipsrs_suplier' doesn't exist
in SYSTEMPATH\Database\BaseConnection.php on line 647.
 1 SYSTEMPATH\Database\BaseBuilder.php(1616): CodeIgniter\Database\BaseConnection->query('SELECT `ipsrspembelian`.*, `petugas`.*, `ipsrs_suplier`.*, `rekening`.*, `rekening_aset`.`nm_rek` as `nm_rek_aset`
FROM `ipsrspembelian`
JOIN `petugas` ON `ipsrspembelian`.`nip` = `petugas`.`nip`
JOIN `ipsrs_suplier` ON `ipsrspembelian`.`kode_suplier` = `ipsrs_suplier`.`kode_suplier`
JOIN `rekening` ON `ipsrspembelian`.`kd_rek` = `rekening`.`kd_rek`', [], false)
 2 SYSTEMPATH\Model.php(242): CodeIgniter\Database\BaseBuilder->get()
 3 SYSTEMPATH\BaseModel.php(638): CodeIgniter\Model->doFindAll(0, 0)
 4 APPPATH\Models\PembelianNonMedisModel.php(30): CodeIgniter\BaseModel->findAll()
 5 APPPATH\Controllers\PembelianNonMedisController.php(32): App\Models\PembelianNonMedisModel->getData()
 6 SYSTEMPATH\CodeIgniter.php(941): App\Controllers\PembelianNonmedisController->index()
 7 SYSTEMPATH\CodeIgniter.php(502): CodeIgniter\CodeIgniter->runController(Object(App\Controllers\PembelianNonmedisController))
 8 SYSTEMPATH\CodeIgniter.php(361): CodeIgniter\CodeIgniter->handleRequest(null, Object(Config\Cache), false)
 9 FCPATH\index.php(79): CodeIgniter\CodeIgniter->run()
10 SYSTEMPATH\Commands\Server\rewrite.php(47): require_once('D:\\RSBCM\\inventaris-barang\\public\\index.php')
CRITICAL - 2024-10-10 06:15:09 --> [Caused by] CodeIgniter\Database\Exceptions\DatabaseException: Table 'sik.ipsrs_suplier' doesn't exist
in SYSTEMPATH\Database\MySQLi\Connection.php on line 311.
 1 SYSTEMPATH\Database\BaseConnection.php(693): CodeIgniter\Database\MySQLi\Connection->execute('SELECT `ipsrspembelian`.*, `petugas`.*, `ipsrs_suplier`.*, `rekening`.*, `rekening_aset`.`nm_rek` as `nm_rek_aset`
FROM `ipsrspembelian`
JOIN `petugas` ON `ipsrspembelian`.`nip` = `petugas`.`nip`
JOIN `ipsrs_suplier` ON `ipsrspembelian`.`kode_suplier` = `ipsrs_suplier`.`kode_suplier`
JOIN `rekening` ON `ipsrspembelian`.`kd_rek` = `rekening`.`kd_rek`')
 2 SYSTEMPATH\Database\BaseConnection.php(607): CodeIgniter\Database\BaseConnection->simpleQuery('SELECT `ipsrspembelian`.*, `petugas`.*, `ipsrs_suplier`.*, `rekening`.*, `rekening_aset`.`nm_rek` as `nm_rek_aset`
FROM `ipsrspembelian`
JOIN `petugas` ON `ipsrspembelian`.`nip` = `petugas`.`nip`
JOIN `ipsrs_suplier` ON `ipsrspembelian`.`kode_suplier` = `ipsrs_suplier`.`kode_suplier`
JOIN `rekening` ON `ipsrspembelian`.`kd_rek` = `rekening`.`kd_rek`')
 3 SYSTEMPATH\Database\BaseBuilder.php(1616): CodeIgniter\Database\BaseConnection->query('SELECT `ipsrspembelian`.*, `petugas`.*, `ipsrs_suplier`.*, `rekening`.*, `rekening_aset`.`nm_rek` as `nm_rek_aset`
FROM `ipsrspembelian`
JOIN `petugas` ON `ipsrspembelian`.`nip` = `petugas`.`nip`
JOIN `ipsrs_suplier` ON `ipsrspembelian`.`kode_suplier` = `ipsrs_suplier`.`kode_suplier`
JOIN `rekening` ON `ipsrspembelian`.`kd_rek` = `rekening`.`kd_rek`', [], false)
 4 SYSTEMPATH\Model.php(242): CodeIgniter\Database\BaseBuilder->get()
 5 SYSTEMPATH\BaseModel.php(638): CodeIgniter\Model->doFindAll(0, 0)
 6 APPPATH\Models\PembelianNonMedisModel.php(30): CodeIgniter\BaseModel->findAll()
 7 APPPATH\Controllers\PembelianNonMedisController.php(32): App\Models\PembelianNonMedisModel->getData()
 8 SYSTEMPATH\CodeIgniter.php(941): App\Controllers\PembelianNonmedisController->index()
 9 SYSTEMPATH\CodeIgniter.php(502): CodeIgniter\CodeIgniter->runController(Object(App\Controllers\PembelianNonmedisController))
10 SYSTEMPATH\CodeIgniter.php(361): CodeIgniter\CodeIgniter->handleRequest(null, Object(Config\Cache), false)
11 FCPATH\index.php(79): CodeIgniter\CodeIgniter->run()
12 SYSTEMPATH\Commands\Server\rewrite.php(47): require_once('D:\\RSBCM\\inventaris-barang\\public\\index.php')
CRITICAL - 2024-10-10 06:15:09 --> [Caused by] mysqli_sql_exception: Table 'sik.ipsrs_suplier' doesn't exist
in SYSTEMPATH\Database\MySQLi\Connection.php on line 306.
 1 SYSTEMPATH\Database\MySQLi\Connection.php(306): mysqli->query('SELECT `ipsrspembelian`.*, `petugas`.*, `ipsrs_suplier`.*, `rekening`.*, `rekening_aset`.`nm_rek` as `nm_rek_aset`
FROM `ipsrspembelian`
JOIN `petugas` ON `ipsrspembelian`.`nip` = `petugas`.`nip`
JOIN `ipsrs_suplier` ON `ipsrspembelian`.`kode_suplier` = `ipsrs_suplier`.`kode_suplier`
JOIN `rekening` ON `ipsrspembelian`.`kd_rek` = `rekening`.`kd_rek`', 0)
 2 SYSTEMPATH\Database\BaseConnection.php(693): CodeIgniter\Database\MySQLi\Connection->execute('SELECT `ipsrspembelian`.*, `petugas`.*, `ipsrs_suplier`.*, `rekening`.*, `rekening_aset`.`nm_rek` as `nm_rek_aset`
FROM `ipsrspembelian`
JOIN `petugas` ON `ipsrspembelian`.`nip` = `petugas`.`nip`
JOIN `ipsrs_suplier` ON `ipsrspembelian`.`kode_suplier` = `ipsrs_suplier`.`kode_suplier`
JOIN `rekening` ON `ipsrspembelian`.`kd_rek` = `rekening`.`kd_rek`')
 3 SYSTEMPATH\Database\BaseConnection.php(607): CodeIgniter\Database\BaseConnection->simpleQuery('SELECT `ipsrspembelian`.*, `petugas`.*, `ipsrs_suplier`.*, `rekening`.*, `rekening_aset`.`nm_rek` as `nm_rek_aset`
FROM `ipsrspembelian`
JOIN `petugas` ON `ipsrspembelian`.`nip` = `petugas`.`nip`
JOIN `ipsrs_suplier` ON `ipsrspembelian`.`kode_suplier` = `ipsrs_suplier`.`kode_suplier`
JOIN `rekening` ON `ipsrspembelian`.`kd_rek` = `rekening`.`kd_rek`')
 4 SYSTEMPATH\Database\BaseBuilder.php(1616): CodeIgniter\Database\BaseConnection->query('SELECT `ipsrspembelian`.*, `petugas`.*, `ipsrs_suplier`.*, `rekening`.*, `rekening_aset`.`nm_rek` as `nm_rek_aset`
FROM `ipsrspembelian`
JOIN `petugas` ON `ipsrspembelian`.`nip` = `petugas`.`nip`
JOIN `ipsrs_suplier` ON `ipsrspembelian`.`kode_suplier` = `ipsrs_suplier`.`kode_suplier`
JOIN `rekening` ON `ipsrspembelian`.`kd_rek` = `rekening`.`kd_rek`', [], false)
 5 SYSTEMPATH\Model.php(242): CodeIgniter\Database\BaseBuilder->get()
 6 SYSTEMPATH\BaseModel.php(638): CodeIgniter\Model->doFindAll(0, 0)
 7 APPPATH\Models\PembelianNonMedisModel.php(30): CodeIgniter\BaseModel->findAll()
 8 APPPATH\Controllers\PembelianNonMedisController.php(32): App\Models\PembelianNonMedisModel->getData()
 9 SYSTEMPATH\CodeIgniter.php(941): App\Controllers\PembelianNonmedisController->index()
10 SYSTEMPATH\CodeIgniter.php(502): CodeIgniter\CodeIgniter->runController(Object(App\Controllers\PembelianNonmedisController))
11 SYSTEMPATH\CodeIgniter.php(361): CodeIgniter\CodeIgniter->handleRequest(null, Object(Config\Cache), false)
12 FCPATH\index.php(79): CodeIgniter\CodeIgniter->run()
13 SYSTEMPATH\Commands\Server\rewrite.php(47): require_once('D:\\RSBCM\\inventaris-barang\\public\\index.php')
INFO - 2024-10-10 06:15:11 --> Session: Class initialized using 'CodeIgniter\Session\Handlers\FileHandler' driver.
INFO - 2024-10-10 06:15:13 --> Session: Class initialized using 'CodeIgniter\Session\Handlers\FileHandler' driver.
INFO - 2024-10-10 06:17:39 --> Session: Class initialized using 'CodeIgniter\Session\Handlers\FileHandler' driver.
ERROR - 2024-10-10 06:17:39 --> mysqli_sql_exception: Table 'sik.ipsrs_suplier' doesn't exist in D:\RSBCM\inventaris-barang\system\Database\MySQLi\Connection.php:306
Stack trace:
#0 D:\RSBCM\inventaris-barang\system\Database\MySQLi\Connection.php(306): mysqli->query('SELECT `ipsrspe...', 0)
#1 D:\RSBCM\inventaris-barang\system\Database\BaseConnection.php(693): CodeIgniter\Database\MySQLi\Connection->execute('SELECT `ipsrspe...')
#2 D:\RSBCM\inventaris-barang\system\Database\BaseConnection.php(607): CodeIgniter\Database\BaseConnection->simpleQuery('SELECT `ipsrspe...')
#3 D:\RSBCM\inventaris-barang\system\Database\BaseBuilder.php(1616): CodeIgniter\Database\BaseConnection->query('SELECT `ipsrspe...', Array, false)
#4 D:\RSBCM\inventaris-barang\system\Model.php(242): CodeIgniter\Database\BaseBuilder->get()
#5 D:\RSBCM\inventaris-barang\system\BaseModel.php(638): CodeIgniter\Model->doFindAll(0, 0)
#6 D:\RSBCM\inventaris-barang\app\Models\PembelianNonMedisModel.php(30): CodeIgniter\BaseModel->findAll()
#7 D:\RSBCM\inventaris-barang\app\Controllers\PembelianNonMedisController.php(32): App\Models\PembelianNonMedisModel->getData()
#8 D:\RSBCM\inventaris-barang\system\CodeIgniter.php(941): App\Controllers\PembelianNonmedisController->index()
#9 D:\RSBCM\inventaris-barang\system\CodeIgniter.php(502): CodeIgniter\CodeIgniter->runController(Object(App\Controllers\PembelianNonmedisController))
#10 D:\RSBCM\inventaris-barang\system\CodeIgniter.php(361): CodeIgniter\CodeIgniter->handleRequest(NULL, Object(Config\Cache), false)
#11 D:\RSBCM\inventaris-barang\public\index.php(79): CodeIgniter\CodeIgniter->run()
#12 D:\RSBCM\inventaris-barang\system\Commands\Server\rewrite.php(47): require_once('D:\\RSBCM\\invent...')
#13 {main}
CRITICAL - 2024-10-10 06:17:39 --> CodeIgniter\Database\Exceptions\DatabaseException: Table 'sik.ipsrs_suplier' doesn't exist
in SYSTEMPATH\Database\BaseConnection.php on line 647.
 1 SYSTEMPATH\Database\BaseBuilder.php(1616): CodeIgniter\Database\BaseConnection->query('SELECT `ipsrspembelian`.*, `petugas`.*, `ipsrs_suplier`.*, `rekening`.*, `rekening_aset`.`nm_rek` as `nm_rek_aset`
FROM `ipsrspembelian`
JOIN `petugas` ON `ipsrspembelian`.`nip` = `petugas`.`nip`
JOIN `ipsrs_suplier` ON `ipsrspembelian`.`kode_suplier` = `ipsrs_suplier`.`kode_suplier`
JOIN `rekening` ON `ipsrspembelian`.`kd_rek` = `rekening`.`kd_rek`', [], false)
 2 SYSTEMPATH\Model.php(242): CodeIgniter\Database\BaseBuilder->get()
 3 SYSTEMPATH\BaseModel.php(638): CodeIgniter\Model->doFindAll(0, 0)
 4 APPPATH\Models\PembelianNonMedisModel.php(30): CodeIgniter\BaseModel->findAll()
 5 APPPATH\Controllers\PembelianNonMedisController.php(32): App\Models\PembelianNonMedisModel->getData()
 6 SYSTEMPATH\CodeIgniter.php(941): App\Controllers\PembelianNonmedisController->index()
 7 SYSTEMPATH\CodeIgniter.php(502): CodeIgniter\CodeIgniter->runController(Object(App\Controllers\PembelianNonmedisController))
 8 SYSTEMPATH\CodeIgniter.php(361): CodeIgniter\CodeIgniter->handleRequest(null, Object(Config\Cache), false)
 9 FCPATH\index.php(79): CodeIgniter\CodeIgniter->run()
10 SYSTEMPATH\Commands\Server\rewrite.php(47): require_once('D:\\RSBCM\\inventaris-barang\\public\\index.php')
CRITICAL - 2024-10-10 06:17:39 --> [Caused by] CodeIgniter\Database\Exceptions\DatabaseException: Table 'sik.ipsrs_suplier' doesn't exist
in SYSTEMPATH\Database\MySQLi\Connection.php on line 311.
 1 SYSTEMPATH\Database\BaseConnection.php(693): CodeIgniter\Database\MySQLi\Connection->execute('SELECT `ipsrspembelian`.*, `petugas`.*, `ipsrs_suplier`.*, `rekening`.*, `rekening_aset`.`nm_rek` as `nm_rek_aset`
FROM `ipsrspembelian`
JOIN `petugas` ON `ipsrspembelian`.`nip` = `petugas`.`nip`
JOIN `ipsrs_suplier` ON `ipsrspembelian`.`kode_suplier` = `ipsrs_suplier`.`kode_suplier`
JOIN `rekening` ON `ipsrspembelian`.`kd_rek` = `rekening`.`kd_rek`')
 2 SYSTEMPATH\Database\BaseConnection.php(607): CodeIgniter\Database\BaseConnection->simpleQuery('SELECT `ipsrspembelian`.*, `petugas`.*, `ipsrs_suplier`.*, `rekening`.*, `rekening_aset`.`nm_rek` as `nm_rek_aset`
FROM `ipsrspembelian`
JOIN `petugas` ON `ipsrspembelian`.`nip` = `petugas`.`nip`
JOIN `ipsrs_suplier` ON `ipsrspembelian`.`kode_suplier` = `ipsrs_suplier`.`kode_suplier`
JOIN `rekening` ON `ipsrspembelian`.`kd_rek` = `rekening`.`kd_rek`')
 3 SYSTEMPATH\Database\BaseBuilder.php(1616): CodeIgniter\Database\BaseConnection->query('SELECT `ipsrspembelian`.*, `petugas`.*, `ipsrs_suplier`.*, `rekening`.*, `rekening_aset`.`nm_rek` as `nm_rek_aset`
FROM `ipsrspembelian`
JOIN `petugas` ON `ipsrspembelian`.`nip` = `petugas`.`nip`
JOIN `ipsrs_suplier` ON `ipsrspembelian`.`kode_suplier` = `ipsrs_suplier`.`kode_suplier`
JOIN `rekening` ON `ipsrspembelian`.`kd_rek` = `rekening`.`kd_rek`', [], false)
 4 SYSTEMPATH\Model.php(242): CodeIgniter\Database\BaseBuilder->get()
 5 SYSTEMPATH\BaseModel.php(638): CodeIgniter\Model->doFindAll(0, 0)
 6 APPPATH\Models\PembelianNonMedisModel.php(30): CodeIgniter\BaseModel->findAll()
 7 APPPATH\Controllers\PembelianNonMedisController.php(32): App\Models\PembelianNonMedisModel->getData()
 8 SYSTEMPATH\CodeIgniter.php(941): App\Controllers\PembelianNonmedisController->index()
 9 SYSTEMPATH\CodeIgniter.php(502): CodeIgniter\CodeIgniter->runController(Object(App\Controllers\PembelianNonmedisController))
10 SYSTEMPATH\CodeIgniter.php(361): CodeIgniter\CodeIgniter->handleRequest(null, Object(Config\Cache), false)
11 FCPATH\index.php(79): CodeIgniter\CodeIgniter->run()
12 SYSTEMPATH\Commands\Server\rewrite.php(47): require_once('D:\\RSBCM\\inventaris-barang\\public\\index.php')
CRITICAL - 2024-10-10 06:17:39 --> [Caused by] mysqli_sql_exception: Table 'sik.ipsrs_suplier' doesn't exist
in SYSTEMPATH\Database\MySQLi\Connection.php on line 306.
 1 SYSTEMPATH\Database\MySQLi\Connection.php(306): mysqli->query('SELECT `ipsrspembelian`.*, `petugas`.*, `ipsrs_suplier`.*, `rekening`.*, `rekening_aset`.`nm_rek` as `nm_rek_aset`
FROM `ipsrspembelian`
JOIN `petugas` ON `ipsrspembelian`.`nip` = `petugas`.`nip`
JOIN `ipsrs_suplier` ON `ipsrspembelian`.`kode_suplier` = `ipsrs_suplier`.`kode_suplier`
JOIN `rekening` ON `ipsrspembelian`.`kd_rek` = `rekening`.`kd_rek`', 0)
 2 SYSTEMPATH\Database\BaseConnection.php(693): CodeIgniter\Database\MySQLi\Connection->execute('SELECT `ipsrspembelian`.*, `petugas`.*, `ipsrs_suplier`.*, `rekening`.*, `rekening_aset`.`nm_rek` as `nm_rek_aset`
FROM `ipsrspembelian`
JOIN `petugas` ON `ipsrspembelian`.`nip` = `petugas`.`nip`
JOIN `ipsrs_suplier` ON `ipsrspembelian`.`kode_suplier` = `ipsrs_suplier`.`kode_suplier`
JOIN `rekening` ON `ipsrspembelian`.`kd_rek` = `rekening`.`kd_rek`')
 3 SYSTEMPATH\Database\BaseConnection.php(607): CodeIgniter\Database\BaseConnection->simpleQuery('SELECT `ipsrspembelian`.*, `petugas`.*, `ipsrs_suplier`.*, `rekening`.*, `rekening_aset`.`nm_rek` as `nm_rek_aset`
FROM `ipsrspembelian`
JOIN `petugas` ON `ipsrspembelian`.`nip` = `petugas`.`nip`
JOIN `ipsrs_suplier` ON `ipsrspembelian`.`kode_suplier` = `ipsrs_suplier`.`kode_suplier`
JOIN `rekening` ON `ipsrspembelian`.`kd_rek` = `rekening`.`kd_rek`')
 4 SYSTEMPATH\Database\BaseBuilder.php(1616): CodeIgniter\Database\BaseConnection->query('SELECT `ipsrspembelian`.*, `petugas`.*, `ipsrs_suplier`.*, `rekening`.*, `rekening_aset`.`nm_rek` as `nm_rek_aset`
FROM `ipsrspembelian`
JOIN `petugas` ON `ipsrspembelian`.`nip` = `petugas`.`nip`
JOIN `ipsrs_suplier` ON `ipsrspembelian`.`kode_suplier` = `ipsrs_suplier`.`kode_suplier`
JOIN `rekening` ON `ipsrspembelian`.`kd_rek` = `rekening`.`kd_rek`', [], false)
 5 SYSTEMPATH\Model.php(242): CodeIgniter\Database\BaseBuilder->get()
 6 SYSTEMPATH\BaseModel.php(638): CodeIgniter\Model->doFindAll(0, 0)
 7 APPPATH\Models\PembelianNonMedisModel.php(30): CodeIgniter\BaseModel->findAll()
 8 APPPATH\Controllers\PembelianNonMedisController.php(32): App\Models\PembelianNonMedisModel->getData()
 9 SYSTEMPATH\CodeIgniter.php(941): App\Controllers\PembelianNonmedisController->index()
10 SYSTEMPATH\CodeIgniter.php(502): CodeIgniter\CodeIgniter->runController(Object(App\Controllers\PembelianNonmedisController))
11 SYSTEMPATH\CodeIgniter.php(361): CodeIgniter\CodeIgniter->handleRequest(null, Object(Config\Cache), false)
12 FCPATH\index.php(79): CodeIgniter\CodeIgniter->run()
13 SYSTEMPATH\Commands\Server\rewrite.php(47): require_once('D:\\RSBCM\\inventaris-barang\\public\\index.php')
INFO - 2024-10-10 06:17:40 --> Session: Class initialized using 'CodeIgniter\Session\Handlers\FileHandler' driver.
INFO - 2024-10-10 06:57:30 --> Session: Class initialized using 'CodeIgniter\Session\Handlers\FileHandler' driver.
INFO - 2024-10-10 06:57:31 --> Session: Class initialized using 'CodeIgniter\Session\Handlers\FileHandler' driver.
ERROR - 2024-10-10 06:57:31 --> mysqli_sql_exception: Table 'sik.ipsrs_suplier' doesn't exist in D:\RSBCM\inventaris-barang\system\Database\MySQLi\Connection.php:306
Stack trace:
#0 D:\RSBCM\inventaris-barang\system\Database\MySQLi\Connection.php(306): mysqli->query('SELECT `ipsrspe...', 0)
#1 D:\RSBCM\inventaris-barang\system\Database\BaseConnection.php(693): CodeIgniter\Database\MySQLi\Connection->execute('SELECT `ipsrspe...')
#2 D:\RSBCM\inventaris-barang\system\Database\BaseConnection.php(607): CodeIgniter\Database\BaseConnection->simpleQuery('SELECT `ipsrspe...')
#3 D:\RSBCM\inventaris-barang\system\Database\BaseBuilder.php(1616): CodeIgniter\Database\BaseConnection->query('SELECT `ipsrspe...', Array, false)
#4 D:\RSBCM\inventaris-barang\system\Model.php(242): CodeIgniter\Database\BaseBuilder->get()
#5 D:\RSBCM\inventaris-barang\system\BaseModel.php(638): CodeIgniter\Model->doFindAll(0, 0)
#6 D:\RSBCM\inventaris-barang\app\Models\PembelianNonMedisModel.php(30): CodeIgniter\BaseModel->findAll()
#7 D:\RSBCM\inventaris-barang\app\Controllers\PembelianNonMedisController.php(32): App\Models\PembelianNonMedisModel->getData()
#8 D:\RSBCM\inventaris-barang\system\CodeIgniter.php(941): App\Controllers\PembelianNonmedisController->index()
#9 D:\RSBCM\inventaris-barang\system\CodeIgniter.php(502): CodeIgniter\CodeIgniter->runController(Object(App\Controllers\PembelianNonmedisController))
#10 D:\RSBCM\inventaris-barang\system\CodeIgniter.php(361): CodeIgniter\CodeIgniter->handleRequest(NULL, Object(Config\Cache), false)
#11 D:\RSBCM\inventaris-barang\public\index.php(79): CodeIgniter\CodeIgniter->run()
#12 D:\RSBCM\inventaris-barang\system\Commands\Server\rewrite.php(47): require_once('D:\\RSBCM\\invent...')
#13 {main}
CRITICAL - 2024-10-10 06:57:31 --> CodeIgniter\Database\Exceptions\DatabaseException: Table 'sik.ipsrs_suplier' doesn't exist
in SYSTEMPATH\Database\BaseConnection.php on line 647.
 1 SYSTEMPATH\Database\BaseBuilder.php(1616): CodeIgniter\Database\BaseConnection->query('SELECT `ipsrspembelian`.*, `petugas`.*, `ipsrs_suplier`.*, `rekening`.*, `rekening_aset`.`nm_rek` as `nm_rek_aset`
FROM `ipsrspembelian`
JOIN `petugas` ON `ipsrspembelian`.`nip` = `petugas`.`nip`
JOIN `ipsrs_suplier` ON `ipsrspembelian`.`kode_suplier` = `ipsrs_suplier`.`kode_suplier`
JOIN `rekening` ON `ipsrspembelian`.`kd_rek` = `rekening`.`kd_rek`', [], false)
 2 SYSTEMPATH\Model.php(242): CodeIgniter\Database\BaseBuilder->get()
 3 SYSTEMPATH\BaseModel.php(638): CodeIgniter\Model->doFindAll(0, 0)
 4 APPPATH\Models\PembelianNonMedisModel.php(30): CodeIgniter\BaseModel->findAll()
 5 APPPATH\Controllers\PembelianNonMedisController.php(32): App\Models\PembelianNonMedisModel->getData()
 6 SYSTEMPATH\CodeIgniter.php(941): App\Controllers\PembelianNonmedisController->index()
 7 SYSTEMPATH\CodeIgniter.php(502): CodeIgniter\CodeIgniter->runController(Object(App\Controllers\PembelianNonmedisController))
 8 SYSTEMPATH\CodeIgniter.php(361): CodeIgniter\CodeIgniter->handleRequest(null, Object(Config\Cache), false)
 9 FCPATH\index.php(79): CodeIgniter\CodeIgniter->run()
10 SYSTEMPATH\Commands\Server\rewrite.php(47): require_once('D:\\RSBCM\\inventaris-barang\\public\\index.php')
CRITICAL - 2024-10-10 06:57:31 --> [Caused by] CodeIgniter\Database\Exceptions\DatabaseException: Table 'sik.ipsrs_suplier' doesn't exist
in SYSTEMPATH\Database\MySQLi\Connection.php on line 311.
 1 SYSTEMPATH\Database\BaseConnection.php(693): CodeIgniter\Database\MySQLi\Connection->execute('SELECT `ipsrspembelian`.*, `petugas`.*, `ipsrs_suplier`.*, `rekening`.*, `rekening_aset`.`nm_rek` as `nm_rek_aset`
FROM `ipsrspembelian`
JOIN `petugas` ON `ipsrspembelian`.`nip` = `petugas`.`nip`
JOIN `ipsrs_suplier` ON `ipsrspembelian`.`kode_suplier` = `ipsrs_suplier`.`kode_suplier`
JOIN `rekening` ON `ipsrspembelian`.`kd_rek` = `rekening`.`kd_rek`')
 2 SYSTEMPATH\Database\BaseConnection.php(607): CodeIgniter\Database\BaseConnection->simpleQuery('SELECT `ipsrspembelian`.*, `petugas`.*, `ipsrs_suplier`.*, `rekening`.*, `rekening_aset`.`nm_rek` as `nm_rek_aset`
FROM `ipsrspembelian`
JOIN `petugas` ON `ipsrspembelian`.`nip` = `petugas`.`nip`
JOIN `ipsrs_suplier` ON `ipsrspembelian`.`kode_suplier` = `ipsrs_suplier`.`kode_suplier`
JOIN `rekening` ON `ipsrspembelian`.`kd_rek` = `rekening`.`kd_rek`')
 3 SYSTEMPATH\Database\BaseBuilder.php(1616): CodeIgniter\Database\BaseConnection->query('SELECT `ipsrspembelian`.*, `petugas`.*, `ipsrs_suplier`.*, `rekening`.*, `rekening_aset`.`nm_rek` as `nm_rek_aset`
FROM `ipsrspembelian`
JOIN `petugas` ON `ipsrspembelian`.`nip` = `petugas`.`nip`
JOIN `ipsrs_suplier` ON `ipsrspembelian`.`kode_suplier` = `ipsrs_suplier`.`kode_suplier`
JOIN `rekening` ON `ipsrspembelian`.`kd_rek` = `rekening`.`kd_rek`', [], false)
 4 SYSTEMPATH\Model.php(242): CodeIgniter\Database\BaseBuilder->get()
 5 SYSTEMPATH\BaseModel.php(638): CodeIgniter\Model->doFindAll(0, 0)
 6 APPPATH\Models\PembelianNonMedisModel.php(30): CodeIgniter\BaseModel->findAll()
 7 APPPATH\Controllers\PembelianNonMedisController.php(32): App\Models\PembelianNonMedisModel->getData()
 8 SYSTEMPATH\CodeIgniter.php(941): App\Controllers\PembelianNonmedisController->index()
 9 SYSTEMPATH\CodeIgniter.php(502): CodeIgniter\CodeIgniter->runController(Object(App\Controllers\PembelianNonmedisController))
10 SYSTEMPATH\CodeIgniter.php(361): CodeIgniter\CodeIgniter->handleRequest(null, Object(Config\Cache), false)
11 FCPATH\index.php(79): CodeIgniter\CodeIgniter->run()
12 SYSTEMPATH\Commands\Server\rewrite.php(47): require_once('D:\\RSBCM\\inventaris-barang\\public\\index.php')
CRITICAL - 2024-10-10 06:57:31 --> [Caused by] mysqli_sql_exception: Table 'sik.ipsrs_suplier' doesn't exist
in SYSTEMPATH\Database\MySQLi\Connection.php on line 306.
 1 SYSTEMPATH\Database\MySQLi\Connection.php(306): mysqli->query('SELECT `ipsrspembelian`.*, `petugas`.*, `ipsrs_suplier`.*, `rekening`.*, `rekening_aset`.`nm_rek` as `nm_rek_aset`
FROM `ipsrspembelian`
JOIN `petugas` ON `ipsrspembelian`.`nip` = `petugas`.`nip`
JOIN `ipsrs_suplier` ON `ipsrspembelian`.`kode_suplier` = `ipsrs_suplier`.`kode_suplier`
JOIN `rekening` ON `ipsrspembelian`.`kd_rek` = `rekening`.`kd_rek`', 0)
 2 SYSTEMPATH\Database\BaseConnection.php(693): CodeIgniter\Database\MySQLi\Connection->execute('SELECT `ipsrspembelian`.*, `petugas`.*, `ipsrs_suplier`.*, `rekening`.*, `rekening_aset`.`nm_rek` as `nm_rek_aset`
FROM `ipsrspembelian`
JOIN `petugas` ON `ipsrspembelian`.`nip` = `petugas`.`nip`
JOIN `ipsrs_suplier` ON `ipsrspembelian`.`kode_suplier` = `ipsrs_suplier`.`kode_suplier`
JOIN `rekening` ON `ipsrspembelian`.`kd_rek` = `rekening`.`kd_rek`')
 3 SYSTEMPATH\Database\BaseConnection.php(607): CodeIgniter\Database\BaseConnection->simpleQuery('SELECT `ipsrspembelian`.*, `petugas`.*, `ipsrs_suplier`.*, `rekening`.*, `rekening_aset`.`nm_rek` as `nm_rek_aset`
FROM `ipsrspembelian`
JOIN `petugas` ON `ipsrspembelian`.`nip` = `petugas`.`nip`
JOIN `ipsrs_suplier` ON `ipsrspembelian`.`kode_suplier` = `ipsrs_suplier`.`kode_suplier`
JOIN `rekening` ON `ipsrspembelian`.`kd_rek` = `rekening`.`kd_rek`')
 4 SYSTEMPATH\Database\BaseBuilder.php(1616): CodeIgniter\Database\BaseConnection->query('SELECT `ipsrspembelian`.*, `petugas`.*, `ipsrs_suplier`.*, `rekening`.*, `rekening_aset`.`nm_rek` as `nm_rek_aset`
FROM `ipsrspembelian`
JOIN `petugas` ON `ipsrspembelian`.`nip` = `petugas`.`nip`
JOIN `ipsrs_suplier` ON `ipsrspembelian`.`kode_suplier` = `ipsrs_suplier`.`kode_suplier`
JOIN `rekening` ON `ipsrspembelian`.`kd_rek` = `rekening`.`kd_rek`', [], false)
 5 SYSTEMPATH\Model.php(242): CodeIgniter\Database\BaseBuilder->get()
 6 SYSTEMPATH\BaseModel.php(638): CodeIgniter\Model->doFindAll(0, 0)
 7 APPPATH\Models\PembelianNonMedisModel.php(30): CodeIgniter\BaseModel->findAll()
 8 APPPATH\Controllers\PembelianNonMedisController.php(32): App\Models\PembelianNonMedisModel->getData()
 9 SYSTEMPATH\CodeIgniter.php(941): App\Controllers\PembelianNonmedisController->index()
10 SYSTEMPATH\CodeIgniter.php(502): CodeIgniter\CodeIgniter->runController(Object(App\Controllers\PembelianNonmedisController))
11 SYSTEMPATH\CodeIgniter.php(361): CodeIgniter\CodeIgniter->handleRequest(null, Object(Config\Cache), false)
12 FCPATH\index.php(79): CodeIgniter\CodeIgniter->run()
13 SYSTEMPATH\Commands\Server\rewrite.php(47): require_once('D:\\RSBCM\\inventaris-barang\\public\\index.php')
INFO - 2024-10-10 07:00:18 --> Session: Class initialized using 'CodeIgniter\Session\Handlers\FileHandler' driver.
ERROR - 2024-10-10 07:00:18 --> mysqli_sql_exception: Unknown column 'rekening_aset.nm_rek' in 'field list' in D:\RSBCM\inventaris-barang\system\Database\MySQLi\Connection.php:306
Stack trace:
#0 D:\RSBCM\inventaris-barang\system\Database\MySQLi\Connection.php(306): mysqli->query('SELECT `ipsrspe...', 0)
#1 D:\RSBCM\inventaris-barang\system\Database\BaseConnection.php(693): CodeIgniter\Database\MySQLi\Connection->execute('SELECT `ipsrspe...')
#2 D:\RSBCM\inventaris-barang\system\Database\BaseConnection.php(607): CodeIgniter\Database\BaseConnection->simpleQuery('SELECT `ipsrspe...')
#3 D:\RSBCM\inventaris-barang\system\Database\BaseBuilder.php(1616): CodeIgniter\Database\BaseConnection->query('SELECT `ipsrspe...', Array, false)
#4 D:\RSBCM\inventaris-barang\system\Model.php(242): CodeIgniter\Database\BaseBuilder->get()
#5 D:\RSBCM\inventaris-barang\system\BaseModel.php(638): CodeIgniter\Model->doFindAll(0, 0)
#6 D:\RSBCM\inventaris-barang\app\Models\PembelianNonMedisModel.php(30): CodeIgniter\BaseModel->findAll()
#7 D:\RSBCM\inventaris-barang\app\Controllers\PembelianNonMedisController.php(32): App\Models\PembelianNonMedisModel->getData()
#8 D:\RSBCM\inventaris-barang\system\CodeIgniter.php(941): App\Controllers\PembelianNonmedisController->index()
#9 D:\RSBCM\inventaris-barang\system\CodeIgniter.php(502): CodeIgniter\CodeIgniter->runController(Object(App\Controllers\PembelianNonmedisController))
#10 D:\RSBCM\inventaris-barang\system\CodeIgniter.php(361): CodeIgniter\CodeIgniter->handleRequest(NULL, Object(Config\Cache), false)
#11 D:\RSBCM\inventaris-barang\public\index.php(79): CodeIgniter\CodeIgniter->run()
#12 D:\RSBCM\inventaris-barang\system\Commands\Server\rewrite.php(47): require_once('D:\\RSBCM\\invent...')
#13 {main}
CRITICAL - 2024-10-10 07:00:18 --> CodeIgniter\Database\Exceptions\DatabaseException: Unknown column 'rekening_aset.nm_rek' in 'field list'
in SYSTEMPATH\Database\BaseConnection.php on line 647.
 1 SYSTEMPATH\Database\BaseBuilder.php(1616): CodeIgniter\Database\BaseConnection->query('SELECT `ipsrspembelian`.*, `petugas`.*, `ipsrssuplier`.*, `rekening`.*, `rekening_aset`.`nm_rek` as `nm_rek_aset`
FROM `ipsrspembelian`
JOIN `petugas` ON `ipsrspembelian`.`nip` = `petugas`.`nip`
JOIN `ipsrssuplier` ON `ipsrspembelian`.`kode_suplier` = `ipsrssuplier`.`kode_suplier`
JOIN `rekening` ON `ipsrspembelian`.`kd_rek` = `rekening`.`kd_rek`', [], false)
 2 SYSTEMPATH\Model.php(242): CodeIgniter\Database\BaseBuilder->get()
 3 SYSTEMPATH\BaseModel.php(638): CodeIgniter\Model->doFindAll(0, 0)
 4 APPPATH\Models\PembelianNonMedisModel.php(30): CodeIgniter\BaseModel->findAll()
 5 APPPATH\Controllers\PembelianNonMedisController.php(32): App\Models\PembelianNonMedisModel->getData()
 6 SYSTEMPATH\CodeIgniter.php(941): App\Controllers\PembelianNonmedisController->index()
 7 SYSTEMPATH\CodeIgniter.php(502): CodeIgniter\CodeIgniter->runController(Object(App\Controllers\PembelianNonmedisController))
 8 SYSTEMPATH\CodeIgniter.php(361): CodeIgniter\CodeIgniter->handleRequest(null, Object(Config\Cache), false)
 9 FCPATH\index.php(79): CodeIgniter\CodeIgniter->run()
10 SYSTEMPATH\Commands\Server\rewrite.php(47): require_once('D:\\RSBCM\\inventaris-barang\\public\\index.php')
CRITICAL - 2024-10-10 07:00:18 --> [Caused by] CodeIgniter\Database\Exceptions\DatabaseException: Unknown column 'rekening_aset.nm_rek' in 'field list'
in SYSTEMPATH\Database\MySQLi\Connection.php on line 311.
 1 SYSTEMPATH\Database\BaseConnection.php(693): CodeIgniter\Database\MySQLi\Connection->execute('SELECT `ipsrspembelian`.*, `petugas`.*, `ipsrssuplier`.*, `rekening`.*, `rekening_aset`.`nm_rek` as `nm_rek_aset`
FROM `ipsrspembelian`
JOIN `petugas` ON `ipsrspembelian`.`nip` = `petugas`.`nip`
JOIN `ipsrssuplier` ON `ipsrspembelian`.`kode_suplier` = `ipsrssuplier`.`kode_suplier`
JOIN `rekening` ON `ipsrspembelian`.`kd_rek` = `rekening`.`kd_rek`')
 2 SYSTEMPATH\Database\BaseConnection.php(607): CodeIgniter\Database\BaseConnection->simpleQuery('SELECT `ipsrspembelian`.*, `petugas`.*, `ipsrssuplier`.*, `rekening`.*, `rekening_aset`.`nm_rek` as `nm_rek_aset`
FROM `ipsrspembelian`
JOIN `petugas` ON `ipsrspembelian`.`nip` = `petugas`.`nip`
JOIN `ipsrssuplier` ON `ipsrspembelian`.`kode_suplier` = `ipsrssuplier`.`kode_suplier`
JOIN `rekening` ON `ipsrspembelian`.`kd_rek` = `rekening`.`kd_rek`')
 3 SYSTEMPATH\Database\BaseBuilder.php(1616): CodeIgniter\Database\BaseConnection->query('SELECT `ipsrspembelian`.*, `petugas`.*, `ipsrssuplier`.*, `rekening`.*, `rekening_aset`.`nm_rek` as `nm_rek_aset`
FROM `ipsrspembelian`
JOIN `petugas` ON `ipsrspembelian`.`nip` = `petugas`.`nip`
JOIN `ipsrssuplier` ON `ipsrspembelian`.`kode_suplier` = `ipsrssuplier`.`kode_suplier`
JOIN `rekening` ON `ipsrspembelian`.`kd_rek` = `rekening`.`kd_rek`', [], false)
 4 SYSTEMPATH\Model.php(242): CodeIgniter\Database\BaseBuilder->get()
 5 SYSTEMPATH\BaseModel.php(638): CodeIgniter\Model->doFindAll(0, 0)
 6 APPPATH\Models\PembelianNonMedisModel.php(30): CodeIgniter\BaseModel->findAll()
 7 APPPATH\Controllers\PembelianNonMedisController.php(32): App\Models\PembelianNonMedisModel->getData()
 8 SYSTEMPATH\CodeIgniter.php(941): App\Controllers\PembelianNonmedisController->index()
 9 SYSTEMPATH\CodeIgniter.php(502): CodeIgniter\CodeIgniter->runController(Object(App\Controllers\PembelianNonmedisController))
10 SYSTEMPATH\CodeIgniter.php(361): CodeIgniter\CodeIgniter->handleRequest(null, Object(Config\Cache), false)
11 FCPATH\index.php(79): CodeIgniter\CodeIgniter->run()
12 SYSTEMPATH\Commands\Server\rewrite.php(47): require_once('D:\\RSBCM\\inventaris-barang\\public\\index.php')
CRITICAL - 2024-10-10 07:00:18 --> [Caused by] mysqli_sql_exception: Unknown column 'rekening_aset.nm_rek' in 'field list'
in SYSTEMPATH\Database\MySQLi\Connection.php on line 306.
 1 SYSTEMPATH\Database\MySQLi\Connection.php(306): mysqli->query('SELECT `ipsrspembelian`.*, `petugas`.*, `ipsrssuplier`.*, `rekening`.*, `rekening_aset`.`nm_rek` as `nm_rek_aset`
FROM `ipsrspembelian`
JOIN `petugas` ON `ipsrspembelian`.`nip` = `petugas`.`nip`
JOIN `ipsrssuplier` ON `ipsrspembelian`.`kode_suplier` = `ipsrssuplier`.`kode_suplier`
JOIN `rekening` ON `ipsrspembelian`.`kd_rek` = `rekening`.`kd_rek`', 0)
 2 SYSTEMPATH\Database\BaseConnection.php(693): CodeIgniter\Database\MySQLi\Connection->execute('SELECT `ipsrspembelian`.*, `petugas`.*, `ipsrssuplier`.*, `rekening`.*, `rekening_aset`.`nm_rek` as `nm_rek_aset`
FROM `ipsrspembelian`
JOIN `petugas` ON `ipsrspembelian`.`nip` = `petugas`.`nip`
JOIN `ipsrssuplier` ON `ipsrspembelian`.`kode_suplier` = `ipsrssuplier`.`kode_suplier`
JOIN `rekening` ON `ipsrspembelian`.`kd_rek` = `rekening`.`kd_rek`')
 3 SYSTEMPATH\Database\BaseConnection.php(607): CodeIgniter\Database\BaseConnection->simpleQuery('SELECT `ipsrspembelian`.*, `petugas`.*, `ipsrssuplier`.*, `rekening`.*, `rekening_aset`.`nm_rek` as `nm_rek_aset`
FROM `ipsrspembelian`
JOIN `petugas` ON `ipsrspembelian`.`nip` = `petugas`.`nip`
JOIN `ipsrssuplier` ON `ipsrspembelian`.`kode_suplier` = `ipsrssuplier`.`kode_suplier`
JOIN `rekening` ON `ipsrspembelian`.`kd_rek` = `rekening`.`kd_rek`')
 4 SYSTEMPATH\Database\BaseBuilder.php(1616): CodeIgniter\Database\BaseConnection->query('SELECT `ipsrspembelian`.*, `petugas`.*, `ipsrssuplier`.*, `rekening`.*, `rekening_aset`.`nm_rek` as `nm_rek_aset`
FROM `ipsrspembelian`
JOIN `petugas` ON `ipsrspembelian`.`nip` = `petugas`.`nip`
JOIN `ipsrssuplier` ON `ipsrspembelian`.`kode_suplier` = `ipsrssuplier`.`kode_suplier`
JOIN `rekening` ON `ipsrspembelian`.`kd_rek` = `rekening`.`kd_rek`', [], false)
 5 SYSTEMPATH\Model.php(242): CodeIgniter\Database\BaseBuilder->get()
 6 SYSTEMPATH\BaseModel.php(638): CodeIgniter\Model->doFindAll(0, 0)
 7 APPPATH\Models\PembelianNonMedisModel.php(30): CodeIgniter\BaseModel->findAll()
 8 APPPATH\Controllers\PembelianNonMedisController.php(32): App\Models\PembelianNonMedisModel->getData()
 9 SYSTEMPATH\CodeIgniter.php(941): App\Controllers\PembelianNonmedisController->index()
10 SYSTEMPATH\CodeIgniter.php(502): CodeIgniter\CodeIgniter->runController(Object(App\Controllers\PembelianNonmedisController))
11 SYSTEMPATH\CodeIgniter.php(361): CodeIgniter\CodeIgniter->handleRequest(null, Object(Config\Cache), false)
12 FCPATH\index.php(79): CodeIgniter\CodeIgniter->run()
13 SYSTEMPATH\Commands\Server\rewrite.php(47): require_once('D:\\RSBCM\\inventaris-barang\\public\\index.php')
INFO - 2024-10-10 07:00:42 --> Session: Class initialized using 'CodeIgniter\Session\Handlers\FileHandler' driver.
CRITICAL - 2024-10-10 07:00:42 --> ErrorException: Undefined variable $pem_inv_con
in APPPATH\Views\pembelian_inventaris\index.php on line 41.
 1 APPPATH\Views\pembelian_inventaris\index.php(41): CodeIgniter\Debug\Exceptions->errorHandler(2, 'Undefined variable $pem_inv_con', 'D:\\RSBCM\\inventaris-barang\\app\\Views\\pembelian_inventaris\\index.php', 41)
 2 SYSTEMPATH\View\View.php(228): include('D:\\RSBCM\\inventaris-barang\\app\\Views\\pembelian_inventaris\\index.php')
 3 SYSTEMPATH\View\View.php(231): CodeIgniter\View\View->CodeIgniter\View\{closure}()
 4 SYSTEMPATH\Common.php(1178): CodeIgniter\View\View->render('pembelian_inventaris/index', [], true)
 5 APPPATH\Controllers\PembelianNonMedisController.php(41): view('pembelian_inventaris/index', [...])
 6 SYSTEMPATH\CodeIgniter.php(941): App\Controllers\PembelianNonmedisController->index()
 7 SYSTEMPATH\CodeIgniter.php(502): CodeIgniter\CodeIgniter->runController(Object(App\Controllers\PembelianNonmedisController))
 8 SYSTEMPATH\CodeIgniter.php(361): CodeIgniter\CodeIgniter->handleRequest(null, Object(Config\Cache), false)
 9 FCPATH\index.php(79): CodeIgniter\CodeIgniter->run()
10 SYSTEMPATH\Commands\Server\rewrite.php(47): require_once('D:\\RSBCM\\inventaris-barang\\public\\index.php')
INFO - 2024-10-10 07:01:23 --> Session: Class initialized using 'CodeIgniter\Session\Handlers\FileHandler' driver.
CRITICAL - 2024-10-10 07:01:23 --> ErrorException: Undefined variable $pem_inv_con
in APPPATH\Views\pembelian_inventaris\index.php on line 41.
 1 APPPATH\Views\pembelian_inventaris\index.php(41): CodeIgniter\Debug\Exceptions->errorHandler(2, 'Undefined variable $pem_inv_con', 'D:\\RSBCM\\inventaris-barang\\app\\Views\\pembelian_inventaris\\index.php', 41)
 2 SYSTEMPATH\View\View.php(228): include('D:\\RSBCM\\inventaris-barang\\app\\Views\\pembelian_inventaris\\index.php')
 3 SYSTEMPATH\View\View.php(231): CodeIgniter\View\View->CodeIgniter\View\{closure}()
 4 SYSTEMPATH\Common.php(1178): CodeIgniter\View\View->render('pembelian_inventaris/index', [], true)
 5 APPPATH\Controllers\PembelianNonMedisController.php(41): view('pembelian_inventaris/index', [...])
 6 SYSTEMPATH\CodeIgniter.php(941): App\Controllers\PembelianNonmedisController->index()
 7 SYSTEMPATH\CodeIgniter.php(502): CodeIgniter\CodeIgniter->runController(Object(App\Controllers\PembelianNonmedisController))
 8 SYSTEMPATH\CodeIgniter.php(361): CodeIgniter\CodeIgniter->handleRequest(null, Object(Config\Cache), false)
 9 FCPATH\index.php(79): CodeIgniter\CodeIgniter->run()
10 SYSTEMPATH\Commands\Server\rewrite.php(47): require_once('D:\\RSBCM\\inventaris-barang\\public\\index.php')
INFO - 2024-10-10 07:01:33 --> Session: Class initialized using 'CodeIgniter\Session\Handlers\FileHandler' driver.
CRITICAL - 2024-10-10 07:01:33 --> ErrorException: Undefined variable $pem_inv_con
in APPPATH\Views\pembelian_inventaris\index.php on line 41.
 1 APPPATH\Views\pembelian_inventaris\index.php(41): CodeIgniter\Debug\Exceptions->errorHandler(2, 'Undefined variable $pem_inv_con', 'D:\\RSBCM\\inventaris-barang\\app\\Views\\pembelian_inventaris\\index.php', 41)
 2 SYSTEMPATH\View\View.php(228): include('D:\\RSBCM\\inventaris-barang\\app\\Views\\pembelian_inventaris\\index.php')
 3 SYSTEMPATH\View\View.php(231): CodeIgniter\View\View->CodeIgniter\View\{closure}()
 4 SYSTEMPATH\Common.php(1178): CodeIgniter\View\View->render('pembelian_inventaris/index', [], true)
 5 APPPATH\Controllers\PembelianNonMedisController.php(41): view('pembelian_inventaris/index', [...])
 6 SYSTEMPATH\CodeIgniter.php(941): App\Controllers\PembelianNonmedisController->index()
 7 SYSTEMPATH\CodeIgniter.php(502): CodeIgniter\CodeIgniter->runController(Object(App\Controllers\PembelianNonmedisController))
 8 SYSTEMPATH\CodeIgniter.php(361): CodeIgniter\CodeIgniter->handleRequest(null, Object(Config\Cache), false)
 9 FCPATH\index.php(79): CodeIgniter\CodeIgniter->run()
10 SYSTEMPATH\Commands\Server\rewrite.php(47): require_once('D:\\RSBCM\\inventaris-barang\\public\\index.php')
INFO - 2024-10-10 07:01:59 --> Session: Class initialized using 'CodeIgniter\Session\Handlers\FileHandler' driver.
INFO - 2024-10-10 07:04:19 --> Session: Class initialized using 'CodeIgniter\Session\Handlers\FileHandler' driver.
INFO - 2024-10-10 07:04:22 --> Session: Class initialized using 'CodeIgniter\Session\Handlers\FileHandler' driver.
INFO - 2024-10-10 07:04:24 --> Session: Class initialized using 'CodeIgniter\Session\Handlers\FileHandler' driver.
INFO - 2024-10-10 07:04:25 --> Session: Class initialized using 'CodeIgniter\Session\Handlers\FileHandler' driver.
INFO - 2024-10-10 07:04:26 --> Session: Class initialized using 'CodeIgniter\Session\Handlers\FileHandler' driver.
INFO - 2024-10-10 07:04:27 --> Session: Class initialized using 'CodeIgniter\Session\Handlers\FileHandler' driver.
INFO - 2024-10-10 07:07:57 --> Session: Class initialized using 'CodeIgniter\Session\Handlers\FileHandler' driver.
CRITICAL - 2024-10-10 07:07:57 --> ErrorException: Undefined variable $akbc
in APPPATH\Views\pembelian_nonmedis\modal_add.php on line 49.
 1 APPPATH\Views\pembelian_nonmedis\modal_add.php(49): CodeIgniter\Debug\Exceptions->errorHandler(2, 'Undefined variable $akbc', 'D:\\RSBCM\\inventaris-barang\\app\\Views\\pembelian_nonmedis\\modal_add.php', 49)
 2 SYSTEMPATH\View\View.php(228): include('D:\\RSBCM\\inventaris-barang\\app\\Views\\pembelian_nonmedis\\modal_add.php')
 3 SYSTEMPATH\View\View.php(231): CodeIgniter\View\View->CodeIgniter\View\{closure}()
 4 SYSTEMPATH\View\View.php(469): CodeIgniter\View\View->render('pembelian_nonmedis/modal_add', null, true)
 5 APPPATH\Views\pembelian_nonmedis\index.php(103): CodeIgniter\View\View->include('pembelian_nonmedis/modal_add')
 6 SYSTEMPATH\View\View.php(228): include('D:\\RSBCM\\inventaris-barang\\app\\Views\\pembelian_nonmedis\\index.php')
 7 SYSTEMPATH\View\View.php(231): CodeIgniter\View\View->CodeIgniter\View\{closure}()
 8 SYSTEMPATH\Common.php(1178): CodeIgniter\View\View->render('pembelian_nonmedis/index', [], true)
 9 APPPATH\Controllers\PembelianNonMedisController.php(39): view('pembelian_nonmedis/index', [...])
10 SYSTEMPATH\CodeIgniter.php(941): App\Controllers\PembelianNonmedisController->index()
11 SYSTEMPATH\CodeIgniter.php(502): CodeIgniter\CodeIgniter->runController(Object(App\Controllers\PembelianNonmedisController))
12 SYSTEMPATH\CodeIgniter.php(361): CodeIgniter\CodeIgniter->handleRequest(null, Object(Config\Cache), false)
13 FCPATH\index.php(79): CodeIgniter\CodeIgniter->run()
14 SYSTEMPATH\Commands\Server\rewrite.php(47): require_once('D:\\RSBCM\\inventaris-barang\\public\\index.php')
INFO - 2024-10-10 07:09:13 --> Session: Class initialized using 'CodeIgniter\Session\Handlers\FileHandler' driver.
CRITICAL - 2024-10-10 07:09:13 --> ErrorException: Undefined array key "kode_barang"
in APPPATH\Views\pembelian_nonmedis\modal_add.php on line 90.
 1 APPPATH\Views\pembelian_nonmedis\modal_add.php(90): CodeIgniter\Debug\Exceptions->errorHandler(2, 'Undefined array key "kode_barang"', 'D:\\RSBCM\\inventaris-barang\\app\\Views\\pembelian_nonmedis\\modal_add.php', 90)
 2 SYSTEMPATH\View\View.php(228): include('D:\\RSBCM\\inventaris-barang\\app\\Views\\pembelian_nonmedis\\modal_add.php')
 3 SYSTEMPATH\View\View.php(231): CodeIgniter\View\View->CodeIgniter\View\{closure}()
 4 SYSTEMPATH\View\View.php(469): CodeIgniter\View\View->render('pembelian_nonmedis/modal_add', null, true)
 5 APPPATH\Views\pembelian_nonmedis\index.php(103): CodeIgniter\View\View->include('pembelian_nonmedis/modal_add')
 6 SYSTEMPATH\View\View.php(228): include('D:\\RSBCM\\inventaris-barang\\app\\Views\\pembelian_nonmedis\\index.php')
 7 SYSTEMPATH\View\View.php(231): CodeIgniter\View\View->CodeIgniter\View\{closure}()
 8 SYSTEMPATH\Common.php(1178): CodeIgniter\View\View->render('pembelian_nonmedis/index', [], true)
 9 APPPATH\Controllers\PembelianNonMedisController.php(39): view('pembelian_nonmedis/index', [...])
10 SYSTEMPATH\CodeIgniter.php(941): App\Controllers\PembelianNonmedisController->index()
11 SYSTEMPATH\CodeIgniter.php(502): CodeIgniter\CodeIgniter->runController(Object(App\Controllers\PembelianNonmedisController))
12 SYSTEMPATH\CodeIgniter.php(361): CodeIgniter\CodeIgniter->handleRequest(null, Object(Config\Cache), false)
13 FCPATH\index.php(79): CodeIgniter\CodeIgniter->run()
14 SYSTEMPATH\Commands\Server\rewrite.php(47): require_once('D:\\RSBCM\\inventaris-barang\\public\\index.php')
INFO - 2024-10-10 07:10:22 --> Session: Class initialized using 'CodeIgniter\Session\Handlers\FileHandler' driver.
CRITICAL - 2024-10-10 07:10:22 --> ErrorException: Undefined array key "nama_barang"
in APPPATH\Views\pembelian_nonmedis\modal_add.php on line 90.
 1 APPPATH\Views\pembelian_nonmedis\modal_add.php(90): CodeIgniter\Debug\Exceptions->errorHandler(2, 'Undefined array key "nama_barang"', 'D:\\RSBCM\\inventaris-barang\\app\\Views\\pembelian_nonmedis\\modal_add.php', 90)
 2 SYSTEMPATH\View\View.php(228): include('D:\\RSBCM\\inventaris-barang\\app\\Views\\pembelian_nonmedis\\modal_add.php')
 3 SYSTEMPATH\View\View.php(231): CodeIgniter\View\View->CodeIgniter\View\{closure}()
 4 SYSTEMPATH\View\View.php(469): CodeIgniter\View\View->render('pembelian_nonmedis/modal_add', null, true)
 5 APPPATH\Views\pembelian_nonmedis\index.php(103): CodeIgniter\View\View->include('pembelian_nonmedis/modal_add')
 6 SYSTEMPATH\View\View.php(228): include('D:\\RSBCM\\inventaris-barang\\app\\Views\\pembelian_nonmedis\\index.php')
 7 SYSTEMPATH\View\View.php(231): CodeIgniter\View\View->CodeIgniter\View\{closure}()
 8 SYSTEMPATH\Common.php(1178): CodeIgniter\View\View->render('pembelian_nonmedis/index', [], true)
 9 APPPATH\Controllers\PembelianNonMedisController.php(39): view('pembelian_nonmedis/index', [...])
10 SYSTEMPATH\CodeIgniter.php(941): App\Controllers\PembelianNonmedisController->index()
11 SYSTEMPATH\CodeIgniter.php(502): CodeIgniter\CodeIgniter->runController(Object(App\Controllers\PembelianNonmedisController))
12 SYSTEMPATH\CodeIgniter.php(361): CodeIgniter\CodeIgniter->handleRequest(null, Object(Config\Cache), false)
13 FCPATH\index.php(79): CodeIgniter\CodeIgniter->run()
14 SYSTEMPATH\Commands\Server\rewrite.php(47): require_once('D:\\RSBCM\\inventaris-barang\\public\\index.php')
INFO - 2024-10-10 07:10:33 --> Session: Class initialized using 'CodeIgniter\Session\Handlers\FileHandler' driver.
CRITICAL - 2024-10-10 07:10:33 --> ErrorException: Undefined variable $brgc
in APPPATH\Views\pembelian_nonmedis\modal_add.php on line 142.
 1 APPPATH\Views\pembelian_nonmedis\modal_add.php(142): CodeIgniter\Debug\Exceptions->errorHandler(2, 'Undefined variable $brgc', 'D:\\RSBCM\\inventaris-barang\\app\\Views\\pembelian_nonmedis\\modal_add.php', 142)
 2 SYSTEMPATH\View\View.php(228): include('D:\\RSBCM\\inventaris-barang\\app\\Views\\pembelian_nonmedis\\modal_add.php')
 3 SYSTEMPATH\View\View.php(231): CodeIgniter\View\View->CodeIgniter\View\{closure}()
 4 SYSTEMPATH\View\View.php(469): CodeIgniter\View\View->render('pembelian_nonmedis/modal_add', null, true)
 5 APPPATH\Views\pembelian_nonmedis\index.php(103): CodeIgniter\View\View->include('pembelian_nonmedis/modal_add')
 6 SYSTEMPATH\View\View.php(228): include('D:\\RSBCM\\inventaris-barang\\app\\Views\\pembelian_nonmedis\\index.php')
 7 SYSTEMPATH\View\View.php(231): CodeIgniter\View\View->CodeIgniter\View\{closure}()
 8 SYSTEMPATH\Common.php(1178): CodeIgniter\View\View->render('pembelian_nonmedis/index', [], true)
 9 APPPATH\Controllers\PembelianNonMedisController.php(39): view('pembelian_nonmedis/index', [...])
10 SYSTEMPATH\CodeIgniter.php(941): App\Controllers\PembelianNonmedisController->index()
11 SYSTEMPATH\CodeIgniter.php(502): CodeIgniter\CodeIgniter->runController(Object(App\Controllers\PembelianNonmedisController))
12 SYSTEMPATH\CodeIgniter.php(361): CodeIgniter\CodeIgniter->handleRequest(null, Object(Config\Cache), false)
13 FCPATH\index.php(79): CodeIgniter\CodeIgniter->run()
14 SYSTEMPATH\Commands\Server\rewrite.php(47): require_once('D:\\RSBCM\\inventaris-barang\\public\\index.php')
INFO - 2024-10-10 07:11:04 --> Session: Class initialized using 'CodeIgniter\Session\Handlers\FileHandler' driver.
INFO - 2024-10-10 07:11:12 --> Session: Class initialized using 'CodeIgniter\Session\Handlers\FileHandler' driver.
INFO - 2024-10-10 07:11:24 --> Session: Class initialized using 'CodeIgniter\Session\Handlers\FileHandler' driver.
INFO - 2024-10-10 07:14:30 --> Session: Class initialized using 'CodeIgniter\Session\Handlers\FileHandler' driver.
INFO - 2024-10-10 07:14:33 --> Session: Class initialized using 'CodeIgniter\Session\Handlers\FileHandler' driver.
INFO - 2024-10-10 07:15:46 --> Session: Class initialized using 'CodeIgniter\Session\Handlers\FileHandler' driver.
INFO - 2024-10-10 07:15:48 --> Session: Class initialized using 'CodeIgniter\Session\Handlers\FileHandler' driver.
INFO - 2024-10-10 07:15:53 --> Session: Class initialized using 'CodeIgniter\Session\Handlers\FileHandler' driver.
INFO - 2024-10-10 07:19:49 --> Session: Class initialized using 'CodeIgniter\Session\Handlers\FileHandler' driver.
INFO - 2024-10-10 07:19:52 --> Session: Class initialized using 'CodeIgniter\Session\Handlers\FileHandler' driver.
INFO - 2024-10-10 07:20:35 --> Session: Class initialized using 'CodeIgniter\Session\Handlers\FileHandler' driver.
CRITICAL - 2024-10-10 07:20:35 --> ErrorException: Undefined variable $ipsrsbarang_con
in APPPATH\Views\pembelian_nonmedis\modal_add.php on line 142.
 1 APPPATH\Views\pembelian_nonmedis\modal_add.php(142): CodeIgniter\Debug\Exceptions->errorHandler(2, 'Undefined variable $ipsrsbarang_con', 'D:\\RSBCM\\inventaris-barang\\app\\Views\\pembelian_nonmedis\\modal_add.php', 142)
 2 SYSTEMPATH\View\View.php(228): include('D:\\RSBCM\\inventaris-barang\\app\\Views\\pembelian_nonmedis\\modal_add.php')
 3 SYSTEMPATH\View\View.php(231): CodeIgniter\View\View->CodeIgniter\View\{closure}()
 4 SYSTEMPATH\View\View.php(469): CodeIgniter\View\View->render('pembelian_nonmedis/modal_add', null, true)
 5 APPPATH\Views\pembelian_nonmedis\index.php(103): CodeIgniter\View\View->include('pembelian_nonmedis/modal_add')
 6 SYSTEMPATH\View\View.php(228): include('D:\\RSBCM\\inventaris-barang\\app\\Views\\pembelian_nonmedis\\index.php')
 7 SYSTEMPATH\View\View.php(231): CodeIgniter\View\View->CodeIgniter\View\{closure}()
 8 SYSTEMPATH\Common.php(1178): CodeIgniter\View\View->render('pembelian_nonmedis/index', [], true)
 9 APPPATH\Controllers\PembelianNonMedisController.php(39): view('pembelian_nonmedis/index', [...])
10 SYSTEMPATH\CodeIgniter.php(941): App\Controllers\PembelianNonmedisController->index()
11 SYSTEMPATH\CodeIgniter.php(502): CodeIgniter\CodeIgniter->runController(Object(App\Controllers\PembelianNonmedisController))
12 SYSTEMPATH\CodeIgniter.php(361): CodeIgniter\CodeIgniter->handleRequest(null, Object(Config\Cache), false)
13 FCPATH\index.php(79): CodeIgniter\CodeIgniter->run()
14 SYSTEMPATH\Commands\Server\rewrite.php(47): require_once('D:\\RSBCM\\inventaris-barang\\public\\index.php')
INFO - 2024-10-10 07:21:06 --> Session: Class initialized using 'CodeIgniter\Session\Handlers\FileHandler' driver.
INFO - 2024-10-10 07:21:09 --> Session: Class initialized using 'CodeIgniter\Session\Handlers\FileHandler' driver.
INFO - 2024-10-10 07:21:13 --> Session: Class initialized using 'CodeIgniter\Session\Handlers\FileHandler' driver.
INFO - 2024-10-10 07:23:29 --> Session: Class initialized using 'CodeIgniter\Session\Handlers\FileHandler' driver.
INFO - 2024-10-10 07:23:36 --> Session: Class initialized using 'CodeIgniter\Session\Handlers\FileHandler' driver.
INFO - 2024-10-10 07:37:19 --> Session: Class initialized using 'CodeIgniter\Session\Handlers\FileHandler' driver.
INFO - 2024-10-10 07:37:21 --> Session: Class initialized using 'CodeIgniter\Session\Handlers\FileHandler' driver.
INFO - 2024-10-10 07:37:26 --> Session: Class initialized using 'CodeIgniter\Session\Handlers\FileHandler' driver.
INFO - 2024-10-10 07:37:29 --> Session: Class initialized using 'CodeIgniter\Session\Handlers\FileHandler' driver.
INFO - 2024-10-10 07:37:32 --> Session: Class initialized using 'CodeIgniter\Session\Handlers\FileHandler' driver.
INFO - 2024-10-10 07:37:37 --> Session: Class initialized using 'CodeIgniter\Session\Handlers\FileHandler' driver.
INFO - 2024-10-10 07:37:39 --> Session: Class initialized using 'CodeIgniter\Session\Handlers\FileHandler' driver.
INFO - 2024-10-10 07:37:40 --> Session: Class initialized using 'CodeIgniter\Session\Handlers\FileHandler' driver.
INFO - 2024-10-10 07:42:29 --> Session: Class initialized using 'CodeIgniter\Session\Handlers\FileHandler' driver.
INFO - 2024-10-10 07:42:31 --> Session: Class initialized using 'CodeIgniter\Session\Handlers\FileHandler' driver.
INFO - 2024-10-10 07:42:35 --> Session: Class initialized using 'CodeIgniter\Session\Handlers\FileHandler' driver.
INFO - 2024-10-10 07:42:42 --> Session: Class initialized using 'CodeIgniter\Session\Handlers\FileHandler' driver.
INFO - 2024-10-10 07:42:44 --> Session: Class initialized using 'CodeIgniter\Session\Handlers\FileHandler' driver.
INFO - 2024-10-10 07:47:07 --> Session: Class initialized using 'CodeIgniter\Session\Handlers\FileHandler' driver.
INFO - 2024-10-10 07:47:07 --> Session: Class initialized using 'CodeIgniter\Session\Handlers\FileHandler' driver.
INFO - 2024-10-10 07:47:10 --> Session: Class initialized using 'CodeIgniter\Session\Handlers\FileHandler' driver.
DEBUG - 2024-10-10 07:47:10 --> Detail fetched: [{"no_pengajuan":"pbnm123`","kode_brng":"B00006","kode_sat":"PCS","jumlah":"10","h_pengajuan":"23409.9","total":"234099"},{"no_pengajuan":"pbnm123`","kode_brng":"B00004","kode_sat":"BTL","jumlah":"1","h_pengajuan":"20329.65","total":"20329.65"}]
