INFO - 2024-08-25 20:13:40 --> Session: Class initialized using 'CodeIgniter\Session\Handlers\FileHandler' driver.
INFO - 2024-08-25 20:15:18 --> Session: Class initialized using 'CodeIgniter\Session\Handlers\FileHandler' driver.
INFO - 2024-08-25 20:22:40 --> Session: Class initialized using 'CodeIgniter\Session\Handlers\FileHandler' driver.
INFO - 2024-08-25 20:22:44 --> Session: Class initialized using 'CodeIgniter\Session\Handlers\FileHandler' driver.
INFO - 2024-08-25 20:23:31 --> Session: Class initialized using 'CodeIgniter\Session\Handlers\FileHandler' driver.
ERROR - 2024-08-25 20:23:34 --> Error connecting to the database: mysqli_sql_exception: Access denied for user 'root'@'localhost' (using password: YES) in D:\RSBCM\inventaris-barang\system\Database\MySQLi\Connection.php:185
Stack trace:
#0 D:\RSBCM\inventaris-barang\system\Database\MySQLi\Connection.php(185): mysqli->real_connect('localhost', 'root', 'root', 'ci4', 3306, '', 0)
#1 D:\RSBCM\inventaris-barang\system\Database\BaseConnection.php(392): CodeIgniter\Database\MySQLi\Connection->connect(false)
#2 D:\RSBCM\inventaris-barang\system\Database\BaseConnection.php(575): CodeIgniter\Database\BaseConnection->initialize()
#3 D:\RSBCM\inventaris-barang\system\Database\BaseBuilder.php(1616): CodeIgniter\Database\BaseConnection->query('SELECT *\nFROM `...', Array, false)
#4 D:\RSBCM\inventaris-barang\system\Model.php(242): CodeIgniter\Database\BaseBuilder->get()
#5 D:\RSBCM\inventaris-barang\system\BaseModel.php(638): CodeIgniter\Model->doFindAll(0, 0)
#6 D:\RSBCM\inventaris-barang\app\Models\PenggunaModel.php(22): CodeIgniter\BaseModel->findAll()
#7 D:\RSBCM\inventaris-barang\app\Controllers\PenggunaController.php(21): App\Models\PenggunaModel->getData()
#8 D:\RSBCM\inventaris-barang\system\CodeIgniter.php(941): App\Controllers\PenggunaController->index()
#9 D:\RSBCM\inventaris-barang\system\CodeIgniter.php(502): CodeIgniter\CodeIgniter->runController(Object(App\Controllers\PenggunaController))
#10 D:\RSBCM\inventaris-barang\system\CodeIgniter.php(361): CodeIgniter\CodeIgniter->handleRequest(NULL, Object(Config\Cache), false)
#11 D:\RSBCM\inventaris-barang\public\index.php(79): CodeIgniter\CodeIgniter->run()
#12 D:\RSBCM\inventaris-barang\system\Commands\Server\rewrite.php(47): require_once('D:\\RSBCM\\invent...')
#13 {main}

Next CodeIgniter\Database\Exceptions\DatabaseException: Access denied for user '****'@'localhost' (using password: YES) in D:\RSBCM\inventaris-barang\system\Database\MySQLi\Connection.php:229
Stack trace:
#0 D:\RSBCM\inventaris-barang\system\Database\BaseConnection.php(392): CodeIgniter\Database\MySQLi\Connection->connect(false)
#1 D:\RSBCM\inventaris-barang\system\Database\BaseConnection.php(575): CodeIgniter\Database\BaseConnection->initialize()
#2 D:\RSBCM\inventaris-barang\system\Database\BaseBuilder.php(1616): CodeIgniter\Database\BaseConnection->query('SELECT *\nFROM `...', Array, false)
#3 D:\RSBCM\inventaris-barang\system\Model.php(242): CodeIgniter\Database\BaseBuilder->get()
#4 D:\RSBCM\inventaris-barang\system\BaseModel.php(638): CodeIgniter\Model->doFindAll(0, 0)
#5 D:\RSBCM\inventaris-barang\app\Models\PenggunaModel.php(22): CodeIgniter\BaseModel->findAll()
#6 D:\RSBCM\inventaris-barang\app\Controllers\PenggunaController.php(21): App\Models\PenggunaModel->getData()
#7 D:\RSBCM\inventaris-barang\system\CodeIgniter.php(941): App\Controllers\PenggunaController->index()
#8 D:\RSBCM\inventaris-barang\system\CodeIgniter.php(502): CodeIgniter\CodeIgniter->runController(Object(App\Controllers\PenggunaController))
#9 D:\RSBCM\inventaris-barang\system\CodeIgniter.php(361): CodeIgniter\CodeIgniter->handleRequest(NULL, Object(Config\Cache), false)
#10 D:\RSBCM\inventaris-barang\public\index.php(79): CodeIgniter\CodeIgniter->run()
#11 D:\RSBCM\inventaris-barang\system\Commands\Server\rewrite.php(47): require_once('D:\\RSBCM\\invent...')
#12 {main}
CRITICAL - 2024-08-25 20:23:34 --> CodeIgniter\Database\Exceptions\DatabaseException: Unable to connect to the database.
Main connection [MySQLi]: Access denied for user '****'@'localhost' (using password: YES)
in SYSTEMPATH\Database\BaseConnection.php on line 428.
 1 SYSTEMPATH\Database\BaseConnection.php(575): CodeIgniter\Database\BaseConnection->initialize()
 2 SYSTEMPATH\Database\BaseBuilder.php(1616): CodeIgniter\Database\BaseConnection->query('SELECT *
FROM `tb_pengguna`', [], false)
 3 SYSTEMPATH\Model.php(242): CodeIgniter\Database\BaseBuilder->get()
 4 SYSTEMPATH\BaseModel.php(638): CodeIgniter\Model->doFindAll(0, 0)
 5 APPPATH\Models\PenggunaModel.php(22): CodeIgniter\BaseModel->findAll()
 6 APPPATH\Controllers\PenggunaController.php(21): App\Models\PenggunaModel->getData()
 7 SYSTEMPATH\CodeIgniter.php(941): App\Controllers\PenggunaController->index()
 8 SYSTEMPATH\CodeIgniter.php(502): CodeIgniter\CodeIgniter->runController(Object(App\Controllers\PenggunaController))
 9 SYSTEMPATH\CodeIgniter.php(361): CodeIgniter\CodeIgniter->handleRequest(null, Object(Config\Cache), false)
10 FCPATH\index.php(79): CodeIgniter\CodeIgniter->run()
11 SYSTEMPATH\Commands\Server\rewrite.php(47): require_once('D:\\RSBCM\\inventaris-barang\\public\\index.php')
INFO - 2024-08-25 20:23:37 --> Session: Class initialized using 'CodeIgniter\Session\Handlers\FileHandler' driver.
INFO - 2024-08-25 20:24:00 --> Session: Class initialized using 'CodeIgniter\Session\Handlers\FileHandler' driver.
INFO - 2024-08-25 20:24:01 --> Session: Class initialized using 'CodeIgniter\Session\Handlers\FileHandler' driver.
INFO - 2024-08-25 20:24:05 --> Session: Class initialized using 'CodeIgniter\Session\Handlers\FileHandler' driver.
INFO - 2024-08-25 20:24:05 --> Session: Class initialized using 'CodeIgniter\Session\Handlers\FileHandler' driver.
INFO - 2024-08-25 20:24:10 --> Session: Class initialized using 'CodeIgniter\Session\Handlers\FileHandler' driver.
INFO - 2024-08-25 20:24:10 --> Session: Class initialized using 'CodeIgniter\Session\Handlers\FileHandler' driver.
INFO - 2024-08-25 20:24:13 --> Session: Class initialized using 'CodeIgniter\Session\Handlers\FileHandler' driver.
INFO - 2024-08-25 20:24:16 --> Session: Class initialized using 'CodeIgniter\Session\Handlers\FileHandler' driver.
