INFO - 2024-10-08 00:46:43 --> Session: Class initialized using 'CodeIgniter\Session\Handlers\FileHandler' driver.
INFO - 2024-10-08 00:46:57 --> Session: Class initialized using 'CodeIgniter\Session\Handlers\FileHandler' driver.
INFO - 2024-10-08 00:46:57 --> Session: Class initialized using 'CodeIgniter\Session\Handlers\FileHandler' driver.
INFO - 2024-10-08 00:47:13 --> Session: Class initialized using 'CodeIgniter\Session\Handlers\FileHandler' driver.
INFO - 2024-10-08 01:12:02 --> Session: Class initialized using 'CodeIgniter\Session\Handlers\FileHandler' driver.
INFO - 2024-10-08 01:13:16 --> Session: Class initialized using 'CodeIgniter\Session\Handlers\FileHandler' driver.
INFO - 2024-10-08 01:13:37 --> Session: Class initialized using 'CodeIgniter\Session\Handlers\FileHandler' driver.
INFO - 2024-10-08 01:19:58 --> Session: Class initialized using 'CodeIgniter\Session\Handlers\FileHandler' driver.
INFO - 2024-10-08 01:21:27 --> Session: Class initialized using 'CodeIgniter\Session\Handlers\FileHandler' driver.
WARNING - 2024-10-08 01:21:27 --> [DEPRECATED] number_format(): Passing null to parameter #1 ($num) of type float is deprecated in APPPATH\Views\pembelian_inventaris\index.php on line 48.
 1 APPPATH\Views\pembelian_inventaris\index.php(48): number_format(null, 0, ',', '.')
 2 SYSTEMPATH\View\View.php(228): include('C:\\xampp\\htdocs\\inventaris-barang\\app\\Views\\pembelian_inventaris\\index.php')
 3 SYSTEMPATH\View\View.php(231): CodeIgniter\View\View->CodeIgniter\View\{closure}()
 4 SYSTEMPATH\Common.php(1178): CodeIgniter\View\View->render('pembelian_inventaris/index', [], true)
 5 APPPATH\Controllers\PembelianInventarisController.php(41): view('pembelian_inventaris/index', [...])
 6 SYSTEMPATH\CodeIgniter.php(941): App\Controllers\PembelianInventarisController->index()
 7 SYSTEMPATH\CodeIgniter.php(502): CodeIgniter\CodeIgniter->runController(Object(App\Controllers\PembelianInventarisController))
 8 SYSTEMPATH\CodeIgniter.php(361): CodeIgniter\CodeIgniter->handleRequest(null, Object(Config\Cache), false)
 9 FCPATH\index.php(79): CodeIgniter\CodeIgniter->run()
10 SYSTEMPATH\Commands\Server\rewrite.php(47): require_once('C:\\xampp\\htdocs\\inventaris-barang\\public\\index.php')
INFO - 2024-10-08 01:21:31 --> Session: Class initialized using 'CodeIgniter\Session\Handlers\FileHandler' driver.
INFO - 2024-10-08 01:21:39 --> Session: Class initialized using 'CodeIgniter\Session\Handlers\FileHandler' driver.
INFO - 2024-10-08 01:21:55 --> Session: Class initialized using 'CodeIgniter\Session\Handlers\FileHandler' driver.
DEBUG - 2024-10-08 01:21:55 --> Detail fetched: [{"no_pengajuan":"PBNM321","kode_brng":"B00003","kode_sat":"BKS","jumlah":"2","h_pengajuan":"13553.1","total":"27106.2"}]
INFO - 2024-10-08 01:22:08 --> Session: Class initialized using 'CodeIgniter\Session\Handlers\FileHandler' driver.
INFO - 2024-10-08 01:22:10 --> Session: Class initialized using 'CodeIgniter\Session\Handlers\FileHandler' driver.
DEBUG - 2024-10-08 01:22:10 --> Detail fetched: [{"no_pengajuan":"PBNM123","kode_brng":"B00003","kode_sat":"BKS","jumlah":"1","h_pengajuan":"13553.1","total":"0"}]
INFO - 2024-10-08 01:22:23 --> Session: Class initialized using 'CodeIgniter\Session\Handlers\FileHandler' driver.
INFO - 2024-10-08 01:22:30 --> Session: Class initialized using 'CodeIgniter\Session\Handlers\FileHandler' driver.
INFO - 2024-10-08 01:23:48 --> Session: Class initialized using 'CodeIgniter\Session\Handlers\FileHandler' driver.
WARNING - 2024-10-08 01:23:48 --> [DEPRECATED] number_format(): Passing null to parameter #1 ($num) of type float is deprecated in APPPATH\Views\pembelian_inventaris\index.php on line 48.
 1 APPPATH\Views\pembelian_inventaris\index.php(48): number_format(null, 0, ',', '.')
 2 SYSTEMPATH\View\View.php(228): include('C:\\xampp\\htdocs\\inventaris-barang\\app\\Views\\pembelian_inventaris\\index.php')
 3 SYSTEMPATH\View\View.php(231): CodeIgniter\View\View->CodeIgniter\View\{closure}()
 4 SYSTEMPATH\Common.php(1178): CodeIgniter\View\View->render('pembelian_inventaris/index', [], true)
 5 APPPATH\Controllers\PembelianInventarisController.php(41): view('pembelian_inventaris/index', [...])
 6 SYSTEMPATH\CodeIgniter.php(941): App\Controllers\PembelianInventarisController->index()
 7 SYSTEMPATH\CodeIgniter.php(502): CodeIgniter\CodeIgniter->runController(Object(App\Controllers\PembelianInventarisController))
 8 SYSTEMPATH\CodeIgniter.php(361): CodeIgniter\CodeIgniter->handleRequest(null, Object(Config\Cache), false)
 9 FCPATH\index.php(79): CodeIgniter\CodeIgniter->run()
10 SYSTEMPATH\Commands\Server\rewrite.php(47): require_once('C:\\xampp\\htdocs\\inventaris-barang\\public\\index.php')
INFO - 2024-10-08 01:23:50 --> Session: Class initialized using 'CodeIgniter\Session\Handlers\FileHandler' driver.
INFO - 2024-10-08 01:25:19 --> Session: Class initialized using 'CodeIgniter\Session\Handlers\FileHandler' driver.
WARNING - 2024-10-08 01:25:19 --> [DEPRECATED] number_format(): Passing null to parameter #1 ($num) of type float is deprecated in APPPATH\Views\pembelian_inventaris\index.php on line 48.
 1 APPPATH\Views\pembelian_inventaris\index.php(48): number_format(null, 0, ',', '.')
 2 SYSTEMPATH\View\View.php(228): include('C:\\xampp\\htdocs\\inventaris-barang\\app\\Views\\pembelian_inventaris\\index.php')
 3 SYSTEMPATH\View\View.php(231): CodeIgniter\View\View->CodeIgniter\View\{closure}()
 4 SYSTEMPATH\Common.php(1178): CodeIgniter\View\View->render('pembelian_inventaris/index', [], true)
 5 APPPATH\Controllers\PembelianInventarisController.php(41): view('pembelian_inventaris/index', [...])
 6 SYSTEMPATH\CodeIgniter.php(941): App\Controllers\PembelianInventarisController->index()
 7 SYSTEMPATH\CodeIgniter.php(502): CodeIgniter\CodeIgniter->runController(Object(App\Controllers\PembelianInventarisController))
 8 SYSTEMPATH\CodeIgniter.php(361): CodeIgniter\CodeIgniter->handleRequest(null, Object(Config\Cache), false)
 9 FCPATH\index.php(79): CodeIgniter\CodeIgniter->run()
10 SYSTEMPATH\Commands\Server\rewrite.php(47): require_once('C:\\xampp\\htdocs\\inventaris-barang\\public\\index.php')
INFO - 2024-10-08 01:25:22 --> Session: Class initialized using 'CodeIgniter\Session\Handlers\FileHandler' driver.
INFO - 2024-10-08 01:25:30 --> Session: Class initialized using 'CodeIgniter\Session\Handlers\FileHandler' driver.
INFO - 2024-10-08 01:27:11 --> Session: Class initialized using 'CodeIgniter\Session\Handlers\FileHandler' driver.
INFO - 2024-10-08 01:36:10 --> Session: Class initialized using 'CodeIgniter\Session\Handlers\FileHandler' driver.
INFO - 2024-10-08 01:36:12 --> Session: Class initialized using 'CodeIgniter\Session\Handlers\FileHandler' driver.
CRITICAL - 2024-10-08 01:36:12 --> ErrorException: Undefined variable $dt_pem_inv
in APPPATH\Views\pengajuan_nonmedis\page_print.php on line 121.
 1 APPPATH\Views\pengajuan_nonmedis\page_print.php(121): CodeIgniter\Debug\Exceptions->errorHandler(2, 'Undefined variable $dt_pem_inv', 'C:\\xampp\\htdocs\\inventaris-barang\\app\\Views\\pengajuan_nonmedis\\page_print.php', 121)
 2 SYSTEMPATH\View\View.php(228): include('C:\\xampp\\htdocs\\inventaris-barang\\app\\Views\\pengajuan_nonmedis\\page_print.php')
 3 SYSTEMPATH\View\View.php(231): CodeIgniter\View\View->CodeIgniter\View\{closure}()
 4 SYSTEMPATH\Common.php(1178): CodeIgniter\View\View->render('pengajuan_nonmedis/page_print', [], true)
 5 APPPATH\Controllers\PengajuanNonMedisController.php(173): view('pengajuan_nonmedis/page_print', [...])
 6 SYSTEMPATH\CodeIgniter.php(941): App\Controllers\PengajuanNonMedisController->print('PBNM123')
 7 SYSTEMPATH\CodeIgniter.php(502): CodeIgniter\CodeIgniter->runController(Object(App\Controllers\PengajuanNonMedisController))
 8 SYSTEMPATH\CodeIgniter.php(361): CodeIgniter\CodeIgniter->handleRequest(null, Object(Config\Cache), false)
 9 FCPATH\index.php(79): CodeIgniter\CodeIgniter->run()
10 SYSTEMPATH\Commands\Server\rewrite.php(47): require_once('C:\\xampp\\htdocs\\inventaris-barang\\public\\index.php')
INFO - 2024-10-08 01:36:33 --> Session: Class initialized using 'CodeIgniter\Session\Handlers\FileHandler' driver.
CRITICAL - 2024-10-08 01:36:33 --> ErrorException: Undefined array key "no_faktur"
in APPPATH\Views\pengajuan_nonmedis\page_print.php on line 121.
 1 APPPATH\Views\pengajuan_nonmedis\page_print.php(121): CodeIgniter\Debug\Exceptions->errorHandler(2, 'Undefined array key "no_faktur"', 'C:\\xampp\\htdocs\\inventaris-barang\\app\\Views\\pengajuan_nonmedis\\page_print.php', 121)
 2 SYSTEMPATH\View\View.php(228): include('C:\\xampp\\htdocs\\inventaris-barang\\app\\Views\\pengajuan_nonmedis\\page_print.php')
 3 SYSTEMPATH\View\View.php(231): CodeIgniter\View\View->CodeIgniter\View\{closure}()
 4 SYSTEMPATH\Common.php(1178): CodeIgniter\View\View->render('pengajuan_nonmedis/page_print', [], true)
 5 APPPATH\Controllers\PengajuanNonMedisController.php(173): view('pengajuan_nonmedis/page_print', [...])
 6 SYSTEMPATH\CodeIgniter.php(941): App\Controllers\PengajuanNonMedisController->print('PBNM123')
 7 SYSTEMPATH\CodeIgniter.php(502): CodeIgniter\CodeIgniter->runController(Object(App\Controllers\PengajuanNonMedisController))
 8 SYSTEMPATH\CodeIgniter.php(361): CodeIgniter\CodeIgniter->handleRequest(null, Object(Config\Cache), false)
 9 FCPATH\index.php(79): CodeIgniter\CodeIgniter->run()
10 SYSTEMPATH\Commands\Server\rewrite.php(47): require_once('C:\\xampp\\htdocs\\inventaris-barang\\public\\index.php')
INFO - 2024-10-08 01:36:41 --> Session: Class initialized using 'CodeIgniter\Session\Handlers\FileHandler' driver.
CRITICAL - 2024-10-08 01:36:41 --> ErrorException: Undefined array key "no_penhgajuan"
in APPPATH\Views\pengajuan_nonmedis\page_print.php on line 121.
 1 APPPATH\Views\pengajuan_nonmedis\page_print.php(121): CodeIgniter\Debug\Exceptions->errorHandler(2, 'Undefined array key "no_penhgajuan"', 'C:\\xampp\\htdocs\\inventaris-barang\\app\\Views\\pengajuan_nonmedis\\page_print.php', 121)
 2 SYSTEMPATH\View\View.php(228): include('C:\\xampp\\htdocs\\inventaris-barang\\app\\Views\\pengajuan_nonmedis\\page_print.php')
 3 SYSTEMPATH\View\View.php(231): CodeIgniter\View\View->CodeIgniter\View\{closure}()
 4 SYSTEMPATH\Common.php(1178): CodeIgniter\View\View->render('pengajuan_nonmedis/page_print', [], true)
 5 APPPATH\Controllers\PengajuanNonMedisController.php(173): view('pengajuan_nonmedis/page_print', [...])
 6 SYSTEMPATH\CodeIgniter.php(941): App\Controllers\PengajuanNonMedisController->print('PBNM123')
 7 SYSTEMPATH\CodeIgniter.php(502): CodeIgniter\CodeIgniter->runController(Object(App\Controllers\PengajuanNonMedisController))
 8 SYSTEMPATH\CodeIgniter.php(361): CodeIgniter\CodeIgniter->handleRequest(null, Object(Config\Cache), false)
 9 FCPATH\index.php(79): CodeIgniter\CodeIgniter->run()
10 SYSTEMPATH\Commands\Server\rewrite.php(47): require_once('C:\\xampp\\htdocs\\inventaris-barang\\public\\index.php')
INFO - 2024-10-08 01:36:48 --> Session: Class initialized using 'CodeIgniter\Session\Handlers\FileHandler' driver.
CRITICAL - 2024-10-08 01:36:48 --> ErrorException: Undefined array key "tgl_beli"
in APPPATH\Views\pengajuan_nonmedis\page_print.php on line 126.
 1 APPPATH\Views\pengajuan_nonmedis\page_print.php(126): CodeIgniter\Debug\Exceptions->errorHandler(2, 'Undefined array key "tgl_beli"', 'C:\\xampp\\htdocs\\inventaris-barang\\app\\Views\\pengajuan_nonmedis\\page_print.php', 126)
 2 SYSTEMPATH\View\View.php(228): include('C:\\xampp\\htdocs\\inventaris-barang\\app\\Views\\pengajuan_nonmedis\\page_print.php')
 3 SYSTEMPATH\View\View.php(231): CodeIgniter\View\View->CodeIgniter\View\{closure}()
 4 SYSTEMPATH\Common.php(1178): CodeIgniter\View\View->render('pengajuan_nonmedis/page_print', [], true)
 5 APPPATH\Controllers\PengajuanNonMedisController.php(173): view('pengajuan_nonmedis/page_print', [...])
 6 SYSTEMPATH\CodeIgniter.php(941): App\Controllers\PengajuanNonMedisController->print('PBNM123')
 7 SYSTEMPATH\CodeIgniter.php(502): CodeIgniter\CodeIgniter->runController(Object(App\Controllers\PengajuanNonMedisController))
 8 SYSTEMPATH\CodeIgniter.php(361): CodeIgniter\CodeIgniter->handleRequest(null, Object(Config\Cache), false)
 9 FCPATH\index.php(79): CodeIgniter\CodeIgniter->run()
10 SYSTEMPATH\Commands\Server\rewrite.php(47): require_once('C:\\xampp\\htdocs\\inventaris-barang\\public\\index.php')
INFO - 2024-10-08 01:38:07 --> Session: Class initialized using 'CodeIgniter\Session\Handlers\FileHandler' driver.
CRITICAL - 2024-10-08 01:38:07 --> ErrorException: Undefined array key "kode_barang"
in APPPATH\Views\pengajuan_nonmedis\page_print.php on line 166.
 1 APPPATH\Views\pengajuan_nonmedis\page_print.php(166): CodeIgniter\Debug\Exceptions->errorHandler(2, 'Undefined array key "kode_barang"', 'C:\\xampp\\htdocs\\inventaris-barang\\app\\Views\\pengajuan_nonmedis\\page_print.php', 166)
 2 SYSTEMPATH\View\View.php(228): include('C:\\xampp\\htdocs\\inventaris-barang\\app\\Views\\pengajuan_nonmedis\\page_print.php')
 3 SYSTEMPATH\View\View.php(231): CodeIgniter\View\View->CodeIgniter\View\{closure}()
 4 SYSTEMPATH\Common.php(1178): CodeIgniter\View\View->render('pengajuan_nonmedis/page_print', [], true)
 5 APPPATH\Controllers\PengajuanNonMedisController.php(173): view('pengajuan_nonmedis/page_print', [...])
 6 SYSTEMPATH\CodeIgniter.php(941): App\Controllers\PengajuanNonMedisController->print('PBNM123')
 7 SYSTEMPATH\CodeIgniter.php(502): CodeIgniter\CodeIgniter->runController(Object(App\Controllers\PengajuanNonMedisController))
 8 SYSTEMPATH\CodeIgniter.php(361): CodeIgniter\CodeIgniter->handleRequest(null, Object(Config\Cache), false)
 9 FCPATH\index.php(79): CodeIgniter\CodeIgniter->run()
10 SYSTEMPATH\Commands\Server\rewrite.php(47): require_once('C:\\xampp\\htdocs\\inventaris-barang\\public\\index.php')
INFO - 2024-10-08 01:39:42 --> Session: Class initialized using 'CodeIgniter\Session\Handlers\FileHandler' driver.
CRITICAL - 2024-10-08 01:39:42 --> ErrorException: Undefined variable $pem_inv_con
in APPPATH\Views\pengajuan_nonmedis\page_print.php on line 173.
 1 APPPATH\Views\pengajuan_nonmedis\page_print.php(173): CodeIgniter\Debug\Exceptions->errorHandler(2, 'Undefined variable $pem_inv_con', 'C:\\xampp\\htdocs\\inventaris-barang\\app\\Views\\pengajuan_nonmedis\\page_print.php', 173)
 2 SYSTEMPATH\View\View.php(228): include('C:\\xampp\\htdocs\\inventaris-barang\\app\\Views\\pengajuan_nonmedis\\page_print.php')
 3 SYSTEMPATH\View\View.php(231): CodeIgniter\View\View->CodeIgniter\View\{closure}()
 4 SYSTEMPATH\Common.php(1178): CodeIgniter\View\View->render('pengajuan_nonmedis/page_print', [], true)
 5 APPPATH\Controllers\PengajuanNonMedisController.php(173): view('pengajuan_nonmedis/page_print', [...])
 6 SYSTEMPATH\CodeIgniter.php(941): App\Controllers\PengajuanNonMedisController->print('PBNM123')
 7 SYSTEMPATH\CodeIgniter.php(502): CodeIgniter\CodeIgniter->runController(Object(App\Controllers\PengajuanNonMedisController))
 8 SYSTEMPATH\CodeIgniter.php(361): CodeIgniter\CodeIgniter->handleRequest(null, Object(Config\Cache), false)
 9 FCPATH\index.php(79): CodeIgniter\CodeIgniter->run()
10 SYSTEMPATH\Commands\Server\rewrite.php(47): require_once('C:\\xampp\\htdocs\\inventaris-barang\\public\\index.php')
INFO - 2024-10-08 01:40:50 --> Session: Class initialized using 'CodeIgniter\Session\Handlers\FileHandler' driver.
CRITICAL - 2024-10-08 01:40:50 --> ErrorException: Undefined array key "subtotal"
in APPPATH\Views\pengajuan_nonmedis\page_print.php on line 174.
 1 APPPATH\Views\pengajuan_nonmedis\page_print.php(174): CodeIgniter\Debug\Exceptions->errorHandler(2, 'Undefined array key "subtotal"', 'C:\\xampp\\htdocs\\inventaris-barang\\app\\Views\\pengajuan_nonmedis\\page_print.php', 174)
 2 SYSTEMPATH\View\View.php(228): include('C:\\xampp\\htdocs\\inventaris-barang\\app\\Views\\pengajuan_nonmedis\\page_print.php')
 3 SYSTEMPATH\View\View.php(231): CodeIgniter\View\View->CodeIgniter\View\{closure}()
 4 SYSTEMPATH\Common.php(1178): CodeIgniter\View\View->render('pengajuan_nonmedis/page_print', [], true)
 5 APPPATH\Controllers\PengajuanNonMedisController.php(173): view('pengajuan_nonmedis/page_print', [...])
 6 SYSTEMPATH\CodeIgniter.php(941): App\Controllers\PengajuanNonMedisController->print('PBNM123')
 7 SYSTEMPATH\CodeIgniter.php(502): CodeIgniter\CodeIgniter->runController(Object(App\Controllers\PengajuanNonMedisController))
 8 SYSTEMPATH\CodeIgniter.php(361): CodeIgniter\CodeIgniter->handleRequest(null, Object(Config\Cache), false)
 9 FCPATH\index.php(79): CodeIgniter\CodeIgniter->run()
10 SYSTEMPATH\Commands\Server\rewrite.php(47): require_once('C:\\xampp\\htdocs\\inventaris-barang\\public\\index.php')
INFO - 2024-10-08 01:41:16 --> Session: Class initialized using 'CodeIgniter\Session\Handlers\FileHandler' driver.
CRITICAL - 2024-10-08 01:41:16 --> ErrorException: Undefined array key "total"
in APPPATH\Views\pengajuan_nonmedis\page_print.php on line 174.
 1 APPPATH\Views\pengajuan_nonmedis\page_print.php(174): CodeIgniter\Debug\Exceptions->errorHandler(2, 'Undefined array key "total"', 'C:\\xampp\\htdocs\\inventaris-barang\\app\\Views\\pengajuan_nonmedis\\page_print.php', 174)
 2 SYSTEMPATH\View\View.php(228): include('C:\\xampp\\htdocs\\inventaris-barang\\app\\Views\\pengajuan_nonmedis\\page_print.php')
 3 SYSTEMPATH\View\View.php(231): CodeIgniter\View\View->CodeIgniter\View\{closure}()
 4 SYSTEMPATH\Common.php(1178): CodeIgniter\View\View->render('pengajuan_nonmedis/page_print', [], true)
 5 APPPATH\Controllers\PengajuanNonMedisController.php(173): view('pengajuan_nonmedis/page_print', [...])
 6 SYSTEMPATH\CodeIgniter.php(941): App\Controllers\PengajuanNonMedisController->print('PBNM123')
 7 SYSTEMPATH\CodeIgniter.php(502): CodeIgniter\CodeIgniter->runController(Object(App\Controllers\PengajuanNonMedisController))
 8 SYSTEMPATH\CodeIgniter.php(361): CodeIgniter\CodeIgniter->handleRequest(null, Object(Config\Cache), false)
 9 FCPATH\index.php(79): CodeIgniter\CodeIgniter->run()
10 SYSTEMPATH\Commands\Server\rewrite.php(47): require_once('C:\\xampp\\htdocs\\inventaris-barang\\public\\index.php')
INFO - 2024-10-08 01:41:37 --> Session: Class initialized using 'CodeIgniter\Session\Handlers\FileHandler' driver.
INFO - 2024-10-08 01:43:35 --> Session: Class initialized using 'CodeIgniter\Session\Handlers\FileHandler' driver.
INFO - 2024-10-08 01:44:22 --> Session: Class initialized using 'CodeIgniter\Session\Handlers\FileHandler' driver.
INFO - 2024-10-08 01:44:30 --> Session: Class initialized using 'CodeIgniter\Session\Handlers\FileHandler' driver.
INFO - 2024-10-08 01:44:40 --> Session: Class initialized using 'CodeIgniter\Session\Handlers\FileHandler' driver.
INFO - 2024-10-08 01:45:04 --> Session: Class initialized using 'CodeIgniter\Session\Handlers\FileHandler' driver.
INFO - 2024-10-08 01:45:30 --> Session: Class initialized using 'CodeIgniter\Session\Handlers\FileHandler' driver.
INFO - 2024-10-08 01:45:39 --> Session: Class initialized using 'CodeIgniter\Session\Handlers\FileHandler' driver.
INFO - 2024-10-08 01:45:44 --> Session: Class initialized using 'CodeIgniter\Session\Handlers\FileHandler' driver.
INFO - 2024-10-08 01:46:01 --> Session: Class initialized using 'CodeIgniter\Session\Handlers\FileHandler' driver.
INFO - 2024-10-08 01:46:05 --> Session: Class initialized using 'CodeIgniter\Session\Handlers\FileHandler' driver.
INFO - 2024-10-08 01:46:06 --> Session: Class initialized using 'CodeIgniter\Session\Handlers\FileHandler' driver.
INFO - 2024-10-08 01:46:16 --> Session: Class initialized using 'CodeIgniter\Session\Handlers\FileHandler' driver.
INFO - 2024-10-08 01:50:05 --> Session: Class initialized using 'CodeIgniter\Session\Handlers\FileHandler' driver.
INFO - 2024-10-08 01:50:42 --> Session: Class initialized using 'CodeIgniter\Session\Handlers\FileHandler' driver.
INFO - 2024-10-08 01:51:15 --> Session: Class initialized using 'CodeIgniter\Session\Handlers\FileHandler' driver.
INFO - 2024-10-08 01:51:29 --> Session: Class initialized using 'CodeIgniter\Session\Handlers\FileHandler' driver.
INFO - 2024-10-08 01:51:47 --> Session: Class initialized using 'CodeIgniter\Session\Handlers\FileHandler' driver.
INFO - 2024-10-08 01:52:12 --> Session: Class initialized using 'CodeIgniter\Session\Handlers\FileHandler' driver.
INFO - 2024-10-08 01:52:31 --> Session: Class initialized using 'CodeIgniter\Session\Handlers\FileHandler' driver.
INFO - 2024-10-08 01:54:26 --> Session: Class initialized using 'CodeIgniter\Session\Handlers\FileHandler' driver.
INFO - 2024-10-08 01:54:50 --> Session: Class initialized using 'CodeIgniter\Session\Handlers\FileHandler' driver.
