INFO - 2024-09-24 06:08:43 --> Session: Class initialized using 'CodeIgniter\Session\Handlers\FileHandler' driver.
INFO - 2024-09-24 06:08:43 --> Session: Class initialized using 'CodeIgniter\Session\Handlers\FileHandler' driver.
INFO - 2024-09-24 06:08:48 --> Session: Class initialized using 'CodeIgniter\Session\Handlers\FileHandler' driver.
INFO - 2024-09-24 06:08:48 --> Session: Class initialized using 'CodeIgniter\Session\Handlers\FileHandler' driver.
INFO - 2024-09-24 06:08:52 --> Session: Class initialized using 'CodeIgniter\Session\Handlers\FileHandler' driver.
INFO - 2024-09-24 06:08:54 --> Session: Class initialized using 'CodeIgniter\Session\Handlers\FileHandler' driver.
INFO - 2024-09-24 06:09:00 --> Session: Class initialized using 'CodeIgniter\Session\Handlers\FileHandler' driver.
INFO - 2024-09-24 06:09:11 --> Session: Class initialized using 'CodeIgniter\Session\Handlers\FileHandler' driver.
INFO - 2024-09-24 06:09:24 --> Session: Class initialized using 'CodeIgniter\Session\Handlers\FileHandler' driver.
INFO - 2024-09-24 06:10:54 --> Session: Class initialized using 'CodeIgniter\Session\Handlers\FileHandler' driver.
INFO - 2024-09-24 06:21:08 --> Session: Class initialized using 'CodeIgniter\Session\Handlers\FileHandler' driver.
INFO - 2024-09-24 06:21:52 --> Session: Class initialized using 'CodeIgniter\Session\Handlers\FileHandler' driver.
INFO - 2024-09-24 06:22:56 --> Session: Class initialized using 'CodeIgniter\Session\Handlers\FileHandler' driver.
INFO - 2024-09-24 06:26:39 --> Session: Class initialized using 'CodeIgniter\Session\Handlers\FileHandler' driver.
WARNING - 2024-09-24 06:26:39 --> [DEPRECATED] strpos(): Passing null to parameter #1 ($haystack) of type string is deprecated in SYSTEMPATH\Debug\Toolbar.php on line 415.
 1 SYSTEMPATH\Debug\Toolbar.php(415): strpos(null, '<head>')
 2 SYSTEMPATH\Filters\DebugToolbar.php(42): CodeIgniter\Debug\Toolbar->prepare(Object(CodeIgniter\HTTP\IncomingRequest), Object(CodeIgniter\HTTP\RedirectResponse))
 3 SYSTEMPATH\Filters\Filters.php(208): CodeIgniter\Filters\DebugToolbar->after(Object(CodeIgniter\HTTP\IncomingRequest), Object(CodeIgniter\HTTP\RedirectResponse), null)
 4 SYSTEMPATH\CodeIgniter.php(522): CodeIgniter\Filters\Filters->run('pengajuan_non_medis', 'after')
 5 SYSTEMPATH\CodeIgniter.php(361): CodeIgniter\CodeIgniter->handleRequest(null, Object(Config\Cache), false)
 6 FCPATH\index.php(79): CodeIgniter\CodeIgniter->run()
 7 SYSTEMPATH\Commands\Server\rewrite.php(47): require_once('C:\\xampp\\htdocs\\inventaris-barang\\public\\index.php')
INFO - 2024-09-24 06:26:39 --> Session: Class initialized using 'CodeIgniter\Session\Handlers\FileHandler' driver.
INFO - 2024-09-24 06:26:44 --> Session: Class initialized using 'CodeIgniter\Session\Handlers\FileHandler' driver.
WARNING - 2024-09-24 06:26:44 --> [DEPRECATED] strpos(): Passing null to parameter #1 ($haystack) of type string is deprecated in SYSTEMPATH\Debug\Toolbar.php on line 415.
 1 SYSTEMPATH\Debug\Toolbar.php(415): strpos(null, '<head>')
 2 SYSTEMPATH\Filters\DebugToolbar.php(42): CodeIgniter\Debug\Toolbar->prepare(Object(CodeIgniter\HTTP\IncomingRequest), Object(CodeIgniter\HTTP\RedirectResponse))
 3 SYSTEMPATH\Filters\Filters.php(208): CodeIgniter\Filters\DebugToolbar->after(Object(CodeIgniter\HTTP\IncomingRequest), Object(CodeIgniter\HTTP\RedirectResponse), null)
 4 SYSTEMPATH\CodeIgniter.php(522): CodeIgniter\Filters\Filters->run('pengajuan_non_medis', 'after')
 5 SYSTEMPATH\CodeIgniter.php(361): CodeIgniter\CodeIgniter->handleRequest(null, Object(Config\Cache), false)
 6 FCPATH\index.php(79): CodeIgniter\CodeIgniter->run()
 7 SYSTEMPATH\Commands\Server\rewrite.php(47): require_once('C:\\xampp\\htdocs\\inventaris-barang\\public\\index.php')
INFO - 2024-09-24 06:26:44 --> Session: Class initialized using 'CodeIgniter\Session\Handlers\FileHandler' driver.
INFO - 2024-09-24 06:27:27 --> Session: Class initialized using 'CodeIgniter\Session\Handlers\FileHandler' driver.
INFO - 2024-09-24 06:27:30 --> Session: Class initialized using 'CodeIgniter\Session\Handlers\FileHandler' driver.
INFO - 2024-09-24 06:27:31 --> Session: Class initialized using 'CodeIgniter\Session\Handlers\FileHandler' driver.
WARNING - 2024-09-24 06:27:31 --> [DEPRECATED] strpos(): Passing null to parameter #1 ($haystack) of type string is deprecated in SYSTEMPATH\Debug\Toolbar.php on line 415.
 1 SYSTEMPATH\Debug\Toolbar.php(415): strpos(null, '<head>')
 2 SYSTEMPATH\Filters\DebugToolbar.php(42): CodeIgniter\Debug\Toolbar->prepare(Object(CodeIgniter\HTTP\IncomingRequest), Object(CodeIgniter\HTTP\RedirectResponse))
 3 SYSTEMPATH\Filters\Filters.php(208): CodeIgniter\Filters\DebugToolbar->after(Object(CodeIgniter\HTTP\IncomingRequest), Object(CodeIgniter\HTTP\RedirectResponse), null)
 4 SYSTEMPATH\CodeIgniter.php(522): CodeIgniter\Filters\Filters->run('pengajuan_non_medis', 'after')
 5 SYSTEMPATH\CodeIgniter.php(361): CodeIgniter\CodeIgniter->handleRequest(null, Object(Config\Cache), false)
 6 FCPATH\index.php(79): CodeIgniter\CodeIgniter->run()
 7 SYSTEMPATH\Commands\Server\rewrite.php(47): require_once('C:\\xampp\\htdocs\\inventaris-barang\\public\\index.php')
INFO - 2024-09-24 06:27:31 --> Session: Class initialized using 'CodeIgniter\Session\Handlers\FileHandler' driver.
INFO - 2024-09-24 06:29:04 --> Session: Class initialized using 'CodeIgniter\Session\Handlers\FileHandler' driver.
INFO - 2024-09-24 06:29:07 --> Session: Class initialized using 'CodeIgniter\Session\Handlers\FileHandler' driver.
INFO - 2024-09-24 06:38:51 --> Session: Class initialized using 'CodeIgniter\Session\Handlers\FileHandler' driver.
INFO - 2024-09-24 06:40:36 --> Session: Class initialized using 'CodeIgniter\Session\Handlers\FileHandler' driver.
CRITICAL - 2024-09-24 06:40:36 --> ErrorException: Undefined variable $pgwc
in APPPATH\Views\pengajuan_nonmedis\modal_add.php on line 27.
 1 APPPATH\Views\pengajuan_nonmedis\modal_add.php(27): CodeIgniter\Debug\Exceptions->errorHandler(2, 'Undefined variable $pgwc', 'C:\\xampp\\htdocs\\inventaris-barang\\app\\Views\\pengajuan_nonmedis\\modal_add.php', 27)
 2 SYSTEMPATH\View\View.php(228): include('C:\\xampp\\htdocs\\inventaris-barang\\app\\Views\\pengajuan_nonmedis\\modal_add.php')
 3 SYSTEMPATH\View\View.php(231): CodeIgniter\View\View->CodeIgniter\View\{closure}()
 4 SYSTEMPATH\View\View.php(469): CodeIgniter\View\View->render('pengajuan_nonmedis/modal_add', null, true)
 5 APPPATH\Views\pengajuan_nonmedis\index.php(83): CodeIgniter\View\View->include('pengajuan_nonmedis/modal_add')
 6 SYSTEMPATH\View\View.php(228): include('C:\\xampp\\htdocs\\inventaris-barang\\app\\Views\\pengajuan_nonmedis\\index.php')
 7 SYSTEMPATH\View\View.php(231): CodeIgniter\View\View->CodeIgniter\View\{closure}()
 8 SYSTEMPATH\Common.php(1178): CodeIgniter\View\View->render('pengajuan_nonmedis/index', [], true)
 9 APPPATH\Controllers\PengajuanNonMedisController.php(27): view('pengajuan_nonmedis/index', [...])
10 SYSTEMPATH\CodeIgniter.php(941): App\Controllers\PengajuanNonMedisController->index()
11 SYSTEMPATH\CodeIgniter.php(502): CodeIgniter\CodeIgniter->runController(Object(App\Controllers\PengajuanNonMedisController))
12 SYSTEMPATH\CodeIgniter.php(361): CodeIgniter\CodeIgniter->handleRequest(null, Object(Config\Cache), false)
13 FCPATH\index.php(79): CodeIgniter\CodeIgniter->run()
14 SYSTEMPATH\Commands\Server\rewrite.php(47): require_once('C:\\xampp\\htdocs\\inventaris-barang\\public\\index.php')
INFO - 2024-09-24 06:41:51 --> Session: Class initialized using 'CodeIgniter\Session\Handlers\FileHandler' driver.
INFO - 2024-09-24 06:42:17 --> Session: Class initialized using 'CodeIgniter\Session\Handlers\FileHandler' driver.
INFO - 2024-09-24 06:42:37 --> Session: Class initialized using 'CodeIgniter\Session\Handlers\FileHandler' driver.
INFO - 2024-09-24 06:42:44 --> Session: Class initialized using 'CodeIgniter\Session\Handlers\FileHandler' driver.
INFO - 2024-09-24 06:48:06 --> Session: Class initialized using 'CodeIgniter\Session\Handlers\FileHandler' driver.
INFO - 2024-09-24 06:48:11 --> Session: Class initialized using 'CodeIgniter\Session\Handlers\FileHandler' driver.
INFO - 2024-09-24 06:48:57 --> Session: Class initialized using 'CodeIgniter\Session\Handlers\FileHandler' driver.
INFO - 2024-09-24 06:49:01 --> Session: Class initialized using 'CodeIgniter\Session\Handlers\FileHandler' driver.
INFO - 2024-09-24 06:49:21 --> Session: Class initialized using 'CodeIgniter\Session\Handlers\FileHandler' driver.
INFO - 2024-09-24 06:51:25 --> Session: Class initialized using 'CodeIgniter\Session\Handlers\FileHandler' driver.
INFO - 2024-09-24 06:51:51 --> Session: Class initialized using 'CodeIgniter\Session\Handlers\FileHandler' driver.
INFO - 2024-09-24 06:56:07 --> Session: Class initialized using 'CodeIgniter\Session\Handlers\FileHandler' driver.
INFO - 2024-09-24 06:57:27 --> Session: Class initialized using 'CodeIgniter\Session\Handlers\FileHandler' driver.
INFO - 2024-09-24 07:04:52 --> Session: Class initialized using 'CodeIgniter\Session\Handlers\FileHandler' driver.
INFO - 2024-09-24 07:05:52 --> Session: Class initialized using 'CodeIgniter\Session\Handlers\FileHandler' driver.
CRITICAL - 2024-09-24 07:05:52 --> ErrorException: Undefined variable $brgc
in APPPATH\Views\pengajuan_nonmedis\modal_add.php on line 61.
 1 APPPATH\Views\pengajuan_nonmedis\modal_add.php(61): CodeIgniter\Debug\Exceptions->errorHandler(2, 'Undefined variable $brgc', 'C:\\xampp\\htdocs\\inventaris-barang\\app\\Views\\pengajuan_nonmedis\\modal_add.php', 61)
 2 SYSTEMPATH\View\View.php(228): include('C:\\xampp\\htdocs\\inventaris-barang\\app\\Views\\pengajuan_nonmedis\\modal_add.php')
 3 SYSTEMPATH\View\View.php(231): CodeIgniter\View\View->CodeIgniter\View\{closure}()
 4 SYSTEMPATH\View\View.php(469): CodeIgniter\View\View->render('pengajuan_nonmedis/modal_add', null, true)
 5 APPPATH\Views\pengajuan_nonmedis\index.php(83): CodeIgniter\View\View->include('pengajuan_nonmedis/modal_add')
 6 SYSTEMPATH\View\View.php(228): include('C:\\xampp\\htdocs\\inventaris-barang\\app\\Views\\pengajuan_nonmedis\\index.php')
 7 SYSTEMPATH\View\View.php(231): CodeIgniter\View\View->CodeIgniter\View\{closure}()
 8 SYSTEMPATH\Common.php(1178): CodeIgniter\View\View->render('pengajuan_nonmedis/index', [], true)
 9 APPPATH\Controllers\PengajuanNonMedisController.php(28): view('pengajuan_nonmedis/index', [...])
10 SYSTEMPATH\CodeIgniter.php(941): App\Controllers\PengajuanNonMedisController->index()
11 SYSTEMPATH\CodeIgniter.php(502): CodeIgniter\CodeIgniter->runController(Object(App\Controllers\PengajuanNonMedisController))
12 SYSTEMPATH\CodeIgniter.php(361): CodeIgniter\CodeIgniter->handleRequest(null, Object(Config\Cache), false)
13 FCPATH\index.php(79): CodeIgniter\CodeIgniter->run()
14 SYSTEMPATH\Commands\Server\rewrite.php(47): require_once('C:\\xampp\\htdocs\\inventaris-barang\\public\\index.php')
INFO - 2024-09-24 07:19:29 --> Session: Class initialized using 'CodeIgniter\Session\Handlers\FileHandler' driver.
INFO - 2024-09-24 07:35:27 --> Session: Class initialized using 'CodeIgniter\Session\Handlers\FileHandler' driver.
INFO - 2024-09-24 07:35:30 --> Session: Class initialized using 'CodeIgniter\Session\Handlers\FileHandler' driver.
WARNING - 2024-09-24 07:35:30 --> [DEPRECATED] number_format(): Passing null to parameter #1 ($num) of type float is deprecated in APPPATH\Views\pembelian_inventaris\index.php on line 48.
 1 APPPATH\Views\pembelian_inventaris\index.php(48): number_format(null, 0, ',', '.')
 2 SYSTEMPATH\View\View.php(228): include('C:\\xampp\\htdocs\\inventaris-barang\\app\\Views\\pembelian_inventaris\\index.php')
 3 SYSTEMPATH\View\View.php(231): CodeIgniter\View\View->CodeIgniter\View\{closure}()
 4 SYSTEMPATH\Common.php(1178): CodeIgniter\View\View->render('pembelian_inventaris/index', [], true)
 5 APPPATH\Controllers\PembelianInventarisController.php(41): view('pembelian_inventaris/index', [...])
 6 SYSTEMPATH\CodeIgniter.php(941): App\Controllers\PembelianInventarisController->index()
 7 SYSTEMPATH\CodeIgniter.php(502): CodeIgniter\CodeIgniter->runController(Object(App\Controllers\PembelianInventarisController))
 8 SYSTEMPATH\CodeIgniter.php(361): CodeIgniter\CodeIgniter->handleRequest(null, Object(Config\Cache), false)
 9 FCPATH\index.php(79): CodeIgniter\CodeIgniter->run()
10 SYSTEMPATH\Commands\Server\rewrite.php(47): require_once('C:\\xampp\\htdocs\\inventaris-barang\\public\\index.php')
INFO - 2024-09-24 07:35:32 --> Session: Class initialized using 'CodeIgniter\Session\Handlers\FileHandler' driver.
INFO - 2024-09-24 07:35:36 --> Session: Class initialized using 'CodeIgniter\Session\Handlers\FileHandler' driver.
INFO - 2024-09-24 07:35:39 --> Session: Class initialized using 'CodeIgniter\Session\Handlers\FileHandler' driver.
