INFO - 2024-09-03 00:29:45 --> Session: Class initialized using 'CodeIgniter\Session\Handlers\FileHandler' driver.
ERROR - 2024-09-03 00:29:57 --> Error connecting to the database: mysqli_sql_exception: No connection could be made because the target machine actively refused it in C:\xampp\htdocs\inventaris-barang\system\Database\MySQLi\Connection.php:184
Stack trace:
#0 C:\xampp\htdocs\inventaris-barang\system\Database\MySQLi\Connection.php(184): mysqli->real_connect('localhost', 'root', Object(SensitiveParameterValue), 'inventaris_bara...', 3306, '', 0)
#1 C:\xampp\htdocs\inventaris-barang\system\Database\BaseConnection.php(392): CodeIgniter\Database\MySQLi\Connection->connect(false)
#2 C:\xampp\htdocs\inventaris-barang\system\Database\BaseConnection.php(575): CodeIgniter\Database\BaseConnection->initialize()
#3 C:\xampp\htdocs\inventaris-barang\system\Database\BaseBuilder.php(1616): CodeIgniter\Database\BaseConnection->query('SELECT *\nFROM `...', Array, false)
#4 C:\xampp\htdocs\inventaris-barang\system\Model.php(270): CodeIgniter\Database\BaseBuilder->get()
#5 C:\xampp\htdocs\inventaris-barang\system\BaseModel.php(676): CodeIgniter\Model->doFirst()
#6 C:\xampp\htdocs\inventaris-barang\app\Controllers\AuthController.php(40): CodeIgniter\BaseModel->first()
#7 C:\xampp\htdocs\inventaris-barang\system\CodeIgniter.php(941): App\Controllers\AuthController->login()
#8 C:\xampp\htdocs\inventaris-barang\system\CodeIgniter.php(502): CodeIgniter\CodeIgniter->runController(Object(App\Controllers\AuthController))
#9 C:\xampp\htdocs\inventaris-barang\system\CodeIgniter.php(361): CodeIgniter\CodeIgniter->handleRequest(NULL, Object(Config\Cache), false)
#10 C:\xampp\htdocs\inventaris-barang\public\index.php(79): CodeIgniter\CodeIgniter->run()
#11 C:\xampp\htdocs\inventaris-barang\system\Commands\Server\rewrite.php(47): require_once('C:\\xampp\\htdocs...')
#12 {main}

Next CodeIgniter\Database\Exceptions\DatabaseException: No connection could be made because the target machine actively refused it in C:\xampp\htdocs\inventaris-barang\system\Database\MySQLi\Connection.php:229
Stack trace:
#0 C:\xampp\htdocs\inventaris-barang\system\Database\BaseConnection.php(392): CodeIgniter\Database\MySQLi\Connection->connect(false)
#1 C:\xampp\htdocs\inventaris-barang\system\Database\BaseConnection.php(575): CodeIgniter\Database\BaseConnection->initialize()
#2 C:\xampp\htdocs\inventaris-barang\system\Database\BaseBuilder.php(1616): CodeIgniter\Database\BaseConnection->query('SELECT *\nFROM `...', Array, false)
#3 C:\xampp\htdocs\inventaris-barang\system\Model.php(270): CodeIgniter\Database\BaseBuilder->get()
#4 C:\xampp\htdocs\inventaris-barang\system\BaseModel.php(676): CodeIgniter\Model->doFirst()
#5 C:\xampp\htdocs\inventaris-barang\app\Controllers\AuthController.php(40): CodeIgniter\BaseModel->first()
#6 C:\xampp\htdocs\inventaris-barang\system\CodeIgniter.php(941): App\Controllers\AuthController->login()
#7 C:\xampp\htdocs\inventaris-barang\system\CodeIgniter.php(502): CodeIgniter\CodeIgniter->runController(Object(App\Controllers\AuthController))
#8 C:\xampp\htdocs\inventaris-barang\system\CodeIgniter.php(361): CodeIgniter\CodeIgniter->handleRequest(NULL, Object(Config\Cache), false)
#9 C:\xampp\htdocs\inventaris-barang\public\index.php(79): CodeIgniter\CodeIgniter->run()
#10 C:\xampp\htdocs\inventaris-barang\system\Commands\Server\rewrite.php(47): require_once('C:\\xampp\\htdocs...')
#11 {main}
CRITICAL - 2024-09-03 00:29:57 --> CodeIgniter\Database\Exceptions\DatabaseException: Unable to connect to the database.
Main connection [MySQLi]: No connection could be made because the target machine actively refused it
in SYSTEMPATH\Database\BaseConnection.php on line 428.
 1 SYSTEMPATH\Database\BaseConnection.php(575): CodeIgniter\Database\BaseConnection->initialize()
 2 SYSTEMPATH\Database\BaseBuilder.php(1616): CodeIgniter\Database\BaseConnection->query('SELECT *
FROM `tb_pengguna`
WHERE `username` = :username:
 LIMIT 1', [...], false)
 3 SYSTEMPATH\Model.php(270): CodeIgniter\Database\BaseBuilder->get()
 4 SYSTEMPATH\BaseModel.php(676): CodeIgniter\Model->doFirst()
 5 APPPATH\Controllers\AuthController.php(40): CodeIgniter\BaseModel->first()
 6 SYSTEMPATH\CodeIgniter.php(941): App\Controllers\AuthController->login()
 7 SYSTEMPATH\CodeIgniter.php(502): CodeIgniter\CodeIgniter->runController(Object(App\Controllers\AuthController))
 8 SYSTEMPATH\CodeIgniter.php(361): CodeIgniter\CodeIgniter->handleRequest(null, Object(Config\Cache), false)
 9 FCPATH\index.php(79): CodeIgniter\CodeIgniter->run()
10 SYSTEMPATH\Commands\Server\rewrite.php(47): require_once('C:\\xampp\\htdocs\\inventaris-barang\\public\\index.php')
ERROR - 2024-09-03 00:30:02 --> Error connecting to the database: mysqli_sql_exception: No connection could be made because the target machine actively refused it in C:\xampp\htdocs\inventaris-barang\system\Database\MySQLi\Connection.php:184
Stack trace:
#0 C:\xampp\htdocs\inventaris-barang\system\Database\MySQLi\Connection.php(184): mysqli->real_connect('localhost', 'root', Object(SensitiveParameterValue), 'inventaris_bara...', 3306, '', 0)
#1 C:\xampp\htdocs\inventaris-barang\system\Database\BaseConnection.php(392): CodeIgniter\Database\MySQLi\Connection->connect(false)
#2 C:\xampp\htdocs\inventaris-barang\system\Database\BaseConnection.php(575): CodeIgniter\Database\BaseConnection->initialize()
#3 C:\xampp\htdocs\inventaris-barang\system\Database\BaseBuilder.php(1616): CodeIgniter\Database\BaseConnection->query('SELECT *\nFROM `...', Array, false)
#4 C:\xampp\htdocs\inventaris-barang\system\Model.php(270): CodeIgniter\Database\BaseBuilder->get()
#5 C:\xampp\htdocs\inventaris-barang\system\BaseModel.php(676): CodeIgniter\Model->doFirst()
#6 C:\xampp\htdocs\inventaris-barang\app\Controllers\AuthController.php(40): CodeIgniter\BaseModel->first()
#7 C:\xampp\htdocs\inventaris-barang\system\CodeIgniter.php(941): App\Controllers\AuthController->login()
#8 C:\xampp\htdocs\inventaris-barang\system\CodeIgniter.php(502): CodeIgniter\CodeIgniter->runController(Object(App\Controllers\AuthController))
#9 C:\xampp\htdocs\inventaris-barang\system\CodeIgniter.php(361): CodeIgniter\CodeIgniter->handleRequest(NULL, Object(Config\Cache), false)
#10 C:\xampp\htdocs\inventaris-barang\public\index.php(79): CodeIgniter\CodeIgniter->run()
#11 C:\xampp\htdocs\inventaris-barang\system\Commands\Server\rewrite.php(47): require_once('C:\\xampp\\htdocs...')
#12 {main}

Next CodeIgniter\Database\Exceptions\DatabaseException: No connection could be made because the target machine actively refused it in C:\xampp\htdocs\inventaris-barang\system\Database\MySQLi\Connection.php:229
Stack trace:
#0 C:\xampp\htdocs\inventaris-barang\system\Database\BaseConnection.php(392): CodeIgniter\Database\MySQLi\Connection->connect(false)
#1 C:\xampp\htdocs\inventaris-barang\system\Database\BaseConnection.php(575): CodeIgniter\Database\BaseConnection->initialize()
#2 C:\xampp\htdocs\inventaris-barang\system\Database\BaseBuilder.php(1616): CodeIgniter\Database\BaseConnection->query('SELECT *\nFROM `...', Array, false)
#3 C:\xampp\htdocs\inventaris-barang\system\Model.php(270): CodeIgniter\Database\BaseBuilder->get()
#4 C:\xampp\htdocs\inventaris-barang\system\BaseModel.php(676): CodeIgniter\Model->doFirst()
#5 C:\xampp\htdocs\inventaris-barang\app\Controllers\AuthController.php(40): CodeIgniter\BaseModel->first()
#6 C:\xampp\htdocs\inventaris-barang\system\CodeIgniter.php(941): App\Controllers\AuthController->login()
#7 C:\xampp\htdocs\inventaris-barang\system\CodeIgniter.php(502): CodeIgniter\CodeIgniter->runController(Object(App\Controllers\AuthController))
#8 C:\xampp\htdocs\inventaris-barang\system\CodeIgniter.php(361): CodeIgniter\CodeIgniter->handleRequest(NULL, Object(Config\Cache), false)
#9 C:\xampp\htdocs\inventaris-barang\public\index.php(79): CodeIgniter\CodeIgniter->run()
#10 C:\xampp\htdocs\inventaris-barang\system\Commands\Server\rewrite.php(47): require_once('C:\\xampp\\htdocs...')
#11 {main}
CRITICAL - 2024-09-03 00:30:02 --> CodeIgniter\Database\Exceptions\DatabaseException: Unable to connect to the database.
Main connection [MySQLi]: No connection could be made because the target machine actively refused it
in SYSTEMPATH\Database\BaseConnection.php on line 428.
 1 SYSTEMPATH\Database\BaseConnection.php(575): CodeIgniter\Database\BaseConnection->initialize()
 2 SYSTEMPATH\Database\BaseBuilder.php(1616): CodeIgniter\Database\BaseConnection->query('SELECT *
FROM `tb_pengguna`
WHERE `username` = :username:
 LIMIT 1', [...], false)
 3 SYSTEMPATH\Model.php(270): CodeIgniter\Database\BaseBuilder->get()
 4 SYSTEMPATH\BaseModel.php(676): CodeIgniter\Model->doFirst()
 5 APPPATH\Controllers\AuthController.php(40): CodeIgniter\BaseModel->first()
 6 SYSTEMPATH\CodeIgniter.php(941): App\Controllers\AuthController->login()
 7 SYSTEMPATH\CodeIgniter.php(502): CodeIgniter\CodeIgniter->runController(Object(App\Controllers\AuthController))
 8 SYSTEMPATH\CodeIgniter.php(361): CodeIgniter\CodeIgniter->handleRequest(null, Object(Config\Cache), false)
 9 FCPATH\index.php(79): CodeIgniter\CodeIgniter->run()
10 SYSTEMPATH\Commands\Server\rewrite.php(47): require_once('C:\\xampp\\htdocs\\inventaris-barang\\public\\index.php')
ERROR - 2024-09-03 00:30:35 --> mysqli_sql_exception: MySQL server has gone away in C:\xampp\htdocs\inventaris-barang\system\Database\MySQLi\Connection.php:306
Stack trace:
#0 C:\xampp\htdocs\inventaris-barang\system\Database\MySQLi\Connection.php(306): mysqli->query('SELECT *\nFROM `...', 0)
#1 C:\xampp\htdocs\inventaris-barang\system\Database\BaseConnection.php(693): CodeIgniter\Database\MySQLi\Connection->execute('SELECT *\nFROM `...')
#2 C:\xampp\htdocs\inventaris-barang\system\Database\BaseConnection.php(607): CodeIgniter\Database\BaseConnection->simpleQuery('SELECT *\nFROM `...')
#3 C:\xampp\htdocs\inventaris-barang\system\Database\BaseBuilder.php(1616): CodeIgniter\Database\BaseConnection->query('SELECT *\nFROM `...', Array, false)
#4 C:\xampp\htdocs\inventaris-barang\system\Model.php(270): CodeIgniter\Database\BaseBuilder->get()
#5 C:\xampp\htdocs\inventaris-barang\system\BaseModel.php(676): CodeIgniter\Model->doFirst()
#6 C:\xampp\htdocs\inventaris-barang\app\Controllers\AuthController.php(40): CodeIgniter\BaseModel->first()
#7 C:\xampp\htdocs\inventaris-barang\system\CodeIgniter.php(941): App\Controllers\AuthController->login()
#8 C:\xampp\htdocs\inventaris-barang\system\CodeIgniter.php(502): CodeIgniter\CodeIgniter->runController(Object(App\Controllers\AuthController))
#9 C:\xampp\htdocs\inventaris-barang\system\CodeIgniter.php(361): CodeIgniter\CodeIgniter->handleRequest(NULL, Object(Config\Cache), false)
#10 C:\xampp\htdocs\inventaris-barang\public\index.php(79): CodeIgniter\CodeIgniter->run()
#11 C:\xampp\htdocs\inventaris-barang\system\Commands\Server\rewrite.php(47): require_once('C:\\xampp\\htdocs...')
#12 {main}
CRITICAL - 2024-09-03 00:30:35 --> CodeIgniter\Database\Exceptions\DatabaseException: MySQL server has gone away
in SYSTEMPATH\Database\BaseConnection.php on line 647.
 1 SYSTEMPATH\Database\BaseBuilder.php(1616): CodeIgniter\Database\BaseConnection->query('SELECT *
FROM `tb_pengguna`
WHERE `username` = :username:
 LIMIT 1', [...], false)
 2 SYSTEMPATH\Model.php(270): CodeIgniter\Database\BaseBuilder->get()
 3 SYSTEMPATH\BaseModel.php(676): CodeIgniter\Model->doFirst()
 4 APPPATH\Controllers\AuthController.php(40): CodeIgniter\BaseModel->first()
 5 SYSTEMPATH\CodeIgniter.php(941): App\Controllers\AuthController->login()
 6 SYSTEMPATH\CodeIgniter.php(502): CodeIgniter\CodeIgniter->runController(Object(App\Controllers\AuthController))
 7 SYSTEMPATH\CodeIgniter.php(361): CodeIgniter\CodeIgniter->handleRequest(null, Object(Config\Cache), false)
 8 FCPATH\index.php(79): CodeIgniter\CodeIgniter->run()
 9 SYSTEMPATH\Commands\Server\rewrite.php(47): require_once('C:\\xampp\\htdocs\\inventaris-barang\\public\\index.php')
CRITICAL - 2024-09-03 00:30:35 --> [Caused by] CodeIgniter\Database\Exceptions\DatabaseException: MySQL server has gone away
in SYSTEMPATH\Database\MySQLi\Connection.php on line 311.
 1 SYSTEMPATH\Database\BaseConnection.php(693): CodeIgniter\Database\MySQLi\Connection->execute('SELECT *
FROM `tb_pengguna`
WHERE `username` = \'admin\'
 LIMIT 1')
 2 SYSTEMPATH\Database\BaseConnection.php(607): CodeIgniter\Database\BaseConnection->simpleQuery('SELECT *
FROM `tb_pengguna`
WHERE `username` = \'admin\'
 LIMIT 1')
 3 SYSTEMPATH\Database\BaseBuilder.php(1616): CodeIgniter\Database\BaseConnection->query('SELECT *
FROM `tb_pengguna`
WHERE `username` = :username:
 LIMIT 1', [...], false)
 4 SYSTEMPATH\Model.php(270): CodeIgniter\Database\BaseBuilder->get()
 5 SYSTEMPATH\BaseModel.php(676): CodeIgniter\Model->doFirst()
 6 APPPATH\Controllers\AuthController.php(40): CodeIgniter\BaseModel->first()
 7 SYSTEMPATH\CodeIgniter.php(941): App\Controllers\AuthController->login()
 8 SYSTEMPATH\CodeIgniter.php(502): CodeIgniter\CodeIgniter->runController(Object(App\Controllers\AuthController))
 9 SYSTEMPATH\CodeIgniter.php(361): CodeIgniter\CodeIgniter->handleRequest(null, Object(Config\Cache), false)
10 FCPATH\index.php(79): CodeIgniter\CodeIgniter->run()
11 SYSTEMPATH\Commands\Server\rewrite.php(47): require_once('C:\\xampp\\htdocs\\inventaris-barang\\public\\index.php')
CRITICAL - 2024-09-03 00:30:35 --> [Caused by] mysqli_sql_exception: MySQL server has gone away
in SYSTEMPATH\Database\MySQLi\Connection.php on line 306.
 1 SYSTEMPATH\Database\MySQLi\Connection.php(306): mysqli->query('SELECT *
FROM `tb_pengguna`
WHERE `username` = \'admin\'
 LIMIT 1', 0)
 2 SYSTEMPATH\Database\BaseConnection.php(693): CodeIgniter\Database\MySQLi\Connection->execute('SELECT *
FROM `tb_pengguna`
WHERE `username` = \'admin\'
 LIMIT 1')
 3 SYSTEMPATH\Database\BaseConnection.php(607): CodeIgniter\Database\BaseConnection->simpleQuery('SELECT *
FROM `tb_pengguna`
WHERE `username` = \'admin\'
 LIMIT 1')
 4 SYSTEMPATH\Database\BaseBuilder.php(1616): CodeIgniter\Database\BaseConnection->query('SELECT *
FROM `tb_pengguna`
WHERE `username` = :username:
 LIMIT 1', [...], false)
 5 SYSTEMPATH\Model.php(270): CodeIgniter\Database\BaseBuilder->get()
 6 SYSTEMPATH\BaseModel.php(676): CodeIgniter\Model->doFirst()
 7 APPPATH\Controllers\AuthController.php(40): CodeIgniter\BaseModel->first()
 8 SYSTEMPATH\CodeIgniter.php(941): App\Controllers\AuthController->login()
 9 SYSTEMPATH\CodeIgniter.php(502): CodeIgniter\CodeIgniter->runController(Object(App\Controllers\AuthController))
10 SYSTEMPATH\CodeIgniter.php(361): CodeIgniter\CodeIgniter->handleRequest(null, Object(Config\Cache), false)
11 FCPATH\index.php(79): CodeIgniter\CodeIgniter->run()
12 SYSTEMPATH\Commands\Server\rewrite.php(47): require_once('C:\\xampp\\htdocs\\inventaris-barang\\public\\index.php')
INFO - 2024-09-03 00:30:37 --> Session: Class initialized using 'CodeIgniter\Session\Handlers\FileHandler' driver.
ERROR - 2024-09-03 00:30:47 --> Error connecting to the database: mysqli_sql_exception: No connection could be made because the target machine actively refused it in C:\xampp\htdocs\inventaris-barang\system\Database\MySQLi\Connection.php:184
Stack trace:
#0 C:\xampp\htdocs\inventaris-barang\system\Database\MySQLi\Connection.php(184): mysqli->real_connect('localhost', 'root', Object(SensitiveParameterValue), 'inventaris_bara...', 3306, '', 0)
#1 C:\xampp\htdocs\inventaris-barang\system\Database\BaseConnection.php(392): CodeIgniter\Database\MySQLi\Connection->connect(false)
#2 C:\xampp\htdocs\inventaris-barang\system\Database\BaseConnection.php(575): CodeIgniter\Database\BaseConnection->initialize()
#3 C:\xampp\htdocs\inventaris-barang\system\Database\BaseBuilder.php(1616): CodeIgniter\Database\BaseConnection->query('SELECT *\nFROM `...', Array, false)
#4 C:\xampp\htdocs\inventaris-barang\system\Model.php(270): CodeIgniter\Database\BaseBuilder->get()
#5 C:\xampp\htdocs\inventaris-barang\system\BaseModel.php(676): CodeIgniter\Model->doFirst()
#6 C:\xampp\htdocs\inventaris-barang\app\Controllers\AuthController.php(40): CodeIgniter\BaseModel->first()
#7 C:\xampp\htdocs\inventaris-barang\system\CodeIgniter.php(941): App\Controllers\AuthController->login()
#8 C:\xampp\htdocs\inventaris-barang\system\CodeIgniter.php(502): CodeIgniter\CodeIgniter->runController(Object(App\Controllers\AuthController))
#9 C:\xampp\htdocs\inventaris-barang\system\CodeIgniter.php(361): CodeIgniter\CodeIgniter->handleRequest(NULL, Object(Config\Cache), false)
#10 C:\xampp\htdocs\inventaris-barang\public\index.php(79): CodeIgniter\CodeIgniter->run()
#11 C:\xampp\htdocs\inventaris-barang\system\Commands\Server\rewrite.php(47): require_once('C:\\xampp\\htdocs...')
#12 {main}

Next CodeIgniter\Database\Exceptions\DatabaseException: No connection could be made because the target machine actively refused it in C:\xampp\htdocs\inventaris-barang\system\Database\MySQLi\Connection.php:229
Stack trace:
#0 C:\xampp\htdocs\inventaris-barang\system\Database\BaseConnection.php(392): CodeIgniter\Database\MySQLi\Connection->connect(false)
#1 C:\xampp\htdocs\inventaris-barang\system\Database\BaseConnection.php(575): CodeIgniter\Database\BaseConnection->initialize()
#2 C:\xampp\htdocs\inventaris-barang\system\Database\BaseBuilder.php(1616): CodeIgniter\Database\BaseConnection->query('SELECT *\nFROM `...', Array, false)
#3 C:\xampp\htdocs\inventaris-barang\system\Model.php(270): CodeIgniter\Database\BaseBuilder->get()
#4 C:\xampp\htdocs\inventaris-barang\system\BaseModel.php(676): CodeIgniter\Model->doFirst()
#5 C:\xampp\htdocs\inventaris-barang\app\Controllers\AuthController.php(40): CodeIgniter\BaseModel->first()
#6 C:\xampp\htdocs\inventaris-barang\system\CodeIgniter.php(941): App\Controllers\AuthController->login()
#7 C:\xampp\htdocs\inventaris-barang\system\CodeIgniter.php(502): CodeIgniter\CodeIgniter->runController(Object(App\Controllers\AuthController))
#8 C:\xampp\htdocs\inventaris-barang\system\CodeIgniter.php(361): CodeIgniter\CodeIgniter->handleRequest(NULL, Object(Config\Cache), false)
#9 C:\xampp\htdocs\inventaris-barang\public\index.php(79): CodeIgniter\CodeIgniter->run()
#10 C:\xampp\htdocs\inventaris-barang\system\Commands\Server\rewrite.php(47): require_once('C:\\xampp\\htdocs...')
#11 {main}
CRITICAL - 2024-09-03 00:30:47 --> CodeIgniter\Database\Exceptions\DatabaseException: Unable to connect to the database.
Main connection [MySQLi]: No connection could be made because the target machine actively refused it
in SYSTEMPATH\Database\BaseConnection.php on line 428.
 1 SYSTEMPATH\Database\BaseConnection.php(575): CodeIgniter\Database\BaseConnection->initialize()
 2 SYSTEMPATH\Database\BaseBuilder.php(1616): CodeIgniter\Database\BaseConnection->query('SELECT *
FROM `tb_pengguna`
WHERE `username` = :username:
 LIMIT 1', [...], false)
 3 SYSTEMPATH\Model.php(270): CodeIgniter\Database\BaseBuilder->get()
 4 SYSTEMPATH\BaseModel.php(676): CodeIgniter\Model->doFirst()
 5 APPPATH\Controllers\AuthController.php(40): CodeIgniter\BaseModel->first()
 6 SYSTEMPATH\CodeIgniter.php(941): App\Controllers\AuthController->login()
 7 SYSTEMPATH\CodeIgniter.php(502): CodeIgniter\CodeIgniter->runController(Object(App\Controllers\AuthController))
 8 SYSTEMPATH\CodeIgniter.php(361): CodeIgniter\CodeIgniter->handleRequest(null, Object(Config\Cache), false)
 9 FCPATH\index.php(79): CodeIgniter\CodeIgniter->run()
10 SYSTEMPATH\Commands\Server\rewrite.php(47): require_once('C:\\xampp\\htdocs\\inventaris-barang\\public\\index.php')
INFO - 2024-09-03 00:30:52 --> Session: Class initialized using 'CodeIgniter\Session\Handlers\FileHandler' driver.
INFO - 2024-09-03 00:30:57 --> Session: Class initialized using 'CodeIgniter\Session\Handlers\FileHandler' driver.
INFO - 2024-09-03 00:30:58 --> Session: Class initialized using 'CodeIgniter\Session\Handlers\FileHandler' driver.
INFO - 2024-09-03 00:31:04 --> Session: Class initialized using 'CodeIgniter\Session\Handlers\FileHandler' driver.
INFO - 2024-09-03 00:31:05 --> Session: Class initialized using 'CodeIgniter\Session\Handlers\FileHandler' driver.
INFO - 2024-09-03 00:31:05 --> Session: Class initialized using 'CodeIgniter\Session\Handlers\FileHandler' driver.
INFO - 2024-09-03 00:31:05 --> Session: Class initialized using 'CodeIgniter\Session\Handlers\FileHandler' driver.
INFO - 2024-09-03 00:44:05 --> Session: Class initialized using 'CodeIgniter\Session\Handlers\FileHandler' driver.
INFO - 2024-09-03 00:45:23 --> Session: Class initialized using 'CodeIgniter\Session\Handlers\FileHandler' driver.
INFO - 2024-09-03 00:45:47 --> Session: Class initialized using 'CodeIgniter\Session\Handlers\FileHandler' driver.
INFO - 2024-09-03 00:46:06 --> Session: Class initialized using 'CodeIgniter\Session\Handlers\FileHandler' driver.
INFO - 2024-09-03 00:48:13 --> Session: Class initialized using 'CodeIgniter\Session\Handlers\FileHandler' driver.
INFO - 2024-09-03 00:49:07 --> Session: Class initialized using 'CodeIgniter\Session\Handlers\FileHandler' driver.
INFO - 2024-09-03 00:49:23 --> Session: Class initialized using 'CodeIgniter\Session\Handlers\FileHandler' driver.
INFO - 2024-09-03 00:53:05 --> Session: Class initialized using 'CodeIgniter\Session\Handlers\FileHandler' driver.
INFO - 2024-09-03 00:53:23 --> Session: Class initialized using 'CodeIgniter\Session\Handlers\FileHandler' driver.
INFO - 2024-09-03 00:54:19 --> Session: Class initialized using 'CodeIgniter\Session\Handlers\FileHandler' driver.
INFO - 2024-09-03 00:55:47 --> Session: Class initialized using 'CodeIgniter\Session\Handlers\FileHandler' driver.
INFO - 2024-09-03 00:58:42 --> Session: Class initialized using 'CodeIgniter\Session\Handlers\FileHandler' driver.
INFO - 2024-09-03 01:00:07 --> Session: Class initialized using 'CodeIgniter\Session\Handlers\FileHandler' driver.
INFO - 2024-09-03 01:17:15 --> Session: Class initialized using 'CodeIgniter\Session\Handlers\FileHandler' driver.
INFO - 2024-09-03 01:17:39 --> Session: Class initialized using 'CodeIgniter\Session\Handlers\FileHandler' driver.
ERROR - 2024-09-03 01:17:39 --> mysqli_sql_exception: Column 'nik' in where clause is ambiguous in C:\xampp\htdocs\inventaris-barang\system\Database\MySQLi\Connection.php:306
Stack trace:
#0 C:\xampp\htdocs\inventaris-barang\system\Database\MySQLi\Connection.php(306): mysqli->query('SELECT `pengaju...', 0)
#1 C:\xampp\htdocs\inventaris-barang\system\Database\BaseConnection.php(693): CodeIgniter\Database\MySQLi\Connection->execute('SELECT `pengaju...')
#2 C:\xampp\htdocs\inventaris-barang\system\Database\BaseConnection.php(607): CodeIgniter\Database\BaseConnection->simpleQuery('SELECT `pengaju...')
#3 C:\xampp\htdocs\inventaris-barang\system\Database\BaseBuilder.php(1616): CodeIgniter\Database\BaseConnection->query('SELECT `pengaju...', Array, false)
#4 C:\xampp\htdocs\inventaris-barang\system\Model.php(242): CodeIgniter\Database\BaseBuilder->get()
#5 C:\xampp\htdocs\inventaris-barang\system\BaseModel.php(638): CodeIgniter\Model->doFindAll(0, 0)
#6 C:\xampp\htdocs\inventaris-barang\app\Models\PengajuanInventarisModel.php(56): CodeIgniter\BaseModel->findAll()
#7 C:\xampp\htdocs\inventaris-barang\app\Controllers\PengajuanInventarisController.php(138): App\Models\PengajuanInventarisModel->printData('2024-08-01', '2024-09-03', '')
#8 C:\xampp\htdocs\inventaris-barang\system\CodeIgniter.php(941): App\Controllers\PengajuanInventarisController->print()
#9 C:\xampp\htdocs\inventaris-barang\system\CodeIgniter.php(502): CodeIgniter\CodeIgniter->runController(Object(App\Controllers\PengajuanInventarisController))
#10 C:\xampp\htdocs\inventaris-barang\system\CodeIgniter.php(361): CodeIgniter\CodeIgniter->handleRequest(NULL, Object(Config\Cache), false)
#11 C:\xampp\htdocs\inventaris-barang\public\index.php(79): CodeIgniter\CodeIgniter->run()
#12 C:\xampp\htdocs\inventaris-barang\system\Commands\Server\rewrite.php(47): require_once('C:\\xampp\\htdocs...')
#13 {main}
CRITICAL - 2024-09-03 01:17:39 --> CodeIgniter\Database\Exceptions\DatabaseException: Column 'nik' in where clause is ambiguous
in SYSTEMPATH\Database\BaseConnection.php on line 647.
 1 SYSTEMPATH\Database\BaseBuilder.php(1616): CodeIgniter\Database\BaseConnection->query('SELECT `pengajuan_inventaris`.*, `pegawai`.*, `pj`.`nik` as `nik_pj`, `pj`.`nama` as `nama_pj`
FROM `pengajuan_inventaris`
JOIN `pegawai` ON `pengajuan_inventaris`.`nik`=`pegawai`.`nik`
JOIN `pegawai` as `pj` ON `pengajuan_inventaris`.`nik_pj`=`pj`.`nik`
WHERE `tanggal` >= :tanggal:
AND `tanggal` <= :tanggal.1:
AND `nik` = :nik:', [...], false)
 2 SYSTEMPATH\Model.php(242): CodeIgniter\Database\BaseBuilder->get()
 3 SYSTEMPATH\BaseModel.php(638): CodeIgniter\Model->doFindAll(0, 0)
 4 APPPATH\Models\PengajuanInventarisModel.php(56): CodeIgniter\BaseModel->findAll()
 5 APPPATH\Controllers\PengajuanInventarisController.php(138): App\Models\PengajuanInventarisModel->printData('2024-08-01', '2024-09-03', '')
 6 SYSTEMPATH\CodeIgniter.php(941): App\Controllers\PengajuanInventarisController->print()
 7 SYSTEMPATH\CodeIgniter.php(502): CodeIgniter\CodeIgniter->runController(Object(App\Controllers\PengajuanInventarisController))
 8 SYSTEMPATH\CodeIgniter.php(361): CodeIgniter\CodeIgniter->handleRequest(null, Object(Config\Cache), false)
 9 FCPATH\index.php(79): CodeIgniter\CodeIgniter->run()
10 SYSTEMPATH\Commands\Server\rewrite.php(47): require_once('C:\\xampp\\htdocs\\inventaris-barang\\public\\index.php')
CRITICAL - 2024-09-03 01:17:39 --> [Caused by] CodeIgniter\Database\Exceptions\DatabaseException: Column 'nik' in where clause is ambiguous
in SYSTEMPATH\Database\MySQLi\Connection.php on line 311.
 1 SYSTEMPATH\Database\BaseConnection.php(693): CodeIgniter\Database\MySQLi\Connection->execute('SELECT `pengajuan_inventaris`.*, `pegawai`.*, `pj`.`nik` as `nik_pj`, `pj`.`nama` as `nama_pj`
FROM `pengajuan_inventaris`
JOIN `pegawai` ON `pengajuan_inventaris`.`nik`=`pegawai`.`nik`
JOIN `pegawai` as `pj` ON `pengajuan_inventaris`.`nik_pj`=`pj`.`nik`
WHERE `tanggal` >= \'2024-08-01\'
AND `tanggal` <= \'2024-09-03\'
AND `nik` = \'\'')
 2 SYSTEMPATH\Database\BaseConnection.php(607): CodeIgniter\Database\BaseConnection->simpleQuery('SELECT `pengajuan_inventaris`.*, `pegawai`.*, `pj`.`nik` as `nik_pj`, `pj`.`nama` as `nama_pj`
FROM `pengajuan_inventaris`
JOIN `pegawai` ON `pengajuan_inventaris`.`nik`=`pegawai`.`nik`
JOIN `pegawai` as `pj` ON `pengajuan_inventaris`.`nik_pj`=`pj`.`nik`
WHERE `tanggal` >= \'2024-08-01\'
AND `tanggal` <= \'2024-09-03\'
AND `nik` = \'\'')
 3 SYSTEMPATH\Database\BaseBuilder.php(1616): CodeIgniter\Database\BaseConnection->query('SELECT `pengajuan_inventaris`.*, `pegawai`.*, `pj`.`nik` as `nik_pj`, `pj`.`nama` as `nama_pj`
FROM `pengajuan_inventaris`
JOIN `pegawai` ON `pengajuan_inventaris`.`nik`=`pegawai`.`nik`
JOIN `pegawai` as `pj` ON `pengajuan_inventaris`.`nik_pj`=`pj`.`nik`
WHERE `tanggal` >= :tanggal:
AND `tanggal` <= :tanggal.1:
AND `nik` = :nik:', [...], false)
 4 SYSTEMPATH\Model.php(242): CodeIgniter\Database\BaseBuilder->get()
 5 SYSTEMPATH\BaseModel.php(638): CodeIgniter\Model->doFindAll(0, 0)
 6 APPPATH\Models\PengajuanInventarisModel.php(56): CodeIgniter\BaseModel->findAll()
 7 APPPATH\Controllers\PengajuanInventarisController.php(138): App\Models\PengajuanInventarisModel->printData('2024-08-01', '2024-09-03', '')
 8 SYSTEMPATH\CodeIgniter.php(941): App\Controllers\PengajuanInventarisController->print()
 9 SYSTEMPATH\CodeIgniter.php(502): CodeIgniter\CodeIgniter->runController(Object(App\Controllers\PengajuanInventarisController))
10 SYSTEMPATH\CodeIgniter.php(361): CodeIgniter\CodeIgniter->handleRequest(null, Object(Config\Cache), false)
11 FCPATH\index.php(79): CodeIgniter\CodeIgniter->run()
12 SYSTEMPATH\Commands\Server\rewrite.php(47): require_once('C:\\xampp\\htdocs\\inventaris-barang\\public\\index.php')
CRITICAL - 2024-09-03 01:17:39 --> [Caused by] mysqli_sql_exception: Column 'nik' in where clause is ambiguous
in SYSTEMPATH\Database\MySQLi\Connection.php on line 306.
 1 SYSTEMPATH\Database\MySQLi\Connection.php(306): mysqli->query('SELECT `pengajuan_inventaris`.*, `pegawai`.*, `pj`.`nik` as `nik_pj`, `pj`.`nama` as `nama_pj`
FROM `pengajuan_inventaris`
JOIN `pegawai` ON `pengajuan_inventaris`.`nik`=`pegawai`.`nik`
JOIN `pegawai` as `pj` ON `pengajuan_inventaris`.`nik_pj`=`pj`.`nik`
WHERE `tanggal` >= \'2024-08-01\'
AND `tanggal` <= \'2024-09-03\'
AND `nik` = \'\'', 0)
 2 SYSTEMPATH\Database\BaseConnection.php(693): CodeIgniter\Database\MySQLi\Connection->execute('SELECT `pengajuan_inventaris`.*, `pegawai`.*, `pj`.`nik` as `nik_pj`, `pj`.`nama` as `nama_pj`
FROM `pengajuan_inventaris`
JOIN `pegawai` ON `pengajuan_inventaris`.`nik`=`pegawai`.`nik`
JOIN `pegawai` as `pj` ON `pengajuan_inventaris`.`nik_pj`=`pj`.`nik`
WHERE `tanggal` >= \'2024-08-01\'
AND `tanggal` <= \'2024-09-03\'
AND `nik` = \'\'')
 3 SYSTEMPATH\Database\BaseConnection.php(607): CodeIgniter\Database\BaseConnection->simpleQuery('SELECT `pengajuan_inventaris`.*, `pegawai`.*, `pj`.`nik` as `nik_pj`, `pj`.`nama` as `nama_pj`
FROM `pengajuan_inventaris`
JOIN `pegawai` ON `pengajuan_inventaris`.`nik`=`pegawai`.`nik`
JOIN `pegawai` as `pj` ON `pengajuan_inventaris`.`nik_pj`=`pj`.`nik`
WHERE `tanggal` >= \'2024-08-01\'
AND `tanggal` <= \'2024-09-03\'
AND `nik` = \'\'')
 4 SYSTEMPATH\Database\BaseBuilder.php(1616): CodeIgniter\Database\BaseConnection->query('SELECT `pengajuan_inventaris`.*, `pegawai`.*, `pj`.`nik` as `nik_pj`, `pj`.`nama` as `nama_pj`
FROM `pengajuan_inventaris`
JOIN `pegawai` ON `pengajuan_inventaris`.`nik`=`pegawai`.`nik`
JOIN `pegawai` as `pj` ON `pengajuan_inventaris`.`nik_pj`=`pj`.`nik`
WHERE `tanggal` >= :tanggal:
AND `tanggal` <= :tanggal.1:
AND `nik` = :nik:', [...], false)
 5 SYSTEMPATH\Model.php(242): CodeIgniter\Database\BaseBuilder->get()
 6 SYSTEMPATH\BaseModel.php(638): CodeIgniter\Model->doFindAll(0, 0)
 7 APPPATH\Models\PengajuanInventarisModel.php(56): CodeIgniter\BaseModel->findAll()
 8 APPPATH\Controllers\PengajuanInventarisController.php(138): App\Models\PengajuanInventarisModel->printData('2024-08-01', '2024-09-03', '')
 9 SYSTEMPATH\CodeIgniter.php(941): App\Controllers\PengajuanInventarisController->print()
10 SYSTEMPATH\CodeIgniter.php(502): CodeIgniter\CodeIgniter->runController(Object(App\Controllers\PengajuanInventarisController))
11 SYSTEMPATH\CodeIgniter.php(361): CodeIgniter\CodeIgniter->handleRequest(null, Object(Config\Cache), false)
12 FCPATH\index.php(79): CodeIgniter\CodeIgniter->run()
13 SYSTEMPATH\Commands\Server\rewrite.php(47): require_once('C:\\xampp\\htdocs\\inventaris-barang\\public\\index.php')
INFO - 2024-09-03 01:18:45 --> Session: Class initialized using 'CodeIgniter\Session\Handlers\FileHandler' driver.
INFO - 2024-09-03 01:18:46 --> Session: Class initialized using 'CodeIgniter\Session\Handlers\FileHandler' driver.
INFO - 2024-09-03 01:19:01 --> Session: Class initialized using 'CodeIgniter\Session\Handlers\FileHandler' driver.
ERROR - 2024-09-03 01:19:01 --> mysqli_sql_exception: Column 'nik' in where clause is ambiguous in C:\xampp\htdocs\inventaris-barang\system\Database\MySQLi\Connection.php:306
Stack trace:
#0 C:\xampp\htdocs\inventaris-barang\system\Database\MySQLi\Connection.php(306): mysqli->query('SELECT `pengaju...', 0)
#1 C:\xampp\htdocs\inventaris-barang\system\Database\BaseConnection.php(693): CodeIgniter\Database\MySQLi\Connection->execute('SELECT `pengaju...')
#2 C:\xampp\htdocs\inventaris-barang\system\Database\BaseConnection.php(607): CodeIgniter\Database\BaseConnection->simpleQuery('SELECT `pengaju...')
#3 C:\xampp\htdocs\inventaris-barang\system\Database\BaseBuilder.php(1616): CodeIgniter\Database\BaseConnection->query('SELECT `pengaju...', Array, false)
#4 C:\xampp\htdocs\inventaris-barang\system\Model.php(242): CodeIgniter\Database\BaseBuilder->get()
#5 C:\xampp\htdocs\inventaris-barang\system\BaseModel.php(638): CodeIgniter\Model->doFindAll(0, 0)
#6 C:\xampp\htdocs\inventaris-barang\app\Models\PengajuanInventarisModel.php(56): CodeIgniter\BaseModel->findAll()
#7 C:\xampp\htdocs\inventaris-barang\app\Controllers\PengajuanInventarisController.php(138): App\Models\PengajuanInventarisModel->printData('2024-08-01', '2024-09-03', '')
#8 C:\xampp\htdocs\inventaris-barang\system\CodeIgniter.php(941): App\Controllers\PengajuanInventarisController->print()
#9 C:\xampp\htdocs\inventaris-barang\system\CodeIgniter.php(502): CodeIgniter\CodeIgniter->runController(Object(App\Controllers\PengajuanInventarisController))
#10 C:\xampp\htdocs\inventaris-barang\system\CodeIgniter.php(361): CodeIgniter\CodeIgniter->handleRequest(NULL, Object(Config\Cache), false)
#11 C:\xampp\htdocs\inventaris-barang\public\index.php(79): CodeIgniter\CodeIgniter->run()
#12 C:\xampp\htdocs\inventaris-barang\system\Commands\Server\rewrite.php(47): require_once('C:\\xampp\\htdocs...')
#13 {main}
CRITICAL - 2024-09-03 01:19:01 --> CodeIgniter\Database\Exceptions\DatabaseException: Column 'nik' in where clause is ambiguous
in SYSTEMPATH\Database\BaseConnection.php on line 647.
 1 SYSTEMPATH\Database\BaseBuilder.php(1616): CodeIgniter\Database\BaseConnection->query('SELECT `pengajuan_inventaris`.*, `pegawai`.*, `pj`.`nik` as `nik_pj`, `pj`.`nama` as `nama_pj`
FROM `pengajuan_inventaris`
JOIN `pegawai` ON `pengajuan_inventaris`.`nik`=`pegawai`.`nik`
JOIN `pegawai` as `pj` ON `pengajuan_inventaris`.`nik_pj`=`pj`.`nik`
WHERE `tanggal` >= :tanggal:
AND `tanggal` <= :tanggal.1:
AND `nik` = :nik:', [...], false)
 2 SYSTEMPATH\Model.php(242): CodeIgniter\Database\BaseBuilder->get()
 3 SYSTEMPATH\BaseModel.php(638): CodeIgniter\Model->doFindAll(0, 0)
 4 APPPATH\Models\PengajuanInventarisModel.php(56): CodeIgniter\BaseModel->findAll()
 5 APPPATH\Controllers\PengajuanInventarisController.php(138): App\Models\PengajuanInventarisModel->printData('2024-08-01', '2024-09-03', '')
 6 SYSTEMPATH\CodeIgniter.php(941): App\Controllers\PengajuanInventarisController->print()
 7 SYSTEMPATH\CodeIgniter.php(502): CodeIgniter\CodeIgniter->runController(Object(App\Controllers\PengajuanInventarisController))
 8 SYSTEMPATH\CodeIgniter.php(361): CodeIgniter\CodeIgniter->handleRequest(null, Object(Config\Cache), false)
 9 FCPATH\index.php(79): CodeIgniter\CodeIgniter->run()
10 SYSTEMPATH\Commands\Server\rewrite.php(47): require_once('C:\\xampp\\htdocs\\inventaris-barang\\public\\index.php')
CRITICAL - 2024-09-03 01:19:01 --> [Caused by] CodeIgniter\Database\Exceptions\DatabaseException: Column 'nik' in where clause is ambiguous
in SYSTEMPATH\Database\MySQLi\Connection.php on line 311.
 1 SYSTEMPATH\Database\BaseConnection.php(693): CodeIgniter\Database\MySQLi\Connection->execute('SELECT `pengajuan_inventaris`.*, `pegawai`.*, `pj`.`nik` as `nik_pj`, `pj`.`nama` as `nama_pj`
FROM `pengajuan_inventaris`
JOIN `pegawai` ON `pengajuan_inventaris`.`nik`=`pegawai`.`nik`
JOIN `pegawai` as `pj` ON `pengajuan_inventaris`.`nik_pj`=`pj`.`nik`
WHERE `tanggal` >= \'2024-08-01\'
AND `tanggal` <= \'2024-09-03\'
AND `nik` = \'\'')
 2 SYSTEMPATH\Database\BaseConnection.php(607): CodeIgniter\Database\BaseConnection->simpleQuery('SELECT `pengajuan_inventaris`.*, `pegawai`.*, `pj`.`nik` as `nik_pj`, `pj`.`nama` as `nama_pj`
FROM `pengajuan_inventaris`
JOIN `pegawai` ON `pengajuan_inventaris`.`nik`=`pegawai`.`nik`
JOIN `pegawai` as `pj` ON `pengajuan_inventaris`.`nik_pj`=`pj`.`nik`
WHERE `tanggal` >= \'2024-08-01\'
AND `tanggal` <= \'2024-09-03\'
AND `nik` = \'\'')
 3 SYSTEMPATH\Database\BaseBuilder.php(1616): CodeIgniter\Database\BaseConnection->query('SELECT `pengajuan_inventaris`.*, `pegawai`.*, `pj`.`nik` as `nik_pj`, `pj`.`nama` as `nama_pj`
FROM `pengajuan_inventaris`
JOIN `pegawai` ON `pengajuan_inventaris`.`nik`=`pegawai`.`nik`
JOIN `pegawai` as `pj` ON `pengajuan_inventaris`.`nik_pj`=`pj`.`nik`
WHERE `tanggal` >= :tanggal:
AND `tanggal` <= :tanggal.1:
AND `nik` = :nik:', [...], false)
 4 SYSTEMPATH\Model.php(242): CodeIgniter\Database\BaseBuilder->get()
 5 SYSTEMPATH\BaseModel.php(638): CodeIgniter\Model->doFindAll(0, 0)
 6 APPPATH\Models\PengajuanInventarisModel.php(56): CodeIgniter\BaseModel->findAll()
 7 APPPATH\Controllers\PengajuanInventarisController.php(138): App\Models\PengajuanInventarisModel->printData('2024-08-01', '2024-09-03', '')
 8 SYSTEMPATH\CodeIgniter.php(941): App\Controllers\PengajuanInventarisController->print()
 9 SYSTEMPATH\CodeIgniter.php(502): CodeIgniter\CodeIgniter->runController(Object(App\Controllers\PengajuanInventarisController))
10 SYSTEMPATH\CodeIgniter.php(361): CodeIgniter\CodeIgniter->handleRequest(null, Object(Config\Cache), false)
11 FCPATH\index.php(79): CodeIgniter\CodeIgniter->run()
12 SYSTEMPATH\Commands\Server\rewrite.php(47): require_once('C:\\xampp\\htdocs\\inventaris-barang\\public\\index.php')
CRITICAL - 2024-09-03 01:19:01 --> [Caused by] mysqli_sql_exception: Column 'nik' in where clause is ambiguous
in SYSTEMPATH\Database\MySQLi\Connection.php on line 306.
 1 SYSTEMPATH\Database\MySQLi\Connection.php(306): mysqli->query('SELECT `pengajuan_inventaris`.*, `pegawai`.*, `pj`.`nik` as `nik_pj`, `pj`.`nama` as `nama_pj`
FROM `pengajuan_inventaris`
JOIN `pegawai` ON `pengajuan_inventaris`.`nik`=`pegawai`.`nik`
JOIN `pegawai` as `pj` ON `pengajuan_inventaris`.`nik_pj`=`pj`.`nik`
WHERE `tanggal` >= \'2024-08-01\'
AND `tanggal` <= \'2024-09-03\'
AND `nik` = \'\'', 0)
 2 SYSTEMPATH\Database\BaseConnection.php(693): CodeIgniter\Database\MySQLi\Connection->execute('SELECT `pengajuan_inventaris`.*, `pegawai`.*, `pj`.`nik` as `nik_pj`, `pj`.`nama` as `nama_pj`
FROM `pengajuan_inventaris`
JOIN `pegawai` ON `pengajuan_inventaris`.`nik`=`pegawai`.`nik`
JOIN `pegawai` as `pj` ON `pengajuan_inventaris`.`nik_pj`=`pj`.`nik`
WHERE `tanggal` >= \'2024-08-01\'
AND `tanggal` <= \'2024-09-03\'
AND `nik` = \'\'')
 3 SYSTEMPATH\Database\BaseConnection.php(607): CodeIgniter\Database\BaseConnection->simpleQuery('SELECT `pengajuan_inventaris`.*, `pegawai`.*, `pj`.`nik` as `nik_pj`, `pj`.`nama` as `nama_pj`
FROM `pengajuan_inventaris`
JOIN `pegawai` ON `pengajuan_inventaris`.`nik`=`pegawai`.`nik`
JOIN `pegawai` as `pj` ON `pengajuan_inventaris`.`nik_pj`=`pj`.`nik`
WHERE `tanggal` >= \'2024-08-01\'
AND `tanggal` <= \'2024-09-03\'
AND `nik` = \'\'')
 4 SYSTEMPATH\Database\BaseBuilder.php(1616): CodeIgniter\Database\BaseConnection->query('SELECT `pengajuan_inventaris`.*, `pegawai`.*, `pj`.`nik` as `nik_pj`, `pj`.`nama` as `nama_pj`
FROM `pengajuan_inventaris`
JOIN `pegawai` ON `pengajuan_inventaris`.`nik`=`pegawai`.`nik`
JOIN `pegawai` as `pj` ON `pengajuan_inventaris`.`nik_pj`=`pj`.`nik`
WHERE `tanggal` >= :tanggal:
AND `tanggal` <= :tanggal.1:
AND `nik` = :nik:', [...], false)
 5 SYSTEMPATH\Model.php(242): CodeIgniter\Database\BaseBuilder->get()
 6 SYSTEMPATH\BaseModel.php(638): CodeIgniter\Model->doFindAll(0, 0)
 7 APPPATH\Models\PengajuanInventarisModel.php(56): CodeIgniter\BaseModel->findAll()
 8 APPPATH\Controllers\PengajuanInventarisController.php(138): App\Models\PengajuanInventarisModel->printData('2024-08-01', '2024-09-03', '')
 9 SYSTEMPATH\CodeIgniter.php(941): App\Controllers\PengajuanInventarisController->print()
10 SYSTEMPATH\CodeIgniter.php(502): CodeIgniter\CodeIgniter->runController(Object(App\Controllers\PengajuanInventarisController))
11 SYSTEMPATH\CodeIgniter.php(361): CodeIgniter\CodeIgniter->handleRequest(null, Object(Config\Cache), false)
12 FCPATH\index.php(79): CodeIgniter\CodeIgniter->run()
13 SYSTEMPATH\Commands\Server\rewrite.php(47): require_once('C:\\xampp\\htdocs\\inventaris-barang\\public\\index.php')
INFO - 2024-09-03 01:23:47 --> Session: Class initialized using 'CodeIgniter\Session\Handlers\FileHandler' driver.
INFO - 2024-09-03 01:23:47 --> Session: Class initialized using 'CodeIgniter\Session\Handlers\FileHandler' driver.
INFO - 2024-09-03 01:23:48 --> Session: Class initialized using 'CodeIgniter\Session\Handlers\FileHandler' driver.
INFO - 2024-09-03 01:24:00 --> Session: Class initialized using 'CodeIgniter\Session\Handlers\FileHandler' driver.
INFO - 2024-09-03 01:24:10 --> Session: Class initialized using 'CodeIgniter\Session\Handlers\FileHandler' driver.
INFO - 2024-09-03 01:24:20 --> Session: Class initialized using 'CodeIgniter\Session\Handlers\FileHandler' driver.
ERROR - 2024-09-03 01:24:20 --> mysqli_sql_exception: Column 'nik' in where clause is ambiguous in C:\xampp\htdocs\inventaris-barang\system\Database\MySQLi\Connection.php:306
Stack trace:
#0 C:\xampp\htdocs\inventaris-barang\system\Database\MySQLi\Connection.php(306): mysqli->query('SELECT `pengaju...', 0)
#1 C:\xampp\htdocs\inventaris-barang\system\Database\BaseConnection.php(693): CodeIgniter\Database\MySQLi\Connection->execute('SELECT `pengaju...')
#2 C:\xampp\htdocs\inventaris-barang\system\Database\BaseConnection.php(607): CodeIgniter\Database\BaseConnection->simpleQuery('SELECT `pengaju...')
#3 C:\xampp\htdocs\inventaris-barang\system\Database\BaseBuilder.php(1616): CodeIgniter\Database\BaseConnection->query('SELECT `pengaju...', Array, false)
#4 C:\xampp\htdocs\inventaris-barang\system\Model.php(242): CodeIgniter\Database\BaseBuilder->get()
#5 C:\xampp\htdocs\inventaris-barang\system\BaseModel.php(638): CodeIgniter\Model->doFindAll(0, 0)
#6 C:\xampp\htdocs\inventaris-barang\app\Models\PengajuanInventarisModel.php(58): CodeIgniter\BaseModel->findAll()
#7 C:\xampp\htdocs\inventaris-barang\app\Controllers\PengajuanInventarisController.php(138): App\Models\PengajuanInventarisModel->printData('2024-08-01', '2024-09-03', '12/09/1988/001')
#8 C:\xampp\htdocs\inventaris-barang\system\CodeIgniter.php(941): App\Controllers\PengajuanInventarisController->print()
#9 C:\xampp\htdocs\inventaris-barang\system\CodeIgniter.php(502): CodeIgniter\CodeIgniter->runController(Object(App\Controllers\PengajuanInventarisController))
#10 C:\xampp\htdocs\inventaris-barang\system\CodeIgniter.php(361): CodeIgniter\CodeIgniter->handleRequest(NULL, Object(Config\Cache), false)
#11 C:\xampp\htdocs\inventaris-barang\public\index.php(79): CodeIgniter\CodeIgniter->run()
#12 C:\xampp\htdocs\inventaris-barang\system\Commands\Server\rewrite.php(47): require_once('C:\\xampp\\htdocs...')
#13 {main}
CRITICAL - 2024-09-03 01:24:20 --> CodeIgniter\Database\Exceptions\DatabaseException: Column 'nik' in where clause is ambiguous
in SYSTEMPATH\Database\BaseConnection.php on line 647.
 1 SYSTEMPATH\Database\BaseBuilder.php(1616): CodeIgniter\Database\BaseConnection->query('SELECT `pengajuan_inventaris`.*, `pegawai`.*, `pj`.`nik` as `nik_pj`, `pj`.`nama` as `nama_pj`
FROM `pengajuan_inventaris`
JOIN `pegawai` ON `pengajuan_inventaris`.`nik`=`pegawai`.`nik`
JOIN `pegawai` as `pj` ON `pengajuan_inventaris`.`nik_pj`=`pj`.`nik`
WHERE `tanggal` >= :tanggal:
AND `tanggal` <= :tanggal.1:
AND `nik` = :nik:', [...], false)
 2 SYSTEMPATH\Model.php(242): CodeIgniter\Database\BaseBuilder->get()
 3 SYSTEMPATH\BaseModel.php(638): CodeIgniter\Model->doFindAll(0, 0)
 4 APPPATH\Models\PengajuanInventarisModel.php(58): CodeIgniter\BaseModel->findAll()
 5 APPPATH\Controllers\PengajuanInventarisController.php(138): App\Models\PengajuanInventarisModel->printData('2024-08-01', '2024-09-03', '12/09/1988/001')
 6 SYSTEMPATH\CodeIgniter.php(941): App\Controllers\PengajuanInventarisController->print()
 7 SYSTEMPATH\CodeIgniter.php(502): CodeIgniter\CodeIgniter->runController(Object(App\Controllers\PengajuanInventarisController))
 8 SYSTEMPATH\CodeIgniter.php(361): CodeIgniter\CodeIgniter->handleRequest(null, Object(Config\Cache), false)
 9 FCPATH\index.php(79): CodeIgniter\CodeIgniter->run()
10 SYSTEMPATH\Commands\Server\rewrite.php(47): require_once('C:\\xampp\\htdocs\\inventaris-barang\\public\\index.php')
CRITICAL - 2024-09-03 01:24:20 --> [Caused by] CodeIgniter\Database\Exceptions\DatabaseException: Column 'nik' in where clause is ambiguous
in SYSTEMPATH\Database\MySQLi\Connection.php on line 311.
 1 SYSTEMPATH\Database\BaseConnection.php(693): CodeIgniter\Database\MySQLi\Connection->execute('SELECT `pengajuan_inventaris`.*, `pegawai`.*, `pj`.`nik` as `nik_pj`, `pj`.`nama` as `nama_pj`
FROM `pengajuan_inventaris`
JOIN `pegawai` ON `pengajuan_inventaris`.`nik`=`pegawai`.`nik`
JOIN `pegawai` as `pj` ON `pengajuan_inventaris`.`nik_pj`=`pj`.`nik`
WHERE `tanggal` >= \'2024-08-01\'
AND `tanggal` <= \'2024-09-03\'
AND `nik` = \'12/09/1988/001\'')
 2 SYSTEMPATH\Database\BaseConnection.php(607): CodeIgniter\Database\BaseConnection->simpleQuery('SELECT `pengajuan_inventaris`.*, `pegawai`.*, `pj`.`nik` as `nik_pj`, `pj`.`nama` as `nama_pj`
FROM `pengajuan_inventaris`
JOIN `pegawai` ON `pengajuan_inventaris`.`nik`=`pegawai`.`nik`
JOIN `pegawai` as `pj` ON `pengajuan_inventaris`.`nik_pj`=`pj`.`nik`
WHERE `tanggal` >= \'2024-08-01\'
AND `tanggal` <= \'2024-09-03\'
AND `nik` = \'12/09/1988/001\'')
 3 SYSTEMPATH\Database\BaseBuilder.php(1616): CodeIgniter\Database\BaseConnection->query('SELECT `pengajuan_inventaris`.*, `pegawai`.*, `pj`.`nik` as `nik_pj`, `pj`.`nama` as `nama_pj`
FROM `pengajuan_inventaris`
JOIN `pegawai` ON `pengajuan_inventaris`.`nik`=`pegawai`.`nik`
JOIN `pegawai` as `pj` ON `pengajuan_inventaris`.`nik_pj`=`pj`.`nik`
WHERE `tanggal` >= :tanggal:
AND `tanggal` <= :tanggal.1:
AND `nik` = :nik:', [...], false)
 4 SYSTEMPATH\Model.php(242): CodeIgniter\Database\BaseBuilder->get()
 5 SYSTEMPATH\BaseModel.php(638): CodeIgniter\Model->doFindAll(0, 0)
 6 APPPATH\Models\PengajuanInventarisModel.php(58): CodeIgniter\BaseModel->findAll()
 7 APPPATH\Controllers\PengajuanInventarisController.php(138): App\Models\PengajuanInventarisModel->printData('2024-08-01', '2024-09-03', '12/09/1988/001')
 8 SYSTEMPATH\CodeIgniter.php(941): App\Controllers\PengajuanInventarisController->print()
 9 SYSTEMPATH\CodeIgniter.php(502): CodeIgniter\CodeIgniter->runController(Object(App\Controllers\PengajuanInventarisController))
10 SYSTEMPATH\CodeIgniter.php(361): CodeIgniter\CodeIgniter->handleRequest(null, Object(Config\Cache), false)
11 FCPATH\index.php(79): CodeIgniter\CodeIgniter->run()
12 SYSTEMPATH\Commands\Server\rewrite.php(47): require_once('C:\\xampp\\htdocs\\inventaris-barang\\public\\index.php')
CRITICAL - 2024-09-03 01:24:20 --> [Caused by] mysqli_sql_exception: Column 'nik' in where clause is ambiguous
in SYSTEMPATH\Database\MySQLi\Connection.php on line 306.
 1 SYSTEMPATH\Database\MySQLi\Connection.php(306): mysqli->query('SELECT `pengajuan_inventaris`.*, `pegawai`.*, `pj`.`nik` as `nik_pj`, `pj`.`nama` as `nama_pj`
FROM `pengajuan_inventaris`
JOIN `pegawai` ON `pengajuan_inventaris`.`nik`=`pegawai`.`nik`
JOIN `pegawai` as `pj` ON `pengajuan_inventaris`.`nik_pj`=`pj`.`nik`
WHERE `tanggal` >= \'2024-08-01\'
AND `tanggal` <= \'2024-09-03\'
AND `nik` = \'12/09/1988/001\'', 0)
 2 SYSTEMPATH\Database\BaseConnection.php(693): CodeIgniter\Database\MySQLi\Connection->execute('SELECT `pengajuan_inventaris`.*, `pegawai`.*, `pj`.`nik` as `nik_pj`, `pj`.`nama` as `nama_pj`
FROM `pengajuan_inventaris`
JOIN `pegawai` ON `pengajuan_inventaris`.`nik`=`pegawai`.`nik`
JOIN `pegawai` as `pj` ON `pengajuan_inventaris`.`nik_pj`=`pj`.`nik`
WHERE `tanggal` >= \'2024-08-01\'
AND `tanggal` <= \'2024-09-03\'
AND `nik` = \'12/09/1988/001\'')
 3 SYSTEMPATH\Database\BaseConnection.php(607): CodeIgniter\Database\BaseConnection->simpleQuery('SELECT `pengajuan_inventaris`.*, `pegawai`.*, `pj`.`nik` as `nik_pj`, `pj`.`nama` as `nama_pj`
FROM `pengajuan_inventaris`
JOIN `pegawai` ON `pengajuan_inventaris`.`nik`=`pegawai`.`nik`
JOIN `pegawai` as `pj` ON `pengajuan_inventaris`.`nik_pj`=`pj`.`nik`
WHERE `tanggal` >= \'2024-08-01\'
AND `tanggal` <= \'2024-09-03\'
AND `nik` = \'12/09/1988/001\'')
 4 SYSTEMPATH\Database\BaseBuilder.php(1616): CodeIgniter\Database\BaseConnection->query('SELECT `pengajuan_inventaris`.*, `pegawai`.*, `pj`.`nik` as `nik_pj`, `pj`.`nama` as `nama_pj`
FROM `pengajuan_inventaris`
JOIN `pegawai` ON `pengajuan_inventaris`.`nik`=`pegawai`.`nik`
JOIN `pegawai` as `pj` ON `pengajuan_inventaris`.`nik_pj`=`pj`.`nik`
WHERE `tanggal` >= :tanggal:
AND `tanggal` <= :tanggal.1:
AND `nik` = :nik:', [...], false)
 5 SYSTEMPATH\Model.php(242): CodeIgniter\Database\BaseBuilder->get()
 6 SYSTEMPATH\BaseModel.php(638): CodeIgniter\Model->doFindAll(0, 0)
 7 APPPATH\Models\PengajuanInventarisModel.php(58): CodeIgniter\BaseModel->findAll()
 8 APPPATH\Controllers\PengajuanInventarisController.php(138): App\Models\PengajuanInventarisModel->printData('2024-08-01', '2024-09-03', '12/09/1988/001')
 9 SYSTEMPATH\CodeIgniter.php(941): App\Controllers\PengajuanInventarisController->print()
10 SYSTEMPATH\CodeIgniter.php(502): CodeIgniter\CodeIgniter->runController(Object(App\Controllers\PengajuanInventarisController))
11 SYSTEMPATH\CodeIgniter.php(361): CodeIgniter\CodeIgniter->handleRequest(null, Object(Config\Cache), false)
12 FCPATH\index.php(79): CodeIgniter\CodeIgniter->run()
13 SYSTEMPATH\Commands\Server\rewrite.php(47): require_once('C:\\xampp\\htdocs\\inventaris-barang\\public\\index.php')
INFO - 2024-09-03 01:24:26 --> Session: Class initialized using 'CodeIgniter\Session\Handlers\FileHandler' driver.
ERROR - 2024-09-03 01:24:26 --> mysqli_sql_exception: Column 'nik' in where clause is ambiguous in C:\xampp\htdocs\inventaris-barang\system\Database\MySQLi\Connection.php:306
Stack trace:
#0 C:\xampp\htdocs\inventaris-barang\system\Database\MySQLi\Connection.php(306): mysqli->query('SELECT `pengaju...', 0)
#1 C:\xampp\htdocs\inventaris-barang\system\Database\BaseConnection.php(693): CodeIgniter\Database\MySQLi\Connection->execute('SELECT `pengaju...')
#2 C:\xampp\htdocs\inventaris-barang\system\Database\BaseConnection.php(607): CodeIgniter\Database\BaseConnection->simpleQuery('SELECT `pengaju...')
#3 C:\xampp\htdocs\inventaris-barang\system\Database\BaseBuilder.php(1616): CodeIgniter\Database\BaseConnection->query('SELECT `pengaju...', Array, false)
#4 C:\xampp\htdocs\inventaris-barang\system\Model.php(242): CodeIgniter\Database\BaseBuilder->get()
#5 C:\xampp\htdocs\inventaris-barang\system\BaseModel.php(638): CodeIgniter\Model->doFindAll(0, 0)
#6 C:\xampp\htdocs\inventaris-barang\app\Models\PengajuanInventarisModel.php(58): CodeIgniter\BaseModel->findAll()
#7 C:\xampp\htdocs\inventaris-barang\app\Controllers\PengajuanInventarisController.php(138): App\Models\PengajuanInventarisModel->printData('2024-08-01', '2024-09-03', '12/09/1988/001')
#8 C:\xampp\htdocs\inventaris-barang\system\CodeIgniter.php(941): App\Controllers\PengajuanInventarisController->print()
#9 C:\xampp\htdocs\inventaris-barang\system\CodeIgniter.php(502): CodeIgniter\CodeIgniter->runController(Object(App\Controllers\PengajuanInventarisController))
#10 C:\xampp\htdocs\inventaris-barang\system\CodeIgniter.php(361): CodeIgniter\CodeIgniter->handleRequest(NULL, Object(Config\Cache), false)
#11 C:\xampp\htdocs\inventaris-barang\public\index.php(79): CodeIgniter\CodeIgniter->run()
#12 C:\xampp\htdocs\inventaris-barang\system\Commands\Server\rewrite.php(47): require_once('C:\\xampp\\htdocs...')
#13 {main}
CRITICAL - 2024-09-03 01:24:26 --> CodeIgniter\Database\Exceptions\DatabaseException: Column 'nik' in where clause is ambiguous
in SYSTEMPATH\Database\BaseConnection.php on line 647.
 1 SYSTEMPATH\Database\BaseBuilder.php(1616): CodeIgniter\Database\BaseConnection->query('SELECT `pengajuan_inventaris`.*, `pegawai`.*, `pj`.`nik` as `nik_pj`, `pj`.`nama` as `nama_pj`
FROM `pengajuan_inventaris`
JOIN `pegawai` ON `pengajuan_inventaris`.`nik`=`pegawai`.`nik`
JOIN `pegawai` as `pj` ON `pengajuan_inventaris`.`nik_pj`=`pj`.`nik`
WHERE `tanggal` >= :tanggal:
AND `tanggal` <= :tanggal.1:
AND `nik` = :nik:', [...], false)
 2 SYSTEMPATH\Model.php(242): CodeIgniter\Database\BaseBuilder->get()
 3 SYSTEMPATH\BaseModel.php(638): CodeIgniter\Model->doFindAll(0, 0)
 4 APPPATH\Models\PengajuanInventarisModel.php(58): CodeIgniter\BaseModel->findAll()
 5 APPPATH\Controllers\PengajuanInventarisController.php(138): App\Models\PengajuanInventarisModel->printData('2024-08-01', '2024-09-03', '12/09/1988/001')
 6 SYSTEMPATH\CodeIgniter.php(941): App\Controllers\PengajuanInventarisController->print()
 7 SYSTEMPATH\CodeIgniter.php(502): CodeIgniter\CodeIgniter->runController(Object(App\Controllers\PengajuanInventarisController))
 8 SYSTEMPATH\CodeIgniter.php(361): CodeIgniter\CodeIgniter->handleRequest(null, Object(Config\Cache), false)
 9 FCPATH\index.php(79): CodeIgniter\CodeIgniter->run()
10 SYSTEMPATH\Commands\Server\rewrite.php(47): require_once('C:\\xampp\\htdocs\\inventaris-barang\\public\\index.php')
CRITICAL - 2024-09-03 01:24:26 --> [Caused by] CodeIgniter\Database\Exceptions\DatabaseException: Column 'nik' in where clause is ambiguous
in SYSTEMPATH\Database\MySQLi\Connection.php on line 311.
 1 SYSTEMPATH\Database\BaseConnection.php(693): CodeIgniter\Database\MySQLi\Connection->execute('SELECT `pengajuan_inventaris`.*, `pegawai`.*, `pj`.`nik` as `nik_pj`, `pj`.`nama` as `nama_pj`
FROM `pengajuan_inventaris`
JOIN `pegawai` ON `pengajuan_inventaris`.`nik`=`pegawai`.`nik`
JOIN `pegawai` as `pj` ON `pengajuan_inventaris`.`nik_pj`=`pj`.`nik`
WHERE `tanggal` >= \'2024-08-01\'
AND `tanggal` <= \'2024-09-03\'
AND `nik` = \'12/09/1988/001\'')
 2 SYSTEMPATH\Database\BaseConnection.php(607): CodeIgniter\Database\BaseConnection->simpleQuery('SELECT `pengajuan_inventaris`.*, `pegawai`.*, `pj`.`nik` as `nik_pj`, `pj`.`nama` as `nama_pj`
FROM `pengajuan_inventaris`
JOIN `pegawai` ON `pengajuan_inventaris`.`nik`=`pegawai`.`nik`
JOIN `pegawai` as `pj` ON `pengajuan_inventaris`.`nik_pj`=`pj`.`nik`
WHERE `tanggal` >= \'2024-08-01\'
AND `tanggal` <= \'2024-09-03\'
AND `nik` = \'12/09/1988/001\'')
 3 SYSTEMPATH\Database\BaseBuilder.php(1616): CodeIgniter\Database\BaseConnection->query('SELECT `pengajuan_inventaris`.*, `pegawai`.*, `pj`.`nik` as `nik_pj`, `pj`.`nama` as `nama_pj`
FROM `pengajuan_inventaris`
JOIN `pegawai` ON `pengajuan_inventaris`.`nik`=`pegawai`.`nik`
JOIN `pegawai` as `pj` ON `pengajuan_inventaris`.`nik_pj`=`pj`.`nik`
WHERE `tanggal` >= :tanggal:
AND `tanggal` <= :tanggal.1:
AND `nik` = :nik:', [...], false)
 4 SYSTEMPATH\Model.php(242): CodeIgniter\Database\BaseBuilder->get()
 5 SYSTEMPATH\BaseModel.php(638): CodeIgniter\Model->doFindAll(0, 0)
 6 APPPATH\Models\PengajuanInventarisModel.php(58): CodeIgniter\BaseModel->findAll()
 7 APPPATH\Controllers\PengajuanInventarisController.php(138): App\Models\PengajuanInventarisModel->printData('2024-08-01', '2024-09-03', '12/09/1988/001')
 8 SYSTEMPATH\CodeIgniter.php(941): App\Controllers\PengajuanInventarisController->print()
 9 SYSTEMPATH\CodeIgniter.php(502): CodeIgniter\CodeIgniter->runController(Object(App\Controllers\PengajuanInventarisController))
10 SYSTEMPATH\CodeIgniter.php(361): CodeIgniter\CodeIgniter->handleRequest(null, Object(Config\Cache), false)
11 FCPATH\index.php(79): CodeIgniter\CodeIgniter->run()
12 SYSTEMPATH\Commands\Server\rewrite.php(47): require_once('C:\\xampp\\htdocs\\inventaris-barang\\public\\index.php')
CRITICAL - 2024-09-03 01:24:26 --> [Caused by] mysqli_sql_exception: Column 'nik' in where clause is ambiguous
in SYSTEMPATH\Database\MySQLi\Connection.php on line 306.
 1 SYSTEMPATH\Database\MySQLi\Connection.php(306): mysqli->query('SELECT `pengajuan_inventaris`.*, `pegawai`.*, `pj`.`nik` as `nik_pj`, `pj`.`nama` as `nama_pj`
FROM `pengajuan_inventaris`
JOIN `pegawai` ON `pengajuan_inventaris`.`nik`=`pegawai`.`nik`
JOIN `pegawai` as `pj` ON `pengajuan_inventaris`.`nik_pj`=`pj`.`nik`
WHERE `tanggal` >= \'2024-08-01\'
AND `tanggal` <= \'2024-09-03\'
AND `nik` = \'12/09/1988/001\'', 0)
 2 SYSTEMPATH\Database\BaseConnection.php(693): CodeIgniter\Database\MySQLi\Connection->execute('SELECT `pengajuan_inventaris`.*, `pegawai`.*, `pj`.`nik` as `nik_pj`, `pj`.`nama` as `nama_pj`
FROM `pengajuan_inventaris`
JOIN `pegawai` ON `pengajuan_inventaris`.`nik`=`pegawai`.`nik`
JOIN `pegawai` as `pj` ON `pengajuan_inventaris`.`nik_pj`=`pj`.`nik`
WHERE `tanggal` >= \'2024-08-01\'
AND `tanggal` <= \'2024-09-03\'
AND `nik` = \'12/09/1988/001\'')
 3 SYSTEMPATH\Database\BaseConnection.php(607): CodeIgniter\Database\BaseConnection->simpleQuery('SELECT `pengajuan_inventaris`.*, `pegawai`.*, `pj`.`nik` as `nik_pj`, `pj`.`nama` as `nama_pj`
FROM `pengajuan_inventaris`
JOIN `pegawai` ON `pengajuan_inventaris`.`nik`=`pegawai`.`nik`
JOIN `pegawai` as `pj` ON `pengajuan_inventaris`.`nik_pj`=`pj`.`nik`
WHERE `tanggal` >= \'2024-08-01\'
AND `tanggal` <= \'2024-09-03\'
AND `nik` = \'12/09/1988/001\'')
 4 SYSTEMPATH\Database\BaseBuilder.php(1616): CodeIgniter\Database\BaseConnection->query('SELECT `pengajuan_inventaris`.*, `pegawai`.*, `pj`.`nik` as `nik_pj`, `pj`.`nama` as `nama_pj`
FROM `pengajuan_inventaris`
JOIN `pegawai` ON `pengajuan_inventaris`.`nik`=`pegawai`.`nik`
JOIN `pegawai` as `pj` ON `pengajuan_inventaris`.`nik_pj`=`pj`.`nik`
WHERE `tanggal` >= :tanggal:
AND `tanggal` <= :tanggal.1:
AND `nik` = :nik:', [...], false)
 5 SYSTEMPATH\Model.php(242): CodeIgniter\Database\BaseBuilder->get()
 6 SYSTEMPATH\BaseModel.php(638): CodeIgniter\Model->doFindAll(0, 0)
 7 APPPATH\Models\PengajuanInventarisModel.php(58): CodeIgniter\BaseModel->findAll()
 8 APPPATH\Controllers\PengajuanInventarisController.php(138): App\Models\PengajuanInventarisModel->printData('2024-08-01', '2024-09-03', '12/09/1988/001')
 9 SYSTEMPATH\CodeIgniter.php(941): App\Controllers\PengajuanInventarisController->print()
10 SYSTEMPATH\CodeIgniter.php(502): CodeIgniter\CodeIgniter->runController(Object(App\Controllers\PengajuanInventarisController))
11 SYSTEMPATH\CodeIgniter.php(361): CodeIgniter\CodeIgniter->handleRequest(null, Object(Config\Cache), false)
12 FCPATH\index.php(79): CodeIgniter\CodeIgniter->run()
13 SYSTEMPATH\Commands\Server\rewrite.php(47): require_once('C:\\xampp\\htdocs\\inventaris-barang\\public\\index.php')
INFO - 2024-09-03 01:24:28 --> Session: Class initialized using 'CodeIgniter\Session\Handlers\FileHandler' driver.
INFO - 2024-09-03 01:24:44 --> Session: Class initialized using 'CodeIgniter\Session\Handlers\FileHandler' driver.
ERROR - 2024-09-03 01:24:44 --> mysqli_sql_exception: Column 'nik' in where clause is ambiguous in C:\xampp\htdocs\inventaris-barang\system\Database\MySQLi\Connection.php:306
Stack trace:
#0 C:\xampp\htdocs\inventaris-barang\system\Database\MySQLi\Connection.php(306): mysqli->query('SELECT `pengaju...', 0)
#1 C:\xampp\htdocs\inventaris-barang\system\Database\BaseConnection.php(693): CodeIgniter\Database\MySQLi\Connection->execute('SELECT `pengaju...')
#2 C:\xampp\htdocs\inventaris-barang\system\Database\BaseConnection.php(607): CodeIgniter\Database\BaseConnection->simpleQuery('SELECT `pengaju...')
#3 C:\xampp\htdocs\inventaris-barang\system\Database\BaseBuilder.php(1616): CodeIgniter\Database\BaseConnection->query('SELECT `pengaju...', Array, false)
#4 C:\xampp\htdocs\inventaris-barang\system\Model.php(242): CodeIgniter\Database\BaseBuilder->get()
#5 C:\xampp\htdocs\inventaris-barang\system\BaseModel.php(638): CodeIgniter\Model->doFindAll(0, 0)
#6 C:\xampp\htdocs\inventaris-barang\app\Models\PengajuanInventarisModel.php(58): CodeIgniter\BaseModel->findAll()
#7 C:\xampp\htdocs\inventaris-barang\app\Controllers\PengajuanInventarisController.php(138): App\Models\PengajuanInventarisModel->printData('2024-08-01', '2024-09-03', 'D0000003')
#8 C:\xampp\htdocs\inventaris-barang\system\CodeIgniter.php(941): App\Controllers\PengajuanInventarisController->print()
#9 C:\xampp\htdocs\inventaris-barang\system\CodeIgniter.php(502): CodeIgniter\CodeIgniter->runController(Object(App\Controllers\PengajuanInventarisController))
#10 C:\xampp\htdocs\inventaris-barang\system\CodeIgniter.php(361): CodeIgniter\CodeIgniter->handleRequest(NULL, Object(Config\Cache), false)
#11 C:\xampp\htdocs\inventaris-barang\public\index.php(79): CodeIgniter\CodeIgniter->run()
#12 C:\xampp\htdocs\inventaris-barang\system\Commands\Server\rewrite.php(47): require_once('C:\\xampp\\htdocs...')
#13 {main}
CRITICAL - 2024-09-03 01:24:44 --> CodeIgniter\Database\Exceptions\DatabaseException: Column 'nik' in where clause is ambiguous
in SYSTEMPATH\Database\BaseConnection.php on line 647.
 1 SYSTEMPATH\Database\BaseBuilder.php(1616): CodeIgniter\Database\BaseConnection->query('SELECT `pengajuan_inventaris`.*, `pegawai`.*, `pj`.`nik` as `nik_pj`, `pj`.`nama` as `nama_pj`
FROM `pengajuan_inventaris`
JOIN `pegawai` ON `pengajuan_inventaris`.`nik`=`pegawai`.`nik`
JOIN `pegawai` as `pj` ON `pengajuan_inventaris`.`nik_pj`=`pj`.`nik`
WHERE `tanggal` >= :tanggal:
AND `tanggal` <= :tanggal.1:
AND `nik` = :nik:', [...], false)
 2 SYSTEMPATH\Model.php(242): CodeIgniter\Database\BaseBuilder->get()
 3 SYSTEMPATH\BaseModel.php(638): CodeIgniter\Model->doFindAll(0, 0)
 4 APPPATH\Models\PengajuanInventarisModel.php(58): CodeIgniter\BaseModel->findAll()
 5 APPPATH\Controllers\PengajuanInventarisController.php(138): App\Models\PengajuanInventarisModel->printData('2024-08-01', '2024-09-03', 'D0000003')
 6 SYSTEMPATH\CodeIgniter.php(941): App\Controllers\PengajuanInventarisController->print()
 7 SYSTEMPATH\CodeIgniter.php(502): CodeIgniter\CodeIgniter->runController(Object(App\Controllers\PengajuanInventarisController))
 8 SYSTEMPATH\CodeIgniter.php(361): CodeIgniter\CodeIgniter->handleRequest(null, Object(Config\Cache), false)
 9 FCPATH\index.php(79): CodeIgniter\CodeIgniter->run()
10 SYSTEMPATH\Commands\Server\rewrite.php(47): require_once('C:\\xampp\\htdocs\\inventaris-barang\\public\\index.php')
CRITICAL - 2024-09-03 01:24:44 --> [Caused by] CodeIgniter\Database\Exceptions\DatabaseException: Column 'nik' in where clause is ambiguous
in SYSTEMPATH\Database\MySQLi\Connection.php on line 311.
 1 SYSTEMPATH\Database\BaseConnection.php(693): CodeIgniter\Database\MySQLi\Connection->execute('SELECT `pengajuan_inventaris`.*, `pegawai`.*, `pj`.`nik` as `nik_pj`, `pj`.`nama` as `nama_pj`
FROM `pengajuan_inventaris`
JOIN `pegawai` ON `pengajuan_inventaris`.`nik`=`pegawai`.`nik`
JOIN `pegawai` as `pj` ON `pengajuan_inventaris`.`nik_pj`=`pj`.`nik`
WHERE `tanggal` >= \'2024-08-01\'
AND `tanggal` <= \'2024-09-03\'
AND `nik` = \'D0000003\'')
 2 SYSTEMPATH\Database\BaseConnection.php(607): CodeIgniter\Database\BaseConnection->simpleQuery('SELECT `pengajuan_inventaris`.*, `pegawai`.*, `pj`.`nik` as `nik_pj`, `pj`.`nama` as `nama_pj`
FROM `pengajuan_inventaris`
JOIN `pegawai` ON `pengajuan_inventaris`.`nik`=`pegawai`.`nik`
JOIN `pegawai` as `pj` ON `pengajuan_inventaris`.`nik_pj`=`pj`.`nik`
WHERE `tanggal` >= \'2024-08-01\'
AND `tanggal` <= \'2024-09-03\'
AND `nik` = \'D0000003\'')
 3 SYSTEMPATH\Database\BaseBuilder.php(1616): CodeIgniter\Database\BaseConnection->query('SELECT `pengajuan_inventaris`.*, `pegawai`.*, `pj`.`nik` as `nik_pj`, `pj`.`nama` as `nama_pj`
FROM `pengajuan_inventaris`
JOIN `pegawai` ON `pengajuan_inventaris`.`nik`=`pegawai`.`nik`
JOIN `pegawai` as `pj` ON `pengajuan_inventaris`.`nik_pj`=`pj`.`nik`
WHERE `tanggal` >= :tanggal:
AND `tanggal` <= :tanggal.1:
AND `nik` = :nik:', [...], false)
 4 SYSTEMPATH\Model.php(242): CodeIgniter\Database\BaseBuilder->get()
 5 SYSTEMPATH\BaseModel.php(638): CodeIgniter\Model->doFindAll(0, 0)
 6 APPPATH\Models\PengajuanInventarisModel.php(58): CodeIgniter\BaseModel->findAll()
 7 APPPATH\Controllers\PengajuanInventarisController.php(138): App\Models\PengajuanInventarisModel->printData('2024-08-01', '2024-09-03', 'D0000003')
 8 SYSTEMPATH\CodeIgniter.php(941): App\Controllers\PengajuanInventarisController->print()
 9 SYSTEMPATH\CodeIgniter.php(502): CodeIgniter\CodeIgniter->runController(Object(App\Controllers\PengajuanInventarisController))
10 SYSTEMPATH\CodeIgniter.php(361): CodeIgniter\CodeIgniter->handleRequest(null, Object(Config\Cache), false)
11 FCPATH\index.php(79): CodeIgniter\CodeIgniter->run()
12 SYSTEMPATH\Commands\Server\rewrite.php(47): require_once('C:\\xampp\\htdocs\\inventaris-barang\\public\\index.php')
CRITICAL - 2024-09-03 01:24:44 --> [Caused by] mysqli_sql_exception: Column 'nik' in where clause is ambiguous
in SYSTEMPATH\Database\MySQLi\Connection.php on line 306.
 1 SYSTEMPATH\Database\MySQLi\Connection.php(306): mysqli->query('SELECT `pengajuan_inventaris`.*, `pegawai`.*, `pj`.`nik` as `nik_pj`, `pj`.`nama` as `nama_pj`
FROM `pengajuan_inventaris`
JOIN `pegawai` ON `pengajuan_inventaris`.`nik`=`pegawai`.`nik`
JOIN `pegawai` as `pj` ON `pengajuan_inventaris`.`nik_pj`=`pj`.`nik`
WHERE `tanggal` >= \'2024-08-01\'
AND `tanggal` <= \'2024-09-03\'
AND `nik` = \'D0000003\'', 0)
 2 SYSTEMPATH\Database\BaseConnection.php(693): CodeIgniter\Database\MySQLi\Connection->execute('SELECT `pengajuan_inventaris`.*, `pegawai`.*, `pj`.`nik` as `nik_pj`, `pj`.`nama` as `nama_pj`
FROM `pengajuan_inventaris`
JOIN `pegawai` ON `pengajuan_inventaris`.`nik`=`pegawai`.`nik`
JOIN `pegawai` as `pj` ON `pengajuan_inventaris`.`nik_pj`=`pj`.`nik`
WHERE `tanggal` >= \'2024-08-01\'
AND `tanggal` <= \'2024-09-03\'
AND `nik` = \'D0000003\'')
 3 SYSTEMPATH\Database\BaseConnection.php(607): CodeIgniter\Database\BaseConnection->simpleQuery('SELECT `pengajuan_inventaris`.*, `pegawai`.*, `pj`.`nik` as `nik_pj`, `pj`.`nama` as `nama_pj`
FROM `pengajuan_inventaris`
JOIN `pegawai` ON `pengajuan_inventaris`.`nik`=`pegawai`.`nik`
JOIN `pegawai` as `pj` ON `pengajuan_inventaris`.`nik_pj`=`pj`.`nik`
WHERE `tanggal` >= \'2024-08-01\'
AND `tanggal` <= \'2024-09-03\'
AND `nik` = \'D0000003\'')
 4 SYSTEMPATH\Database\BaseBuilder.php(1616): CodeIgniter\Database\BaseConnection->query('SELECT `pengajuan_inventaris`.*, `pegawai`.*, `pj`.`nik` as `nik_pj`, `pj`.`nama` as `nama_pj`
FROM `pengajuan_inventaris`
JOIN `pegawai` ON `pengajuan_inventaris`.`nik`=`pegawai`.`nik`
JOIN `pegawai` as `pj` ON `pengajuan_inventaris`.`nik_pj`=`pj`.`nik`
WHERE `tanggal` >= :tanggal:
AND `tanggal` <= :tanggal.1:
AND `nik` = :nik:', [...], false)
 5 SYSTEMPATH\Model.php(242): CodeIgniter\Database\BaseBuilder->get()
 6 SYSTEMPATH\BaseModel.php(638): CodeIgniter\Model->doFindAll(0, 0)
 7 APPPATH\Models\PengajuanInventarisModel.php(58): CodeIgniter\BaseModel->findAll()
 8 APPPATH\Controllers\PengajuanInventarisController.php(138): App\Models\PengajuanInventarisModel->printData('2024-08-01', '2024-09-03', 'D0000003')
 9 SYSTEMPATH\CodeIgniter.php(941): App\Controllers\PengajuanInventarisController->print()
10 SYSTEMPATH\CodeIgniter.php(502): CodeIgniter\CodeIgniter->runController(Object(App\Controllers\PengajuanInventarisController))
11 SYSTEMPATH\CodeIgniter.php(361): CodeIgniter\CodeIgniter->handleRequest(null, Object(Config\Cache), false)
12 FCPATH\index.php(79): CodeIgniter\CodeIgniter->run()
13 SYSTEMPATH\Commands\Server\rewrite.php(47): require_once('C:\\xampp\\htdocs\\inventaris-barang\\public\\index.php')
INFO - 2024-09-03 01:24:51 --> Session: Class initialized using 'CodeIgniter\Session\Handlers\FileHandler' driver.
INFO - 2024-09-03 01:25:28 --> Session: Class initialized using 'CodeIgniter\Session\Handlers\FileHandler' driver.
INFO - 2024-09-03 01:25:39 --> Session: Class initialized using 'CodeIgniter\Session\Handlers\FileHandler' driver.
ERROR - 2024-09-03 01:25:39 --> mysqli_sql_exception: Column 'nik' in where clause is ambiguous in C:\xampp\htdocs\inventaris-barang\system\Database\MySQLi\Connection.php:306
Stack trace:
#0 C:\xampp\htdocs\inventaris-barang\system\Database\MySQLi\Connection.php(306): mysqli->query('SELECT `pengaju...', 0)
#1 C:\xampp\htdocs\inventaris-barang\system\Database\BaseConnection.php(693): CodeIgniter\Database\MySQLi\Connection->execute('SELECT `pengaju...')
#2 C:\xampp\htdocs\inventaris-barang\system\Database\BaseConnection.php(607): CodeIgniter\Database\BaseConnection->simpleQuery('SELECT `pengaju...')
#3 C:\xampp\htdocs\inventaris-barang\system\Database\BaseBuilder.php(1616): CodeIgniter\Database\BaseConnection->query('SELECT `pengaju...', Array, false)
#4 C:\xampp\htdocs\inventaris-barang\system\Model.php(242): CodeIgniter\Database\BaseBuilder->get()
#5 C:\xampp\htdocs\inventaris-barang\system\BaseModel.php(638): CodeIgniter\Model->doFindAll(0, 0)
#6 C:\xampp\htdocs\inventaris-barang\app\Models\PengajuanInventarisModel.php(58): CodeIgniter\BaseModel->findAll()
#7 C:\xampp\htdocs\inventaris-barang\app\Controllers\PengajuanInventarisController.php(138): App\Models\PengajuanInventarisModel->printData('2024-08-01', '2024-09-03', '12/09/1988/001')
#8 C:\xampp\htdocs\inventaris-barang\system\CodeIgniter.php(941): App\Controllers\PengajuanInventarisController->print()
#9 C:\xampp\htdocs\inventaris-barang\system\CodeIgniter.php(502): CodeIgniter\CodeIgniter->runController(Object(App\Controllers\PengajuanInventarisController))
#10 C:\xampp\htdocs\inventaris-barang\system\CodeIgniter.php(361): CodeIgniter\CodeIgniter->handleRequest(NULL, Object(Config\Cache), false)
#11 C:\xampp\htdocs\inventaris-barang\public\index.php(79): CodeIgniter\CodeIgniter->run()
#12 C:\xampp\htdocs\inventaris-barang\system\Commands\Server\rewrite.php(47): require_once('C:\\xampp\\htdocs...')
#13 {main}
CRITICAL - 2024-09-03 01:25:39 --> CodeIgniter\Database\Exceptions\DatabaseException: Column 'nik' in where clause is ambiguous
in SYSTEMPATH\Database\BaseConnection.php on line 647.
 1 SYSTEMPATH\Database\BaseBuilder.php(1616): CodeIgniter\Database\BaseConnection->query('SELECT `pengajuan_inventaris`.*, `pegawai`.*, `pj`.`nik` as `nik_pj`, `pj`.`nama` as `nama_pj`
FROM `pengajuan_inventaris`
JOIN `pegawai` ON `pengajuan_inventaris`.`nik`=`pegawai`.`nik`
JOIN `pegawai` as `pj` ON `pengajuan_inventaris`.`nik_pj`=`pj`.`nik`
WHERE `tanggal` >= :tanggal:
AND `tanggal` <= :tanggal.1:
AND `nik` = :nik:', [...], false)
 2 SYSTEMPATH\Model.php(242): CodeIgniter\Database\BaseBuilder->get()
 3 SYSTEMPATH\BaseModel.php(638): CodeIgniter\Model->doFindAll(0, 0)
 4 APPPATH\Models\PengajuanInventarisModel.php(58): CodeIgniter\BaseModel->findAll()
 5 APPPATH\Controllers\PengajuanInventarisController.php(138): App\Models\PengajuanInventarisModel->printData('2024-08-01', '2024-09-03', '12/09/1988/001')
 6 SYSTEMPATH\CodeIgniter.php(941): App\Controllers\PengajuanInventarisController->print()
 7 SYSTEMPATH\CodeIgniter.php(502): CodeIgniter\CodeIgniter->runController(Object(App\Controllers\PengajuanInventarisController))
 8 SYSTEMPATH\CodeIgniter.php(361): CodeIgniter\CodeIgniter->handleRequest(null, Object(Config\Cache), false)
 9 FCPATH\index.php(79): CodeIgniter\CodeIgniter->run()
10 SYSTEMPATH\Commands\Server\rewrite.php(47): require_once('C:\\xampp\\htdocs\\inventaris-barang\\public\\index.php')
CRITICAL - 2024-09-03 01:25:39 --> [Caused by] CodeIgniter\Database\Exceptions\DatabaseException: Column 'nik' in where clause is ambiguous
in SYSTEMPATH\Database\MySQLi\Connection.php on line 311.
 1 SYSTEMPATH\Database\BaseConnection.php(693): CodeIgniter\Database\MySQLi\Connection->execute('SELECT `pengajuan_inventaris`.*, `pegawai`.*, `pj`.`nik` as `nik_pj`, `pj`.`nama` as `nama_pj`
FROM `pengajuan_inventaris`
JOIN `pegawai` ON `pengajuan_inventaris`.`nik`=`pegawai`.`nik`
JOIN `pegawai` as `pj` ON `pengajuan_inventaris`.`nik_pj`=`pj`.`nik`
WHERE `tanggal` >= \'2024-08-01\'
AND `tanggal` <= \'2024-09-03\'
AND `nik` = \'12/09/1988/001\'')
 2 SYSTEMPATH\Database\BaseConnection.php(607): CodeIgniter\Database\BaseConnection->simpleQuery('SELECT `pengajuan_inventaris`.*, `pegawai`.*, `pj`.`nik` as `nik_pj`, `pj`.`nama` as `nama_pj`
FROM `pengajuan_inventaris`
JOIN `pegawai` ON `pengajuan_inventaris`.`nik`=`pegawai`.`nik`
JOIN `pegawai` as `pj` ON `pengajuan_inventaris`.`nik_pj`=`pj`.`nik`
WHERE `tanggal` >= \'2024-08-01\'
AND `tanggal` <= \'2024-09-03\'
AND `nik` = \'12/09/1988/001\'')
 3 SYSTEMPATH\Database\BaseBuilder.php(1616): CodeIgniter\Database\BaseConnection->query('SELECT `pengajuan_inventaris`.*, `pegawai`.*, `pj`.`nik` as `nik_pj`, `pj`.`nama` as `nama_pj`
FROM `pengajuan_inventaris`
JOIN `pegawai` ON `pengajuan_inventaris`.`nik`=`pegawai`.`nik`
JOIN `pegawai` as `pj` ON `pengajuan_inventaris`.`nik_pj`=`pj`.`nik`
WHERE `tanggal` >= :tanggal:
AND `tanggal` <= :tanggal.1:
AND `nik` = :nik:', [...], false)
 4 SYSTEMPATH\Model.php(242): CodeIgniter\Database\BaseBuilder->get()
 5 SYSTEMPATH\BaseModel.php(638): CodeIgniter\Model->doFindAll(0, 0)
 6 APPPATH\Models\PengajuanInventarisModel.php(58): CodeIgniter\BaseModel->findAll()
 7 APPPATH\Controllers\PengajuanInventarisController.php(138): App\Models\PengajuanInventarisModel->printData('2024-08-01', '2024-09-03', '12/09/1988/001')
 8 SYSTEMPATH\CodeIgniter.php(941): App\Controllers\PengajuanInventarisController->print()
 9 SYSTEMPATH\CodeIgniter.php(502): CodeIgniter\CodeIgniter->runController(Object(App\Controllers\PengajuanInventarisController))
10 SYSTEMPATH\CodeIgniter.php(361): CodeIgniter\CodeIgniter->handleRequest(null, Object(Config\Cache), false)
11 FCPATH\index.php(79): CodeIgniter\CodeIgniter->run()
12 SYSTEMPATH\Commands\Server\rewrite.php(47): require_once('C:\\xampp\\htdocs\\inventaris-barang\\public\\index.php')
CRITICAL - 2024-09-03 01:25:39 --> [Caused by] mysqli_sql_exception: Column 'nik' in where clause is ambiguous
in SYSTEMPATH\Database\MySQLi\Connection.php on line 306.
 1 SYSTEMPATH\Database\MySQLi\Connection.php(306): mysqli->query('SELECT `pengajuan_inventaris`.*, `pegawai`.*, `pj`.`nik` as `nik_pj`, `pj`.`nama` as `nama_pj`
FROM `pengajuan_inventaris`
JOIN `pegawai` ON `pengajuan_inventaris`.`nik`=`pegawai`.`nik`
JOIN `pegawai` as `pj` ON `pengajuan_inventaris`.`nik_pj`=`pj`.`nik`
WHERE `tanggal` >= \'2024-08-01\'
AND `tanggal` <= \'2024-09-03\'
AND `nik` = \'12/09/1988/001\'', 0)
 2 SYSTEMPATH\Database\BaseConnection.php(693): CodeIgniter\Database\MySQLi\Connection->execute('SELECT `pengajuan_inventaris`.*, `pegawai`.*, `pj`.`nik` as `nik_pj`, `pj`.`nama` as `nama_pj`
FROM `pengajuan_inventaris`
JOIN `pegawai` ON `pengajuan_inventaris`.`nik`=`pegawai`.`nik`
JOIN `pegawai` as `pj` ON `pengajuan_inventaris`.`nik_pj`=`pj`.`nik`
WHERE `tanggal` >= \'2024-08-01\'
AND `tanggal` <= \'2024-09-03\'
AND `nik` = \'12/09/1988/001\'')
 3 SYSTEMPATH\Database\BaseConnection.php(607): CodeIgniter\Database\BaseConnection->simpleQuery('SELECT `pengajuan_inventaris`.*, `pegawai`.*, `pj`.`nik` as `nik_pj`, `pj`.`nama` as `nama_pj`
FROM `pengajuan_inventaris`
JOIN `pegawai` ON `pengajuan_inventaris`.`nik`=`pegawai`.`nik`
JOIN `pegawai` as `pj` ON `pengajuan_inventaris`.`nik_pj`=`pj`.`nik`
WHERE `tanggal` >= \'2024-08-01\'
AND `tanggal` <= \'2024-09-03\'
AND `nik` = \'12/09/1988/001\'')
 4 SYSTEMPATH\Database\BaseBuilder.php(1616): CodeIgniter\Database\BaseConnection->query('SELECT `pengajuan_inventaris`.*, `pegawai`.*, `pj`.`nik` as `nik_pj`, `pj`.`nama` as `nama_pj`
FROM `pengajuan_inventaris`
JOIN `pegawai` ON `pengajuan_inventaris`.`nik`=`pegawai`.`nik`
JOIN `pegawai` as `pj` ON `pengajuan_inventaris`.`nik_pj`=`pj`.`nik`
WHERE `tanggal` >= :tanggal:
AND `tanggal` <= :tanggal.1:
AND `nik` = :nik:', [...], false)
 5 SYSTEMPATH\Model.php(242): CodeIgniter\Database\BaseBuilder->get()
 6 SYSTEMPATH\BaseModel.php(638): CodeIgniter\Model->doFindAll(0, 0)
 7 APPPATH\Models\PengajuanInventarisModel.php(58): CodeIgniter\BaseModel->findAll()
 8 APPPATH\Controllers\PengajuanInventarisController.php(138): App\Models\PengajuanInventarisModel->printData('2024-08-01', '2024-09-03', '12/09/1988/001')
 9 SYSTEMPATH\CodeIgniter.php(941): App\Controllers\PengajuanInventarisController->print()
10 SYSTEMPATH\CodeIgniter.php(502): CodeIgniter\CodeIgniter->runController(Object(App\Controllers\PengajuanInventarisController))
11 SYSTEMPATH\CodeIgniter.php(361): CodeIgniter\CodeIgniter->handleRequest(null, Object(Config\Cache), false)
12 FCPATH\index.php(79): CodeIgniter\CodeIgniter->run()
13 SYSTEMPATH\Commands\Server\rewrite.php(47): require_once('C:\\xampp\\htdocs\\inventaris-barang\\public\\index.php')
INFO - 2024-09-03 01:27:29 --> Session: Class initialized using 'CodeIgniter\Session\Handlers\FileHandler' driver.
INFO - 2024-09-03 01:27:38 --> Session: Class initialized using 'CodeIgniter\Session\Handlers\FileHandler' driver.
INFO - 2024-09-03 17:35:06 --> Session: Class initialized using 'CodeIgniter\Session\Handlers\FileHandler' driver.
INFO - 2024-09-03 17:35:21 --> Session: Class initialized using 'CodeIgniter\Session\Handlers\FileHandler' driver.
INFO - 2024-09-03 17:35:21 --> Session: Class initialized using 'CodeIgniter\Session\Handlers\FileHandler' driver.
