INFO - 2024-08-29 00:55:28 --> Session: Class initialized using 'CodeIgniter\Session\Handlers\FileHandler' driver.
INFO - 2024-08-29 00:55:28 --> Session: Class initialized using 'CodeIgniter\Session\Handlers\FileHandler' driver.
ERROR - 2024-08-29 00:55:38 --> Error connecting to the database: mysqli_sql_exception: Access denied for user ''@'localhost' (using password: NO) in C:\xampp\htdocs\inventaris-barang\system\Database\MySQLi\Connection.php:184
Stack trace:
#0 C:\xampp\htdocs\inventaris-barang\system\Database\MySQLi\Connection.php(184): mysqli->real_connect('localhost', '', Object(SensitiveParameterValue), 'inventaris_bara...', 3306, '', 0)
#1 C:\xampp\htdocs\inventaris-barang\system\Database\BaseConnection.php(392): CodeIgniter\Database\MySQLi\Connection->connect(false)
#2 C:\xampp\htdocs\inventaris-barang\system\Database\BaseConnection.php(575): CodeIgniter\Database\BaseConnection->initialize()
#3 C:\xampp\htdocs\inventaris-barang\system\Database\BaseBuilder.php(1616): CodeIgniter\Database\BaseConnection->query('SELECT *\nFROM `...', Array, false)
#4 C:\xampp\htdocs\inventaris-barang\system\Model.php(270): CodeIgniter\Database\BaseBuilder->get()
#5 C:\xampp\htdocs\inventaris-barang\system\BaseModel.php(676): CodeIgniter\Model->doFirst()
#6 C:\xampp\htdocs\inventaris-barang\app\Controllers\AuthController.php(40): CodeIgniter\BaseModel->first()
#7 C:\xampp\htdocs\inventaris-barang\system\CodeIgniter.php(941): App\Controllers\AuthController->login()
#8 C:\xampp\htdocs\inventaris-barang\system\CodeIgniter.php(502): CodeIgniter\CodeIgniter->runController(Object(App\Controllers\AuthController))
#9 C:\xampp\htdocs\inventaris-barang\system\CodeIgniter.php(361): CodeIgniter\CodeIgniter->handleRequest(NULL, Object(Config\Cache), false)
#10 C:\xampp\htdocs\inventaris-barang\public\index.php(79): CodeIgniter\CodeIgniter->run()
#11 C:\xampp\htdocs\inventaris-barang\system\Commands\Server\rewrite.php(47): require_once('C:\\xampp\\htdocs...')
#12 {main}

Next CodeIgniter\Database\Exceptions\DatabaseException: Access denied for user ''@'localhost' (using password: NO) in C:\xampp\htdocs\inventaris-barang\system\Database\MySQLi\Connection.php:229
Stack trace:
#0 C:\xampp\htdocs\inventaris-barang\system\Database\BaseConnection.php(392): CodeIgniter\Database\MySQLi\Connection->connect(false)
#1 C:\xampp\htdocs\inventaris-barang\system\Database\BaseConnection.php(575): CodeIgniter\Database\BaseConnection->initialize()
#2 C:\xampp\htdocs\inventaris-barang\system\Database\BaseBuilder.php(1616): CodeIgniter\Database\BaseConnection->query('SELECT *\nFROM `...', Array, false)
#3 C:\xampp\htdocs\inventaris-barang\system\Model.php(270): CodeIgniter\Database\BaseBuilder->get()
#4 C:\xampp\htdocs\inventaris-barang\system\BaseModel.php(676): CodeIgniter\Model->doFirst()
#5 C:\xampp\htdocs\inventaris-barang\app\Controllers\AuthController.php(40): CodeIgniter\BaseModel->first()
#6 C:\xampp\htdocs\inventaris-barang\system\CodeIgniter.php(941): App\Controllers\AuthController->login()
#7 C:\xampp\htdocs\inventaris-barang\system\CodeIgniter.php(502): CodeIgniter\CodeIgniter->runController(Object(App\Controllers\AuthController))
#8 C:\xampp\htdocs\inventaris-barang\system\CodeIgniter.php(361): CodeIgniter\CodeIgniter->handleRequest(NULL, Object(Config\Cache), false)
#9 C:\xampp\htdocs\inventaris-barang\public\index.php(79): CodeIgniter\CodeIgniter->run()
#10 C:\xampp\htdocs\inventaris-barang\system\Commands\Server\rewrite.php(47): require_once('C:\\xampp\\htdocs...')
#11 {main}
CRITICAL - 2024-08-29 00:55:38 --> CodeIgniter\Database\Exceptions\DatabaseException: Unable to connect to the database.
Main connection [MySQLi]: Access denied for user ''@'localhost' (using password: NO)
in SYSTEMPATH\Database\BaseConnection.php on line 428.
 1 SYSTEMPATH\Database\BaseConnection.php(575): CodeIgniter\Database\BaseConnection->initialize()
 2 SYSTEMPATH\Database\BaseBuilder.php(1616): CodeIgniter\Database\BaseConnection->query('SELECT *
FROM `tb_pengguna`
WHERE `username` = :username:
 LIMIT 1', [...], false)
 3 SYSTEMPATH\Model.php(270): CodeIgniter\Database\BaseBuilder->get()
 4 SYSTEMPATH\BaseModel.php(676): CodeIgniter\Model->doFirst()
 5 APPPATH\Controllers\AuthController.php(40): CodeIgniter\BaseModel->first()
 6 SYSTEMPATH\CodeIgniter.php(941): App\Controllers\AuthController->login()
 7 SYSTEMPATH\CodeIgniter.php(502): CodeIgniter\CodeIgniter->runController(Object(App\Controllers\AuthController))
 8 SYSTEMPATH\CodeIgniter.php(361): CodeIgniter\CodeIgniter->handleRequest(null, Object(Config\Cache), false)
 9 FCPATH\index.php(79): CodeIgniter\CodeIgniter->run()
10 SYSTEMPATH\Commands\Server\rewrite.php(47): require_once('C:\\xampp\\htdocs\\inventaris-barang\\public\\index.php')
ERROR - 2024-08-29 00:56:36 --> Error connecting to the database: mysqli_sql_exception: Access denied for user ''@'localhost' (using password: NO) in C:\xampp\htdocs\inventaris-barang\system\Database\MySQLi\Connection.php:184
Stack trace:
#0 C:\xampp\htdocs\inventaris-barang\system\Database\MySQLi\Connection.php(184): mysqli->real_connect('localhost', '', Object(SensitiveParameterValue), 'inventaris_bara...', 3306, '', 0)
#1 C:\xampp\htdocs\inventaris-barang\system\Database\BaseConnection.php(392): CodeIgniter\Database\MySQLi\Connection->connect(false)
#2 C:\xampp\htdocs\inventaris-barang\system\Database\BaseConnection.php(575): CodeIgniter\Database\BaseConnection->initialize()
#3 C:\xampp\htdocs\inventaris-barang\system\Database\BaseBuilder.php(1616): CodeIgniter\Database\BaseConnection->query('SELECT *\nFROM `...', Array, false)
#4 C:\xampp\htdocs\inventaris-barang\system\Model.php(270): CodeIgniter\Database\BaseBuilder->get()
#5 C:\xampp\htdocs\inventaris-barang\system\BaseModel.php(676): CodeIgniter\Model->doFirst()
#6 C:\xampp\htdocs\inventaris-barang\app\Controllers\AuthController.php(40): CodeIgniter\BaseModel->first()
#7 C:\xampp\htdocs\inventaris-barang\system\CodeIgniter.php(941): App\Controllers\AuthController->login()
#8 C:\xampp\htdocs\inventaris-barang\system\CodeIgniter.php(502): CodeIgniter\CodeIgniter->runController(Object(App\Controllers\AuthController))
#9 C:\xampp\htdocs\inventaris-barang\system\CodeIgniter.php(361): CodeIgniter\CodeIgniter->handleRequest(NULL, Object(Config\Cache), false)
#10 C:\xampp\htdocs\inventaris-barang\public\index.php(79): CodeIgniter\CodeIgniter->run()
#11 C:\xampp\htdocs\inventaris-barang\system\Commands\Server\rewrite.php(47): require_once('C:\\xampp\\htdocs...')
#12 {main}

Next CodeIgniter\Database\Exceptions\DatabaseException: Access denied for user ''@'localhost' (using password: NO) in C:\xampp\htdocs\inventaris-barang\system\Database\MySQLi\Connection.php:229
Stack trace:
#0 C:\xampp\htdocs\inventaris-barang\system\Database\BaseConnection.php(392): CodeIgniter\Database\MySQLi\Connection->connect(false)
#1 C:\xampp\htdocs\inventaris-barang\system\Database\BaseConnection.php(575): CodeIgniter\Database\BaseConnection->initialize()
#2 C:\xampp\htdocs\inventaris-barang\system\Database\BaseBuilder.php(1616): CodeIgniter\Database\BaseConnection->query('SELECT *\nFROM `...', Array, false)
#3 C:\xampp\htdocs\inventaris-barang\system\Model.php(270): CodeIgniter\Database\BaseBuilder->get()
#4 C:\xampp\htdocs\inventaris-barang\system\BaseModel.php(676): CodeIgniter\Model->doFirst()
#5 C:\xampp\htdocs\inventaris-barang\app\Controllers\AuthController.php(40): CodeIgniter\BaseModel->first()
#6 C:\xampp\htdocs\inventaris-barang\system\CodeIgniter.php(941): App\Controllers\AuthController->login()
#7 C:\xampp\htdocs\inventaris-barang\system\CodeIgniter.php(502): CodeIgniter\CodeIgniter->runController(Object(App\Controllers\AuthController))
#8 C:\xampp\htdocs\inventaris-barang\system\CodeIgniter.php(361): CodeIgniter\CodeIgniter->handleRequest(NULL, Object(Config\Cache), false)
#9 C:\xampp\htdocs\inventaris-barang\public\index.php(79): CodeIgniter\CodeIgniter->run()
#10 C:\xampp\htdocs\inventaris-barang\system\Commands\Server\rewrite.php(47): require_once('C:\\xampp\\htdocs...')
#11 {main}
CRITICAL - 2024-08-29 00:56:37 --> CodeIgniter\Database\Exceptions\DatabaseException: Unable to connect to the database.
Main connection [MySQLi]: Access denied for user ''@'localhost' (using password: NO)
in SYSTEMPATH\Database\BaseConnection.php on line 428.
 1 SYSTEMPATH\Database\BaseConnection.php(575): CodeIgniter\Database\BaseConnection->initialize()
 2 SYSTEMPATH\Database\BaseBuilder.php(1616): CodeIgniter\Database\BaseConnection->query('SELECT *
FROM `tb_pengguna`
WHERE `username` = :username:
 LIMIT 1', [...], false)
 3 SYSTEMPATH\Model.php(270): CodeIgniter\Database\BaseBuilder->get()
 4 SYSTEMPATH\BaseModel.php(676): CodeIgniter\Model->doFirst()
 5 APPPATH\Controllers\AuthController.php(40): CodeIgniter\BaseModel->first()
 6 SYSTEMPATH\CodeIgniter.php(941): App\Controllers\AuthController->login()
 7 SYSTEMPATH\CodeIgniter.php(502): CodeIgniter\CodeIgniter->runController(Object(App\Controllers\AuthController))
 8 SYSTEMPATH\CodeIgniter.php(361): CodeIgniter\CodeIgniter->handleRequest(null, Object(Config\Cache), false)
 9 FCPATH\index.php(79): CodeIgniter\CodeIgniter->run()
10 SYSTEMPATH\Commands\Server\rewrite.php(47): require_once('C:\\xampp\\htdocs\\inventaris-barang\\public\\index.php')
ERROR - 2024-08-29 00:56:40 --> Error connecting to the database: mysqli_sql_exception: Access denied for user ''@'localhost' (using password: NO) in C:\xampp\htdocs\inventaris-barang\system\Database\MySQLi\Connection.php:184
Stack trace:
#0 C:\xampp\htdocs\inventaris-barang\system\Database\MySQLi\Connection.php(184): mysqli->real_connect('localhost', '', Object(SensitiveParameterValue), 'inventaris_bara...', 3306, '', 0)
#1 C:\xampp\htdocs\inventaris-barang\system\Database\BaseConnection.php(392): CodeIgniter\Database\MySQLi\Connection->connect(false)
#2 C:\xampp\htdocs\inventaris-barang\system\Database\BaseConnection.php(575): CodeIgniter\Database\BaseConnection->initialize()
#3 C:\xampp\htdocs\inventaris-barang\system\Database\BaseBuilder.php(1616): CodeIgniter\Database\BaseConnection->query('SELECT *\nFROM `...', Array, false)
#4 C:\xampp\htdocs\inventaris-barang\system\Model.php(270): CodeIgniter\Database\BaseBuilder->get()
#5 C:\xampp\htdocs\inventaris-barang\system\BaseModel.php(676): CodeIgniter\Model->doFirst()
#6 C:\xampp\htdocs\inventaris-barang\app\Controllers\AuthController.php(40): CodeIgniter\BaseModel->first()
#7 C:\xampp\htdocs\inventaris-barang\system\CodeIgniter.php(941): App\Controllers\AuthController->login()
#8 C:\xampp\htdocs\inventaris-barang\system\CodeIgniter.php(502): CodeIgniter\CodeIgniter->runController(Object(App\Controllers\AuthController))
#9 C:\xampp\htdocs\inventaris-barang\system\CodeIgniter.php(361): CodeIgniter\CodeIgniter->handleRequest(NULL, Object(Config\Cache), false)
#10 C:\xampp\htdocs\inventaris-barang\public\index.php(79): CodeIgniter\CodeIgniter->run()
#11 C:\xampp\htdocs\inventaris-barang\system\Commands\Server\rewrite.php(47): require_once('C:\\xampp\\htdocs...')
#12 {main}

Next CodeIgniter\Database\Exceptions\DatabaseException: Access denied for user ''@'localhost' (using password: NO) in C:\xampp\htdocs\inventaris-barang\system\Database\MySQLi\Connection.php:229
Stack trace:
#0 C:\xampp\htdocs\inventaris-barang\system\Database\BaseConnection.php(392): CodeIgniter\Database\MySQLi\Connection->connect(false)
#1 C:\xampp\htdocs\inventaris-barang\system\Database\BaseConnection.php(575): CodeIgniter\Database\BaseConnection->initialize()
#2 C:\xampp\htdocs\inventaris-barang\system\Database\BaseBuilder.php(1616): CodeIgniter\Database\BaseConnection->query('SELECT *\nFROM `...', Array, false)
#3 C:\xampp\htdocs\inventaris-barang\system\Model.php(270): CodeIgniter\Database\BaseBuilder->get()
#4 C:\xampp\htdocs\inventaris-barang\system\BaseModel.php(676): CodeIgniter\Model->doFirst()
#5 C:\xampp\htdocs\inventaris-barang\app\Controllers\AuthController.php(40): CodeIgniter\BaseModel->first()
#6 C:\xampp\htdocs\inventaris-barang\system\CodeIgniter.php(941): App\Controllers\AuthController->login()
#7 C:\xampp\htdocs\inventaris-barang\system\CodeIgniter.php(502): CodeIgniter\CodeIgniter->runController(Object(App\Controllers\AuthController))
#8 C:\xampp\htdocs\inventaris-barang\system\CodeIgniter.php(361): CodeIgniter\CodeIgniter->handleRequest(NULL, Object(Config\Cache), false)
#9 C:\xampp\htdocs\inventaris-barang\public\index.php(79): CodeIgniter\CodeIgniter->run()
#10 C:\xampp\htdocs\inventaris-barang\system\Commands\Server\rewrite.php(47): require_once('C:\\xampp\\htdocs...')
#11 {main}
CRITICAL - 2024-08-29 00:56:40 --> CodeIgniter\Database\Exceptions\DatabaseException: Unable to connect to the database.
Main connection [MySQLi]: Access denied for user ''@'localhost' (using password: NO)
in SYSTEMPATH\Database\BaseConnection.php on line 428.
 1 SYSTEMPATH\Database\BaseConnection.php(575): CodeIgniter\Database\BaseConnection->initialize()
 2 SYSTEMPATH\Database\BaseBuilder.php(1616): CodeIgniter\Database\BaseConnection->query('SELECT *
FROM `tb_pengguna`
WHERE `username` = :username:
 LIMIT 1', [...], false)
 3 SYSTEMPATH\Model.php(270): CodeIgniter\Database\BaseBuilder->get()
 4 SYSTEMPATH\BaseModel.php(676): CodeIgniter\Model->doFirst()
 5 APPPATH\Controllers\AuthController.php(40): CodeIgniter\BaseModel->first()
 6 SYSTEMPATH\CodeIgniter.php(941): App\Controllers\AuthController->login()
 7 SYSTEMPATH\CodeIgniter.php(502): CodeIgniter\CodeIgniter->runController(Object(App\Controllers\AuthController))
 8 SYSTEMPATH\CodeIgniter.php(361): CodeIgniter\CodeIgniter->handleRequest(null, Object(Config\Cache), false)
 9 FCPATH\index.php(79): CodeIgniter\CodeIgniter->run()
10 SYSTEMPATH\Commands\Server\rewrite.php(47): require_once('C:\\xampp\\htdocs\\inventaris-barang\\public\\index.php')
CRITICAL - 2024-08-29 00:57:53 --> InvalidArgumentException: inventaris_barang is not a valid database connection group.
in SYSTEMPATH\Database\Config.php on line 70.
 1 SYSTEMPATH\Model.php(153): CodeIgniter\Database\Config::connect('inventaris_barang')
 2 APPPATH\Controllers\AuthController.php(36): CodeIgniter\Model->__construct()
 3 SYSTEMPATH\CodeIgniter.php(941): App\Controllers\AuthController->login()
 4 SYSTEMPATH\CodeIgniter.php(502): CodeIgniter\CodeIgniter->runController(Object(App\Controllers\AuthController))
 5 SYSTEMPATH\CodeIgniter.php(361): CodeIgniter\CodeIgniter->handleRequest(null, Object(Config\Cache), false)
 6 FCPATH\index.php(79): CodeIgniter\CodeIgniter->run()
 7 SYSTEMPATH\Commands\Server\rewrite.php(47): require_once('C:\\xampp\\htdocs\\inventaris-barang\\public\\index.php')
INFO - 2024-08-29 00:58:32 --> Session: Class initialized using 'CodeIgniter\Session\Handlers\FileHandler' driver.
INFO - 2024-08-29 00:58:32 --> Session: Class initialized using 'CodeIgniter\Session\Handlers\FileHandler' driver.
INFO - 2024-08-29 00:58:41 --> Session: Class initialized using 'CodeIgniter\Session\Handlers\FileHandler' driver.
INFO - 2024-08-29 00:59:26 --> Session: Class initialized using 'CodeIgniter\Session\Handlers\FileHandler' driver.
INFO - 2024-08-29 01:02:04 --> Session: Class initialized using 'CodeIgniter\Session\Handlers\FileHandler' driver.
INFO - 2024-08-29 01:26:10 --> Session: Class initialized using 'CodeIgniter\Session\Handlers\FileHandler' driver.
INFO - 2024-08-29 01:27:27 --> Session: Class initialized using 'CodeIgniter\Session\Handlers\FileHandler' driver.
INFO - 2024-08-29 01:30:28 --> Session: Class initialized using 'CodeIgniter\Session\Handlers\FileHandler' driver.
INFO - 2024-08-29 01:44:04 --> Session: Class initialized using 'CodeIgniter\Session\Handlers\FileHandler' driver.
INFO - 2024-08-29 01:44:43 --> Session: Class initialized using 'CodeIgniter\Session\Handlers\FileHandler' driver.
INFO - 2024-08-29 01:50:13 --> Session: Class initialized using 'CodeIgniter\Session\Handlers\FileHandler' driver.
INFO - 2024-08-29 01:50:52 --> Session: Class initialized using 'CodeIgniter\Session\Handlers\FileHandler' driver.
INFO - 2024-08-29 02:15:28 --> Session: Class initialized using 'CodeIgniter\Session\Handlers\FileHandler' driver.
INFO - 2024-08-29 02:17:11 --> Session: Class initialized using 'CodeIgniter\Session\Handlers\FileHandler' driver.
INFO - 2024-08-29 02:17:31 --> Session: Class initialized using 'CodeIgniter\Session\Handlers\FileHandler' driver.
INFO - 2024-08-29 02:17:53 --> Session: Class initialized using 'CodeIgniter\Session\Handlers\FileHandler' driver.
INFO - 2024-08-29 02:47:41 --> Session: Class initialized using 'CodeIgniter\Session\Handlers\FileHandler' driver.
INFO - 2024-08-29 02:51:43 --> Session: Class initialized using 'CodeIgniter\Session\Handlers\FileHandler' driver.
INFO - 2024-08-29 02:53:38 --> Session: Class initialized using 'CodeIgniter\Session\Handlers\FileHandler' driver.
INFO - 2024-08-29 02:53:57 --> Session: Class initialized using 'CodeIgniter\Session\Handlers\FileHandler' driver.
INFO - 2024-08-29 03:31:25 --> Session: Class initialized using 'CodeIgniter\Session\Handlers\FileHandler' driver.
INFO - 2024-08-29 03:32:38 --> Session: Class initialized using 'CodeIgniter\Session\Handlers\FileHandler' driver.
ERROR - 2024-08-29 03:32:38 --> mysqli_sql_exception: Column 'jumlah' cannot be null in C:\xampp\htdocs\inventaris-barang\system\Database\MySQLi\Connection.php:306
Stack trace:
#0 C:\xampp\htdocs\inventaris-barang\system\Database\MySQLi\Connection.php(306): mysqli->query('INSERT INTO `pe...', 0)
#1 C:\xampp\htdocs\inventaris-barang\system\Database\BaseConnection.php(693): CodeIgniter\Database\MySQLi\Connection->execute('INSERT INTO `pe...')
#2 C:\xampp\htdocs\inventaris-barang\system\Database\BaseConnection.php(607): CodeIgniter\Database\BaseConnection->simpleQuery('INSERT INTO `pe...')
#3 C:\xampp\htdocs\inventaris-barang\system\Database\BaseBuilder.php(2307): CodeIgniter\Database\BaseConnection->query('INSERT INTO `pe...', Array, false)
#4 C:\xampp\htdocs\inventaris-barang\system\Model.php(326): CodeIgniter\Database\BaseBuilder->insert()
#5 C:\xampp\htdocs\inventaris-barang\system\BaseModel.php(802): CodeIgniter\Model->doInsert(Array)
#6 C:\xampp\htdocs\inventaris-barang\system\Model.php(744): CodeIgniter\BaseModel->insert(Array, true)
#7 C:\xampp\htdocs\inventaris-barang\app\Models\PengajuanInventarisModel.php(34): CodeIgniter\Model->insert(Array)
#8 C:\xampp\htdocs\inventaris-barang\app\Controllers\PengajuanInventarisController.php(56): App\Models\PengajuanInventarisModel->insertData(Array)
#9 C:\xampp\htdocs\inventaris-barang\system\CodeIgniter.php(941): App\Controllers\PengajuanInventarisController->add()
#10 C:\xampp\htdocs\inventaris-barang\system\CodeIgniter.php(502): CodeIgniter\CodeIgniter->runController(Object(App\Controllers\PengajuanInventarisController))
#11 C:\xampp\htdocs\inventaris-barang\system\CodeIgniter.php(361): CodeIgniter\CodeIgniter->handleRequest(NULL, Object(Config\Cache), false)
#12 C:\xampp\htdocs\inventaris-barang\public\index.php(79): CodeIgniter\CodeIgniter->run()
#13 C:\xampp\htdocs\inventaris-barang\system\Commands\Server\rewrite.php(47): require_once('C:\\xampp\\htdocs...')
#14 {main}
CRITICAL - 2024-08-29 03:32:38 --> CodeIgniter\Database\Exceptions\DatabaseException: Column 'jumlah' cannot be null
in SYSTEMPATH\Database\BaseConnection.php on line 647.
 1 SYSTEMPATH\Database\BaseBuilder.php(2307): CodeIgniter\Database\BaseConnection->query('INSERT INTO `pengajuan_inventaris` (`tanggal`, `nik`, `urgensi`, `nama_barang`, `spesifikasi`, `jumlah`, `harga`, `total`, `keterangan`, `nik_pj`, `status`) VALUES (:tanggal:, :nik:, :urgensi:, :nama_barang:, :spesifikasi:, :jumlah:, :harga:, :total:, :keterangan:, :nik_pj:, :status:)', [...], false)
 2 SYSTEMPATH\Model.php(326): CodeIgniter\Database\BaseBuilder->insert()
 3 SYSTEMPATH\BaseModel.php(802): CodeIgniter\Model->doInsert([...])
 4 SYSTEMPATH\Model.php(744): CodeIgniter\BaseModel->insert([...], true)
 5 APPPATH\Models\PengajuanInventarisModel.php(34): CodeIgniter\Model->insert([...])
 6 APPPATH\Controllers\PengajuanInventarisController.php(56): App\Models\PengajuanInventarisModel->insertData([...])
 7 SYSTEMPATH\CodeIgniter.php(941): App\Controllers\PengajuanInventarisController->add()
 8 SYSTEMPATH\CodeIgniter.php(502): CodeIgniter\CodeIgniter->runController(Object(App\Controllers\PengajuanInventarisController))
 9 SYSTEMPATH\CodeIgniter.php(361): CodeIgniter\CodeIgniter->handleRequest(null, Object(Config\Cache), false)
10 FCPATH\index.php(79): CodeIgniter\CodeIgniter->run()
11 SYSTEMPATH\Commands\Server\rewrite.php(47): require_once('C:\\xampp\\htdocs\\inventaris-barang\\public\\index.php')
CRITICAL - 2024-08-29 03:32:38 --> [Caused by] CodeIgniter\Database\Exceptions\DatabaseException: Column 'jumlah' cannot be null
in SYSTEMPATH\Database\MySQLi\Connection.php on line 311.
 1 SYSTEMPATH\Database\BaseConnection.php(693): CodeIgniter\Database\MySQLi\Connection->execute('INSERT INTO `pengajuan_inventaris` (`tanggal`, `nik`, `urgensi`, `nama_barang`, `spesifikasi`, `jumlah`, `harga`, `total`, `keterangan`, `nik_pj`, `status`) VALUES (\'2024-08-29\', \'D0000002\', \'Cito\', \'insto\', \'air putih\', NULL, \'5000\', 0, \'tolak angin\', \'D0000004\', \'Proses Pengajuan\')')
 2 SYSTEMPATH\Database\BaseConnection.php(607): CodeIgniter\Database\BaseConnection->simpleQuery('INSERT INTO `pengajuan_inventaris` (`tanggal`, `nik`, `urgensi`, `nama_barang`, `spesifikasi`, `jumlah`, `harga`, `total`, `keterangan`, `nik_pj`, `status`) VALUES (\'2024-08-29\', \'D0000002\', \'Cito\', \'insto\', \'air putih\', NULL, \'5000\', 0, \'tolak angin\', \'D0000004\', \'Proses Pengajuan\')')
 3 SYSTEMPATH\Database\BaseBuilder.php(2307): CodeIgniter\Database\BaseConnection->query('INSERT INTO `pengajuan_inventaris` (`tanggal`, `nik`, `urgensi`, `nama_barang`, `spesifikasi`, `jumlah`, `harga`, `total`, `keterangan`, `nik_pj`, `status`) VALUES (:tanggal:, :nik:, :urgensi:, :nama_barang:, :spesifikasi:, :jumlah:, :harga:, :total:, :keterangan:, :nik_pj:, :status:)', [...], false)
 4 SYSTEMPATH\Model.php(326): CodeIgniter\Database\BaseBuilder->insert()
 5 SYSTEMPATH\BaseModel.php(802): CodeIgniter\Model->doInsert([...])
 6 SYSTEMPATH\Model.php(744): CodeIgniter\BaseModel->insert([...], true)
 7 APPPATH\Models\PengajuanInventarisModel.php(34): CodeIgniter\Model->insert([...])
 8 APPPATH\Controllers\PengajuanInventarisController.php(56): App\Models\PengajuanInventarisModel->insertData([...])
 9 SYSTEMPATH\CodeIgniter.php(941): App\Controllers\PengajuanInventarisController->add()
10 SYSTEMPATH\CodeIgniter.php(502): CodeIgniter\CodeIgniter->runController(Object(App\Controllers\PengajuanInventarisController))
11 SYSTEMPATH\CodeIgniter.php(361): CodeIgniter\CodeIgniter->handleRequest(null, Object(Config\Cache), false)
12 FCPATH\index.php(79): CodeIgniter\CodeIgniter->run()
13 SYSTEMPATH\Commands\Server\rewrite.php(47): require_once('C:\\xampp\\htdocs\\inventaris-barang\\public\\index.php')
CRITICAL - 2024-08-29 03:32:38 --> [Caused by] mysqli_sql_exception: Column 'jumlah' cannot be null
in SYSTEMPATH\Database\MySQLi\Connection.php on line 306.
 1 SYSTEMPATH\Database\MySQLi\Connection.php(306): mysqli->query('INSERT INTO `pengajuan_inventaris` (`tanggal`, `nik`, `urgensi`, `nama_barang`, `spesifikasi`, `jumlah`, `harga`, `total`, `keterangan`, `nik_pj`, `status`) VALUES (\'2024-08-29\', \'D0000002\', \'Cito\', \'insto\', \'air putih\', NULL, \'5000\', 0, \'tolak angin\', \'D0000004\', \'Proses Pengajuan\')', 0)
 2 SYSTEMPATH\Database\BaseConnection.php(693): CodeIgniter\Database\MySQLi\Connection->execute('INSERT INTO `pengajuan_inventaris` (`tanggal`, `nik`, `urgensi`, `nama_barang`, `spesifikasi`, `jumlah`, `harga`, `total`, `keterangan`, `nik_pj`, `status`) VALUES (\'2024-08-29\', \'D0000002\', \'Cito\', \'insto\', \'air putih\', NULL, \'5000\', 0, \'tolak angin\', \'D0000004\', \'Proses Pengajuan\')')
 3 SYSTEMPATH\Database\BaseConnection.php(607): CodeIgniter\Database\BaseConnection->simpleQuery('INSERT INTO `pengajuan_inventaris` (`tanggal`, `nik`, `urgensi`, `nama_barang`, `spesifikasi`, `jumlah`, `harga`, `total`, `keterangan`, `nik_pj`, `status`) VALUES (\'2024-08-29\', \'D0000002\', \'Cito\', \'insto\', \'air putih\', NULL, \'5000\', 0, \'tolak angin\', \'D0000004\', \'Proses Pengajuan\')')
 4 SYSTEMPATH\Database\BaseBuilder.php(2307): CodeIgniter\Database\BaseConnection->query('INSERT INTO `pengajuan_inventaris` (`tanggal`, `nik`, `urgensi`, `nama_barang`, `spesifikasi`, `jumlah`, `harga`, `total`, `keterangan`, `nik_pj`, `status`) VALUES (:tanggal:, :nik:, :urgensi:, :nama_barang:, :spesifikasi:, :jumlah:, :harga:, :total:, :keterangan:, :nik_pj:, :status:)', [...], false)
 5 SYSTEMPATH\Model.php(326): CodeIgniter\Database\BaseBuilder->insert()
 6 SYSTEMPATH\BaseModel.php(802): CodeIgniter\Model->doInsert([...])
 7 SYSTEMPATH\Model.php(744): CodeIgniter\BaseModel->insert([...], true)
 8 APPPATH\Models\PengajuanInventarisModel.php(34): CodeIgniter\Model->insert([...])
 9 APPPATH\Controllers\PengajuanInventarisController.php(56): App\Models\PengajuanInventarisModel->insertData([...])
10 SYSTEMPATH\CodeIgniter.php(941): App\Controllers\PengajuanInventarisController->add()
11 SYSTEMPATH\CodeIgniter.php(502): CodeIgniter\CodeIgniter->runController(Object(App\Controllers\PengajuanInventarisController))
12 SYSTEMPATH\CodeIgniter.php(361): CodeIgniter\CodeIgniter->handleRequest(null, Object(Config\Cache), false)
13 FCPATH\index.php(79): CodeIgniter\CodeIgniter->run()
14 SYSTEMPATH\Commands\Server\rewrite.php(47): require_once('C:\\xampp\\htdocs\\inventaris-barang\\public\\index.php')
INFO - 2024-08-29 03:32:49 --> Session: Class initialized using 'CodeIgniter\Session\Handlers\FileHandler' driver.
INFO - 2024-08-29 03:33:14 --> Session: Class initialized using 'CodeIgniter\Session\Handlers\FileHandler' driver.
INFO - 2024-08-29 03:34:56 --> Session: Class initialized using 'CodeIgniter\Session\Handlers\FileHandler' driver.
INFO - 2024-08-29 03:34:56 --> Session: Class initialized using 'CodeIgniter\Session\Handlers\FileHandler' driver.
INFO - 2024-08-29 03:36:23 --> Session: Class initialized using 'CodeIgniter\Session\Handlers\FileHandler' driver.
INFO - 2024-08-29 03:36:49 --> Session: Class initialized using 'CodeIgniter\Session\Handlers\FileHandler' driver.
INFO - 2024-08-29 03:37:28 --> Session: Class initialized using 'CodeIgniter\Session\Handlers\FileHandler' driver.
INFO - 2024-08-29 03:37:29 --> Session: Class initialized using 'CodeIgniter\Session\Handlers\FileHandler' driver.
INFO - 2024-08-29 03:37:32 --> Session: Class initialized using 'CodeIgniter\Session\Handlers\FileHandler' driver.
INFO - 2024-08-29 03:37:38 --> Session: Class initialized using 'CodeIgniter\Session\Handlers\FileHandler' driver.
CRITICAL - 2024-08-29 03:37:38 --> TypeError: Unsupported operand types: string * string
in APPPATH\Controllers\PengajuanInventarisController.php on line 38.
 1 SYSTEMPATH\CodeIgniter.php(941): App\Controllers\PengajuanInventarisController->add()
 2 SYSTEMPATH\CodeIgniter.php(502): CodeIgniter\CodeIgniter->runController(Object(App\Controllers\PengajuanInventarisController))
 3 SYSTEMPATH\CodeIgniter.php(361): CodeIgniter\CodeIgniter->handleRequest(null, Object(Config\Cache), false)
 4 FCPATH\index.php(79): CodeIgniter\CodeIgniter->run()
 5 SYSTEMPATH\Commands\Server\rewrite.php(47): require_once('C:\\xampp\\htdocs\\inventaris-barang\\public\\index.php')
INFO - 2024-08-29 03:37:40 --> Session: Class initialized using 'CodeIgniter\Session\Handlers\FileHandler' driver.
INFO - 2024-08-29 03:38:42 --> Session: Class initialized using 'CodeIgniter\Session\Handlers\FileHandler' driver.
CRITICAL - 2024-08-29 03:38:42 --> TypeError: Unsupported operand types: string * string
in APPPATH\Controllers\PengajuanInventarisController.php on line 38.
 1 SYSTEMPATH\CodeIgniter.php(941): App\Controllers\PengajuanInventarisController->add()
 2 SYSTEMPATH\CodeIgniter.php(502): CodeIgniter\CodeIgniter->runController(Object(App\Controllers\PengajuanInventarisController))
 3 SYSTEMPATH\CodeIgniter.php(361): CodeIgniter\CodeIgniter->handleRequest(null, Object(Config\Cache), false)
 4 FCPATH\index.php(79): CodeIgniter\CodeIgniter->run()
 5 SYSTEMPATH\Commands\Server\rewrite.php(47): require_once('C:\\xampp\\htdocs\\inventaris-barang\\public\\index.php')
INFO - 2024-08-29 03:38:44 --> Session: Class initialized using 'CodeIgniter\Session\Handlers\FileHandler' driver.
INFO - 2024-08-29 03:42:57 --> Session: Class initialized using 'CodeIgniter\Session\Handlers\FileHandler' driver.
INFO - 2024-08-29 03:42:58 --> Session: Class initialized using 'CodeIgniter\Session\Handlers\FileHandler' driver.
INFO - 2024-08-29 03:52:27 --> Session: Class initialized using 'CodeIgniter\Session\Handlers\FileHandler' driver.
